[0.040s] Invoking command in '/home/rashmika/arm4_ws/src/build/arduinobot_msgs': CMAKE_PREFIX_PATH=${CMAKE_PREFIX_PATH}:/home/rashmika/arm4_ws/install/arm_control_py:/home/rashmika/arm4_ws/install/arduinobot_python:/home/rashmika/turtlebot3_ws/install/turtlebot3_teleop:/home/rashmika/turtlebot3_ws/install/turtlebot3_example:/opt/ros/humble /usr/bin/cmake --build /home/rashmika/arm4_ws/src/build/arduinobot_msgs -- -j8 -l8
[0.446s] [  1%] Built target arduinobot_msgs__cpp
[0.446s] [ 12%] Built target arduinobot_msgs__rosidl_generator_c
[0.446s] [ 12%] Built target ament_cmake_python_copy_arduinobot_msgs
[0.446s] [ 23%] Built target arduinobot_msgs__rosidl_typesupport_cpp
[0.446s] [ 34%] Built target arduinobot_msgs__rosidl_typesupport_fastrtps_cpp
[0.446s] [ 46%] Built target arduinobot_msgs__rosidl_typesupport_introspection_cpp
[0.446s] [ 57%] Built target arduinobot_msgs__rosidl_typesupport_introspection_c
[0.446s] [ 68%] Built target arduinobot_msgs__rosidl_typesupport_c
[0.446s] [ 79%] Built target arduinobot_msgs__rosidl_typesupport_fastrtps_c
[0.446s] [ 79%] Built target arduinobot_msgs
[0.446s] [ 80%] Built target arduinobot_msgs__py
[0.446s] [ 90%] Built target arduinobot_msgs__rosidl_generator_py
[0.446s] [ 93%] Built target arduinobot_msgs__rosidl_typesupport_introspection_c__pyext
[0.446s] [ 96%] Built target arduinobot_msgs__rosidl_typesupport_c__pyext
[0.446s] [100%] Built target arduinobot_msgs__rosidl_typesupport_fastrtps_c__pyext
[0.484s] running egg_info
[0.484s] writing arduinobot_msgs.egg-info/PKG-INFO
[0.485s] writing dependency_links to arduinobot_msgs.egg-info/dependency_links.txt
[0.485s] writing top-level names to arduinobot_msgs.egg-info/top_level.txt
[0.491s] reading manifest file 'arduinobot_msgs.egg-info/SOURCES.txt'
[0.491s] writing manifest file 'arduinobot_msgs.egg-info/SOURCES.txt'
[0.520s] [100%] Built target ament_cmake_python_build_arduinobot_msgs_egg
[0.797s] Invoked command in '/home/rashmika/arm4_ws/src/build/arduinobot_msgs' returned '0': CMAKE_PREFIX_PATH=${CMAKE_PREFIX_PATH}:/home/rashmika/arm4_ws/install/arm_control_py:/home/rashmika/arm4_ws/install/arduinobot_python:/home/rashmika/turtlebot3_ws/install/turtlebot3_teleop:/home/rashmika/turtlebot3_ws/install/turtlebot3_example:/opt/ros/humble /usr/bin/cmake --build /home/rashmika/arm4_ws/src/build/arduinobot_msgs -- -j8 -l8
[0.805s] Invoking command in '/home/rashmika/arm4_ws/src/build/arduinobot_msgs': CMAKE_PREFIX_PATH=${CMAKE_PREFIX_PATH}:/home/rashmika/arm4_ws/install/arm_control_py:/home/rashmika/arm4_ws/install/arduinobot_python:/home/rashmika/turtlebot3_ws/install/turtlebot3_teleop:/home/rashmika/turtlebot3_ws/install/turtlebot3_example:/opt/ros/humble /usr/bin/cmake --install /home/rashmika/arm4_ws/src/build/arduinobot_msgs
[0.812s] -- Install configuration: ""
[0.812s] -- Up-to-date: /home/rashmika/arm4_ws/src/install/arduinobot_msgs/share/ament_index/resource_index/rosidl_interfaces/arduinobot_msgs
[0.812s] -- Up-to-date: /home/rashmika/arm4_ws/src/install/arduinobot_msgs/include/arduinobot_msgs/arduinobot_msgs
[0.813s] -- Up-to-date: /home/rashmika/arm4_ws/src/install/arduinobot_msgs/include/arduinobot_msgs/arduinobot_msgs/msg
[0.813s] -- Up-to-date: /home/rashmika/arm4_ws/src/install/arduinobot_msgs/include/arduinobot_msgs/arduinobot_msgs/msg/rosidl_generator_c__visibility_control.h
[0.813s] -- Up-to-date: /home/rashmika/arm4_ws/src/install/arduinobot_msgs/include/arduinobot_msgs/arduinobot_msgs/srv
[0.813s] -- Up-to-date: /home/rashmika/arm4_ws/src/install/arduinobot_msgs/include/arduinobot_msgs/arduinobot_msgs/srv/euler_to_quaternion.h
[0.813s] -- Up-to-date: /home/rashmika/arm4_ws/src/install/arduinobot_msgs/include/arduinobot_msgs/arduinobot_msgs/srv/add_two_ints.h
[0.814s] -- Up-to-date: /home/rashmika/arm4_ws/src/install/arduinobot_msgs/include/arduinobot_msgs/arduinobot_msgs/srv/quaternion_to_euler.h
[0.814s] -- Up-to-date: /home/rashmika/arm4_ws/src/install/arduinobot_msgs/include/arduinobot_msgs/arduinobot_msgs/srv/detail
[0.814s] -- Up-to-date: /home/rashmika/arm4_ws/src/install/arduinobot_msgs/include/arduinobot_msgs/arduinobot_msgs/srv/detail/quaternion_to_euler__struct.h
[0.815s] -- Up-to-date: /home/rashmika/arm4_ws/src/install/arduinobot_msgs/include/arduinobot_msgs/arduinobot_msgs/srv/detail/add_two_ints__type_support.h
[0.815s] -- Up-to-date: /home/rashmika/arm4_ws/src/install/arduinobot_msgs/include/arduinobot_msgs/arduinobot_msgs/srv/detail/euler_to_quaternion__type_support.h
[0.815s] -- Up-to-date: /home/rashmika/arm4_ws/src/install/arduinobot_msgs/include/arduinobot_msgs/arduinobot_msgs/srv/detail/euler_to_quaternion__struct.h
[0.815s] -- Up-to-date: /home/rashmika/arm4_ws/src/install/arduinobot_msgs/include/arduinobot_msgs/arduinobot_msgs/srv/detail/add_two_ints__functions.c
[0.815s] -- Up-to-date: /home/rashmika/arm4_ws/src/install/arduinobot_msgs/include/arduinobot_msgs/arduinobot_msgs/srv/detail/euler_to_quaternion__functions.h
[0.816s] -- Up-to-date: /home/rashmika/arm4_ws/src/install/arduinobot_msgs/include/arduinobot_msgs/arduinobot_msgs/srv/detail/euler_to_quaternion__functions.c
[0.816s] -- Up-to-date: /home/rashmika/arm4_ws/src/install/arduinobot_msgs/include/arduinobot_msgs/arduinobot_msgs/srv/detail/add_two_ints__struct.h
[0.816s] -- Up-to-date: /home/rashmika/arm4_ws/src/install/arduinobot_msgs/include/arduinobot_msgs/arduinobot_msgs/srv/detail/quaternion_to_euler__functions.h
[0.816s] -- Up-to-date: /home/rashmika/arm4_ws/src/install/arduinobot_msgs/include/arduinobot_msgs/arduinobot_msgs/srv/detail/add_two_ints__functions.h
[0.817s] -- Up-to-date: /home/rashmika/arm4_ws/src/install/arduinobot_msgs/include/arduinobot_msgs/arduinobot_msgs/srv/detail/quaternion_to_euler__functions.c
[0.818s] -- Up-to-date: /home/rashmika/arm4_ws/src/install/arduinobot_msgs/include/arduinobot_msgs/arduinobot_msgs/srv/detail/quaternion_to_euler__type_support.h
[0.818s] -- Up-to-date: /home/rashmika/arm4_ws/src/install/arduinobot_msgs/include/arduinobot_msgs/arduinobot_msgs/action
[0.818s] -- Up-to-date: /home/rashmika/arm4_ws/src/install/arduinobot_msgs/include/arduinobot_msgs/arduinobot_msgs/action/detail
[0.818s] -- Up-to-date: /home/rashmika/arm4_ws/src/install/arduinobot_msgs/include/arduinobot_msgs/arduinobot_msgs/action/detail/arduinobot_task__struct.h
[0.818s] -- Up-to-date: /home/rashmika/arm4_ws/src/install/arduinobot_msgs/include/arduinobot_msgs/arduinobot_msgs/action/detail/fibonacci__type_support.h
[0.819s] -- Up-to-date: /home/rashmika/arm4_ws/src/install/arduinobot_msgs/include/arduinobot_msgs/arduinobot_msgs/action/detail/arduinobot_task__functions.h
[0.819s] -- Up-to-date: /home/rashmika/arm4_ws/src/install/arduinobot_msgs/include/arduinobot_msgs/arduinobot_msgs/action/detail/fibonacci__struct.h
[0.819s] -- Up-to-date: /home/rashmika/arm4_ws/src/install/arduinobot_msgs/include/arduinobot_msgs/arduinobot_msgs/action/detail/arduinobot_task__type_support.h
[0.819s] -- Up-to-date: /home/rashmika/arm4_ws/src/install/arduinobot_msgs/include/arduinobot_msgs/arduinobot_msgs/action/detail/arduinobot_task__functions.c
[0.819s] -- Up-to-date: /home/rashmika/arm4_ws/src/install/arduinobot_msgs/include/arduinobot_msgs/arduinobot_msgs/action/detail/fibonacci__functions.h
[0.819s] -- Up-to-date: /home/rashmika/arm4_ws/src/install/arduinobot_msgs/include/arduinobot_msgs/arduinobot_msgs/action/detail/fibonacci__functions.c
[0.820s] -- Up-to-date: /home/rashmika/arm4_ws/src/install/arduinobot_msgs/include/arduinobot_msgs/arduinobot_msgs/action/arduinobot_task.h
[0.820s] -- Up-to-date: /home/rashmika/arm4_ws/src/install/arduinobot_msgs/include/arduinobot_msgs/arduinobot_msgs/action/fibonacci.h
[0.820s] -- Up-to-date: /home/rashmika/arm4_ws/src/install/arduinobot_msgs/share/arduinobot_msgs/environment/library_path.sh
[0.820s] -- Up-to-date: /home/rashmika/arm4_ws/src/install/arduinobot_msgs/share/arduinobot_msgs/environment/library_path.dsv
[0.820s] -- Up-to-date: /home/rashmika/arm4_ws/src/install/arduinobot_msgs/lib/libarduinobot_msgs__rosidl_generator_c.so
[0.820s] -- Up-to-date: /home/rashmika/arm4_ws/src/install/arduinobot_msgs/include/arduinobot_msgs/arduinobot_msgs
[0.820s] -- Up-to-date: /home/rashmika/arm4_ws/src/install/arduinobot_msgs/include/arduinobot_msgs/arduinobot_msgs/msg
[0.820s] -- Up-to-date: /home/rashmika/arm4_ws/src/install/arduinobot_msgs/include/arduinobot_msgs/arduinobot_msgs/msg/rosidl_typesupport_fastrtps_c__visibility_control.h
[0.821s] -- Up-to-date: /home/rashmika/arm4_ws/src/install/arduinobot_msgs/include/arduinobot_msgs/arduinobot_msgs/srv
[0.821s] -- Up-to-date: /home/rashmika/arm4_ws/src/install/arduinobot_msgs/include/arduinobot_msgs/arduinobot_msgs/srv/detail
[0.821s] -- Up-to-date: /home/rashmika/arm4_ws/src/install/arduinobot_msgs/include/arduinobot_msgs/arduinobot_msgs/srv/detail/euler_to_quaternion__rosidl_typesupport_fastrtps_c.h
[0.821s] -- Up-to-date: /home/rashmika/arm4_ws/src/install/arduinobot_msgs/include/arduinobot_msgs/arduinobot_msgs/srv/detail/quaternion_to_euler__rosidl_typesupport_fastrtps_c.h
[0.821s] -- Up-to-date: /home/rashmika/arm4_ws/src/install/arduinobot_msgs/include/arduinobot_msgs/arduinobot_msgs/srv/detail/add_two_ints__rosidl_typesupport_fastrtps_c.h
[0.821s] -- Up-to-date: /home/rashmika/arm4_ws/src/install/arduinobot_msgs/include/arduinobot_msgs/arduinobot_msgs/action
[0.821s] -- Up-to-date: /home/rashmika/arm4_ws/src/install/arduinobot_msgs/include/arduinobot_msgs/arduinobot_msgs/action/detail
[0.822s] -- Up-to-date: /home/rashmika/arm4_ws/src/install/arduinobot_msgs/include/arduinobot_msgs/arduinobot_msgs/action/detail/fibonacci__rosidl_typesupport_fastrtps_c.h
[0.822s] -- Up-to-date: /home/rashmika/arm4_ws/src/install/arduinobot_msgs/include/arduinobot_msgs/arduinobot_msgs/action/detail/arduinobot_task__rosidl_typesupport_fastrtps_c.h
[0.822s] -- Up-to-date: /home/rashmika/arm4_ws/src/install/arduinobot_msgs/lib/libarduinobot_msgs__rosidl_typesupport_fastrtps_c.so
[0.822s] -- Up-to-date: /home/rashmika/arm4_ws/src/install/arduinobot_msgs/include/arduinobot_msgs/arduinobot_msgs
[0.823s] -- Up-to-date: /home/rashmika/arm4_ws/src/install/arduinobot_msgs/include/arduinobot_msgs/arduinobot_msgs/msg
[0.823s] -- Up-to-date: /home/rashmika/arm4_ws/src/install/arduinobot_msgs/include/arduinobot_msgs/arduinobot_msgs/msg/rosidl_generator_cpp__visibility_control.hpp
[0.823s] -- Up-to-date: /home/rashmika/arm4_ws/src/install/arduinobot_msgs/include/arduinobot_msgs/arduinobot_msgs/srv
[0.823s] -- Up-to-date: /home/rashmika/arm4_ws/src/install/arduinobot_msgs/include/arduinobot_msgs/arduinobot_msgs/srv/detail
[0.823s] -- Up-to-date: /home/rashmika/arm4_ws/src/install/arduinobot_msgs/include/arduinobot_msgs/arduinobot_msgs/srv/detail/quaternion_to_euler__type_support.hpp
[0.823s] -- Up-to-date: /home/rashmika/arm4_ws/src/install/arduinobot_msgs/include/arduinobot_msgs/arduinobot_msgs/srv/detail/add_two_ints__traits.hpp
[0.823s] -- Up-to-date: /home/rashmika/arm4_ws/src/install/arduinobot_msgs/include/arduinobot_msgs/arduinobot_msgs/srv/detail/add_two_ints__builder.hpp
[0.823s] -- Up-to-date: /home/rashmika/arm4_ws/src/install/arduinobot_msgs/include/arduinobot_msgs/arduinobot_msgs/srv/detail/euler_to_quaternion__traits.hpp
[0.823s] -- Up-to-date: /home/rashmika/arm4_ws/src/install/arduinobot_msgs/include/arduinobot_msgs/arduinobot_msgs/srv/detail/quaternion_to_euler__builder.hpp
[0.824s] -- Up-to-date: /home/rashmika/arm4_ws/src/install/arduinobot_msgs/include/arduinobot_msgs/arduinobot_msgs/srv/detail/euler_to_quaternion__builder.hpp
[0.824s] -- Up-to-date: /home/rashmika/arm4_ws/src/install/arduinobot_msgs/include/arduinobot_msgs/arduinobot_msgs/srv/detail/add_two_ints__struct.hpp
[0.824s] -- Up-to-date: /home/rashmika/arm4_ws/src/install/arduinobot_msgs/include/arduinobot_msgs/arduinobot_msgs/srv/detail/quaternion_to_euler__struct.hpp
[0.824s] -- Up-to-date: /home/rashmika/arm4_ws/src/install/arduinobot_msgs/include/arduinobot_msgs/arduinobot_msgs/srv/detail/euler_to_quaternion__struct.hpp
[0.824s] -- Up-to-date: /home/rashmika/arm4_ws/src/install/arduinobot_msgs/include/arduinobot_msgs/arduinobot_msgs/srv/detail/euler_to_quaternion__type_support.hpp
[0.824s] -- Up-to-date: /home/rashmika/arm4_ws/src/install/arduinobot_msgs/include/arduinobot_msgs/arduinobot_msgs/srv/detail/quaternion_to_euler__traits.hpp
[0.824s] -- Up-to-date: /home/rashmika/arm4_ws/src/install/arduinobot_msgs/include/arduinobot_msgs/arduinobot_msgs/srv/detail/add_two_ints__type_support.hpp
[0.825s] -- Up-to-date: /home/rashmika/arm4_ws/src/install/arduinobot_msgs/include/arduinobot_msgs/arduinobot_msgs/srv/add_two_ints.hpp
[0.825s] -- Up-to-date: /home/rashmika/arm4_ws/src/install/arduinobot_msgs/include/arduinobot_msgs/arduinobot_msgs/srv/quaternion_to_euler.hpp
[0.825s] -- Up-to-date: /home/rashmika/arm4_ws/src/install/arduinobot_msgs/include/arduinobot_msgs/arduinobot_msgs/srv/euler_to_quaternion.hpp
[0.825s] -- Up-to-date: /home/rashmika/arm4_ws/src/install/arduinobot_msgs/include/arduinobot_msgs/arduinobot_msgs/action
[0.825s] -- Up-to-date: /home/rashmika/arm4_ws/src/install/arduinobot_msgs/include/arduinobot_msgs/arduinobot_msgs/action/arduinobot_task.hpp
[0.825s] -- Up-to-date: /home/rashmika/arm4_ws/src/install/arduinobot_msgs/include/arduinobot_msgs/arduinobot_msgs/action/detail
[0.826s] -- Up-to-date: /home/rashmika/arm4_ws/src/install/arduinobot_msgs/include/arduinobot_msgs/arduinobot_msgs/action/detail/fibonacci__traits.hpp
[0.827s] -- Up-to-date: /home/rashmika/arm4_ws/src/install/arduinobot_msgs/include/arduinobot_msgs/arduinobot_msgs/action/detail/arduinobot_task__builder.hpp
[0.828s] -- Up-to-date: /home/rashmika/arm4_ws/src/install/arduinobot_msgs/include/arduinobot_msgs/arduinobot_msgs/action/detail/fibonacci__struct.hpp
[0.828s] -- Up-to-date: /home/rashmika/arm4_ws/src/install/arduinobot_msgs/include/arduinobot_msgs/arduinobot_msgs/action/detail/arduinobot_task__type_support.hpp
[0.828s] -- Up-to-date: /home/rashmika/arm4_ws/src/install/arduinobot_msgs/include/arduinobot_msgs/arduinobot_msgs/action/detail/arduinobot_task__traits.hpp
[0.828s] -- Up-to-date: /home/rashmika/arm4_ws/src/install/arduinobot_msgs/include/arduinobot_msgs/arduinobot_msgs/action/detail/arduinobot_task__struct.hpp
[0.829s] -- Up-to-date: /home/rashmika/arm4_ws/src/install/arduinobot_msgs/include/arduinobot_msgs/arduinobot_msgs/action/detail/fibonacci__builder.hpp
[0.829s] -- Up-to-date: /home/rashmika/arm4_ws/src/install/arduinobot_msgs/include/arduinobot_msgs/arduinobot_msgs/action/detail/fibonacci__type_support.hpp
[0.829s] -- Up-to-date: /home/rashmika/arm4_ws/src/install/arduinobot_msgs/include/arduinobot_msgs/arduinobot_msgs/action/fibonacci.hpp
[0.829s] -- Up-to-date: /home/rashmika/arm4_ws/src/install/arduinobot_msgs/include/arduinobot_msgs/arduinobot_msgs
[0.829s] -- Up-to-date: /home/rashmika/arm4_ws/src/install/arduinobot_msgs/include/arduinobot_msgs/arduinobot_msgs/msg
[0.829s] -- Up-to-date: /home/rashmika/arm4_ws/src/install/arduinobot_msgs/include/arduinobot_msgs/arduinobot_msgs/msg/rosidl_typesupport_fastrtps_cpp__visibility_control.h
[0.829s] -- Up-to-date: /home/rashmika/arm4_ws/src/install/arduinobot_msgs/include/arduinobot_msgs/arduinobot_msgs/srv
[0.830s] -- Up-to-date: /home/rashmika/arm4_ws/src/install/arduinobot_msgs/include/arduinobot_msgs/arduinobot_msgs/srv/detail
[0.830s] -- Up-to-date: /home/rashmika/arm4_ws/src/install/arduinobot_msgs/include/arduinobot_msgs/arduinobot_msgs/srv/detail/add_two_ints__rosidl_typesupport_fastrtps_cpp.hpp
[0.830s] -- Up-to-date: /home/rashmika/arm4_ws/src/install/arduinobot_msgs/include/arduinobot_msgs/arduinobot_msgs/srv/detail/quaternion_to_euler__rosidl_typesupport_fastrtps_cpp.hpp
[0.830s] -- Up-to-date: /home/rashmika/arm4_ws/src/install/arduinobot_msgs/include/arduinobot_msgs/arduinobot_msgs/srv/detail/euler_to_quaternion__rosidl_typesupport_fastrtps_cpp.hpp
[0.831s] -- Up-to-date: /home/rashmika/arm4_ws/src/install/arduinobot_msgs/include/arduinobot_msgs/arduinobot_msgs/srv/detail/dds_fastrtps
[0.831s] -- Up-to-date: /home/rashmika/arm4_ws/src/install/arduinobot_msgs/include/arduinobot_msgs/arduinobot_msgs/action
[0.831s] -- Up-to-date: /home/rashmika/arm4_ws/src/install/arduinobot_msgs/include/arduinobot_msgs/arduinobot_msgs/action/detail
[0.831s] -- Up-to-date: /home/rashmika/arm4_ws/src/install/arduinobot_msgs/include/arduinobot_msgs/arduinobot_msgs/action/detail/arduinobot_task__rosidl_typesupport_fastrtps_cpp.hpp
[0.831s] -- Up-to-date: /home/rashmika/arm4_ws/src/install/arduinobot_msgs/include/arduinobot_msgs/arduinobot_msgs/action/detail/dds_fastrtps
[0.831s] -- Up-to-date: /home/rashmika/arm4_ws/src/install/arduinobot_msgs/include/arduinobot_msgs/arduinobot_msgs/action/detail/fibonacci__rosidl_typesupport_fastrtps_cpp.hpp
[0.831s] -- Up-to-date: /home/rashmika/arm4_ws/src/install/arduinobot_msgs/lib/libarduinobot_msgs__rosidl_typesupport_fastrtps_cpp.so
[0.831s] -- Up-to-date: /home/rashmika/arm4_ws/src/install/arduinobot_msgs/include/arduinobot_msgs/arduinobot_msgs
[0.832s] -- Up-to-date: /home/rashmika/arm4_ws/src/install/arduinobot_msgs/include/arduinobot_msgs/arduinobot_msgs/msg
[0.832s] -- Up-to-date: /home/rashmika/arm4_ws/src/install/arduinobot_msgs/include/arduinobot_msgs/arduinobot_msgs/msg/rosidl_typesupport_introspection_c__visibility_control.h
[0.832s] -- Up-to-date: /home/rashmika/arm4_ws/src/install/arduinobot_msgs/include/arduinobot_msgs/arduinobot_msgs/srv
[0.832s] -- Up-to-date: /home/rashmika/arm4_ws/src/install/arduinobot_msgs/include/arduinobot_msgs/arduinobot_msgs/srv/detail
[0.832s] -- Up-to-date: /home/rashmika/arm4_ws/src/install/arduinobot_msgs/include/arduinobot_msgs/arduinobot_msgs/srv/detail/quaternion_to_euler__type_support.c
[0.832s] -- Up-to-date: /home/rashmika/arm4_ws/src/install/arduinobot_msgs/include/arduinobot_msgs/arduinobot_msgs/srv/detail/add_two_ints__type_support.c
[0.832s] -- Up-to-date: /home/rashmika/arm4_ws/src/install/arduinobot_msgs/include/arduinobot_msgs/arduinobot_msgs/srv/detail/add_two_ints__rosidl_typesupport_introspection_c.h
[0.833s] -- Up-to-date: /home/rashmika/arm4_ws/src/install/arduinobot_msgs/include/arduinobot_msgs/arduinobot_msgs/srv/detail/euler_to_quaternion__rosidl_typesupport_introspection_c.h
[0.833s] -- Up-to-date: /home/rashmika/arm4_ws/src/install/arduinobot_msgs/include/arduinobot_msgs/arduinobot_msgs/srv/detail/euler_to_quaternion__type_support.c
[0.833s] -- Up-to-date: /home/rashmika/arm4_ws/src/install/arduinobot_msgs/include/arduinobot_msgs/arduinobot_msgs/srv/detail/quaternion_to_euler__rosidl_typesupport_introspection_c.h
[0.833s] -- Up-to-date: /home/rashmika/arm4_ws/src/install/arduinobot_msgs/include/arduinobot_msgs/arduinobot_msgs/action
[0.833s] -- Up-to-date: /home/rashmika/arm4_ws/src/install/arduinobot_msgs/include/arduinobot_msgs/arduinobot_msgs/action/detail
[0.834s] -- Up-to-date: /home/rashmika/arm4_ws/src/install/arduinobot_msgs/include/arduinobot_msgs/arduinobot_msgs/action/detail/fibonacci__rosidl_typesupport_introspection_c.h
[0.834s] -- Up-to-date: /home/rashmika/arm4_ws/src/install/arduinobot_msgs/include/arduinobot_msgs/arduinobot_msgs/action/detail/arduinobot_task__type_support.c
[0.834s] -- Up-to-date: /home/rashmika/arm4_ws/src/install/arduinobot_msgs/include/arduinobot_msgs/arduinobot_msgs/action/detail/fibonacci__type_support.c
[0.834s] -- Up-to-date: /home/rashmika/arm4_ws/src/install/arduinobot_msgs/include/arduinobot_msgs/arduinobot_msgs/action/detail/arduinobot_task__rosidl_typesupport_introspection_c.h
[0.834s] -- Up-to-date: /home/rashmika/arm4_ws/src/install/arduinobot_msgs/lib/libarduinobot_msgs__rosidl_typesupport_introspection_c.so
[0.834s] -- Up-to-date: /home/rashmika/arm4_ws/src/install/arduinobot_msgs/lib/libarduinobot_msgs__rosidl_typesupport_c.so
[0.834s] -- Up-to-date: /home/rashmika/arm4_ws/src/install/arduinobot_msgs/include/arduinobot_msgs/arduinobot_msgs
[0.835s] -- Up-to-date: /home/rashmika/arm4_ws/src/install/arduinobot_msgs/include/arduinobot_msgs/arduinobot_msgs/srv
[0.835s] -- Up-to-date: /home/rashmika/arm4_ws/src/install/arduinobot_msgs/include/arduinobot_msgs/arduinobot_msgs/srv/detail
[0.835s] -- Up-to-date: /home/rashmika/arm4_ws/src/install/arduinobot_msgs/include/arduinobot_msgs/arduinobot_msgs/srv/detail/quaternion_to_euler__type_support.cpp
[0.835s] -- Up-to-date: /home/rashmika/arm4_ws/src/install/arduinobot_msgs/include/arduinobot_msgs/arduinobot_msgs/srv/detail/add_two_ints__rosidl_typesupport_introspection_cpp.hpp
[0.835s] -- Up-to-date: /home/rashmika/arm4_ws/src/install/arduinobot_msgs/include/arduinobot_msgs/arduinobot_msgs/srv/detail/euler_to_quaternion__rosidl_typesupport_introspection_cpp.hpp
[0.836s] -- Up-to-date: /home/rashmika/arm4_ws/src/install/arduinobot_msgs/include/arduinobot_msgs/arduinobot_msgs/srv/detail/euler_to_quaternion__type_support.cpp
[0.836s] -- Up-to-date: /home/rashmika/arm4_ws/src/install/arduinobot_msgs/include/arduinobot_msgs/arduinobot_msgs/srv/detail/add_two_ints__type_support.cpp
[0.836s] -- Up-to-date: /home/rashmika/arm4_ws/src/install/arduinobot_msgs/include/arduinobot_msgs/arduinobot_msgs/srv/detail/quaternion_to_euler__rosidl_typesupport_introspection_cpp.hpp
[0.836s] -- Up-to-date: /home/rashmika/arm4_ws/src/install/arduinobot_msgs/include/arduinobot_msgs/arduinobot_msgs/action
[0.836s] -- Up-to-date: /home/rashmika/arm4_ws/src/install/arduinobot_msgs/include/arduinobot_msgs/arduinobot_msgs/action/detail
[0.836s] -- Up-to-date: /home/rashmika/arm4_ws/src/install/arduinobot_msgs/include/arduinobot_msgs/arduinobot_msgs/action/detail/fibonacci__rosidl_typesupport_introspection_cpp.hpp
[0.836s] -- Up-to-date: /home/rashmika/arm4_ws/src/install/arduinobot_msgs/include/arduinobot_msgs/arduinobot_msgs/action/detail/arduinobot_task__type_support.cpp
[0.837s] -- Up-to-date: /home/rashmika/arm4_ws/src/install/arduinobot_msgs/include/arduinobot_msgs/arduinobot_msgs/action/detail/arduinobot_task__rosidl_typesupport_introspection_cpp.hpp
[0.837s] -- Up-to-date: /home/rashmika/arm4_ws/src/install/arduinobot_msgs/include/arduinobot_msgs/arduinobot_msgs/action/detail/fibonacci__type_support.cpp
[0.837s] -- Up-to-date: /home/rashmika/arm4_ws/src/install/arduinobot_msgs/lib/libarduinobot_msgs__rosidl_typesupport_introspection_cpp.so
[0.837s] -- Up-to-date: /home/rashmika/arm4_ws/src/install/arduinobot_msgs/lib/libarduinobot_msgs__rosidl_typesupport_cpp.so
[0.838s] -- Up-to-date: /home/rashmika/arm4_ws/src/install/arduinobot_msgs/share/arduinobot_msgs/environment/pythonpath.sh
[0.838s] -- Up-to-date: /home/rashmika/arm4_ws/src/install/arduinobot_msgs/share/arduinobot_msgs/environment/pythonpath.dsv
[0.838s] -- Up-to-date: /home/rashmika/arm4_ws/src/install/arduinobot_msgs/local/lib/python3.10/dist-packages/arduinobot_msgs-0.0.0-py3.10.egg-info
[0.838s] -- Installing: /home/rashmika/arm4_ws/src/install/arduinobot_msgs/local/lib/python3.10/dist-packages/arduinobot_msgs-0.0.0-py3.10.egg-info/top_level.txt
[0.838s] -- Installing: /home/rashmika/arm4_ws/src/install/arduinobot_msgs/local/lib/python3.10/dist-packages/arduinobot_msgs-0.0.0-py3.10.egg-info/PKG-INFO
[0.838s] -- Installing: /home/rashmika/arm4_ws/src/install/arduinobot_msgs/local/lib/python3.10/dist-packages/arduinobot_msgs-0.0.0-py3.10.egg-info/SOURCES.txt
[0.839s] -- Installing: /home/rashmika/arm4_ws/src/install/arduinobot_msgs/local/lib/python3.10/dist-packages/arduinobot_msgs-0.0.0-py3.10.egg-info/dependency_links.txt
[0.839s] -- Up-to-date: /home/rashmika/arm4_ws/src/install/arduinobot_msgs/local/lib/python3.10/dist-packages/arduinobot_msgs
[0.839s] -- Up-to-date: /home/rashmika/arm4_ws/src/install/arduinobot_msgs/local/lib/python3.10/dist-packages/arduinobot_msgs/arduinobot_msgs_s__rosidl_typesupport_fastrtps_c.cpython-310-x86_64-linux-gnu.so
[0.839s] -- Up-to-date: /home/rashmika/arm4_ws/src/install/arduinobot_msgs/local/lib/python3.10/dist-packages/arduinobot_msgs/srv
[0.839s] -- Up-to-date: /home/rashmika/arm4_ws/src/install/arduinobot_msgs/local/lib/python3.10/dist-packages/arduinobot_msgs/srv/_add_two_ints.py
[0.839s] -- Up-to-date: /home/rashmika/arm4_ws/src/install/arduinobot_msgs/local/lib/python3.10/dist-packages/arduinobot_msgs/srv/__init__.py
[0.839s] -- Up-to-date: /home/rashmika/arm4_ws/src/install/arduinobot_msgs/local/lib/python3.10/dist-packages/arduinobot_msgs/srv/_quaternion_to_euler.py
[0.839s] -- Up-to-date: /home/rashmika/arm4_ws/src/install/arduinobot_msgs/local/lib/python3.10/dist-packages/arduinobot_msgs/srv/_add_two_ints_s.c
[0.840s] -- Up-to-date: /home/rashmika/arm4_ws/src/install/arduinobot_msgs/local/lib/python3.10/dist-packages/arduinobot_msgs/srv/_euler_to_quaternion.py
[0.840s] -- Up-to-date: /home/rashmika/arm4_ws/src/install/arduinobot_msgs/local/lib/python3.10/dist-packages/arduinobot_msgs/srv/_quaternion_to_euler_s.c
[0.840s] -- Up-to-date: /home/rashmika/arm4_ws/src/install/arduinobot_msgs/local/lib/python3.10/dist-packages/arduinobot_msgs/srv/_euler_to_quaternion_s.c
[0.840s] -- Up-to-date: /home/rashmika/arm4_ws/src/install/arduinobot_msgs/local/lib/python3.10/dist-packages/arduinobot_msgs/_arduinobot_msgs_s.ep.rosidl_typesupport_fastrtps_c.c
[0.840s] -- Up-to-date: /home/rashmika/arm4_ws/src/install/arduinobot_msgs/local/lib/python3.10/dist-packages/arduinobot_msgs/arduinobot_msgs_s__rosidl_typesupport_introspection_c.cpython-310-x86_64-linux-gnu.so
[0.840s] -- Up-to-date: /home/rashmika/arm4_ws/src/install/arduinobot_msgs/local/lib/python3.10/dist-packages/arduinobot_msgs/_arduinobot_msgs_s.ep.rosidl_typesupport_c.c
[0.840s] -- Up-to-date: /home/rashmika/arm4_ws/src/install/arduinobot_msgs/local/lib/python3.10/dist-packages/arduinobot_msgs/__init__.py
[0.840s] -- Up-to-date: /home/rashmika/arm4_ws/src/install/arduinobot_msgs/local/lib/python3.10/dist-packages/arduinobot_msgs/arduinobot_msgs_s__rosidl_typesupport_c.cpython-310-x86_64-linux-gnu.so
[0.841s] -- Up-to-date: /home/rashmika/arm4_ws/src/install/arduinobot_msgs/local/lib/python3.10/dist-packages/arduinobot_msgs/action
[0.841s] -- Up-to-date: /home/rashmika/arm4_ws/src/install/arduinobot_msgs/local/lib/python3.10/dist-packages/arduinobot_msgs/action/_arduinobot_task_s.c
[0.841s] -- Up-to-date: /home/rashmika/arm4_ws/src/install/arduinobot_msgs/local/lib/python3.10/dist-packages/arduinobot_msgs/action/_fibonacci_s.c
[0.841s] -- Up-to-date: /home/rashmika/arm4_ws/src/install/arduinobot_msgs/local/lib/python3.10/dist-packages/arduinobot_msgs/action/_arduinobot_task.py
[0.841s] -- Up-to-date: /home/rashmika/arm4_ws/src/install/arduinobot_msgs/local/lib/python3.10/dist-packages/arduinobot_msgs/action/__init__.py
[0.841s] -- Up-to-date: /home/rashmika/arm4_ws/src/install/arduinobot_msgs/local/lib/python3.10/dist-packages/arduinobot_msgs/action/_fibonacci.py
[0.841s] -- Up-to-date: /home/rashmika/arm4_ws/src/install/arduinobot_msgs/local/lib/python3.10/dist-packages/arduinobot_msgs/libarduinobot_msgs__rosidl_generator_py.so
[0.842s] -- Up-to-date: /home/rashmika/arm4_ws/src/install/arduinobot_msgs/local/lib/python3.10/dist-packages/arduinobot_msgs/_arduinobot_msgs_s.ep.rosidl_typesupport_introspection_c.c
[0.866s] Listing '/home/rashmika/arm4_ws/src/install/arduinobot_msgs/local/lib/python3.10/dist-packages/arduinobot_msgs'...
[0.866s] Listing '/home/rashmika/arm4_ws/src/install/arduinobot_msgs/local/lib/python3.10/dist-packages/arduinobot_msgs/action'...
[0.866s] Listing '/home/rashmika/arm4_ws/src/install/arduinobot_msgs/local/lib/python3.10/dist-packages/arduinobot_msgs/srv'...
[0.871s] -- Up-to-date: /home/rashmika/arm4_ws/src/install/arduinobot_msgs/local/lib/python3.10/dist-packages/arduinobot_msgs/arduinobot_msgs_s__rosidl_typesupport_fastrtps_c.cpython-310-x86_64-linux-gnu.so
[0.871s] -- Up-to-date: /home/rashmika/arm4_ws/src/install/arduinobot_msgs/local/lib/python3.10/dist-packages/arduinobot_msgs/arduinobot_msgs_s__rosidl_typesupport_introspection_c.cpython-310-x86_64-linux-gnu.so
[0.872s] -- Up-to-date: /home/rashmika/arm4_ws/src/install/arduinobot_msgs/local/lib/python3.10/dist-packages/arduinobot_msgs/arduinobot_msgs_s__rosidl_typesupport_c.cpython-310-x86_64-linux-gnu.so
[0.872s] -- Up-to-date: /home/rashmika/arm4_ws/src/install/arduinobot_msgs/lib/libarduinobot_msgs__rosidl_generator_py.so
[0.872s] -- Up-to-date: /home/rashmika/arm4_ws/src/install/arduinobot_msgs/share/arduinobot_msgs/srv/AddTwoInts.idl
[0.872s] -- Up-to-date: /home/rashmika/arm4_ws/src/install/arduinobot_msgs/share/arduinobot_msgs/srv/EulerToQuaternion.idl
[0.872s] -- Up-to-date: /home/rashmika/arm4_ws/src/install/arduinobot_msgs/share/arduinobot_msgs/srv/QuaternionToEuler.idl
[0.873s] -- Up-to-date: /home/rashmika/arm4_ws/src/install/arduinobot_msgs/share/arduinobot_msgs/action/Fibonacci.idl
[0.873s] -- Up-to-date: /home/rashmika/arm4_ws/src/install/arduinobot_msgs/share/arduinobot_msgs/action/ArduinobotTask.idl
[0.873s] -- Up-to-date: /home/rashmika/arm4_ws/src/install/arduinobot_msgs/share/arduinobot_msgs/srv/AddTwoInts.srv
[0.873s] -- Up-to-date: /home/rashmika/arm4_ws/src/install/arduinobot_msgs/share/arduinobot_msgs/srv/AddTwoInts_Request.msg
[0.873s] -- Up-to-date: /home/rashmika/arm4_ws/src/install/arduinobot_msgs/share/arduinobot_msgs/srv/AddTwoInts_Response.msg
[0.873s] -- Up-to-date: /home/rashmika/arm4_ws/src/install/arduinobot_msgs/share/arduinobot_msgs/srv/EulerToQuaternion.srv
[0.873s] -- Up-to-date: /home/rashmika/arm4_ws/src/install/arduinobot_msgs/share/arduinobot_msgs/srv/EulerToQuaternion_Request.msg
[0.873s] -- Up-to-date: /home/rashmika/arm4_ws/src/install/arduinobot_msgs/share/arduinobot_msgs/srv/EulerToQuaternion_Response.msg
[0.873s] -- Up-to-date: /home/rashmika/arm4_ws/src/install/arduinobot_msgs/share/arduinobot_msgs/srv/QuaternionToEuler.srv
[0.873s] -- Up-to-date: /home/rashmika/arm4_ws/src/install/arduinobot_msgs/share/arduinobot_msgs/srv/QuaternionToEuler_Request.msg
[0.873s] -- Up-to-date: /home/rashmika/arm4_ws/src/install/arduinobot_msgs/share/arduinobot_msgs/srv/QuaternionToEuler_Response.msg
[0.873s] -- Up-to-date: /home/rashmika/arm4_ws/src/install/arduinobot_msgs/share/arduinobot_msgs/action/Fibonacci.action
[0.874s] -- Up-to-date: /home/rashmika/arm4_ws/src/install/arduinobot_msgs/share/arduinobot_msgs/action/ArduinobotTask.action
[0.874s] -- Up-to-date: /home/rashmika/arm4_ws/src/install/arduinobot_msgs/share/ament_index/resource_index/package_run_dependencies/arduinobot_msgs
[0.874s] -- Up-to-date: /home/rashmika/arm4_ws/src/install/arduinobot_msgs/share/ament_index/resource_index/parent_prefix_path/arduinobot_msgs
[0.874s] -- Up-to-date: /home/rashmika/arm4_ws/src/install/arduinobot_msgs/share/arduinobot_msgs/environment/ament_prefix_path.sh
[0.874s] -- Up-to-date: /home/rashmika/arm4_ws/src/install/arduinobot_msgs/share/arduinobot_msgs/environment/ament_prefix_path.dsv
[0.874s] -- Up-to-date: /home/rashmika/arm4_ws/src/install/arduinobot_msgs/share/arduinobot_msgs/environment/path.sh
[0.874s] -- Up-to-date: /home/rashmika/arm4_ws/src/install/arduinobot_msgs/share/arduinobot_msgs/environment/path.dsv
[0.874s] -- Up-to-date: /home/rashmika/arm4_ws/src/install/arduinobot_msgs/share/arduinobot_msgs/local_setup.bash
[0.874s] -- Up-to-date: /home/rashmika/arm4_ws/src/install/arduinobot_msgs/share/arduinobot_msgs/local_setup.sh
[0.874s] -- Up-to-date: /home/rashmika/arm4_ws/src/install/arduinobot_msgs/share/arduinobot_msgs/local_setup.zsh
[0.874s] -- Up-to-date: /home/rashmika/arm4_ws/src/install/arduinobot_msgs/share/arduinobot_msgs/local_setup.dsv
[0.874s] -- Installing: /home/rashmika/arm4_ws/src/install/arduinobot_msgs/share/arduinobot_msgs/package.dsv
[0.874s] -- Up-to-date: /home/rashmika/arm4_ws/src/install/arduinobot_msgs/share/ament_index/resource_index/packages/arduinobot_msgs
[0.874s] -- Up-to-date: /home/rashmika/arm4_ws/src/install/arduinobot_msgs/share/arduinobot_msgs/cmake/export_arduinobot_msgs__rosidl_generator_cExport.cmake
[0.874s] -- Up-to-date: /home/rashmika/arm4_ws/src/install/arduinobot_msgs/share/arduinobot_msgs/cmake/export_arduinobot_msgs__rosidl_generator_cExport-noconfig.cmake
[0.875s] -- Up-to-date: /home/rashmika/arm4_ws/src/install/arduinobot_msgs/share/arduinobot_msgs/cmake/export_arduinobot_msgs__rosidl_typesupport_fastrtps_cExport.cmake
[0.875s] -- Up-to-date: /home/rashmika/arm4_ws/src/install/arduinobot_msgs/share/arduinobot_msgs/cmake/export_arduinobot_msgs__rosidl_typesupport_fastrtps_cExport-noconfig.cmake
[0.875s] -- Up-to-date: /home/rashmika/arm4_ws/src/install/arduinobot_msgs/share/arduinobot_msgs/cmake/export_arduinobot_msgs__rosidl_generator_cppExport.cmake
[0.875s] -- Up-to-date: /home/rashmika/arm4_ws/src/install/arduinobot_msgs/share/arduinobot_msgs/cmake/export_arduinobot_msgs__rosidl_typesupport_fastrtps_cppExport.cmake
[0.875s] -- Up-to-date: /home/rashmika/arm4_ws/src/install/arduinobot_msgs/share/arduinobot_msgs/cmake/export_arduinobot_msgs__rosidl_typesupport_fastrtps_cppExport-noconfig.cmake
[0.875s] -- Up-to-date: /home/rashmika/arm4_ws/src/install/arduinobot_msgs/share/arduinobot_msgs/cmake/arduinobot_msgs__rosidl_typesupport_introspection_cExport.cmake
[0.875s] -- Up-to-date: /home/rashmika/arm4_ws/src/install/arduinobot_msgs/share/arduinobot_msgs/cmake/arduinobot_msgs__rosidl_typesupport_introspection_cExport-noconfig.cmake
[0.875s] -- Up-to-date: /home/rashmika/arm4_ws/src/install/arduinobot_msgs/share/arduinobot_msgs/cmake/arduinobot_msgs__rosidl_typesupport_cExport.cmake
[0.875s] -- Up-to-date: /home/rashmika/arm4_ws/src/install/arduinobot_msgs/share/arduinobot_msgs/cmake/arduinobot_msgs__rosidl_typesupport_cExport-noconfig.cmake
[0.875s] -- Up-to-date: /home/rashmika/arm4_ws/src/install/arduinobot_msgs/share/arduinobot_msgs/cmake/arduinobot_msgs__rosidl_typesupport_introspection_cppExport.cmake
[0.875s] -- Up-to-date: /home/rashmika/arm4_ws/src/install/arduinobot_msgs/share/arduinobot_msgs/cmake/arduinobot_msgs__rosidl_typesupport_introspection_cppExport-noconfig.cmake
[0.875s] -- Up-to-date: /home/rashmika/arm4_ws/src/install/arduinobot_msgs/share/arduinobot_msgs/cmake/arduinobot_msgs__rosidl_typesupport_cppExport.cmake
[0.875s] -- Up-to-date: /home/rashmika/arm4_ws/src/install/arduinobot_msgs/share/arduinobot_msgs/cmake/arduinobot_msgs__rosidl_typesupport_cppExport-noconfig.cmake
[0.875s] -- Up-to-date: /home/rashmika/arm4_ws/src/install/arduinobot_msgs/share/arduinobot_msgs/cmake/export_arduinobot_msgs__rosidl_generator_pyExport.cmake
[0.875s] -- Up-to-date: /home/rashmika/arm4_ws/src/install/arduinobot_msgs/share/arduinobot_msgs/cmake/export_arduinobot_msgs__rosidl_generator_pyExport-noconfig.cmake
[0.876s] -- Up-to-date: /home/rashmika/arm4_ws/src/install/arduinobot_msgs/share/arduinobot_msgs/cmake/rosidl_cmake-extras.cmake
[0.876s] -- Up-to-date: /home/rashmika/arm4_ws/src/install/arduinobot_msgs/share/arduinobot_msgs/cmake/ament_cmake_export_dependencies-extras.cmake
[0.876s] -- Up-to-date: /home/rashmika/arm4_ws/src/install/arduinobot_msgs/share/arduinobot_msgs/cmake/ament_cmake_export_include_directories-extras.cmake
[0.876s] -- Up-to-date: /home/rashmika/arm4_ws/src/install/arduinobot_msgs/share/arduinobot_msgs/cmake/ament_cmake_export_libraries-extras.cmake
[0.876s] -- Up-to-date: /home/rashmika/arm4_ws/src/install/arduinobot_msgs/share/arduinobot_msgs/cmake/ament_cmake_export_targets-extras.cmake
[0.876s] -- Up-to-date: /home/rashmika/arm4_ws/src/install/arduinobot_msgs/share/arduinobot_msgs/cmake/rosidl_cmake_export_typesupport_targets-extras.cmake
[0.876s] -- Up-to-date: /home/rashmika/arm4_ws/src/install/arduinobot_msgs/share/arduinobot_msgs/cmake/rosidl_cmake_export_typesupport_libraries-extras.cmake
[0.876s] -- Up-to-date: /home/rashmika/arm4_ws/src/install/arduinobot_msgs/share/arduinobot_msgs/cmake/arduinobot_msgsConfig.cmake
[0.876s] -- Up-to-date: /home/rashmika/arm4_ws/src/install/arduinobot_msgs/share/arduinobot_msgs/cmake/arduinobot_msgsConfig-version.cmake
[0.876s] -- Up-to-date: /home/rashmika/arm4_ws/src/install/arduinobot_msgs/share/arduinobot_msgs/package.xml
[0.877s] Invoked command in '/home/rashmika/arm4_ws/src/build/arduinobot_msgs' returned '0': CMAKE_PREFIX_PATH=${CMAKE_PREFIX_PATH}:/home/rashmika/arm4_ws/install/arm_control_py:/home/rashmika/arm4_ws/install/arduinobot_python:/home/rashmika/turtlebot3_ws/install/turtlebot3_teleop:/home/rashmika/turtlebot3_ws/install/turtlebot3_example:/opt/ros/humble /usr/bin/cmake --install /home/rashmika/arm4_ws/src/build/arduinobot_msgs
