[0.154s] Invoking command in '/home/rashmika/arm4_ws/src/build/arduinobot_controller': CMAKE_PREFIX_PATH=${CMAKE_PREFIX_PATH}:/home/rashmika/arm4_ws/src/install/arm_control_py:/home/rashmika/arm4_ws/src/install/arduinobot_python:/home/rashmika/arm4_ws/install/arm_control_py:/home/rashmika/arm4_ws/install/arduinobot_python:/home/rashmika/turtlebot3_ws/install/turtlebot3_teleop:/home/rashmika/turtlebot3_ws/install/turtlebot3_example:/opt/ros/humble /usr/bin/cmake --build /home/rashmika/arm4_ws/src/build/arduinobot_controller -- -j8 -l8
[0.918s] [ 25%] [32mBuilding CXX object CMakeFiles/arduinobot_controller.dir/src/arduinobot_interface.cpp.o[0m
[0.919s] [ 50%] [32mBuilding CXX object CMakeFiles/slider_control.dir/src/slider_control.cpp.o[0m
[0.920s] [ 50%] Built target ament_cmake_python_copy_arduinobot_controller
[1.434s] running egg_info
[1.435s] writing arduinobot_controller.egg-info/PKG-INFO
[1.561s] writing dependency_links to arduinobot_controller.egg-info/dependency_links.txt
[1.562s] writing top-level names to arduinobot_controller.egg-info/top_level.txt
[1.565s] reading manifest file 'arduinobot_controller.egg-info/SOURCES.txt'
[1.627s] writing manifest file 'arduinobot_controller.egg-info/SOURCES.txt'
[1.718s] [ 50%] Built target ament_cmake_python_build_arduinobot_controller_egg
[15.282s] [ 75%] [32m[1mLinking CXX shared library libarduinobot_controller.so[0m
[16.300s] [ 75%] Built target arduinobot_controller
[19.881s] [100%] [32m[1mLinking CXX executable slider_control[0m
[20.282s] [100%] Built target slider_control
[20.294s] Invoked command in '/home/rashmika/arm4_ws/src/build/arduinobot_controller' returned '0': CMAKE_PREFIX_PATH=${CMAKE_PREFIX_PATH}:/home/rashmika/arm4_ws/src/install/arm_control_py:/home/rashmika/arm4_ws/src/install/arduinobot_python:/home/rashmika/arm4_ws/install/arm_control_py:/home/rashmika/arm4_ws/install/arduinobot_python:/home/rashmika/turtlebot3_ws/install/turtlebot3_teleop:/home/rashmika/turtlebot3_ws/install/turtlebot3_example:/opt/ros/humble /usr/bin/cmake --build /home/rashmika/arm4_ws/src/build/arduinobot_controller -- -j8 -l8
[20.335s] Invoking command in '/home/rashmika/arm4_ws/src/build/arduinobot_controller': CMAKE_PREFIX_PATH=${CMAKE_PREFIX_PATH}:/home/rashmika/arm4_ws/src/install/arm_control_py:/home/rashmika/arm4_ws/src/install/arduinobot_python:/home/rashmika/arm4_ws/install/arm_control_py:/home/rashmika/arm4_ws/install/arduinobot_python:/home/rashmika/turtlebot3_ws/install/turtlebot3_teleop:/home/rashmika/turtlebot3_ws/install/turtlebot3_example:/opt/ros/humble /usr/bin/cmake --install /home/rashmika/arm4_ws/src/build/arduinobot_controller
[20.345s] -- Install configuration: ""
[20.345s] -- Up-to-date: /home/rashmika/arm4_ws/src/install/arduinobot_controller/share/arduinobot_controller/arduinobot_controller.xml
[20.345s] -- Up-to-date: /home/rashmika/arm4_ws/src/install/arduinobot_controller/share/arduinobot_controller/environment/pythonpath.sh
[20.345s] -- Up-to-date: /home/rashmika/arm4_ws/src/install/arduinobot_controller/share/arduinobot_controller/environment/pythonpath.dsv
[20.345s] -- Up-to-date: /home/rashmika/arm4_ws/src/install/arduinobot_controller/local/lib/python3.10/dist-packages/arduinobot_controller-0.0.0-py3.10.egg-info
[20.345s] -- Installing: /home/rashmika/arm4_ws/src/install/arduinobot_controller/local/lib/python3.10/dist-packages/arduinobot_controller-0.0.0-py3.10.egg-info/top_level.txt
[20.345s] -- Installing: /home/rashmika/arm4_ws/src/install/arduinobot_controller/local/lib/python3.10/dist-packages/arduinobot_controller-0.0.0-py3.10.egg-info/PKG-INFO
[20.345s] -- Installing: /home/rashmika/arm4_ws/src/install/arduinobot_controller/local/lib/python3.10/dist-packages/arduinobot_controller-0.0.0-py3.10.egg-info/SOURCES.txt
[20.346s] -- Installing: /home/rashmika/arm4_ws/src/install/arduinobot_controller/local/lib/python3.10/dist-packages/arduinobot_controller-0.0.0-py3.10.egg-info/dependency_links.txt
[20.346s] -- Up-to-date: /home/rashmika/arm4_ws/src/install/arduinobot_controller/local/lib/python3.10/dist-packages/arduinobot_controller
[20.346s] -- Up-to-date: /home/rashmika/arm4_ws/src/install/arduinobot_controller/local/lib/python3.10/dist-packages/arduinobot_controller/slider_control.py
[20.346s] -- Up-to-date: /home/rashmika/arm4_ws/src/install/arduinobot_controller/local/lib/python3.10/dist-packages/arduinobot_controller/__init__.py
[20.384s] Listing '/home/rashmika/arm4_ws/src/install/arduinobot_controller/local/lib/python3.10/dist-packages/arduinobot_controller'...
[20.413s] -- Installing: /home/rashmika/arm4_ws/src/install/arduinobot_controller/lib/arduinobot_controller/slider_control
[20.416s] -- Set runtime path of "/home/rashmika/arm4_ws/src/install/arduinobot_controller/lib/arduinobot_controller/slider_control" to ""
[20.431s] -- Installing: /home/rashmika/arm4_ws/src/install/arduinobot_controller/lib/libarduinobot_controller.so
[20.432s] -- Set runtime path of "/home/rashmika/arm4_ws/src/install/arduinobot_controller/lib/libarduinobot_controller.so" to ""
[20.432s] -- Up-to-date: /home/rashmika/arm4_ws/src/install/arduinobot_controller/include/include
[20.432s] -- Up-to-date: /home/rashmika/arm4_ws/src/install/arduinobot_controller/include/include/arduinobot_controller
[20.465s] -- Up-to-date: /home/rashmika/arm4_ws/src/install/arduinobot_controller/include/include/arduinobot_controller/arduinobot_interface.hpp
[20.465s] -- Up-to-date: /home/rashmika/arm4_ws/src/install/arduinobot_controller/share/arduinobot_controller/launch
[20.466s] -- Up-to-date: /home/rashmika/arm4_ws/src/install/arduinobot_controller/share/arduinobot_controller/launch/slider_controller.launch.py
[20.466s] -- Up-to-date: /home/rashmika/arm4_ws/src/install/arduinobot_controller/share/arduinobot_controller/launch/controller.launch.py
[20.466s] -- Up-to-date: /home/rashmika/arm4_ws/src/install/arduinobot_controller/share/arduinobot_controller/config
[20.466s] -- Installing: /home/rashmika/arm4_ws/src/install/arduinobot_controller/share/arduinobot_controller/config/arduinobot_controllers.yaml
[20.466s] -- Up-to-date: /home/rashmika/arm4_ws/src/install/arduinobot_controller/lib/arduinobot_controller/slider_control.py
[20.467s] -- Up-to-date: /home/rashmika/arm4_ws/src/install/arduinobot_controller/share/arduinobot_controller/environment/library_path.sh
[20.467s] -- Up-to-date: /home/rashmika/arm4_ws/src/install/arduinobot_controller/share/arduinobot_controller/environment/library_path.dsv
[20.467s] -- Up-to-date: /home/rashmika/arm4_ws/src/install/arduinobot_controller/share/ament_index/resource_index/package_run_dependencies/arduinobot_controller
[20.467s] -- Up-to-date: /home/rashmika/arm4_ws/src/install/arduinobot_controller/share/ament_index/resource_index/parent_prefix_path/arduinobot_controller
[20.467s] -- Up-to-date: /home/rashmika/arm4_ws/src/install/arduinobot_controller/share/arduinobot_controller/environment/ament_prefix_path.sh
[20.467s] -- Up-to-date: /home/rashmika/arm4_ws/src/install/arduinobot_controller/share/arduinobot_controller/environment/ament_prefix_path.dsv
[20.468s] -- Up-to-date: /home/rashmika/arm4_ws/src/install/arduinobot_controller/share/arduinobot_controller/environment/path.sh
[20.468s] -- Up-to-date: /home/rashmika/arm4_ws/src/install/arduinobot_controller/share/arduinobot_controller/environment/path.dsv
[20.468s] -- Up-to-date: /home/rashmika/arm4_ws/src/install/arduinobot_controller/share/arduinobot_controller/local_setup.bash
[20.468s] -- Up-to-date: /home/rashmika/arm4_ws/src/install/arduinobot_controller/share/arduinobot_controller/local_setup.sh
[20.468s] -- Up-to-date: /home/rashmika/arm4_ws/src/install/arduinobot_controller/share/arduinobot_controller/local_setup.zsh
[20.468s] -- Up-to-date: /home/rashmika/arm4_ws/src/install/arduinobot_controller/share/arduinobot_controller/local_setup.dsv
[20.468s] -- Installing: /home/rashmika/arm4_ws/src/install/arduinobot_controller/share/arduinobot_controller/package.dsv
[20.495s] -- Up-to-date: /home/rashmika/arm4_ws/src/install/arduinobot_controller/share/ament_index/resource_index/packages/arduinobot_controller
[20.496s] -- Up-to-date: /home/rashmika/arm4_ws/src/install/arduinobot_controller/share/ament_index/resource_index/hardware_interface__pluginlib__plugin/arduinobot_controller
[20.496s] -- Up-to-date: /home/rashmika/arm4_ws/src/install/arduinobot_controller/share/arduinobot_controller/cmake/ament_cmake_export_include_directories-extras.cmake
[20.496s] -- Up-to-date: /home/rashmika/arm4_ws/src/install/arduinobot_controller/share/arduinobot_controller/cmake/ament_cmake_export_libraries-extras.cmake
[20.497s] -- Up-to-date: /home/rashmika/arm4_ws/src/install/arduinobot_controller/share/arduinobot_controller/cmake/ament_cmake_export_dependencies-extras.cmake
[20.497s] -- Up-to-date: /home/rashmika/arm4_ws/src/install/arduinobot_controller/share/arduinobot_controller/cmake/arduinobot_controllerConfig.cmake
[20.497s] -- Up-to-date: /home/rashmika/arm4_ws/src/install/arduinobot_controller/share/arduinobot_controller/cmake/arduinobot_controllerConfig-version.cmake
[20.497s] -- Up-to-date: /home/rashmika/arm4_ws/src/install/arduinobot_controller/share/arduinobot_controller/package.xml
[20.499s] Invoked command in '/home/rashmika/arm4_ws/src/build/arduinobot_controller' returned '0': CMAKE_PREFIX_PATH=${CMAKE_PREFIX_PATH}:/home/rashmika/arm4_ws/src/install/arm_control_py:/home/rashmika/arm4_ws/src/install/arduinobot_python:/home/rashmika/arm4_ws/install/arm_control_py:/home/rashmika/arm4_ws/install/arduinobot_python:/home/rashmika/turtlebot3_ws/install/turtlebot3_teleop:/home/rashmika/turtlebot3_ws/install/turtlebot3_example:/opt/ros/humble /usr/bin/cmake --install /home/rashmika/arm4_ws/src/build/arduinobot_controller
