[0.210s] Invoking command in '/home/rashmika/arm4_ws/src/build/arduinobot_moveit': CMAKE_PREFIX_PATH=${CMAKE_PREFIX_PATH}:/home/rashmika/arm4_ws/src/install/arm_control_py:/home/rashmika/arm4_ws/src/install/arduinobot_python:/home/rashmika/arm4_ws/install/arm_control_py:/home/rashmika/arm4_ws/install/arduinobot_python:/home/rashmika/turtlebot3_ws/install/turtlebot3_teleop:/home/rashmika/turtlebot3_ws/install/turtlebot3_example:/opt/ros/humble /usr/bin/cmake --build /home/rashmika/arm4_ws/src/build/arduinobot_moveit -- -j8 -l8
[1.229s] Invoked command in '/home/rashmika/arm4_ws/src/build/arduinobot_moveit' returned '0': CMAKE_PREFIX_PATH=${CMAKE_PREFIX_PATH}:/home/rashmika/arm4_ws/src/install/arm_control_py:/home/rashmika/arm4_ws/src/install/arduinobot_python:/home/rashmika/arm4_ws/install/arm_control_py:/home/rashmika/arm4_ws/install/arduinobot_python:/home/rashmika/turtlebot3_ws/install/turtlebot3_teleop:/home/rashmika/turtlebot3_ws/install/turtlebot3_example:/opt/ros/humble /usr/bin/cmake --build /home/rashmika/arm4_ws/src/build/arduinobot_moveit -- -j8 -l8
[1.376s] Invoking command in '/home/rashmika/arm4_ws/src/build/arduinobot_moveit': CMAKE_PREFIX_PATH=${CMAKE_PREFIX_PATH}:/home/rashmika/arm4_ws/src/install/arm_control_py:/home/rashmika/arm4_ws/src/install/arduinobot_python:/home/rashmika/arm4_ws/install/arm_control_py:/home/rashmika/arm4_ws/install/arduinobot_python:/home/rashmika/turtlebot3_ws/install/turtlebot3_teleop:/home/rashmika/turtlebot3_ws/install/turtlebot3_example:/opt/ros/humble /usr/bin/cmake --install /home/rashmika/arm4_ws/src/build/arduinobot_moveit
[1.828s] -- Install configuration: ""
[1.828s] -- Up-to-date: /home/rashmika/arm4_ws/src/install/arduinobot_moveit/share/arduinobot_moveit/launch
[1.828s] -- Up-to-date: /home/rashmika/arm4_ws/src/install/arduinobot_moveit/share/arduinobot_moveit/launch/moveit.launch.py
[1.828s] -- Up-to-date: /home/rashmika/arm4_ws/src/install/arduinobot_moveit/share/arduinobot_moveit/config
[1.828s] -- Up-to-date: /home/rashmika/arm4_ws/src/install/arduinobot_moveit/share/arduinobot_moveit/config/moveit_controllers.yaml
[1.828s] -- Up-to-date: /home/rashmika/arm4_ws/src/install/arduinobot_moveit/share/arduinobot_moveit/config/pilz_cartesian_limits.yaml
[1.829s] -- Up-to-date: /home/rashmika/arm4_ws/src/install/arduinobot_moveit/share/arduinobot_moveit/config/joint_limits.yaml
[1.829s] -- Up-to-date: /home/rashmika/arm4_ws/src/install/arduinobot_moveit/share/arduinobot_moveit/config/arduinobot.srdf
[1.829s] -- Up-to-date: /home/rashmika/arm4_ws/src/install/arduinobot_moveit/share/arduinobot_moveit/config/moveit.rviz
[1.829s] -- Up-to-date: /home/rashmika/arm4_ws/src/install/arduinobot_moveit/share/arduinobot_moveit/config/kinematics.yaml
[1.829s] -- Up-to-date: /home/rashmika/arm4_ws/src/install/arduinobot_moveit/share/arduinobot_moveit/config/initial_positions.yaml
[1.829s] -- Up-to-date: /home/rashmika/arm4_ws/src/install/arduinobot_moveit/share/ament_index/resource_index/package_run_dependencies/arduinobot_moveit
[1.829s] -- Up-to-date: /home/rashmika/arm4_ws/src/install/arduinobot_moveit/share/ament_index/resource_index/parent_prefix_path/arduinobot_moveit
[1.829s] -- Up-to-date: /home/rashmika/arm4_ws/src/install/arduinobot_moveit/share/arduinobot_moveit/environment/ament_prefix_path.sh
[1.829s] -- Up-to-date: /home/rashmika/arm4_ws/src/install/arduinobot_moveit/share/arduinobot_moveit/environment/ament_prefix_path.dsv
[1.829s] -- Up-to-date: /home/rashmika/arm4_ws/src/install/arduinobot_moveit/share/arduinobot_moveit/environment/path.sh
[1.829s] -- Up-to-date: /home/rashmika/arm4_ws/src/install/arduinobot_moveit/share/arduinobot_moveit/environment/path.dsv
[1.829s] -- Up-to-date: /home/rashmika/arm4_ws/src/install/arduinobot_moveit/share/arduinobot_moveit/local_setup.bash
[1.829s] -- Up-to-date: /home/rashmika/arm4_ws/src/install/arduinobot_moveit/share/arduinobot_moveit/local_setup.sh
[1.829s] -- Up-to-date: /home/rashmika/arm4_ws/src/install/arduinobot_moveit/share/arduinobot_moveit/local_setup.zsh
[1.829s] -- Up-to-date: /home/rashmika/arm4_ws/src/install/arduinobot_moveit/share/arduinobot_moveit/local_setup.dsv
[1.829s] -- Installing: /home/rashmika/arm4_ws/src/install/arduinobot_moveit/share/arduinobot_moveit/package.dsv
[1.829s] -- Up-to-date: /home/rashmika/arm4_ws/src/install/arduinobot_moveit/share/ament_index/resource_index/packages/arduinobot_moveit
[1.829s] -- Up-to-date: /home/rashmika/arm4_ws/src/install/arduinobot_moveit/share/arduinobot_moveit/cmake/arduinobot_moveitConfig.cmake
[1.829s] -- Up-to-date: /home/rashmika/arm4_ws/src/install/arduinobot_moveit/share/arduinobot_moveit/cmake/arduinobot_moveitConfig-version.cmake
[1.829s] -- Up-to-date: /home/rashmika/arm4_ws/src/install/arduinobot_moveit/share/arduinobot_moveit/package.xml
[2.183s] Invoked command in '/home/rashmika/arm4_ws/src/build/arduinobot_moveit' returned '0': CMAKE_PREFIX_PATH=${CMAKE_PREFIX_PATH}:/home/rashmika/arm4_ws/src/install/arm_control_py:/home/rashmika/arm4_ws/src/install/arduinobot_python:/home/rashmika/arm4_ws/install/arm_control_py:/home/rashmika/arm4_ws/install/arduinobot_python:/home/rashmika/turtlebot3_ws/install/turtlebot3_teleop:/home/rashmika/turtlebot3_ws/install/turtlebot3_example:/opt/ros/humble /usr/bin/cmake --install /home/rashmika/arm4_ws/src/build/arduinobot_moveit
