[0.246s] DEBUG:colcon:Command line arguments: ['/usr/bin/colcon', 'build']
[0.246s] DEBUG:colcon:Parsed command line arguments: Namespace(log_base=None, log_level=None, verb_name='build', build_base='build', install_base='install', merge_install=False, symlink_install=False, test_result_base=None, continue_on_error=False, executor='parallel', parallel_workers=8, event_handlers=None, ignore_user_meta=False, metas=['./colcon.meta'], base_paths=['.'], packages_ignore=None, packages_ignore_regex=None, paths=None, packages_up_to=None, packages_up_to_regex=None, packages_above=None, packages_above_and_dependencies=None, packages_above_depth=None, packages_select_by_dep=None, packages_skip_by_dep=None, packages_skip_up_to=None, packages_select_build_failed=False, packages_skip_build_finished=False, packages_select_test_failures=False, packages_skip_test_passed=False, packages_select=None, packages_skip=None, packages_select_regex=None, packages_skip_regex=None, packages_start=None, packages_end=None, allow_overriding=[], cmake_args=None, cmake_target=None, cmake_target_skip_unavailable=False, cmake_clean_cache=False, cmake_clean_first=False, cmake_force_configure=False, ament_cmake_args=None, catkin_cmake_args=None, catkin_skip_building_tests=False, mixin_files=None, mixin=None, verb_parser=<colcon_mixin.mixin.mixin_argument.MixinArgumentDecorator object at 0x709f69774cd0>, verb_extension=<colcon_core.verb.build.BuildVerb object at 0x709f69774700>, main=<bound method BuildVerb.main of <colcon_core.verb.build.BuildVerb object at 0x709f69774700>>, mixin_verb=('build',))
[2.117s] Level 1:colcon.colcon_core.package_discovery:discover_packages(colcon_meta) check parameters
[2.117s] Level 1:colcon.colcon_core.package_discovery:discover_packages(recursive) check parameters
[2.117s] Level 1:colcon.colcon_core.package_discovery:discover_packages(ignore) check parameters
[2.117s] Level 1:colcon.colcon_core.package_discovery:discover_packages(path) check parameters
[2.117s] Level 1:colcon.colcon_core.package_discovery:discover_packages(colcon_meta) discover
[2.118s] Level 1:colcon.colcon_core.package_discovery:discover_packages(recursive) discover
[2.118s] INFO:colcon.colcon_core.package_discovery:Crawling recursively for packages in '/home/rashmika/arm4_ws/src'
[2.118s] Level 1:colcon.colcon_core.package_identification:_identify(.) by extensions ['ignore', 'ignore_ament_install']
[2.118s] Level 1:colcon.colcon_core.package_identification:_identify(.) by extension 'ignore'
[2.118s] Level 1:colcon.colcon_core.package_identification:_identify(.) by extension 'ignore_ament_install'
[2.118s] Level 1:colcon.colcon_core.package_identification:_identify(.) by extensions ['colcon_pkg']
[2.118s] Level 1:colcon.colcon_core.package_identification:_identify(.) by extension 'colcon_pkg'
[2.118s] Level 1:colcon.colcon_core.package_identification:_identify(.) by extensions ['colcon_meta']
[2.118s] Level 1:colcon.colcon_core.package_identification:_identify(.) by extension 'colcon_meta'
[2.118s] Level 1:colcon.colcon_core.package_identification:_identify(.) by extensions ['ros']
[2.118s] Level 1:colcon.colcon_core.package_identification:_identify(.) by extension 'ros'
[2.128s] Level 1:colcon.colcon_core.package_identification:_identify(.) by extensions ['cmake', 'python']
[2.129s] Level 1:colcon.colcon_core.package_identification:_identify(.) by extension 'cmake'
[2.129s] Level 1:colcon.colcon_core.package_identification:_identify(.) by extension 'python'
[2.129s] Level 1:colcon.colcon_core.package_identification:_identify(.) by extensions ['python_setup_py']
[2.129s] Level 1:colcon.colcon_core.package_identification:_identify(.) by extension 'python_setup_py'
[2.129s] Level 1:colcon.colcon_core.package_identification:_identify(arduinobot_bringup) by extensions ['ignore', 'ignore_ament_install']
[2.129s] Level 1:colcon.colcon_core.package_identification:_identify(arduinobot_bringup) by extension 'ignore'
[2.129s] Level 1:colcon.colcon_core.package_identification:_identify(arduinobot_bringup) by extension 'ignore_ament_install'
[2.129s] Level 1:colcon.colcon_core.package_identification:_identify(arduinobot_bringup) by extensions ['colcon_pkg']
[2.129s] Level 1:colcon.colcon_core.package_identification:_identify(arduinobot_bringup) by extension 'colcon_pkg'
[2.129s] Level 1:colcon.colcon_core.package_identification:_identify(arduinobot_bringup) by extensions ['colcon_meta']
[2.129s] Level 1:colcon.colcon_core.package_identification:_identify(arduinobot_bringup) by extension 'colcon_meta'
[2.129s] Level 1:colcon.colcon_core.package_identification:_identify(arduinobot_bringup) by extensions ['ros']
[2.129s] Level 1:colcon.colcon_core.package_identification:_identify(arduinobot_bringup) by extension 'ros'
[2.146s] DEBUG:colcon.colcon_core.package_identification:Package 'arduinobot_bringup' with type 'ros.ament_cmake' and name 'arduinobot_bringup'
[2.146s] Level 1:colcon.colcon_core.package_identification:_identify(arduinobot_controller) by extensions ['ignore', 'ignore_ament_install']
[2.147s] Level 1:colcon.colcon_core.package_identification:_identify(arduinobot_controller) by extension 'ignore'
[2.147s] Level 1:colcon.colcon_core.package_identification:_identify(arduinobot_controller) by extension 'ignore_ament_install'
[2.147s] Level 1:colcon.colcon_core.package_identification:_identify(arduinobot_controller) by extensions ['colcon_pkg']
[2.147s] Level 1:colcon.colcon_core.package_identification:_identify(arduinobot_controller) by extension 'colcon_pkg'
[2.147s] Level 1:colcon.colcon_core.package_identification:_identify(arduinobot_controller) by extensions ['colcon_meta']
[2.147s] Level 1:colcon.colcon_core.package_identification:_identify(arduinobot_controller) by extension 'colcon_meta'
[2.147s] Level 1:colcon.colcon_core.package_identification:_identify(arduinobot_controller) by extensions ['ros']
[2.147s] Level 1:colcon.colcon_core.package_identification:_identify(arduinobot_controller) by extension 'ros'
[2.149s] DEBUG:colcon.colcon_core.package_identification:Package 'arduinobot_controller' with type 'ros.ament_cmake' and name 'arduinobot_controller'
[2.149s] Level 1:colcon.colcon_core.package_identification:_identify(arduinobot_description) by extensions ['ignore', 'ignore_ament_install']
[2.149s] Level 1:colcon.colcon_core.package_identification:_identify(arduinobot_description) by extension 'ignore'
[2.149s] Level 1:colcon.colcon_core.package_identification:_identify(arduinobot_description) by extension 'ignore_ament_install'
[2.149s] Level 1:colcon.colcon_core.package_identification:_identify(arduinobot_description) by extensions ['colcon_pkg']
[2.149s] Level 1:colcon.colcon_core.package_identification:_identify(arduinobot_description) by extension 'colcon_pkg'
[2.149s] Level 1:colcon.colcon_core.package_identification:_identify(arduinobot_description) by extensions ['colcon_meta']
[2.149s] Level 1:colcon.colcon_core.package_identification:_identify(arduinobot_description) by extension 'colcon_meta'
[2.149s] Level 1:colcon.colcon_core.package_identification:_identify(arduinobot_description) by extensions ['ros']
[2.149s] Level 1:colcon.colcon_core.package_identification:_identify(arduinobot_description) by extension 'ros'
[2.159s] DEBUG:colcon.colcon_core.package_identification:Package 'arduinobot_description' with type 'ros.ament_cmake' and name 'arduinobot_description'
[2.159s] Level 1:colcon.colcon_core.package_identification:_identify(arduinobot_moveit) by extensions ['ignore', 'ignore_ament_install']
[2.159s] Level 1:colcon.colcon_core.package_identification:_identify(arduinobot_moveit) by extension 'ignore'
[2.159s] Level 1:colcon.colcon_core.package_identification:_identify(arduinobot_moveit) by extension 'ignore_ament_install'
[2.159s] Level 1:colcon.colcon_core.package_identification:_identify(arduinobot_moveit) by extensions ['colcon_pkg']
[2.159s] Level 1:colcon.colcon_core.package_identification:_identify(arduinobot_moveit) by extension 'colcon_pkg'
[2.159s] Level 1:colcon.colcon_core.package_identification:_identify(arduinobot_moveit) by extensions ['colcon_meta']
[2.159s] Level 1:colcon.colcon_core.package_identification:_identify(arduinobot_moveit) by extension 'colcon_meta'
[2.159s] Level 1:colcon.colcon_core.package_identification:_identify(arduinobot_moveit) by extensions ['ros']
[2.159s] Level 1:colcon.colcon_core.package_identification:_identify(arduinobot_moveit) by extension 'ros'
[2.161s] DEBUG:colcon.colcon_core.package_identification:Package 'arduinobot_moveit' with type 'ros.ament_cmake' and name 'arduinobot_moveit'
[2.161s] Level 1:colcon.colcon_core.package_identification:_identify(arduinobot_msgs) by extensions ['ignore', 'ignore_ament_install']
[2.161s] Level 1:colcon.colcon_core.package_identification:_identify(arduinobot_msgs) by extension 'ignore'
[2.161s] Level 1:colcon.colcon_core.package_identification:_identify(arduinobot_msgs) by extension 'ignore_ament_install'
[2.161s] Level 1:colcon.colcon_core.package_identification:_identify(arduinobot_msgs) by extensions ['colcon_pkg']
[2.161s] Level 1:colcon.colcon_core.package_identification:_identify(arduinobot_msgs) by extension 'colcon_pkg'
[2.161s] Level 1:colcon.colcon_core.package_identification:_identify(arduinobot_msgs) by extensions ['colcon_meta']
[2.161s] Level 1:colcon.colcon_core.package_identification:_identify(arduinobot_msgs) by extension 'colcon_meta'
[2.161s] Level 1:colcon.colcon_core.package_identification:_identify(arduinobot_msgs) by extensions ['ros']
[2.161s] Level 1:colcon.colcon_core.package_identification:_identify(arduinobot_msgs) by extension 'ros'
[2.164s] DEBUG:colcon.colcon_core.package_identification:Package 'arduinobot_msgs' with type 'ros.ament_cmake' and name 'arduinobot_msgs'
[2.164s] Level 1:colcon.colcon_core.package_identification:_identify(arduinobot_python) by extensions ['ignore', 'ignore_ament_install']
[2.164s] Level 1:colcon.colcon_core.package_identification:_identify(arduinobot_python) by extension 'ignore'
[2.164s] Level 1:colcon.colcon_core.package_identification:_identify(arduinobot_python) by extension 'ignore_ament_install'
[2.164s] Level 1:colcon.colcon_core.package_identification:_identify(arduinobot_python) by extensions ['colcon_pkg']
[2.164s] Level 1:colcon.colcon_core.package_identification:_identify(arduinobot_python) by extension 'colcon_pkg'
[2.164s] Level 1:colcon.colcon_core.package_identification:_identify(arduinobot_python) by extensions ['colcon_meta']
[2.164s] Level 1:colcon.colcon_core.package_identification:_identify(arduinobot_python) by extension 'colcon_meta'
[2.164s] Level 1:colcon.colcon_core.package_identification:_identify(arduinobot_python) by extensions ['ros']
[2.164s] Level 1:colcon.colcon_core.package_identification:_identify(arduinobot_python) by extension 'ros'
[2.165s] DEBUG:colcon.colcon_core.package_identification:Package 'arduinobot_python' with type 'ros.ament_python' and name 'arduinobot_python'
[2.165s] Level 1:colcon.colcon_core.package_identification:_identify(arm_control_py) by extensions ['ignore', 'ignore_ament_install']
[2.165s] Level 1:colcon.colcon_core.package_identification:_identify(arm_control_py) by extension 'ignore'
[2.165s] Level 1:colcon.colcon_core.package_identification:_identify(arm_control_py) by extension 'ignore_ament_install'
[2.166s] Level 1:colcon.colcon_core.package_identification:_identify(arm_control_py) by extensions ['colcon_pkg']
[2.166s] Level 1:colcon.colcon_core.package_identification:_identify(arm_control_py) by extension 'colcon_pkg'
[2.166s] Level 1:colcon.colcon_core.package_identification:_identify(arm_control_py) by extensions ['colcon_meta']
[2.166s] Level 1:colcon.colcon_core.package_identification:_identify(arm_control_py) by extension 'colcon_meta'
[2.166s] Level 1:colcon.colcon_core.package_identification:_identify(arm_control_py) by extensions ['ros']
[2.166s] Level 1:colcon.colcon_core.package_identification:_identify(arm_control_py) by extension 'ros'
[2.167s] DEBUG:colcon.colcon_core.package_identification:Package 'arm_control_py' with type 'ros.ament_python' and name 'arm_control_py'
[2.167s] Level 1:colcon.colcon_core.package_identification:_identify(build) by extensions ['ignore', 'ignore_ament_install']
[2.167s] Level 1:colcon.colcon_core.package_identification:_identify(build) by extension 'ignore'
[2.167s] Level 1:colcon.colcon_core.package_identification:_identify(build) ignored
[2.168s] Level 1:colcon.colcon_core.package_identification:_identify(install) by extensions ['ignore', 'ignore_ament_install']
[2.168s] Level 1:colcon.colcon_core.package_identification:_identify(install) by extension 'ignore'
[2.168s] Level 1:colcon.colcon_core.package_identification:_identify(install) ignored
[2.168s] Level 1:colcon.colcon_core.package_identification:_identify(log) by extensions ['ignore', 'ignore_ament_install']
[2.168s] Level 1:colcon.colcon_core.package_identification:_identify(log) by extension 'ignore'
[2.168s] Level 1:colcon.colcon_core.package_identification:_identify(log) ignored
[2.168s] Level 1:colcon.colcon_core.package_discovery:discover_packages(recursive) using defaults
[2.168s] Level 1:colcon.colcon_core.package_discovery:discover_packages(ignore) discover
[2.168s] Level 1:colcon.colcon_core.package_discovery:discover_packages(ignore) using defaults
[2.168s] Level 1:colcon.colcon_core.package_discovery:discover_packages(path) discover
[2.168s] Level 1:colcon.colcon_core.package_discovery:discover_packages(path) using defaults
[2.245s] Level 1:colcon.colcon_core.package_discovery:discover_packages(prefix_path) check parameters
[2.246s] Level 1:colcon.colcon_core.package_discovery:discover_packages(prefix_path) discover
[2.476s] DEBUG:colcon.colcon_installed_package_information.package_discovery:Found 7 installed packages in /home/rashmika/arm4_ws/src/install
[2.476s] DEBUG:colcon.colcon_installed_package_information.package_discovery:Found 16 installed packages in /home/rashmika/turtlebot3_ws/install
[2.477s] DEBUG:colcon.colcon_installed_package_information.package_discovery:Found 7 installed packages in /home/rashmika/arm4_ws/install
[2.479s] DEBUG:colcon.colcon_installed_package_information.package_discovery:Found 405 installed packages in /opt/ros/humble
[2.483s] Level 1:colcon.colcon_core.package_discovery:discover_packages(prefix_path) using defaults
[3.175s] Level 5:colcon.colcon_core.verb:set package 'arduinobot_bringup' build argument 'cmake_args' from command line to 'None'
[3.175s] Level 5:colcon.colcon_core.verb:set package 'arduinobot_bringup' build argument 'cmake_target' from command line to 'None'
[3.175s] Level 5:colcon.colcon_core.verb:set package 'arduinobot_bringup' build argument 'cmake_target_skip_unavailable' from command line to 'False'
[3.175s] Level 5:colcon.colcon_core.verb:set package 'arduinobot_bringup' build argument 'cmake_clean_cache' from command line to 'False'
[3.176s] Level 5:colcon.colcon_core.verb:set package 'arduinobot_bringup' build argument 'cmake_clean_first' from command line to 'False'
[3.176s] Level 5:colcon.colcon_core.verb:set package 'arduinobot_bringup' build argument 'cmake_force_configure' from command line to 'False'
[3.176s] Level 5:colcon.colcon_core.verb:set package 'arduinobot_bringup' build argument 'ament_cmake_args' from command line to 'None'
[3.176s] Level 5:colcon.colcon_core.verb:set package 'arduinobot_bringup' build argument 'catkin_cmake_args' from command line to 'None'
[3.176s] Level 5:colcon.colcon_core.verb:set package 'arduinobot_bringup' build argument 'catkin_skip_building_tests' from command line to 'False'
[3.176s] DEBUG:colcon.colcon_core.verb:Building package 'arduinobot_bringup' with the following arguments: {'ament_cmake_args': None, 'build_base': '/home/rashmika/arm4_ws/src/build/arduinobot_bringup', 'catkin_cmake_args': None, 'catkin_skip_building_tests': False, 'cmake_args': None, 'cmake_clean_cache': False, 'cmake_clean_first': False, 'cmake_force_configure': False, 'cmake_target': None, 'cmake_target_skip_unavailable': False, 'install_base': '/home/rashmika/arm4_ws/src/install/arduinobot_bringup', 'merge_install': False, 'path': '/home/rashmika/arm4_ws/src/arduinobot_bringup', 'symlink_install': False, 'test_result_base': None}
[3.176s] Level 5:colcon.colcon_core.verb:set package 'arduinobot_controller' build argument 'cmake_args' from command line to 'None'
[3.176s] Level 5:colcon.colcon_core.verb:set package 'arduinobot_controller' build argument 'cmake_target' from command line to 'None'
[3.176s] Level 5:colcon.colcon_core.verb:set package 'arduinobot_controller' build argument 'cmake_target_skip_unavailable' from command line to 'False'
[3.176s] Level 5:colcon.colcon_core.verb:set package 'arduinobot_controller' build argument 'cmake_clean_cache' from command line to 'False'
[3.176s] Level 5:colcon.colcon_core.verb:set package 'arduinobot_controller' build argument 'cmake_clean_first' from command line to 'False'
[3.176s] Level 5:colcon.colcon_core.verb:set package 'arduinobot_controller' build argument 'cmake_force_configure' from command line to 'False'
[3.176s] Level 5:colcon.colcon_core.verb:set package 'arduinobot_controller' build argument 'ament_cmake_args' from command line to 'None'
[3.176s] Level 5:colcon.colcon_core.verb:set package 'arduinobot_controller' build argument 'catkin_cmake_args' from command line to 'None'
[3.176s] Level 5:colcon.colcon_core.verb:set package 'arduinobot_controller' build argument 'catkin_skip_building_tests' from command line to 'False'
[3.176s] DEBUG:colcon.colcon_core.verb:Building package 'arduinobot_controller' with the following arguments: {'ament_cmake_args': None, 'build_base': '/home/rashmika/arm4_ws/src/build/arduinobot_controller', 'catkin_cmake_args': None, 'catkin_skip_building_tests': False, 'cmake_args': None, 'cmake_clean_cache': False, 'cmake_clean_first': False, 'cmake_force_configure': False, 'cmake_target': None, 'cmake_target_skip_unavailable': False, 'install_base': '/home/rashmika/arm4_ws/src/install/arduinobot_controller', 'merge_install': False, 'path': '/home/rashmika/arm4_ws/src/arduinobot_controller', 'symlink_install': False, 'test_result_base': None}
[3.176s] Level 5:colcon.colcon_core.verb:set package 'arduinobot_description' build argument 'cmake_args' from command line to 'None'
[3.176s] Level 5:colcon.colcon_core.verb:set package 'arduinobot_description' build argument 'cmake_target' from command line to 'None'
[3.177s] Level 5:colcon.colcon_core.verb:set package 'arduinobot_description' build argument 'cmake_target_skip_unavailable' from command line to 'False'
[3.177s] Level 5:colcon.colcon_core.verb:set package 'arduinobot_description' build argument 'cmake_clean_cache' from command line to 'False'
[3.177s] Level 5:colcon.colcon_core.verb:set package 'arduinobot_description' build argument 'cmake_clean_first' from command line to 'False'
[3.177s] Level 5:colcon.colcon_core.verb:set package 'arduinobot_description' build argument 'cmake_force_configure' from command line to 'False'
[3.177s] Level 5:colcon.colcon_core.verb:set package 'arduinobot_description' build argument 'ament_cmake_args' from command line to 'None'
[3.177s] Level 5:colcon.colcon_core.verb:set package 'arduinobot_description' build argument 'catkin_cmake_args' from command line to 'None'
[3.177s] Level 5:colcon.colcon_core.verb:set package 'arduinobot_description' build argument 'catkin_skip_building_tests' from command line to 'False'
[3.177s] DEBUG:colcon.colcon_core.verb:Building package 'arduinobot_description' with the following arguments: {'ament_cmake_args': None, 'build_base': '/home/rashmika/arm4_ws/src/build/arduinobot_description', 'catkin_cmake_args': None, 'catkin_skip_building_tests': False, 'cmake_args': None, 'cmake_clean_cache': False, 'cmake_clean_first': False, 'cmake_force_configure': False, 'cmake_target': None, 'cmake_target_skip_unavailable': False, 'install_base': '/home/rashmika/arm4_ws/src/install/arduinobot_description', 'merge_install': False, 'path': '/home/rashmika/arm4_ws/src/arduinobot_description', 'symlink_install': False, 'test_result_base': None}
[3.177s] Level 5:colcon.colcon_core.verb:set package 'arduinobot_moveit' build argument 'cmake_args' from command line to 'None'
[3.177s] Level 5:colcon.colcon_core.verb:set package 'arduinobot_moveit' build argument 'cmake_target' from command line to 'None'
[3.177s] Level 5:colcon.colcon_core.verb:set package 'arduinobot_moveit' build argument 'cmake_target_skip_unavailable' from command line to 'False'
[3.177s] Level 5:colcon.colcon_core.verb:set package 'arduinobot_moveit' build argument 'cmake_clean_cache' from command line to 'False'
[3.177s] Level 5:colcon.colcon_core.verb:set package 'arduinobot_moveit' build argument 'cmake_clean_first' from command line to 'False'
[3.177s] Level 5:colcon.colcon_core.verb:set package 'arduinobot_moveit' build argument 'cmake_force_configure' from command line to 'False'
[3.177s] Level 5:colcon.colcon_core.verb:set package 'arduinobot_moveit' build argument 'ament_cmake_args' from command line to 'None'
[3.177s] Level 5:colcon.colcon_core.verb:set package 'arduinobot_moveit' build argument 'catkin_cmake_args' from command line to 'None'
[3.177s] Level 5:colcon.colcon_core.verb:set package 'arduinobot_moveit' build argument 'catkin_skip_building_tests' from command line to 'False'
[3.177s] DEBUG:colcon.colcon_core.verb:Building package 'arduinobot_moveit' with the following arguments: {'ament_cmake_args': None, 'build_base': '/home/rashmika/arm4_ws/src/build/arduinobot_moveit', 'catkin_cmake_args': None, 'catkin_skip_building_tests': False, 'cmake_args': None, 'cmake_clean_cache': False, 'cmake_clean_first': False, 'cmake_force_configure': False, 'cmake_target': None, 'cmake_target_skip_unavailable': False, 'install_base': '/home/rashmika/arm4_ws/src/install/arduinobot_moveit', 'merge_install': False, 'path': '/home/rashmika/arm4_ws/src/arduinobot_moveit', 'symlink_install': False, 'test_result_base': None}
[3.177s] Level 5:colcon.colcon_core.verb:set package 'arduinobot_msgs' build argument 'cmake_args' from command line to 'None'
[3.177s] Level 5:colcon.colcon_core.verb:set package 'arduinobot_msgs' build argument 'cmake_target' from command line to 'None'
[3.178s] Level 5:colcon.colcon_core.verb:set package 'arduinobot_msgs' build argument 'cmake_target_skip_unavailable' from command line to 'False'
[3.178s] Level 5:colcon.colcon_core.verb:set package 'arduinobot_msgs' build argument 'cmake_clean_cache' from command line to 'False'
[3.178s] Level 5:colcon.colcon_core.verb:set package 'arduinobot_msgs' build argument 'cmake_clean_first' from command line to 'False'
[3.178s] Level 5:colcon.colcon_core.verb:set package 'arduinobot_msgs' build argument 'cmake_force_configure' from command line to 'False'
[3.178s] Level 5:colcon.colcon_core.verb:set package 'arduinobot_msgs' build argument 'ament_cmake_args' from command line to 'None'
[3.178s] Level 5:colcon.colcon_core.verb:set package 'arduinobot_msgs' build argument 'catkin_cmake_args' from command line to 'None'
[3.178s] Level 5:colcon.colcon_core.verb:set package 'arduinobot_msgs' build argument 'catkin_skip_building_tests' from command line to 'False'
[3.178s] DEBUG:colcon.colcon_core.verb:Building package 'arduinobot_msgs' with the following arguments: {'ament_cmake_args': None, 'build_base': '/home/rashmika/arm4_ws/src/build/arduinobot_msgs', 'catkin_cmake_args': None, 'catkin_skip_building_tests': False, 'cmake_args': None, 'cmake_clean_cache': False, 'cmake_clean_first': False, 'cmake_force_configure': False, 'cmake_target': None, 'cmake_target_skip_unavailable': False, 'install_base': '/home/rashmika/arm4_ws/src/install/arduinobot_msgs', 'merge_install': False, 'path': '/home/rashmika/arm4_ws/src/arduinobot_msgs', 'symlink_install': False, 'test_result_base': None}
[3.178s] Level 5:colcon.colcon_core.verb:set package 'arduinobot_python' build argument 'cmake_args' from command line to 'None'
[3.178s] Level 5:colcon.colcon_core.verb:set package 'arduinobot_python' build argument 'cmake_target' from command line to 'None'
[3.178s] Level 5:colcon.colcon_core.verb:set package 'arduinobot_python' build argument 'cmake_target_skip_unavailable' from command line to 'False'
[3.178s] Level 5:colcon.colcon_core.verb:set package 'arduinobot_python' build argument 'cmake_clean_cache' from command line to 'False'
[3.178s] Level 5:colcon.colcon_core.verb:set package 'arduinobot_python' build argument 'cmake_clean_first' from command line to 'False'
[3.178s] Level 5:colcon.colcon_core.verb:set package 'arduinobot_python' build argument 'cmake_force_configure' from command line to 'False'
[3.178s] Level 5:colcon.colcon_core.verb:set package 'arduinobot_python' build argument 'ament_cmake_args' from command line to 'None'
[3.178s] Level 5:colcon.colcon_core.verb:set package 'arduinobot_python' build argument 'catkin_cmake_args' from command line to 'None'
[3.178s] Level 5:colcon.colcon_core.verb:set package 'arduinobot_python' build argument 'catkin_skip_building_tests' from command line to 'False'
[3.178s] DEBUG:colcon.colcon_core.verb:Building package 'arduinobot_python' with the following arguments: {'ament_cmake_args': None, 'build_base': '/home/rashmika/arm4_ws/src/build/arduinobot_python', 'catkin_cmake_args': None, 'catkin_skip_building_tests': False, 'cmake_args': None, 'cmake_clean_cache': False, 'cmake_clean_first': False, 'cmake_force_configure': False, 'cmake_target': None, 'cmake_target_skip_unavailable': False, 'install_base': '/home/rashmika/arm4_ws/src/install/arduinobot_python', 'merge_install': False, 'path': '/home/rashmika/arm4_ws/src/arduinobot_python', 'symlink_install': False, 'test_result_base': None}
[3.178s] Level 5:colcon.colcon_core.verb:set package 'arm_control_py' build argument 'cmake_args' from command line to 'None'
[3.179s] Level 5:colcon.colcon_core.verb:set package 'arm_control_py' build argument 'cmake_target' from command line to 'None'
[3.179s] Level 5:colcon.colcon_core.verb:set package 'arm_control_py' build argument 'cmake_target_skip_unavailable' from command line to 'False'
[3.179s] Level 5:colcon.colcon_core.verb:set package 'arm_control_py' build argument 'cmake_clean_cache' from command line to 'False'
[3.179s] Level 5:colcon.colcon_core.verb:set package 'arm_control_py' build argument 'cmake_clean_first' from command line to 'False'
[3.179s] Level 5:colcon.colcon_core.verb:set package 'arm_control_py' build argument 'cmake_force_configure' from command line to 'False'
[3.179s] Level 5:colcon.colcon_core.verb:set package 'arm_control_py' build argument 'ament_cmake_args' from command line to 'None'
[3.179s] Level 5:colcon.colcon_core.verb:set package 'arm_control_py' build argument 'catkin_cmake_args' from command line to 'None'
[3.179s] Level 5:colcon.colcon_core.verb:set package 'arm_control_py' build argument 'catkin_skip_building_tests' from command line to 'False'
[3.179s] DEBUG:colcon.colcon_core.verb:Building package 'arm_control_py' with the following arguments: {'ament_cmake_args': None, 'build_base': '/home/rashmika/arm4_ws/src/build/arm_control_py', 'catkin_cmake_args': None, 'catkin_skip_building_tests': False, 'cmake_args': None, 'cmake_clean_cache': False, 'cmake_clean_first': False, 'cmake_force_configure': False, 'cmake_target': None, 'cmake_target_skip_unavailable': False, 'install_base': '/home/rashmika/arm4_ws/src/install/arm_control_py', 'merge_install': False, 'path': '/home/rashmika/arm4_ws/src/arm_control_py', 'symlink_install': False, 'test_result_base': None}
[3.179s] INFO:colcon.colcon_core.executor:Executing jobs using 'parallel' executor
[3.180s] DEBUG:colcon.colcon_parallel_executor.executor.parallel:run_until_complete
[3.180s] INFO:colcon.colcon_ros.task.ament_cmake.build:Building ROS package in '/home/rashmika/arm4_ws/src/arduinobot_bringup' with build type 'ament_cmake'
[3.180s] INFO:colcon.colcon_cmake.task.cmake.build:Building CMake package in '/home/rashmika/arm4_ws/src/arduinobot_bringup'
[3.206s] INFO:colcon.colcon_core.plugin_system:Skipping extension 'colcon_core.shell.bat': Not used on non-Windows systems
[3.206s] INFO:colcon.colcon_core.shell:Skip shell extension 'powershell' for command environment: Not usable outside of PowerShell
[3.206s] DEBUG:colcon.colcon_core.shell:Skip shell extension 'dsv' for command environment
[3.212s] INFO:colcon.colcon_ros.task.ament_cmake.build:Building ROS package in '/home/rashmika/arm4_ws/src/arduinobot_controller' with build type 'ament_cmake'
[3.213s] INFO:colcon.colcon_cmake.task.cmake.build:Building CMake package in '/home/rashmika/arm4_ws/src/arduinobot_controller'
[3.213s] INFO:colcon.colcon_core.shell:Skip shell extension 'powershell' for command environment: Not usable outside of PowerShell
[3.213s] DEBUG:colcon.colcon_core.shell:Skip shell extension 'dsv' for command environment
[3.219s] INFO:colcon.colcon_ros.task.ament_cmake.build:Building ROS package in '/home/rashmika/arm4_ws/src/arduinobot_description' with build type 'ament_cmake'
[3.219s] INFO:colcon.colcon_cmake.task.cmake.build:Building CMake package in '/home/rashmika/arm4_ws/src/arduinobot_description'
[3.219s] INFO:colcon.colcon_core.shell:Skip shell extension 'powershell' for command environment: Not usable outside of PowerShell
[3.219s] DEBUG:colcon.colcon_core.shell:Skip shell extension 'dsv' for command environment
[3.225s] INFO:colcon.colcon_ros.task.ament_cmake.build:Building ROS package in '/home/rashmika/arm4_ws/src/arduinobot_moveit' with build type 'ament_cmake'
[3.225s] INFO:colcon.colcon_cmake.task.cmake.build:Building CMake package in '/home/rashmika/arm4_ws/src/arduinobot_moveit'
[3.226s] INFO:colcon.colcon_core.shell:Skip shell extension 'powershell' for command environment: Not usable outside of PowerShell
[3.226s] DEBUG:colcon.colcon_core.shell:Skip shell extension 'dsv' for command environment
[3.268s] INFO:colcon.colcon_ros.task.ament_cmake.build:Building ROS package in '/home/rashmika/arm4_ws/src/arduinobot_msgs' with build type 'ament_cmake'
[3.268s] INFO:colcon.colcon_cmake.task.cmake.build:Building CMake package in '/home/rashmika/arm4_ws/src/arduinobot_msgs'
[3.268s] INFO:colcon.colcon_core.shell:Skip shell extension 'powershell' for command environment: Not usable outside of PowerShell
[3.269s] DEBUG:colcon.colcon_core.shell:Skip shell extension 'dsv' for command environment
[3.274s] INFO:colcon.colcon_ros.task.ament_python.build:Building ROS package in '/home/rashmika/arm4_ws/src/arduinobot_python' with build type 'ament_python'
[3.275s] Level 1:colcon.colcon_core.shell:create_environment_hook('arduinobot_python', 'ament_prefix_path')
[3.275s] INFO:colcon.colcon_core.shell:Creating environment hook '/home/rashmika/arm4_ws/src/install/arduinobot_python/share/arduinobot_python/hook/ament_prefix_path.ps1'
[3.276s] INFO:colcon.colcon_core.shell:Creating environment descriptor '/home/rashmika/arm4_ws/src/install/arduinobot_python/share/arduinobot_python/hook/ament_prefix_path.dsv'
[3.276s] INFO:colcon.colcon_core.shell:Creating environment hook '/home/rashmika/arm4_ws/src/install/arduinobot_python/share/arduinobot_python/hook/ament_prefix_path.sh'
[3.277s] INFO:colcon.colcon_core.shell:Skip shell extension 'powershell' for command environment: Not usable outside of PowerShell
[3.277s] DEBUG:colcon.colcon_core.shell:Skip shell extension 'dsv' for command environment
[3.283s] INFO:colcon.colcon_ros.task.ament_python.build:Building ROS package in '/home/rashmika/arm4_ws/src/arm_control_py' with build type 'ament_python'
[3.283s] Level 1:colcon.colcon_core.shell:create_environment_hook('arm_control_py', 'ament_prefix_path')
[3.283s] INFO:colcon.colcon_core.shell:Creating environment hook '/home/rashmika/arm4_ws/src/install/arm_control_py/share/arm_control_py/hook/ament_prefix_path.ps1'
[3.284s] INFO:colcon.colcon_core.shell:Creating environment descriptor '/home/rashmika/arm4_ws/src/install/arm_control_py/share/arm_control_py/hook/ament_prefix_path.dsv'
[3.284s] INFO:colcon.colcon_core.shell:Creating environment hook '/home/rashmika/arm4_ws/src/install/arm_control_py/share/arm_control_py/hook/ament_prefix_path.sh'
[3.285s] INFO:colcon.colcon_core.shell:Skip shell extension 'powershell' for command environment: Not usable outside of PowerShell
[3.285s] DEBUG:colcon.colcon_core.shell:Skip shell extension 'dsv' for command environment
[3.325s] DEBUG:colcon.colcon_core.event_handler.log_command:Invoking command in '/home/rashmika/arm4_ws/src/build/arduinobot_bringup': CMAKE_PREFIX_PATH=${CMAKE_PREFIX_PATH}:/home/rashmika/arm4_ws/src/install/arm_control_py:/home/rashmika/arm4_ws/src/install/arduinobot_python:/home/rashmika/arm4_ws/install/arm_control_py:/home/rashmika/arm4_ws/install/arduinobot_python:/home/rashmika/turtlebot3_ws/install/turtlebot3_teleop:/home/rashmika/turtlebot3_ws/install/turtlebot3_example:/opt/ros/humble /usr/bin/cmake --build /home/rashmika/arm4_ws/src/build/arduinobot_bringup -- -j8 -l8
[3.368s] DEBUG:colcon.colcon_core.event_handler.log_command:Invoking command in '/home/rashmika/arm4_ws/src/build/arduinobot_controller': CMAKE_PREFIX_PATH=${CMAKE_PREFIX_PATH}:/home/rashmika/arm4_ws/src/install/arm_control_py:/home/rashmika/arm4_ws/src/install/arduinobot_python:/home/rashmika/arm4_ws/install/arm_control_py:/home/rashmika/arm4_ws/install/arduinobot_python:/home/rashmika/turtlebot3_ws/install/turtlebot3_teleop:/home/rashmika/turtlebot3_ws/install/turtlebot3_example:/opt/ros/humble /usr/bin/cmake --build /home/rashmika/arm4_ws/src/build/arduinobot_controller -- -j8 -l8
[3.378s] DEBUG:colcon.colcon_core.event_handler.log_command:Invoking command in '/home/rashmika/arm4_ws/src/build/arduinobot_description': CMAKE_PREFIX_PATH=${CMAKE_PREFIX_PATH}:/home/rashmika/arm4_ws/src/install/arm_control_py:/home/rashmika/arm4_ws/src/install/arduinobot_python:/home/rashmika/arm4_ws/install/arm_control_py:/home/rashmika/arm4_ws/install/arduinobot_python:/home/rashmika/turtlebot3_ws/install/turtlebot3_teleop:/home/rashmika/turtlebot3_ws/install/turtlebot3_example:/opt/ros/humble /usr/bin/cmake --build /home/rashmika/arm4_ws/src/build/arduinobot_description -- -j8 -l8
[3.437s] DEBUG:colcon.colcon_core.event_handler.log_command:Invoking command in '/home/rashmika/arm4_ws/src/build/arduinobot_moveit': CMAKE_PREFIX_PATH=${CMAKE_PREFIX_PATH}:/home/rashmika/arm4_ws/src/install/arm_control_py:/home/rashmika/arm4_ws/src/install/arduinobot_python:/home/rashmika/arm4_ws/install/arm_control_py:/home/rashmika/arm4_ws/install/arduinobot_python:/home/rashmika/turtlebot3_ws/install/turtlebot3_teleop:/home/rashmika/turtlebot3_ws/install/turtlebot3_example:/opt/ros/humble /usr/bin/cmake --build /home/rashmika/arm4_ws/src/build/arduinobot_moveit -- -j8 -l8
[3.506s] DEBUG:colcon.colcon_core.event_handler.log_command:Invoking command in '/home/rashmika/arm4_ws/src/build/arduinobot_msgs': CMAKE_PREFIX_PATH=${CMAKE_PREFIX_PATH}:/home/rashmika/arm4_ws/src/install/arm_control_py:/home/rashmika/arm4_ws/src/install/arduinobot_python:/home/rashmika/arm4_ws/install/arm_control_py:/home/rashmika/arm4_ws/install/arduinobot_python:/home/rashmika/turtlebot3_ws/install/turtlebot3_teleop:/home/rashmika/turtlebot3_ws/install/turtlebot3_example:/opt/ros/humble /usr/bin/cmake --build /home/rashmika/arm4_ws/src/build/arduinobot_msgs -- -j8 -l8
[4.121s] INFO:colcon.colcon_core.task.python.build:Building Python package in '/home/rashmika/arm4_ws/src/arduinobot_python'
[4.121s] INFO:colcon.colcon_core.shell:Skip shell extension 'powershell' for command environment: Not usable outside of PowerShell
[4.121s] DEBUG:colcon.colcon_core.shell:Skip shell extension 'dsv' for command environment
[4.135s] DEBUG:colcon.colcon_core.event_handler.log_command:Invoked command in '/home/rashmika/arm4_ws/src/build/arduinobot_bringup' returned '0': CMAKE_PREFIX_PATH=${CMAKE_PREFIX_PATH}:/home/rashmika/arm4_ws/src/install/arm_control_py:/home/rashmika/arm4_ws/src/install/arduinobot_python:/home/rashmika/arm4_ws/install/arm_control_py:/home/rashmika/arm4_ws/install/arduinobot_python:/home/rashmika/turtlebot3_ws/install/turtlebot3_teleop:/home/rashmika/turtlebot3_ws/install/turtlebot3_example:/opt/ros/humble /usr/bin/cmake --build /home/rashmika/arm4_ws/src/build/arduinobot_bringup -- -j8 -l8
[4.320s] DEBUG:colcon.colcon_core.event_handler.log_command:Invoking command in '/home/rashmika/arm4_ws/src/build/arduinobot_bringup': CMAKE_PREFIX_PATH=${CMAKE_PREFIX_PATH}:/home/rashmika/arm4_ws/src/install/arm_control_py:/home/rashmika/arm4_ws/src/install/arduinobot_python:/home/rashmika/arm4_ws/install/arm_control_py:/home/rashmika/arm4_ws/install/arduinobot_python:/home/rashmika/turtlebot3_ws/install/turtlebot3_teleop:/home/rashmika/turtlebot3_ws/install/turtlebot3_example:/opt/ros/humble /usr/bin/cmake --install /home/rashmika/arm4_ws/src/build/arduinobot_bringup
[4.321s] DEBUG:colcon.colcon_core.event_handler.log_command:Invoked command in '/home/rashmika/arm4_ws/src/build/arduinobot_description' returned '0': CMAKE_PREFIX_PATH=${CMAKE_PREFIX_PATH}:/home/rashmika/arm4_ws/src/install/arm_control_py:/home/rashmika/arm4_ws/src/install/arduinobot_python:/home/rashmika/arm4_ws/install/arm_control_py:/home/rashmika/arm4_ws/install/arduinobot_python:/home/rashmika/turtlebot3_ws/install/turtlebot3_teleop:/home/rashmika/turtlebot3_ws/install/turtlebot3_example:/opt/ros/humble /usr/bin/cmake --build /home/rashmika/arm4_ws/src/build/arduinobot_description -- -j8 -l8
[4.455s] DEBUG:colcon.colcon_core.event_handler.log_command:Invoking command in '/home/rashmika/arm4_ws/src/build/arduinobot_description': CMAKE_PREFIX_PATH=${CMAKE_PREFIX_PATH}:/home/rashmika/arm4_ws/src/install/arm_control_py:/home/rashmika/arm4_ws/src/install/arduinobot_python:/home/rashmika/arm4_ws/install/arm_control_py:/home/rashmika/arm4_ws/install/arduinobot_python:/home/rashmika/turtlebot3_ws/install/turtlebot3_teleop:/home/rashmika/turtlebot3_ws/install/turtlebot3_example:/opt/ros/humble /usr/bin/cmake --install /home/rashmika/arm4_ws/src/build/arduinobot_description
[4.456s] DEBUG:colcon.colcon_core.event_handler.log_command:Invoked command in '/home/rashmika/arm4_ws/src/build/arduinobot_moveit' returned '0': CMAKE_PREFIX_PATH=${CMAKE_PREFIX_PATH}:/home/rashmika/arm4_ws/src/install/arm_control_py:/home/rashmika/arm4_ws/src/install/arduinobot_python:/home/rashmika/arm4_ws/install/arm_control_py:/home/rashmika/arm4_ws/install/arduinobot_python:/home/rashmika/turtlebot3_ws/install/turtlebot3_teleop:/home/rashmika/turtlebot3_ws/install/turtlebot3_example:/opt/ros/humble /usr/bin/cmake --build /home/rashmika/arm4_ws/src/build/arduinobot_moveit -- -j8 -l8
[4.603s] DEBUG:colcon.colcon_core.event_handler.log_command:Invoking command in '/home/rashmika/arm4_ws/src/build/arduinobot_moveit': CMAKE_PREFIX_PATH=${CMAKE_PREFIX_PATH}:/home/rashmika/arm4_ws/src/install/arm_control_py:/home/rashmika/arm4_ws/src/install/arduinobot_python:/home/rashmika/arm4_ws/install/arm_control_py:/home/rashmika/arm4_ws/install/arduinobot_python:/home/rashmika/turtlebot3_ws/install/turtlebot3_teleop:/home/rashmika/turtlebot3_ws/install/turtlebot3_example:/opt/ros/humble /usr/bin/cmake --install /home/rashmika/arm4_ws/src/build/arduinobot_moveit
[4.960s] INFO:colcon.colcon_core.task.python.build:Building Python package in '/home/rashmika/arm4_ws/src/arm_control_py'
[4.960s] INFO:colcon.colcon_core.shell:Skip shell extension 'powershell' for command environment: Not usable outside of PowerShell
[4.961s] DEBUG:colcon.colcon_core.shell:Skip shell extension 'dsv' for command environment
[5.212s] Level 1:colcon.colcon_core.environment:create_environment_scripts_only(arduinobot_bringup)
[5.213s] DEBUG:colcon.colcon_core.event_handler.log_command:Invoked command in '/home/rashmika/arm4_ws/src/build/arduinobot_bringup' returned '0': CMAKE_PREFIX_PATH=${CMAKE_PREFIX_PATH}:/home/rashmika/arm4_ws/src/install/arm_control_py:/home/rashmika/arm4_ws/src/install/arduinobot_python:/home/rashmika/arm4_ws/install/arm_control_py:/home/rashmika/arm4_ws/install/arduinobot_python:/home/rashmika/turtlebot3_ws/install/turtlebot3_teleop:/home/rashmika/turtlebot3_ws/install/turtlebot3_example:/opt/ros/humble /usr/bin/cmake --install /home/rashmika/arm4_ws/src/build/arduinobot_bringup
[5.310s] Level 1:colcon.colcon_core.environment:checking '/home/rashmika/arm4_ws/src/install/arduinobot_bringup' for CMake module files
[5.311s] Level 1:colcon.colcon_core.environment:checking '/home/rashmika/arm4_ws/src/install/arduinobot_bringup' for CMake config files
[5.311s] Level 1:colcon.colcon_core.shell:create_environment_hook('arduinobot_bringup', 'cmake_prefix_path')
[5.311s] INFO:colcon.colcon_core.shell:Creating environment hook '/home/rashmika/arm4_ws/src/install/arduinobot_bringup/share/arduinobot_bringup/hook/cmake_prefix_path.ps1'
[5.318s] INFO:colcon.colcon_core.shell:Creating environment descriptor '/home/rashmika/arm4_ws/src/install/arduinobot_bringup/share/arduinobot_bringup/hook/cmake_prefix_path.dsv'
[5.323s] INFO:colcon.colcon_core.shell:Creating environment hook '/home/rashmika/arm4_ws/src/install/arduinobot_bringup/share/arduinobot_bringup/hook/cmake_prefix_path.sh'
[5.324s] Level 1:colcon.colcon_core.environment:checking '/home/rashmika/arm4_ws/src/install/arduinobot_bringup/bin'
[5.324s] Level 1:colcon.colcon_core.environment:checking '/home/rashmika/arm4_ws/src/install/arduinobot_bringup/lib/pkgconfig/arduinobot_bringup.pc'
[5.325s] Level 1:colcon.colcon_core.environment:checking '/home/rashmika/arm4_ws/src/install/arduinobot_bringup/lib/python3.10/site-packages'
[5.325s] Level 1:colcon.colcon_core.environment:checking '/home/rashmika/arm4_ws/src/install/arduinobot_bringup/bin'
[5.334s] INFO:colcon.colcon_core.shell:Creating package script '/home/rashmika/arm4_ws/src/install/arduinobot_bringup/share/arduinobot_bringup/package.ps1'
[5.336s] INFO:colcon.colcon_core.shell:Creating package descriptor '/home/rashmika/arm4_ws/src/install/arduinobot_bringup/share/arduinobot_bringup/package.dsv'
[5.370s] INFO:colcon.colcon_core.shell:Creating package script '/home/rashmika/arm4_ws/src/install/arduinobot_bringup/share/arduinobot_bringup/package.sh'
[5.371s] INFO:colcon.colcon_core.shell:Creating package script '/home/rashmika/arm4_ws/src/install/arduinobot_bringup/share/arduinobot_bringup/package.bash'
[5.373s] INFO:colcon.colcon_core.shell:Creating package script '/home/rashmika/arm4_ws/src/install/arduinobot_bringup/share/arduinobot_bringup/package.zsh'
[5.377s] Level 1:colcon.colcon_core.environment:create_file_with_runtime_dependencies(/home/rashmika/arm4_ws/src/install/arduinobot_bringup/share/colcon-core/packages/arduinobot_bringup)
[5.378s] Level 1:colcon.colcon_core.environment:create_environment_scripts_only(arduinobot_bringup)
[5.378s] Level 1:colcon.colcon_core.environment:checking '/home/rashmika/arm4_ws/src/install/arduinobot_bringup' for CMake module files
[5.382s] Level 1:colcon.colcon_core.environment:checking '/home/rashmika/arm4_ws/src/install/arduinobot_bringup' for CMake config files
[5.383s] Level 1:colcon.colcon_core.shell:create_environment_hook('arduinobot_bringup', 'cmake_prefix_path')
[5.383s] INFO:colcon.colcon_core.shell:Creating environment hook '/home/rashmika/arm4_ws/src/install/arduinobot_bringup/share/arduinobot_bringup/hook/cmake_prefix_path.ps1'
[5.384s] INFO:colcon.colcon_core.shell:Creating environment descriptor '/home/rashmika/arm4_ws/src/install/arduinobot_bringup/share/arduinobot_bringup/hook/cmake_prefix_path.dsv'
[5.388s] INFO:colcon.colcon_core.shell:Creating environment hook '/home/rashmika/arm4_ws/src/install/arduinobot_bringup/share/arduinobot_bringup/hook/cmake_prefix_path.sh'
[5.389s] Level 1:colcon.colcon_core.environment:checking '/home/rashmika/arm4_ws/src/install/arduinobot_bringup/bin'
[5.389s] Level 1:colcon.colcon_core.environment:checking '/home/rashmika/arm4_ws/src/install/arduinobot_bringup/lib/pkgconfig/arduinobot_bringup.pc'
[5.390s] Level 1:colcon.colcon_core.environment:checking '/home/rashmika/arm4_ws/src/install/arduinobot_bringup/lib/python3.10/site-packages'
[5.391s] Level 1:colcon.colcon_core.environment:checking '/home/rashmika/arm4_ws/src/install/arduinobot_bringup/bin'
[5.391s] INFO:colcon.colcon_core.shell:Creating package script '/home/rashmika/arm4_ws/src/install/arduinobot_bringup/share/arduinobot_bringup/package.ps1'
[5.399s] INFO:colcon.colcon_core.shell:Creating package descriptor '/home/rashmika/arm4_ws/src/install/arduinobot_bringup/share/arduinobot_bringup/package.dsv'
[5.400s] INFO:colcon.colcon_core.shell:Creating package script '/home/rashmika/arm4_ws/src/install/arduinobot_bringup/share/arduinobot_bringup/package.sh'
[5.401s] INFO:colcon.colcon_core.shell:Creating package script '/home/rashmika/arm4_ws/src/install/arduinobot_bringup/share/arduinobot_bringup/package.bash'
[5.402s] INFO:colcon.colcon_core.shell:Creating package script '/home/rashmika/arm4_ws/src/install/arduinobot_bringup/share/arduinobot_bringup/package.zsh'
[5.403s] Level 1:colcon.colcon_core.environment:create_file_with_runtime_dependencies(/home/rashmika/arm4_ws/src/install/arduinobot_bringup/share/colcon-core/packages/arduinobot_bringup)
[5.406s] Level 1:colcon.colcon_core.environment:create_environment_scripts_only(arduinobot_moveit)
[5.407s] Level 1:colcon.colcon_core.environment:checking '/home/rashmika/arm4_ws/src/install/arduinobot_moveit' for CMake module files
[5.409s] DEBUG:colcon.colcon_core.event_handler.log_command:Invoked command in '/home/rashmika/arm4_ws/src/build/arduinobot_moveit' returned '0': CMAKE_PREFIX_PATH=${CMAKE_PREFIX_PATH}:/home/rashmika/arm4_ws/src/install/arm_control_py:/home/rashmika/arm4_ws/src/install/arduinobot_python:/home/rashmika/arm4_ws/install/arm_control_py:/home/rashmika/arm4_ws/install/arduinobot_python:/home/rashmika/turtlebot3_ws/install/turtlebot3_teleop:/home/rashmika/turtlebot3_ws/install/turtlebot3_example:/opt/ros/humble /usr/bin/cmake --install /home/rashmika/arm4_ws/src/build/arduinobot_moveit
[5.409s] Level 1:colcon.colcon_core.environment:checking '/home/rashmika/arm4_ws/src/install/arduinobot_moveit' for CMake config files
[5.410s] Level 1:colcon.colcon_core.shell:create_environment_hook('arduinobot_moveit', 'cmake_prefix_path')
[5.410s] INFO:colcon.colcon_core.shell:Creating environment hook '/home/rashmika/arm4_ws/src/install/arduinobot_moveit/share/arduinobot_moveit/hook/cmake_prefix_path.ps1'
[5.411s] INFO:colcon.colcon_core.shell:Creating environment descriptor '/home/rashmika/arm4_ws/src/install/arduinobot_moveit/share/arduinobot_moveit/hook/cmake_prefix_path.dsv'
[5.412s] INFO:colcon.colcon_core.shell:Creating environment hook '/home/rashmika/arm4_ws/src/install/arduinobot_moveit/share/arduinobot_moveit/hook/cmake_prefix_path.sh'
[5.412s] Level 1:colcon.colcon_core.environment:checking '/home/rashmika/arm4_ws/src/install/arduinobot_moveit/bin'
[5.413s] Level 1:colcon.colcon_core.environment:checking '/home/rashmika/arm4_ws/src/install/arduinobot_moveit/lib/pkgconfig/arduinobot_moveit.pc'
[5.413s] Level 1:colcon.colcon_core.environment:checking '/home/rashmika/arm4_ws/src/install/arduinobot_moveit/lib/python3.10/site-packages'
[5.414s] Level 1:colcon.colcon_core.environment:checking '/home/rashmika/arm4_ws/src/install/arduinobot_moveit/bin'
[5.414s] INFO:colcon.colcon_core.shell:Creating package script '/home/rashmika/arm4_ws/src/install/arduinobot_moveit/share/arduinobot_moveit/package.ps1'
[5.417s] INFO:colcon.colcon_core.shell:Creating package descriptor '/home/rashmika/arm4_ws/src/install/arduinobot_moveit/share/arduinobot_moveit/package.dsv'
[5.421s] INFO:colcon.colcon_core.shell:Creating package script '/home/rashmika/arm4_ws/src/install/arduinobot_moveit/share/arduinobot_moveit/package.sh'
[5.422s] INFO:colcon.colcon_core.shell:Creating package script '/home/rashmika/arm4_ws/src/install/arduinobot_moveit/share/arduinobot_moveit/package.bash'
[5.422s] INFO:colcon.colcon_core.shell:Creating package script '/home/rashmika/arm4_ws/src/install/arduinobot_moveit/share/arduinobot_moveit/package.zsh'
[5.423s] Level 1:colcon.colcon_core.environment:create_file_with_runtime_dependencies(/home/rashmika/arm4_ws/src/install/arduinobot_moveit/share/colcon-core/packages/arduinobot_moveit)
[5.426s] Level 1:colcon.colcon_core.environment:create_environment_scripts_only(arduinobot_moveit)
[5.427s] Level 1:colcon.colcon_core.environment:checking '/home/rashmika/arm4_ws/src/install/arduinobot_moveit' for CMake module files
[5.428s] Level 1:colcon.colcon_core.environment:checking '/home/rashmika/arm4_ws/src/install/arduinobot_moveit' for CMake config files
[5.428s] Level 1:colcon.colcon_core.shell:create_environment_hook('arduinobot_moveit', 'cmake_prefix_path')
[5.429s] INFO:colcon.colcon_core.shell:Creating environment hook '/home/rashmika/arm4_ws/src/install/arduinobot_moveit/share/arduinobot_moveit/hook/cmake_prefix_path.ps1'
[5.443s] INFO:colcon.colcon_core.shell:Creating environment descriptor '/home/rashmika/arm4_ws/src/install/arduinobot_moveit/share/arduinobot_moveit/hook/cmake_prefix_path.dsv'
[5.449s] INFO:colcon.colcon_core.shell:Creating environment hook '/home/rashmika/arm4_ws/src/install/arduinobot_moveit/share/arduinobot_moveit/hook/cmake_prefix_path.sh'
[5.457s] Level 1:colcon.colcon_core.environment:checking '/home/rashmika/arm4_ws/src/install/arduinobot_moveit/bin'
[5.457s] Level 1:colcon.colcon_core.environment:checking '/home/rashmika/arm4_ws/src/install/arduinobot_moveit/lib/pkgconfig/arduinobot_moveit.pc'
[5.457s] Level 1:colcon.colcon_core.environment:checking '/home/rashmika/arm4_ws/src/install/arduinobot_moveit/lib/python3.10/site-packages'
[5.458s] Level 1:colcon.colcon_core.environment:checking '/home/rashmika/arm4_ws/src/install/arduinobot_moveit/bin'
[5.459s] INFO:colcon.colcon_core.shell:Creating package script '/home/rashmika/arm4_ws/src/install/arduinobot_moveit/share/arduinobot_moveit/package.ps1'
[5.469s] INFO:colcon.colcon_core.shell:Creating package descriptor '/home/rashmika/arm4_ws/src/install/arduinobot_moveit/share/arduinobot_moveit/package.dsv'
[5.473s] INFO:colcon.colcon_core.shell:Creating package script '/home/rashmika/arm4_ws/src/install/arduinobot_moveit/share/arduinobot_moveit/package.sh'
[5.484s] INFO:colcon.colcon_core.shell:Creating package script '/home/rashmika/arm4_ws/src/install/arduinobot_moveit/share/arduinobot_moveit/package.bash'
[5.530s] INFO:colcon.colcon_core.shell:Creating package script '/home/rashmika/arm4_ws/src/install/arduinobot_moveit/share/arduinobot_moveit/package.zsh'
[5.696s] Level 1:colcon.colcon_core.environment:create_file_with_runtime_dependencies(/home/rashmika/arm4_ws/src/install/arduinobot_moveit/share/colcon-core/packages/arduinobot_moveit)
[5.739s] Level 1:colcon.colcon_core.environment:create_environment_scripts_only(arduinobot_description)
[5.740s] Level 1:colcon.colcon_core.environment:checking '/home/rashmika/arm4_ws/src/install/arduinobot_description' for CMake module files
[5.745s] Level 1:colcon.colcon_core.environment:checking '/home/rashmika/arm4_ws/src/install/arduinobot_description' for CMake config files
[5.745s] Level 1:colcon.colcon_core.shell:create_environment_hook('arduinobot_description', 'cmake_prefix_path')
[5.746s] INFO:colcon.colcon_core.shell:Creating environment hook '/home/rashmika/arm4_ws/src/install/arduinobot_description/share/arduinobot_description/hook/cmake_prefix_path.ps1'
[5.747s] DEBUG:colcon.colcon_core.event_handler.log_command:Invoked command in '/home/rashmika/arm4_ws/src/build/arduinobot_description' returned '0': CMAKE_PREFIX_PATH=${CMAKE_PREFIX_PATH}:/home/rashmika/arm4_ws/src/install/arm_control_py:/home/rashmika/arm4_ws/src/install/arduinobot_python:/home/rashmika/arm4_ws/install/arm_control_py:/home/rashmika/arm4_ws/install/arduinobot_python:/home/rashmika/turtlebot3_ws/install/turtlebot3_teleop:/home/rashmika/turtlebot3_ws/install/turtlebot3_example:/opt/ros/humble /usr/bin/cmake --install /home/rashmika/arm4_ws/src/build/arduinobot_description
[5.774s] INFO:colcon.colcon_core.shell:Creating environment descriptor '/home/rashmika/arm4_ws/src/install/arduinobot_description/share/arduinobot_description/hook/cmake_prefix_path.dsv'
[5.781s] INFO:colcon.colcon_core.shell:Creating environment hook '/home/rashmika/arm4_ws/src/install/arduinobot_description/share/arduinobot_description/hook/cmake_prefix_path.sh'
[5.789s] Level 1:colcon.colcon_core.environment:checking '/home/rashmika/arm4_ws/src/install/arduinobot_description/bin'
[5.789s] Level 1:colcon.colcon_core.environment:checking '/home/rashmika/arm4_ws/src/install/arduinobot_description/lib/pkgconfig/arduinobot_description.pc'
[5.790s] Level 1:colcon.colcon_core.environment:checking '/home/rashmika/arm4_ws/src/install/arduinobot_description/lib/python3.10/site-packages'
[5.790s] Level 1:colcon.colcon_core.environment:checking '/home/rashmika/arm4_ws/src/install/arduinobot_description/bin'
[5.791s] INFO:colcon.colcon_core.shell:Creating package script '/home/rashmika/arm4_ws/src/install/arduinobot_description/share/arduinobot_description/package.ps1'
[5.895s] INFO:colcon.colcon_core.shell:Creating package descriptor '/home/rashmika/arm4_ws/src/install/arduinobot_description/share/arduinobot_description/package.dsv'
[5.920s] INFO:colcon.colcon_core.shell:Creating package script '/home/rashmika/arm4_ws/src/install/arduinobot_description/share/arduinobot_description/package.sh'
[6.016s] INFO:colcon.colcon_core.shell:Creating package script '/home/rashmika/arm4_ws/src/install/arduinobot_description/share/arduinobot_description/package.bash'
[6.199s] INFO:colcon.colcon_core.shell:Creating package script '/home/rashmika/arm4_ws/src/install/arduinobot_description/share/arduinobot_description/package.zsh'
[6.345s] Level 1:colcon.colcon_core.environment:create_file_with_runtime_dependencies(/home/rashmika/arm4_ws/src/install/arduinobot_description/share/colcon-core/packages/arduinobot_description)
[6.569s] Level 1:colcon.colcon_core.environment:create_environment_scripts_only(arduinobot_description)
[6.569s] Level 1:colcon.colcon_core.environment:checking '/home/rashmika/arm4_ws/src/install/arduinobot_description' for CMake module files
[6.570s] Level 1:colcon.colcon_core.environment:checking '/home/rashmika/arm4_ws/src/install/arduinobot_description' for CMake config files
[6.570s] Level 1:colcon.colcon_core.shell:create_environment_hook('arduinobot_description', 'cmake_prefix_path')
[6.570s] INFO:colcon.colcon_core.shell:Creating environment hook '/home/rashmika/arm4_ws/src/install/arduinobot_description/share/arduinobot_description/hook/cmake_prefix_path.ps1'
[6.571s] INFO:colcon.colcon_core.shell:Creating environment descriptor '/home/rashmika/arm4_ws/src/install/arduinobot_description/share/arduinobot_description/hook/cmake_prefix_path.dsv'
[6.571s] INFO:colcon.colcon_core.shell:Creating environment hook '/home/rashmika/arm4_ws/src/install/arduinobot_description/share/arduinobot_description/hook/cmake_prefix_path.sh'
[6.571s] Level 1:colcon.colcon_core.environment:checking '/home/rashmika/arm4_ws/src/install/arduinobot_description/bin'
[6.571s] Level 1:colcon.colcon_core.environment:checking '/home/rashmika/arm4_ws/src/install/arduinobot_description/lib/pkgconfig/arduinobot_description.pc'
[6.572s] Level 1:colcon.colcon_core.environment:checking '/home/rashmika/arm4_ws/src/install/arduinobot_description/lib/python3.10/site-packages'
[6.572s] Level 1:colcon.colcon_core.environment:checking '/home/rashmika/arm4_ws/src/install/arduinobot_description/bin'
[6.572s] INFO:colcon.colcon_core.shell:Creating package script '/home/rashmika/arm4_ws/src/install/arduinobot_description/share/arduinobot_description/package.ps1'
[6.573s] INFO:colcon.colcon_core.shell:Creating package descriptor '/home/rashmika/arm4_ws/src/install/arduinobot_description/share/arduinobot_description/package.dsv'
[6.573s] INFO:colcon.colcon_core.shell:Creating package script '/home/rashmika/arm4_ws/src/install/arduinobot_description/share/arduinobot_description/package.sh'
[6.573s] INFO:colcon.colcon_core.shell:Creating package script '/home/rashmika/arm4_ws/src/install/arduinobot_description/share/arduinobot_description/package.bash'
[6.574s] INFO:colcon.colcon_core.shell:Creating package script '/home/rashmika/arm4_ws/src/install/arduinobot_description/share/arduinobot_description/package.zsh'
[6.574s] Level 1:colcon.colcon_core.environment:create_file_with_runtime_dependencies(/home/rashmika/arm4_ws/src/install/arduinobot_description/share/colcon-core/packages/arduinobot_description)
[9.141s] DEBUG:colcon.colcon_core.event_handler.log_command:Invoking command in '/home/rashmika/arm4_ws/src/arduinobot_python': PYTHONPATH=/home/rashmika/arm4_ws/src/build/arduinobot_python/prefix_override:/usr/lib/python3/dist-packages/colcon_core/task/python/colcon_distutils_commands:/home/rashmika/arm4_ws/src/install/arduinobot_python/lib/python3.10/site-packages:${PYTHONPATH} /usr/bin/python3 -W ignore:setup.py install is deprecated -W ignore:easy_install command is deprecated setup.py egg_info --egg-base ../build/arduinobot_python build --build-base /home/rashmika/arm4_ws/src/build/arduinobot_python/build install --record /home/rashmika/arm4_ws/src/build/arduinobot_python/install.log --single-version-externally-managed install_data
[9.149s] DEBUG:colcon.colcon_core.event_handler.log_command:Invoking command in '/home/rashmika/arm4_ws/src/arm_control_py': PYTHONPATH=/home/rashmika/arm4_ws/src/build/arm_control_py/prefix_override:/usr/lib/python3/dist-packages/colcon_core/task/python/colcon_distutils_commands:/home/rashmika/arm4_ws/src/install/arm_control_py/lib/python3.10/site-packages:${PYTHONPATH} /usr/bin/python3 -W ignore:setup.py install is deprecated -W ignore:easy_install command is deprecated setup.py egg_info --egg-base ../build/arm_control_py build --build-base /home/rashmika/arm4_ws/src/build/arm_control_py/build install --record /home/rashmika/arm4_ws/src/build/arm_control_py/install.log --single-version-externally-managed install_data
[10.488s] Level 1:colcon.colcon_core.environment:checking '/home/rashmika/arm4_ws/src/install/arduinobot_python' for CMake module files
[10.489s] DEBUG:colcon.colcon_core.event_handler.log_command:Invoked command in '/home/rashmika/arm4_ws/src/arduinobot_python' returned '0': PYTHONPATH=/home/rashmika/arm4_ws/src/build/arduinobot_python/prefix_override:/usr/lib/python3/dist-packages/colcon_core/task/python/colcon_distutils_commands:/home/rashmika/arm4_ws/src/install/arduinobot_python/lib/python3.10/site-packages:${PYTHONPATH} /usr/bin/python3 -W ignore:setup.py install is deprecated -W ignore:easy_install command is deprecated setup.py egg_info --egg-base ../build/arduinobot_python build --build-base /home/rashmika/arm4_ws/src/build/arduinobot_python/build install --record /home/rashmika/arm4_ws/src/build/arduinobot_python/install.log --single-version-externally-managed install_data
[10.489s] Level 1:colcon.colcon_core.environment:checking '/home/rashmika/arm4_ws/src/install/arduinobot_python' for CMake config files
[10.490s] Level 1:colcon.colcon_core.environment:checking '/home/rashmika/arm4_ws/src/install/arduinobot_python/lib'
[10.490s] Level 1:colcon.colcon_core.environment:checking '/home/rashmika/arm4_ws/src/install/arduinobot_python/bin'
[10.490s] Level 1:colcon.colcon_core.environment:checking '/home/rashmika/arm4_ws/src/install/arduinobot_python/lib/pkgconfig/arduinobot_python.pc'
[10.490s] Level 1:colcon.colcon_core.environment:checking '/home/rashmika/arm4_ws/src/install/arduinobot_python/lib/python3.10/site-packages'
[10.490s] Level 1:colcon.colcon_core.shell:create_environment_hook('arduinobot_python', 'pythonpath')
[10.490s] INFO:colcon.colcon_core.shell:Creating environment hook '/home/rashmika/arm4_ws/src/install/arduinobot_python/share/arduinobot_python/hook/pythonpath.ps1'
[10.570s] INFO:colcon.colcon_core.shell:Creating environment descriptor '/home/rashmika/arm4_ws/src/install/arduinobot_python/share/arduinobot_python/hook/pythonpath.dsv'
[10.641s] INFO:colcon.colcon_core.shell:Creating environment hook '/home/rashmika/arm4_ws/src/install/arduinobot_python/share/arduinobot_python/hook/pythonpath.sh'
[10.722s] Level 1:colcon.colcon_core.environment:checking '/home/rashmika/arm4_ws/src/install/arduinobot_python/bin'
[10.723s] Level 1:colcon.colcon_core.environment:create_environment_scripts_only(arduinobot_python)
[10.723s] INFO:colcon.colcon_core.shell:Creating package script '/home/rashmika/arm4_ws/src/install/arduinobot_python/share/arduinobot_python/package.ps1'
[10.728s] INFO:colcon.colcon_core.shell:Creating package descriptor '/home/rashmika/arm4_ws/src/install/arduinobot_python/share/arduinobot_python/package.dsv'
[10.839s] INFO:colcon.colcon_core.shell:Creating package script '/home/rashmika/arm4_ws/src/install/arduinobot_python/share/arduinobot_python/package.sh'
[10.867s] INFO:colcon.colcon_core.shell:Creating package script '/home/rashmika/arm4_ws/src/install/arduinobot_python/share/arduinobot_python/package.bash'
[10.898s] INFO:colcon.colcon_core.shell:Creating package script '/home/rashmika/arm4_ws/src/install/arduinobot_python/share/arduinobot_python/package.zsh'
[10.952s] Level 1:colcon.colcon_core.environment:create_file_with_runtime_dependencies(/home/rashmika/arm4_ws/src/install/arduinobot_python/share/colcon-core/packages/arduinobot_python)
[10.953s] Level 1:colcon.colcon_core.environment:checking '/home/rashmika/arm4_ws/src/install/arm_control_py' for CMake module files
[10.954s] Level 1:colcon.colcon_core.environment:checking '/home/rashmika/arm4_ws/src/install/arm_control_py' for CMake config files
[10.954s] Level 1:colcon.colcon_core.environment:checking '/home/rashmika/arm4_ws/src/install/arm_control_py/lib'
[10.954s] Level 1:colcon.colcon_core.environment:checking '/home/rashmika/arm4_ws/src/install/arm_control_py/bin'
[10.954s] Level 1:colcon.colcon_core.environment:checking '/home/rashmika/arm4_ws/src/install/arm_control_py/lib/pkgconfig/arm_control_py.pc'
[10.955s] Level 1:colcon.colcon_core.environment:checking '/home/rashmika/arm4_ws/src/install/arm_control_py/lib/python3.10/site-packages'
[10.955s] Level 1:colcon.colcon_core.shell:create_environment_hook('arm_control_py', 'pythonpath')
[10.955s] INFO:colcon.colcon_core.shell:Creating environment hook '/home/rashmika/arm4_ws/src/install/arm_control_py/share/arm_control_py/hook/pythonpath.ps1'
[11.063s] DEBUG:colcon.colcon_core.event_handler.log_command:Invoked command in '/home/rashmika/arm4_ws/src/arm_control_py' returned '0': PYTHONPATH=/home/rashmika/arm4_ws/src/build/arm_control_py/prefix_override:/usr/lib/python3/dist-packages/colcon_core/task/python/colcon_distutils_commands:/home/rashmika/arm4_ws/src/install/arm_control_py/lib/python3.10/site-packages:${PYTHONPATH} /usr/bin/python3 -W ignore:setup.py install is deprecated -W ignore:easy_install command is deprecated setup.py egg_info --egg-base ../build/arm_control_py build --build-base /home/rashmika/arm4_ws/src/build/arm_control_py/build install --record /home/rashmika/arm4_ws/src/build/arm_control_py/install.log --single-version-externally-managed install_data
[11.063s] INFO:colcon.colcon_core.shell:Creating environment descriptor '/home/rashmika/arm4_ws/src/install/arm_control_py/share/arm_control_py/hook/pythonpath.dsv'
[11.169s] INFO:colcon.colcon_core.shell:Creating environment hook '/home/rashmika/arm4_ws/src/install/arm_control_py/share/arm_control_py/hook/pythonpath.sh'
[11.299s] Level 1:colcon.colcon_core.environment:checking '/home/rashmika/arm4_ws/src/install/arm_control_py/bin'
[11.299s] Level 1:colcon.colcon_core.environment:create_environment_scripts_only(arm_control_py)
[11.299s] INFO:colcon.colcon_core.shell:Creating package script '/home/rashmika/arm4_ws/src/install/arm_control_py/share/arm_control_py/package.ps1'
[11.394s] INFO:colcon.colcon_core.shell:Creating package descriptor '/home/rashmika/arm4_ws/src/install/arm_control_py/share/arm_control_py/package.dsv'
[11.516s] INFO:colcon.colcon_core.shell:Creating package script '/home/rashmika/arm4_ws/src/install/arm_control_py/share/arm_control_py/package.sh'
[11.607s] INFO:colcon.colcon_core.shell:Creating package script '/home/rashmika/arm4_ws/src/install/arm_control_py/share/arm_control_py/package.bash'
[11.698s] INFO:colcon.colcon_core.shell:Creating package script '/home/rashmika/arm4_ws/src/install/arm_control_py/share/arm_control_py/package.zsh'
[11.840s] Level 1:colcon.colcon_core.environment:create_file_with_runtime_dependencies(/home/rashmika/arm4_ws/src/install/arm_control_py/share/colcon-core/packages/arm_control_py)
[13.549s] DEBUG:colcon.colcon_core.event_handler.log_command:Invoked command in '/home/rashmika/arm4_ws/src/build/arduinobot_msgs' returned '0': CMAKE_PREFIX_PATH=${CMAKE_PREFIX_PATH}:/home/rashmika/arm4_ws/src/install/arm_control_py:/home/rashmika/arm4_ws/src/install/arduinobot_python:/home/rashmika/arm4_ws/install/arm_control_py:/home/rashmika/arm4_ws/install/arduinobot_python:/home/rashmika/turtlebot3_ws/install/turtlebot3_teleop:/home/rashmika/turtlebot3_ws/install/turtlebot3_example:/opt/ros/humble /usr/bin/cmake --build /home/rashmika/arm4_ws/src/build/arduinobot_msgs -- -j8 -l8
[13.603s] DEBUG:colcon.colcon_core.event_handler.log_command:Invoking command in '/home/rashmika/arm4_ws/src/build/arduinobot_msgs': CMAKE_PREFIX_PATH=${CMAKE_PREFIX_PATH}:/home/rashmika/arm4_ws/src/install/arm_control_py:/home/rashmika/arm4_ws/src/install/arduinobot_python:/home/rashmika/arm4_ws/install/arm_control_py:/home/rashmika/arm4_ws/install/arduinobot_python:/home/rashmika/turtlebot3_ws/install/turtlebot3_teleop:/home/rashmika/turtlebot3_ws/install/turtlebot3_example:/opt/ros/humble /usr/bin/cmake --install /home/rashmika/arm4_ws/src/build/arduinobot_msgs
[14.774s] Level 1:colcon.colcon_core.environment:create_environment_scripts_only(arduinobot_msgs)
[14.774s] Level 1:colcon.colcon_core.environment:checking '/home/rashmika/arm4_ws/src/install/arduinobot_msgs' for CMake module files
[14.775s] DEBUG:colcon.colcon_core.event_handler.log_command:Invoked command in '/home/rashmika/arm4_ws/src/build/arduinobot_msgs' returned '0': CMAKE_PREFIX_PATH=${CMAKE_PREFIX_PATH}:/home/rashmika/arm4_ws/src/install/arm_control_py:/home/rashmika/arm4_ws/src/install/arduinobot_python:/home/rashmika/arm4_ws/install/arm_control_py:/home/rashmika/arm4_ws/install/arduinobot_python:/home/rashmika/turtlebot3_ws/install/turtlebot3_teleop:/home/rashmika/turtlebot3_ws/install/turtlebot3_example:/opt/ros/humble /usr/bin/cmake --install /home/rashmika/arm4_ws/src/build/arduinobot_msgs
[14.775s] Level 1:colcon.colcon_core.environment:checking '/home/rashmika/arm4_ws/src/install/arduinobot_msgs' for CMake config files
[14.776s] Level 1:colcon.colcon_core.shell:create_environment_hook('arduinobot_msgs', 'cmake_prefix_path')
[14.776s] INFO:colcon.colcon_core.shell:Creating environment hook '/home/rashmika/arm4_ws/src/install/arduinobot_msgs/share/arduinobot_msgs/hook/cmake_prefix_path.ps1'
[14.776s] INFO:colcon.colcon_core.shell:Creating environment descriptor '/home/rashmika/arm4_ws/src/install/arduinobot_msgs/share/arduinobot_msgs/hook/cmake_prefix_path.dsv'
[14.782s] INFO:colcon.colcon_core.shell:Creating environment hook '/home/rashmika/arm4_ws/src/install/arduinobot_msgs/share/arduinobot_msgs/hook/cmake_prefix_path.sh'
[14.782s] Level 1:colcon.colcon_core.environment:checking '/home/rashmika/arm4_ws/src/install/arduinobot_msgs/lib'
[14.782s] Level 1:colcon.colcon_core.shell:create_environment_hook('arduinobot_msgs', 'ld_library_path_lib')
[14.783s] INFO:colcon.colcon_core.shell:Creating environment hook '/home/rashmika/arm4_ws/src/install/arduinobot_msgs/share/arduinobot_msgs/hook/ld_library_path_lib.ps1'
[14.783s] INFO:colcon.colcon_core.shell:Creating environment descriptor '/home/rashmika/arm4_ws/src/install/arduinobot_msgs/share/arduinobot_msgs/hook/ld_library_path_lib.dsv'
[14.783s] INFO:colcon.colcon_core.shell:Creating environment hook '/home/rashmika/arm4_ws/src/install/arduinobot_msgs/share/arduinobot_msgs/hook/ld_library_path_lib.sh'
[14.798s] Level 1:colcon.colcon_core.environment:checking '/home/rashmika/arm4_ws/src/install/arduinobot_msgs/bin'
[14.798s] Level 1:colcon.colcon_core.environment:checking '/home/rashmika/arm4_ws/src/install/arduinobot_msgs/lib/pkgconfig/arduinobot_msgs.pc'
[14.798s] Level 1:colcon.colcon_core.environment:checking '/home/rashmika/arm4_ws/src/install/arduinobot_msgs/lib/python3.10/site-packages'
[14.798s] Level 1:colcon.colcon_core.environment:checking '/home/rashmika/arm4_ws/src/install/arduinobot_msgs/bin'
[14.799s] INFO:colcon.colcon_core.shell:Creating package script '/home/rashmika/arm4_ws/src/install/arduinobot_msgs/share/arduinobot_msgs/package.ps1'
[14.799s] INFO:colcon.colcon_core.shell:Creating package descriptor '/home/rashmika/arm4_ws/src/install/arduinobot_msgs/share/arduinobot_msgs/package.dsv'
[14.800s] INFO:colcon.colcon_core.shell:Creating package script '/home/rashmika/arm4_ws/src/install/arduinobot_msgs/share/arduinobot_msgs/package.sh'
[14.800s] INFO:colcon.colcon_core.shell:Creating package script '/home/rashmika/arm4_ws/src/install/arduinobot_msgs/share/arduinobot_msgs/package.bash'
[14.801s] INFO:colcon.colcon_core.shell:Creating package script '/home/rashmika/arm4_ws/src/install/arduinobot_msgs/share/arduinobot_msgs/package.zsh'
[14.801s] Level 1:colcon.colcon_core.environment:create_file_with_runtime_dependencies(/home/rashmika/arm4_ws/src/install/arduinobot_msgs/share/colcon-core/packages/arduinobot_msgs)
[14.801s] Level 1:colcon.colcon_core.environment:create_environment_scripts_only(arduinobot_msgs)
[14.802s] Level 1:colcon.colcon_core.environment:checking '/home/rashmika/arm4_ws/src/install/arduinobot_msgs' for CMake module files
[14.802s] Level 1:colcon.colcon_core.environment:checking '/home/rashmika/arm4_ws/src/install/arduinobot_msgs' for CMake config files
[14.802s] Level 1:colcon.colcon_core.shell:create_environment_hook('arduinobot_msgs', 'cmake_prefix_path')
[14.803s] INFO:colcon.colcon_core.shell:Creating environment hook '/home/rashmika/arm4_ws/src/install/arduinobot_msgs/share/arduinobot_msgs/hook/cmake_prefix_path.ps1'
[14.803s] INFO:colcon.colcon_core.shell:Creating environment descriptor '/home/rashmika/arm4_ws/src/install/arduinobot_msgs/share/arduinobot_msgs/hook/cmake_prefix_path.dsv'
[14.803s] INFO:colcon.colcon_core.shell:Creating environment hook '/home/rashmika/arm4_ws/src/install/arduinobot_msgs/share/arduinobot_msgs/hook/cmake_prefix_path.sh'
[14.804s] Level 1:colcon.colcon_core.environment:checking '/home/rashmika/arm4_ws/src/install/arduinobot_msgs/lib'
[14.804s] Level 1:colcon.colcon_core.shell:create_environment_hook('arduinobot_msgs', 'ld_library_path_lib')
[14.804s] INFO:colcon.colcon_core.shell:Creating environment hook '/home/rashmika/arm4_ws/src/install/arduinobot_msgs/share/arduinobot_msgs/hook/ld_library_path_lib.ps1'
[14.805s] INFO:colcon.colcon_core.shell:Creating environment descriptor '/home/rashmika/arm4_ws/src/install/arduinobot_msgs/share/arduinobot_msgs/hook/ld_library_path_lib.dsv'
[14.805s] INFO:colcon.colcon_core.shell:Creating environment hook '/home/rashmika/arm4_ws/src/install/arduinobot_msgs/share/arduinobot_msgs/hook/ld_library_path_lib.sh'
[14.805s] Level 1:colcon.colcon_core.environment:checking '/home/rashmika/arm4_ws/src/install/arduinobot_msgs/bin'
[14.805s] Level 1:colcon.colcon_core.environment:checking '/home/rashmika/arm4_ws/src/install/arduinobot_msgs/lib/pkgconfig/arduinobot_msgs.pc'
[14.805s] Level 1:colcon.colcon_core.environment:checking '/home/rashmika/arm4_ws/src/install/arduinobot_msgs/lib/python3.10/site-packages'
[14.806s] Level 1:colcon.colcon_core.environment:checking '/home/rashmika/arm4_ws/src/install/arduinobot_msgs/bin'
[14.806s] INFO:colcon.colcon_core.shell:Creating package script '/home/rashmika/arm4_ws/src/install/arduinobot_msgs/share/arduinobot_msgs/package.ps1'
[14.807s] INFO:colcon.colcon_core.shell:Creating package descriptor '/home/rashmika/arm4_ws/src/install/arduinobot_msgs/share/arduinobot_msgs/package.dsv'
[14.807s] INFO:colcon.colcon_core.shell:Creating package script '/home/rashmika/arm4_ws/src/install/arduinobot_msgs/share/arduinobot_msgs/package.sh'
[14.807s] INFO:colcon.colcon_core.shell:Creating package script '/home/rashmika/arm4_ws/src/install/arduinobot_msgs/share/arduinobot_msgs/package.bash'
[14.808s] INFO:colcon.colcon_core.shell:Creating package script '/home/rashmika/arm4_ws/src/install/arduinobot_msgs/share/arduinobot_msgs/package.zsh'
[14.808s] Level 1:colcon.colcon_core.environment:create_file_with_runtime_dependencies(/home/rashmika/arm4_ws/src/install/arduinobot_msgs/share/colcon-core/packages/arduinobot_msgs)
[23.507s] DEBUG:colcon.colcon_core.event_handler.log_command:Invoked command in '/home/rashmika/arm4_ws/src/build/arduinobot_controller' returned '0': CMAKE_PREFIX_PATH=${CMAKE_PREFIX_PATH}:/home/rashmika/arm4_ws/src/install/arm_control_py:/home/rashmika/arm4_ws/src/install/arduinobot_python:/home/rashmika/arm4_ws/install/arm_control_py:/home/rashmika/arm4_ws/install/arduinobot_python:/home/rashmika/turtlebot3_ws/install/turtlebot3_teleop:/home/rashmika/turtlebot3_ws/install/turtlebot3_example:/opt/ros/humble /usr/bin/cmake --build /home/rashmika/arm4_ws/src/build/arduinobot_controller -- -j8 -l8
[23.548s] DEBUG:colcon.colcon_core.event_handler.log_command:Invoking command in '/home/rashmika/arm4_ws/src/build/arduinobot_controller': CMAKE_PREFIX_PATH=${CMAKE_PREFIX_PATH}:/home/rashmika/arm4_ws/src/install/arm_control_py:/home/rashmika/arm4_ws/src/install/arduinobot_python:/home/rashmika/arm4_ws/install/arm_control_py:/home/rashmika/arm4_ws/install/arduinobot_python:/home/rashmika/turtlebot3_ws/install/turtlebot3_teleop:/home/rashmika/turtlebot3_ws/install/turtlebot3_example:/opt/ros/humble /usr/bin/cmake --install /home/rashmika/arm4_ws/src/build/arduinobot_controller
[23.712s] Level 1:colcon.colcon_core.environment:create_environment_scripts_only(arduinobot_controller)
[23.712s] Level 1:colcon.colcon_core.environment:checking '/home/rashmika/arm4_ws/src/install/arduinobot_controller' for CMake module files
[23.713s] DEBUG:colcon.colcon_core.event_handler.log_command:Invoked command in '/home/rashmika/arm4_ws/src/build/arduinobot_controller' returned '0': CMAKE_PREFIX_PATH=${CMAKE_PREFIX_PATH}:/home/rashmika/arm4_ws/src/install/arm_control_py:/home/rashmika/arm4_ws/src/install/arduinobot_python:/home/rashmika/arm4_ws/install/arm_control_py:/home/rashmika/arm4_ws/install/arduinobot_python:/home/rashmika/turtlebot3_ws/install/turtlebot3_teleop:/home/rashmika/turtlebot3_ws/install/turtlebot3_example:/opt/ros/humble /usr/bin/cmake --install /home/rashmika/arm4_ws/src/build/arduinobot_controller
[23.713s] Level 1:colcon.colcon_core.environment:checking '/home/rashmika/arm4_ws/src/install/arduinobot_controller' for CMake config files
[23.713s] Level 1:colcon.colcon_core.shell:create_environment_hook('arduinobot_controller', 'cmake_prefix_path')
[23.713s] INFO:colcon.colcon_core.shell:Creating environment hook '/home/rashmika/arm4_ws/src/install/arduinobot_controller/share/arduinobot_controller/hook/cmake_prefix_path.ps1'
[23.714s] INFO:colcon.colcon_core.shell:Creating environment descriptor '/home/rashmika/arm4_ws/src/install/arduinobot_controller/share/arduinobot_controller/hook/cmake_prefix_path.dsv'
[23.714s] INFO:colcon.colcon_core.shell:Creating environment hook '/home/rashmika/arm4_ws/src/install/arduinobot_controller/share/arduinobot_controller/hook/cmake_prefix_path.sh'
[23.715s] Level 1:colcon.colcon_core.environment:checking '/home/rashmika/arm4_ws/src/install/arduinobot_controller/lib'
[23.715s] Level 1:colcon.colcon_core.shell:create_environment_hook('arduinobot_controller', 'ld_library_path_lib')
[23.715s] INFO:colcon.colcon_core.shell:Creating environment hook '/home/rashmika/arm4_ws/src/install/arduinobot_controller/share/arduinobot_controller/hook/ld_library_path_lib.ps1'
[23.715s] INFO:colcon.colcon_core.shell:Creating environment descriptor '/home/rashmika/arm4_ws/src/install/arduinobot_controller/share/arduinobot_controller/hook/ld_library_path_lib.dsv'
[23.716s] INFO:colcon.colcon_core.shell:Creating environment hook '/home/rashmika/arm4_ws/src/install/arduinobot_controller/share/arduinobot_controller/hook/ld_library_path_lib.sh'
[23.716s] Level 1:colcon.colcon_core.environment:checking '/home/rashmika/arm4_ws/src/install/arduinobot_controller/bin'
[23.716s] Level 1:colcon.colcon_core.environment:checking '/home/rashmika/arm4_ws/src/install/arduinobot_controller/lib/pkgconfig/arduinobot_controller.pc'
[23.716s] Level 1:colcon.colcon_core.environment:checking '/home/rashmika/arm4_ws/src/install/arduinobot_controller/lib/python3.10/site-packages'
[23.717s] Level 1:colcon.colcon_core.environment:checking '/home/rashmika/arm4_ws/src/install/arduinobot_controller/bin'
[23.717s] INFO:colcon.colcon_core.shell:Creating package script '/home/rashmika/arm4_ws/src/install/arduinobot_controller/share/arduinobot_controller/package.ps1'
[23.717s] INFO:colcon.colcon_core.shell:Creating package descriptor '/home/rashmika/arm4_ws/src/install/arduinobot_controller/share/arduinobot_controller/package.dsv'
[23.718s] INFO:colcon.colcon_core.shell:Creating package script '/home/rashmika/arm4_ws/src/install/arduinobot_controller/share/arduinobot_controller/package.sh'
[23.718s] INFO:colcon.colcon_core.shell:Creating package script '/home/rashmika/arm4_ws/src/install/arduinobot_controller/share/arduinobot_controller/package.bash'
[23.719s] INFO:colcon.colcon_core.shell:Creating package script '/home/rashmika/arm4_ws/src/install/arduinobot_controller/share/arduinobot_controller/package.zsh'
[23.719s] Level 1:colcon.colcon_core.environment:create_file_with_runtime_dependencies(/home/rashmika/arm4_ws/src/install/arduinobot_controller/share/colcon-core/packages/arduinobot_controller)
[23.720s] Level 1:colcon.colcon_core.environment:create_environment_scripts_only(arduinobot_controller)
[23.720s] Level 1:colcon.colcon_core.environment:checking '/home/rashmika/arm4_ws/src/install/arduinobot_controller' for CMake module files
[23.720s] Level 1:colcon.colcon_core.environment:checking '/home/rashmika/arm4_ws/src/install/arduinobot_controller' for CMake config files
[23.720s] Level 1:colcon.colcon_core.shell:create_environment_hook('arduinobot_controller', 'cmake_prefix_path')
[23.720s] INFO:colcon.colcon_core.shell:Creating environment hook '/home/rashmika/arm4_ws/src/install/arduinobot_controller/share/arduinobot_controller/hook/cmake_prefix_path.ps1'
[23.721s] INFO:colcon.colcon_core.shell:Creating environment descriptor '/home/rashmika/arm4_ws/src/install/arduinobot_controller/share/arduinobot_controller/hook/cmake_prefix_path.dsv'
[23.721s] INFO:colcon.colcon_core.shell:Creating environment hook '/home/rashmika/arm4_ws/src/install/arduinobot_controller/share/arduinobot_controller/hook/cmake_prefix_path.sh'
[23.722s] Level 1:colcon.colcon_core.environment:checking '/home/rashmika/arm4_ws/src/install/arduinobot_controller/lib'
[23.722s] Level 1:colcon.colcon_core.shell:create_environment_hook('arduinobot_controller', 'ld_library_path_lib')
[23.722s] INFO:colcon.colcon_core.shell:Creating environment hook '/home/rashmika/arm4_ws/src/install/arduinobot_controller/share/arduinobot_controller/hook/ld_library_path_lib.ps1'
[23.722s] INFO:colcon.colcon_core.shell:Creating environment descriptor '/home/rashmika/arm4_ws/src/install/arduinobot_controller/share/arduinobot_controller/hook/ld_library_path_lib.dsv'
[23.723s] INFO:colcon.colcon_core.shell:Creating environment hook '/home/rashmika/arm4_ws/src/install/arduinobot_controller/share/arduinobot_controller/hook/ld_library_path_lib.sh'
[23.723s] Level 1:colcon.colcon_core.environment:checking '/home/rashmika/arm4_ws/src/install/arduinobot_controller/bin'
[23.723s] Level 1:colcon.colcon_core.environment:checking '/home/rashmika/arm4_ws/src/install/arduinobot_controller/lib/pkgconfig/arduinobot_controller.pc'
[23.723s] Level 1:colcon.colcon_core.environment:checking '/home/rashmika/arm4_ws/src/install/arduinobot_controller/lib/python3.10/site-packages'
[23.724s] Level 1:colcon.colcon_core.environment:checking '/home/rashmika/arm4_ws/src/install/arduinobot_controller/bin'
[23.724s] INFO:colcon.colcon_core.shell:Creating package script '/home/rashmika/arm4_ws/src/install/arduinobot_controller/share/arduinobot_controller/package.ps1'
[23.724s] INFO:colcon.colcon_core.shell:Creating package descriptor '/home/rashmika/arm4_ws/src/install/arduinobot_controller/share/arduinobot_controller/package.dsv'
[23.726s] INFO:colcon.colcon_core.shell:Creating package script '/home/rashmika/arm4_ws/src/install/arduinobot_controller/share/arduinobot_controller/package.sh'
[23.726s] INFO:colcon.colcon_core.shell:Creating package script '/home/rashmika/arm4_ws/src/install/arduinobot_controller/share/arduinobot_controller/package.bash'
[23.727s] INFO:colcon.colcon_core.shell:Creating package script '/home/rashmika/arm4_ws/src/install/arduinobot_controller/share/arduinobot_controller/package.zsh'
[23.727s] Level 1:colcon.colcon_core.environment:create_file_with_runtime_dependencies(/home/rashmika/arm4_ws/src/install/arduinobot_controller/share/colcon-core/packages/arduinobot_controller)
[23.728s] DEBUG:colcon.colcon_parallel_executor.executor.parallel:closing loop
[23.728s] DEBUG:colcon.colcon_parallel_executor.executor.parallel:loop closed
[23.728s] DEBUG:colcon.colcon_parallel_executor.executor.parallel:run_until_complete finished with '0'
[23.728s] DEBUG:colcon.colcon_core.event_reactor:joining thread
[23.783s] INFO:colcon.colcon_core.plugin_system:Skipping extension 'colcon_notification.desktop_notification.terminal_notifier': Not used on non-Darwin systems
[23.783s] INFO:colcon.colcon_core.plugin_system:Skipping extension 'colcon_notification.desktop_notification.win32': Not used on non-Windows systems
[23.783s] INFO:colcon.colcon_notification.desktop_notification:Sending desktop notification using 'notify2'
[23.795s] DEBUG:colcon.colcon_core.event_reactor:joined thread
[23.796s] INFO:colcon.colcon_core.shell:Creating prefix script '/home/rashmika/arm4_ws/src/install/local_setup.ps1'
[23.797s] INFO:colcon.colcon_core.shell:Creating prefix util module '/home/rashmika/arm4_ws/src/install/_local_setup_util_ps1.py'
[23.798s] INFO:colcon.colcon_core.shell:Creating prefix chain script '/home/rashmika/arm4_ws/src/install/setup.ps1'
[23.800s] INFO:colcon.colcon_core.shell:Creating prefix script '/home/rashmika/arm4_ws/src/install/local_setup.sh'
[23.801s] INFO:colcon.colcon_core.shell:Creating prefix util module '/home/rashmika/arm4_ws/src/install/_local_setup_util_sh.py'
[23.801s] INFO:colcon.colcon_core.shell:Creating prefix chain script '/home/rashmika/arm4_ws/src/install/setup.sh'
[23.804s] INFO:colcon.colcon_core.shell:Creating prefix script '/home/rashmika/arm4_ws/src/install/local_setup.bash'
[23.804s] INFO:colcon.colcon_core.shell:Creating prefix chain script '/home/rashmika/arm4_ws/src/install/setup.bash'
[23.806s] INFO:colcon.colcon_core.shell:Creating prefix script '/home/rashmika/arm4_ws/src/install/local_setup.zsh'
[23.807s] INFO:colcon.colcon_core.shell:Creating prefix chain script '/home/rashmika/arm4_ws/src/install/setup.zsh'
