[0.045s] Invoking command in '/home/rashmika/arm4_ws/src/build/arduinobot_description': CMAKE_PREFIX_PATH=${CMAKE_PREFIX_PATH}:/home/rashmika/arm4_ws/install/arm_control_py:/home/rashmika/arm4_ws/install/arduinobot_python:/home/rashmika/turtlebot3_ws/install/turtlebot3_teleop:/home/rashmika/turtlebot3_ws/install/turtlebot3_example:/opt/ros/humble /usr/bin/cmake --build /home/rashmika/arm4_ws/src/build/arduinobot_description -- -j8 -l8
[0.406s] Invoked command in '/home/rashmika/arm4_ws/src/build/arduinobot_description' returned '0': CMAKE_PREFIX_PATH=${CMAKE_PREFIX_PATH}:/home/rashmika/arm4_ws/install/arm_control_py:/home/rashmika/arm4_ws/install/arduinobot_python:/home/rashmika/turtlebot3_ws/install/turtlebot3_teleop:/home/rashmika/turtlebot3_ws/install/turtlebot3_example:/opt/ros/humble /usr/bin/cmake --build /home/rashmika/arm4_ws/src/build/arduinobot_description -- -j8 -l8
[0.415s] Invoking command in '/home/rashmika/arm4_ws/src/build/arduinobot_description': CMAKE_PREFIX_PATH=${CMAKE_PREFIX_PATH}:/home/rashmika/arm4_ws/install/arm_control_py:/home/rashmika/arm4_ws/install/arduinobot_python:/home/rashmika/turtlebot3_ws/install/turtlebot3_teleop:/home/rashmika/turtlebot3_ws/install/turtlebot3_example:/opt/ros/humble /usr/bin/cmake --install /home/rashmika/arm4_ws/src/build/arduinobot_description
[0.684s] -- Install configuration: ""
[0.684s] -- Up-to-date: /home/rashmika/arm4_ws/src/install/arduinobot_description/share/arduinobot_description/launch
[0.684s] -- Up-to-date: /home/rashmika/arm4_ws/src/install/arduinobot_description/share/arduinobot_description/launch/launch_sim.launch.py
[0.684s] -- Up-to-date: /home/rashmika/arm4_ws/src/install/arduinobot_description/share/arduinobot_description/launch/gazebo.launch.py
[0.685s] -- Up-to-date: /home/rashmika/arm4_ws/src/install/arduinobot_description/share/arduinobot_description/launch/display.launch.py
[0.685s] -- Up-to-date: /home/rashmika/arm4_ws/src/install/arduinobot_description/share/arduinobot_description/meshes
[0.685s] -- Up-to-date: /home/rashmika/arm4_ws/src/install/arduinobot_description/share/arduinobot_description/meshes/pi_camera.STLZone.Identifier
[0.685s] -- Up-to-date: /home/rashmika/arm4_ws/src/install/arduinobot_description/share/arduinobot_description/meshes/triangular_link.STL
[0.685s] -- Up-to-date: /home/rashmika/arm4_ws/src/install/arduinobot_description/share/arduinobot_description/meshes/claw_support.STL
[0.685s] -- Up-to-date: /home/rashmika/arm4_ws/src/install/arduinobot_description/share/arduinobot_description/meshes/horizontal_arm.STL
[0.685s] -- Up-to-date: /home/rashmika/arm4_ws/src/install/arduinobot_description/share/arduinobot_description/meshes/base_plate.STL
[0.685s] -- Up-to-date: /home/rashmika/arm4_ws/src/install/arduinobot_description/share/arduinobot_description/meshes/vertical_drive_arm.STL
[0.685s] -- Up-to-date: /home/rashmika/arm4_ws/src/install/arduinobot_description/share/arduinobot_description/meshes/basement.STL
[0.686s] -- Up-to-date: /home/rashmika/arm4_ws/src/install/arduinobot_description/share/arduinobot_description/meshes/round_plate.STL
[0.686s] -- Up-to-date: /home/rashmika/arm4_ws/src/install/arduinobot_description/share/arduinobot_description/meshes/pi_camera.STL
[0.686s] -- Up-to-date: /home/rashmika/arm4_ws/src/install/arduinobot_description/share/arduinobot_description/meshes/right_finger.STL
[0.686s] -- Up-to-date: /home/rashmika/arm4_ws/src/install/arduinobot_description/share/arduinobot_description/meshes/plate.STL
[0.686s] -- Up-to-date: /home/rashmika/arm4_ws/src/install/arduinobot_description/share/arduinobot_description/meshes/link.STL
[0.686s] -- Up-to-date: /home/rashmika/arm4_ws/src/install/arduinobot_description/share/arduinobot_description/meshes/forward_drive_arm.STL
[0.686s] -- Up-to-date: /home/rashmika/arm4_ws/src/install/arduinobot_description/share/arduinobot_description/meshes/left_finger.STL
[0.686s] -- Up-to-date: /home/rashmika/arm4_ws/src/install/arduinobot_description/share/arduinobot_description/meshes/servo_plate.STL
[0.686s] -- Up-to-date: /home/rashmika/arm4_ws/src/install/arduinobot_description/share/arduinobot_description/models
[0.687s] -- Up-to-date: /home/rashmika/arm4_ws/src/install/arduinobot_description/share/arduinobot_description/models/ground_plane
[0.687s] -- Up-to-date: /home/rashmika/arm4_ws/src/install/arduinobot_description/share/arduinobot_description/models/ground_plane/model.sdf
[0.687s] -- Up-to-date: /home/rashmika/arm4_ws/src/install/arduinobot_description/share/arduinobot_description/models/ground_plane/model-1_2.sdf
[0.687s] -- Up-to-date: /home/rashmika/arm4_ws/src/install/arduinobot_description/share/arduinobot_description/models/ground_plane/model-1_3.sdf
[0.688s] -- Up-to-date: /home/rashmika/arm4_ws/src/install/arduinobot_description/share/arduinobot_description/models/ground_plane/model-1_4.sdf
[0.688s] -- Up-to-date: /home/rashmika/arm4_ws/src/install/arduinobot_description/share/arduinobot_description/models/ground_plane/model.config
[0.689s] -- Up-to-date: /home/rashmika/arm4_ws/src/install/arduinobot_description/share/arduinobot_description/models/sun
[0.689s] -- Up-to-date: /home/rashmika/arm4_ws/src/install/arduinobot_description/share/arduinobot_description/models/sun/model.sdf
[0.689s] -- Up-to-date: /home/rashmika/arm4_ws/src/install/arduinobot_description/share/arduinobot_description/models/sun/model-1_2.sdf
[0.690s] -- Up-to-date: /home/rashmika/arm4_ws/src/install/arduinobot_description/share/arduinobot_description/models/sun/model-1_3.sdf
[0.690s] -- Up-to-date: /home/rashmika/arm4_ws/src/install/arduinobot_description/share/arduinobot_description/models/sun/model-1_4.sdf
[0.690s] -- Up-to-date: /home/rashmika/arm4_ws/src/install/arduinobot_description/share/arduinobot_description/models/sun/model.config
[0.690s] -- Up-to-date: /home/rashmika/arm4_ws/src/install/arduinobot_description/share/arduinobot_description/urdf
[0.690s] -- Up-to-date: /home/rashmika/arm4_ws/src/install/arduinobot_description/share/arduinobot_description/urdf/arduinobot.urdf.xacro
[0.690s] -- Installing: /home/rashmika/arm4_ws/src/install/arduinobot_description/share/arduinobot_description/urdf/camera.xacro
[0.690s] -- Up-to-date: /home/rashmika/arm4_ws/src/install/arduinobot_description/share/arduinobot_description/urdf/arduinobot_gazebo.xacro
[0.691s] -- Up-to-date: /home/rashmika/arm4_ws/src/install/arduinobot_description/share/arduinobot_description/urdf/arduinobot.urdf.xacro.save
[0.691s] -- Up-to-date: /home/rashmika/arm4_ws/src/install/arduinobot_description/share/arduinobot_description/urdf/arduinobot_ros2_control.xacro
[0.691s] -- Up-to-date: /home/rashmika/arm4_ws/src/install/arduinobot_description/share/arduinobot_description/rviz
[0.691s] -- Up-to-date: /home/rashmika/arm4_ws/src/install/arduinobot_description/share/arduinobot_description/rviz/display.rviz
[0.691s] -- Up-to-date: /home/rashmika/arm4_ws/src/install/arduinobot_description/share/ament_index/resource_index/package_run_dependencies/arduinobot_description
[0.691s] -- Up-to-date: /home/rashmika/arm4_ws/src/install/arduinobot_description/share/ament_index/resource_index/parent_prefix_path/arduinobot_description
[0.691s] -- Up-to-date: /home/rashmika/arm4_ws/src/install/arduinobot_description/share/arduinobot_description/environment/ament_prefix_path.sh
[0.691s] -- Up-to-date: /home/rashmika/arm4_ws/src/install/arduinobot_description/share/arduinobot_description/environment/ament_prefix_path.dsv
[0.692s] -- Up-to-date: /home/rashmika/arm4_ws/src/install/arduinobot_description/share/arduinobot_description/environment/path.sh
[0.692s] -- Up-to-date: /home/rashmika/arm4_ws/src/install/arduinobot_description/share/arduinobot_description/environment/path.dsv
[0.692s] -- Up-to-date: /home/rashmika/arm4_ws/src/install/arduinobot_description/share/arduinobot_description/local_setup.bash
[0.692s] -- Up-to-date: /home/rashmika/arm4_ws/src/install/arduinobot_description/share/arduinobot_description/local_setup.sh
[0.692s] -- Up-to-date: /home/rashmika/arm4_ws/src/install/arduinobot_description/share/arduinobot_description/local_setup.zsh
[0.692s] -- Up-to-date: /home/rashmika/arm4_ws/src/install/arduinobot_description/share/arduinobot_description/local_setup.dsv
[0.692s] -- Installing: /home/rashmika/arm4_ws/src/install/arduinobot_description/share/arduinobot_description/package.dsv
[0.692s] -- Up-to-date: /home/rashmika/arm4_ws/src/install/arduinobot_description/share/ament_index/resource_index/packages/arduinobot_description
[0.693s] -- Up-to-date: /home/rashmika/arm4_ws/src/install/arduinobot_description/share/arduinobot_description/cmake/arduinobot_descriptionConfig.cmake
[0.693s] -- Up-to-date: /home/rashmika/arm4_ws/src/install/arduinobot_description/share/arduinobot_description/cmake/arduinobot_descriptionConfig-version.cmake
[0.693s] -- Up-to-date: /home/rashmika/arm4_ws/src/install/arduinobot_description/share/arduinobot_description/package.xml
[0.700s] Invoked command in '/home/rashmika/arm4_ws/src/build/arduinobot_description' returned '0': CMAKE_PREFIX_PATH=${CMAKE_PREFIX_PATH}:/home/rashmika/arm4_ws/install/arm_control_py:/home/rashmika/arm4_ws/install/arduinobot_python:/home/rashmika/turtlebot3_ws/install/turtlebot3_teleop:/home/rashmika/turtlebot3_ws/install/turtlebot3_example:/opt/ros/humble /usr/bin/cmake --install /home/rashmika/arm4_ws/src/build/arduinobot_description
