[0.043s] Invoking command in '/home/rashmika/arm4_ws/src/build/arduinobot_moveit': CMAKE_PREFIX_PATH=${CMAKE_PREFIX_PATH}:/home/rashmika/arm4_ws/install/arm_control_py:/home/rashmika/arm4_ws/install/arduinobot_python:/home/rashmika/turtlebot3_ws/install/turtlebot3_teleop:/home/rashmika/turtlebot3_ws/install/turtlebot3_example:/opt/ros/humble /usr/bin/cmake --build /home/rashmika/arm4_ws/src/build/arduinobot_moveit -- -j8 -l8
[0.407s] Invoked command in '/home/rashmika/arm4_ws/src/build/arduinobot_moveit' returned '0': CMAKE_PREFIX_PATH=${CMAKE_PREFIX_PATH}:/home/rashmika/arm4_ws/install/arm_control_py:/home/rashmika/arm4_ws/install/arduinobot_python:/home/rashmika/turtlebot3_ws/install/turtlebot3_teleop:/home/rashmika/turtlebot3_ws/install/turtlebot3_example:/opt/ros/humble /usr/bin/cmake --build /home/rashmika/arm4_ws/src/build/arduinobot_moveit -- -j8 -l8
[0.419s] Invoking command in '/home/rashmika/arm4_ws/src/build/arduinobot_moveit': CMAKE_PREFIX_PATH=${CMAKE_PREFIX_PATH}:/home/rashmika/arm4_ws/install/arm_control_py:/home/rashmika/arm4_ws/install/arduinobot_python:/home/rashmika/turtlebot3_ws/install/turtlebot3_teleop:/home/rashmika/turtlebot3_ws/install/turtlebot3_example:/opt/ros/humble /usr/bin/cmake --install /home/rashmika/arm4_ws/src/build/arduinobot_moveit
[0.692s] -- Install configuration: ""
[0.693s] -- Up-to-date: /home/rashmika/arm4_ws/src/install/arduinobot_moveit/share/arduinobot_moveit/launch
[0.693s] -- Up-to-date: /home/rashmika/arm4_ws/src/install/arduinobot_moveit/share/arduinobot_moveit/launch/moveit.launch.py
[0.694s] -- Up-to-date: /home/rashmika/arm4_ws/src/install/arduinobot_moveit/share/arduinobot_moveit/config
[0.694s] -- Up-to-date: /home/rashmika/arm4_ws/src/install/arduinobot_moveit/share/arduinobot_moveit/config/moveit_controllers.yaml
[0.695s] -- Up-to-date: /home/rashmika/arm4_ws/src/install/arduinobot_moveit/share/arduinobot_moveit/config/pilz_cartesian_limits.yaml
[0.695s] -- Up-to-date: /home/rashmika/arm4_ws/src/install/arduinobot_moveit/share/arduinobot_moveit/config/joint_limits.yaml
[0.695s] -- Up-to-date: /home/rashmika/arm4_ws/src/install/arduinobot_moveit/share/arduinobot_moveit/config/arduinobot.srdf
[0.695s] -- Up-to-date: /home/rashmika/arm4_ws/src/install/arduinobot_moveit/share/arduinobot_moveit/config/moveit.rviz
[0.695s] -- Up-to-date: /home/rashmika/arm4_ws/src/install/arduinobot_moveit/share/arduinobot_moveit/config/kinematics.yaml
[0.695s] -- Up-to-date: /home/rashmika/arm4_ws/src/install/arduinobot_moveit/share/arduinobot_moveit/config/initial_positions.yaml
[0.695s] -- Up-to-date: /home/rashmika/arm4_ws/src/install/arduinobot_moveit/share/ament_index/resource_index/package_run_dependencies/arduinobot_moveit
[0.696s] -- Up-to-date: /home/rashmika/arm4_ws/src/install/arduinobot_moveit/share/ament_index/resource_index/parent_prefix_path/arduinobot_moveit
[0.696s] -- Up-to-date: /home/rashmika/arm4_ws/src/install/arduinobot_moveit/share/arduinobot_moveit/environment/ament_prefix_path.sh
[0.696s] -- Up-to-date: /home/rashmika/arm4_ws/src/install/arduinobot_moveit/share/arduinobot_moveit/environment/ament_prefix_path.dsv
[0.696s] -- Up-to-date: /home/rashmika/arm4_ws/src/install/arduinobot_moveit/share/arduinobot_moveit/environment/path.sh
[0.697s] -- Up-to-date: /home/rashmika/arm4_ws/src/install/arduinobot_moveit/share/arduinobot_moveit/environment/path.dsv
[0.697s] -- Up-to-date: /home/rashmika/arm4_ws/src/install/arduinobot_moveit/share/arduinobot_moveit/local_setup.bash
[0.697s] -- Up-to-date: /home/rashmika/arm4_ws/src/install/arduinobot_moveit/share/arduinobot_moveit/local_setup.sh
[0.697s] -- Up-to-date: /home/rashmika/arm4_ws/src/install/arduinobot_moveit/share/arduinobot_moveit/local_setup.zsh
[0.697s] -- Up-to-date: /home/rashmika/arm4_ws/src/install/arduinobot_moveit/share/arduinobot_moveit/local_setup.dsv
[0.697s] -- Installing: /home/rashmika/arm4_ws/src/install/arduinobot_moveit/share/arduinobot_moveit/package.dsv
[0.698s] -- Up-to-date: /home/rashmika/arm4_ws/src/install/arduinobot_moveit/share/ament_index/resource_index/packages/arduinobot_moveit
[0.699s] -- Up-to-date: /home/rashmika/arm4_ws/src/install/arduinobot_moveit/share/arduinobot_moveit/cmake/arduinobot_moveitConfig.cmake
[0.699s] -- Up-to-date: /home/rashmika/arm4_ws/src/install/arduinobot_moveit/share/arduinobot_moveit/cmake/arduinobot_moveitConfig-version.cmake
[0.699s] -- Up-to-date: /home/rashmika/arm4_ws/src/install/arduinobot_moveit/share/arduinobot_moveit/package.xml
[0.708s] Invoked command in '/home/rashmika/arm4_ws/src/build/arduinobot_moveit' returned '0': CMAKE_PREFIX_PATH=${CMAKE_PREFIX_PATH}:/home/rashmika/arm4_ws/install/arm_control_py:/home/rashmika/arm4_ws/install/arduinobot_python:/home/rashmika/turtlebot3_ws/install/turtlebot3_teleop:/home/rashmika/turtlebot3_ws/install/turtlebot3_example:/opt/ros/humble /usr/bin/cmake --install /home/rashmika/arm4_ws/src/build/arduinobot_moveit
