[0.237s] Invoking command in '/home/rashmika/arm4_ws/src/build/arduinobot_msgs': CMAKE_PREFIX_PATH=${CMAKE_PREFIX_PATH}:/home/rashmika/arm4_ws/src/install/arm_control_py:/home/rashmika/arm4_ws/src/install/arduinobot_python:/home/rashmika/arm4_ws/install/arm_control_py:/home/rashmika/arm4_ws/install/arduinobot_python:/home/rashmika/turtlebot3_ws/install/turtlebot3_teleop:/home/rashmika/turtlebot3_ws/install/turtlebot3_example:/opt/ros/humble /usr/bin/cmake --build /home/rashmika/arm4_ws/src/build/arduinobot_msgs -- -j8 -l8
[1.117s] [  1%] Built target arduinobot_msgs__cpp
[1.276s] [ 12%] Built target arduinobot_msgs__rosidl_generator_c
[1.666s] [ 15%] [32mBuilding CXX object CMakeFiles/arduinobot_msgs__rosidl_typesupport_cpp.dir/rosidl_typesupport_cpp/arduinobot_msgs/srv/add_two_ints__type_support.cpp.o[0m
[1.666s] [ 15%] [32mBuilding CXX object CMakeFiles/arduinobot_msgs__rosidl_typesupport_cpp.dir/rosidl_typesupport_cpp/arduinobot_msgs/srv/euler_to_quaternion__type_support.cpp.o[0m
[1.689s] [ 17%] [32mBuilding CXX object CMakeFiles/arduinobot_msgs__rosidl_typesupport_introspection_cpp.dir/rosidl_typesupport_introspection_cpp/arduinobot_msgs/srv/detail/add_two_ints__type_support.cpp.o[0m
[1.706s] [ 19%] [32mBuilding CXX object CMakeFiles/arduinobot_msgs__rosidl_typesupport_fastrtps_cpp.dir/rosidl_typesupport_fastrtps_cpp/arduinobot_msgs/srv/detail/dds_fastrtps/add_two_ints__type_support.cpp.o[0m
[1.769s] [ 30%] Built target arduinobot_msgs__rosidl_typesupport_c
[1.779s] [ 31%] [32mBuilding CXX object CMakeFiles/arduinobot_msgs__rosidl_typesupport_cpp.dir/rosidl_typesupport_cpp/arduinobot_msgs/srv/quaternion_to_euler__type_support.cpp.o[0m
[1.821s] [ 42%] Built target arduinobot_msgs__rosidl_typesupport_introspection_c
[1.831s] [ 44%] [32mBuilding CXX object CMakeFiles/arduinobot_msgs__rosidl_typesupport_fastrtps_cpp.dir/rosidl_typesupport_fastrtps_cpp/arduinobot_msgs/srv/detail/dds_fastrtps/euler_to_quaternion__type_support.cpp.o[0m
[1.918s] [ 46%] [32mBuilding CXX object CMakeFiles/arduinobot_msgs__rosidl_typesupport_fastrtps_c.dir/rosidl_typesupport_fastrtps_c/arduinobot_msgs/srv/detail/add_two_ints__type_support_c.cpp.o[0m
[2.131s] [ 46%] Built target ament_cmake_python_copy_arduinobot_msgs
[2.180s] [ 47%] [32mBuilding CXX object CMakeFiles/arduinobot_msgs__rosidl_typesupport_introspection_cpp.dir/rosidl_typesupport_introspection_cpp/arduinobot_msgs/srv/detail/euler_to_quaternion__type_support.cpp.o[0m
[2.213s] [ 49%] [32mBuilding CXX object CMakeFiles/arduinobot_msgs__rosidl_typesupport_fastrtps_cpp.dir/rosidl_typesupport_fastrtps_cpp/arduinobot_msgs/srv/detail/dds_fastrtps/quaternion_to_euler__type_support.cpp.o[0m
[2.511s] [ 50%] [32mBuilding CXX object CMakeFiles/arduinobot_msgs__rosidl_typesupport_cpp.dir/rosidl_typesupport_cpp/arduinobot_msgs/action/fibonacci__type_support.cpp.o[0m
[2.523s] [ 52%] [32mBuilding CXX object CMakeFiles/arduinobot_msgs__rosidl_typesupport_introspection_cpp.dir/rosidl_typesupport_introspection_cpp/arduinobot_msgs/srv/detail/quaternion_to_euler__type_support.cpp.o[0m
[2.677s] running egg_info
[2.677s] writing arduinobot_msgs.egg-info/PKG-INFO
[2.682s] [ 53%] [32mBuilding CXX object CMakeFiles/arduinobot_msgs__rosidl_typesupport_introspection_cpp.dir/rosidl_typesupport_introspection_cpp/arduinobot_msgs/action/detail/fibonacci__type_support.cpp.o[0m
[2.682s] [ 55%] [32mBuilding CXX object CMakeFiles/arduinobot_msgs__rosidl_typesupport_fastrtps_c.dir/rosidl_typesupport_fastrtps_c/arduinobot_msgs/srv/detail/euler_to_quaternion__type_support_c.cpp.o[0m
[2.875s] writing dependency_links to arduinobot_msgs.egg-info/dependency_links.txt
[3.023s] [ 57%] [32mBuilding CXX object CMakeFiles/arduinobot_msgs__rosidl_typesupport_fastrtps_c.dir/rosidl_typesupport_fastrtps_c/arduinobot_msgs/srv/detail/quaternion_to_euler__type_support_c.cpp.o[0m
[3.051s] writing top-level names to arduinobot_msgs.egg-info/top_level.txt
[3.096s] [ 58%] [32mBuilding CXX object CMakeFiles/arduinobot_msgs__rosidl_typesupport_fastrtps_c.dir/rosidl_typesupport_fastrtps_c/arduinobot_msgs/action/detail/fibonacci__type_support_c.cpp.o[0m
[3.159s] reading manifest file 'arduinobot_msgs.egg-info/SOURCES.txt'
[3.206s] [ 60%] [32mBuilding CXX object CMakeFiles/arduinobot_msgs__rosidl_typesupport_fastrtps_cpp.dir/rosidl_typesupport_fastrtps_cpp/arduinobot_msgs/action/detail/dds_fastrtps/fibonacci__type_support.cpp.o[0m
[3.216s] writing manifest file 'arduinobot_msgs.egg-info/SOURCES.txt'
[3.374s] [ 61%] [32mBuilding CXX object CMakeFiles/arduinobot_msgs__rosidl_typesupport_introspection_cpp.dir/rosidl_typesupport_introspection_cpp/arduinobot_msgs/action/detail/arduinobot_task__type_support.cpp.o[0m
[3.438s] [ 61%] Built target ament_cmake_python_build_arduinobot_msgs_egg
[3.450s] [ 63%] [32mBuilding CXX object CMakeFiles/arduinobot_msgs__rosidl_typesupport_cpp.dir/rosidl_typesupport_cpp/arduinobot_msgs/action/arduinobot_task__type_support.cpp.o[0m
[3.712s] [ 65%] [32mBuilding CXX object CMakeFiles/arduinobot_msgs__rosidl_typesupport_fastrtps_c.dir/rosidl_typesupport_fastrtps_c/arduinobot_msgs/action/detail/arduinobot_task__type_support_c.cpp.o[0m
[3.884s] [ 66%] [32mBuilding CXX object CMakeFiles/arduinobot_msgs__rosidl_typesupport_fastrtps_cpp.dir/rosidl_typesupport_fastrtps_cpp/arduinobot_msgs/action/detail/dds_fastrtps/arduinobot_task__type_support.cpp.o[0m
[5.438s] [ 68%] [32m[1mLinking CXX shared library libarduinobot_msgs__rosidl_typesupport_fastrtps_c.so[0m
[5.483s] [ 69%] [32m[1mLinking CXX shared library libarduinobot_msgs__rosidl_typesupport_cpp.so[0m
[5.517s] [ 71%] [32m[1mLinking CXX shared library libarduinobot_msgs__rosidl_typesupport_introspection_cpp.so[0m
[5.568s] [ 73%] [32m[1mLinking CXX shared library libarduinobot_msgs__rosidl_typesupport_fastrtps_cpp.so[0m
[6.112s] [ 79%] Built target arduinobot_msgs__rosidl_typesupport_cpp
[6.112s] [ 79%] Built target arduinobot_msgs__rosidl_typesupport_introspection_cpp
[6.116s] [ 79%] Built target arduinobot_msgs__rosidl_typesupport_fastrtps_cpp
[6.116s] [ 79%] Built target arduinobot_msgs__rosidl_typesupport_fastrtps_c
[6.533s] [ 79%] Built target arduinobot_msgs
[6.936s] [ 80%] Built target arduinobot_msgs__py
[7.433s] [ 84%] [32mBuilding C object CMakeFiles/arduinobot_msgs__rosidl_generator_py.dir/rosidl_generator_py/arduinobot_msgs/srv/_add_two_ints_s.c.o[0m
[7.434s] [ 82%] [32mBuilding C object CMakeFiles/arduinobot_msgs__rosidl_generator_py.dir/rosidl_generator_py/arduinobot_msgs/srv/_quaternion_to_euler_s.c.o[0m
[7.434s] [ 85%] [32mBuilding C object CMakeFiles/arduinobot_msgs__rosidl_generator_py.dir/rosidl_generator_py/arduinobot_msgs/action/_fibonacci_s.c.o[0m
[7.436s] [ 87%] [32mBuilding C object CMakeFiles/arduinobot_msgs__rosidl_generator_py.dir/rosidl_generator_py/arduinobot_msgs/srv/_euler_to_quaternion_s.c.o[0m
[7.438s] [ 88%] [32mBuilding C object CMakeFiles/arduinobot_msgs__rosidl_generator_py.dir/rosidl_generator_py/arduinobot_msgs/action/_arduinobot_task_s.c.o[0m
[7.881s] [ 90%] [32m[1mLinking C shared library rosidl_generator_py/arduinobot_msgs/libarduinobot_msgs__rosidl_generator_py.so[0m
[8.818s] [ 90%] Built target arduinobot_msgs__rosidl_generator_py
[9.219s] [ 92%] [32mBuilding C object CMakeFiles/arduinobot_msgs__rosidl_typesupport_c__pyext.dir/rosidl_generator_py/arduinobot_msgs/_arduinobot_msgs_s.ep.rosidl_typesupport_c.c.o[0m
[9.320s] [ 93%] [32mBuilding C object CMakeFiles/arduinobot_msgs__rosidl_typesupport_fastrtps_c__pyext.dir/rosidl_generator_py/arduinobot_msgs/_arduinobot_msgs_s.ep.rosidl_typesupport_fastrtps_c.c.o[0m
[9.326s] [ 95%] [32mBuilding C object CMakeFiles/arduinobot_msgs__rosidl_typesupport_introspection_c__pyext.dir/rosidl_generator_py/arduinobot_msgs/_arduinobot_msgs_s.ep.rosidl_typesupport_introspection_c.c.o[0m
[9.415s] [ 96%] [32m[1mLinking C shared library rosidl_generator_py/arduinobot_msgs/arduinobot_msgs_s__rosidl_typesupport_c.cpython-310-x86_64-linux-gnu.so[0m
[10.162s] [ 98%] [32m[1mLinking C shared library rosidl_generator_py/arduinobot_msgs/arduinobot_msgs_s__rosidl_typesupport_introspection_c.cpython-310-x86_64-linux-gnu.so[0m
[10.197s] [100%] [32m[1mLinking C shared library rosidl_generator_py/arduinobot_msgs/arduinobot_msgs_s__rosidl_typesupport_fastrtps_c.cpython-310-x86_64-linux-gnu.so[0m
[10.227s] [100%] Built target arduinobot_msgs__rosidl_typesupport_c__pyext
[10.267s] [100%] Built target arduinobot_msgs__rosidl_typesupport_introspection_c__pyext
[10.267s] [100%] Built target arduinobot_msgs__rosidl_typesupport_fastrtps_c__pyext
[10.280s] Invoked command in '/home/rashmika/arm4_ws/src/build/arduinobot_msgs' returned '0': CMAKE_PREFIX_PATH=${CMAKE_PREFIX_PATH}:/home/rashmika/arm4_ws/src/install/arm_control_py:/home/rashmika/arm4_ws/src/install/arduinobot_python:/home/rashmika/arm4_ws/install/arm_control_py:/home/rashmika/arm4_ws/install/arduinobot_python:/home/rashmika/turtlebot3_ws/install/turtlebot3_teleop:/home/rashmika/turtlebot3_ws/install/turtlebot3_example:/opt/ros/humble /usr/bin/cmake --build /home/rashmika/arm4_ws/src/build/arduinobot_msgs -- -j8 -l8
[10.334s] Invoking command in '/home/rashmika/arm4_ws/src/build/arduinobot_msgs': CMAKE_PREFIX_PATH=${CMAKE_PREFIX_PATH}:/home/rashmika/arm4_ws/src/install/arm_control_py:/home/rashmika/arm4_ws/src/install/arduinobot_python:/home/rashmika/arm4_ws/install/arm_control_py:/home/rashmika/arm4_ws/install/arduinobot_python:/home/rashmika/turtlebot3_ws/install/turtlebot3_teleop:/home/rashmika/turtlebot3_ws/install/turtlebot3_example:/opt/ros/humble /usr/bin/cmake --install /home/rashmika/arm4_ws/src/build/arduinobot_msgs
[10.353s] -- Install configuration: ""
[10.357s] -- Up-to-date: /home/rashmika/arm4_ws/src/install/arduinobot_msgs/share/ament_index/resource_index/rosidl_interfaces/arduinobot_msgs
[10.357s] -- Up-to-date: /home/rashmika/arm4_ws/src/install/arduinobot_msgs/include/arduinobot_msgs/arduinobot_msgs
[10.357s] -- Up-to-date: /home/rashmika/arm4_ws/src/install/arduinobot_msgs/include/arduinobot_msgs/arduinobot_msgs/msg
[10.358s] -- Up-to-date: /home/rashmika/arm4_ws/src/install/arduinobot_msgs/include/arduinobot_msgs/arduinobot_msgs/msg/rosidl_generator_c__visibility_control.h
[10.358s] -- Up-to-date: /home/rashmika/arm4_ws/src/install/arduinobot_msgs/include/arduinobot_msgs/arduinobot_msgs/srv
[10.358s] -- Up-to-date: /home/rashmika/arm4_ws/src/install/arduinobot_msgs/include/arduinobot_msgs/arduinobot_msgs/srv/euler_to_quaternion.h
[10.358s] -- Up-to-date: /home/rashmika/arm4_ws/src/install/arduinobot_msgs/include/arduinobot_msgs/arduinobot_msgs/srv/add_two_ints.h
[10.358s] -- Up-to-date: /home/rashmika/arm4_ws/src/install/arduinobot_msgs/include/arduinobot_msgs/arduinobot_msgs/srv/quaternion_to_euler.h
[10.359s] -- Up-to-date: /home/rashmika/arm4_ws/src/install/arduinobot_msgs/include/arduinobot_msgs/arduinobot_msgs/srv/detail
[10.359s] -- Up-to-date: /home/rashmika/arm4_ws/src/install/arduinobot_msgs/include/arduinobot_msgs/arduinobot_msgs/srv/detail/quaternion_to_euler__struct.h
[10.359s] -- Up-to-date: /home/rashmika/arm4_ws/src/install/arduinobot_msgs/include/arduinobot_msgs/arduinobot_msgs/srv/detail/add_two_ints__type_support.h
[10.359s] -- Up-to-date: /home/rashmika/arm4_ws/src/install/arduinobot_msgs/include/arduinobot_msgs/arduinobot_msgs/srv/detail/euler_to_quaternion__type_support.h
[10.359s] -- Up-to-date: /home/rashmika/arm4_ws/src/install/arduinobot_msgs/include/arduinobot_msgs/arduinobot_msgs/srv/detail/euler_to_quaternion__struct.h
[10.359s] -- Up-to-date: /home/rashmika/arm4_ws/src/install/arduinobot_msgs/include/arduinobot_msgs/arduinobot_msgs/srv/detail/add_two_ints__functions.c
[10.359s] -- Up-to-date: /home/rashmika/arm4_ws/src/install/arduinobot_msgs/include/arduinobot_msgs/arduinobot_msgs/srv/detail/euler_to_quaternion__functions.h
[10.359s] -- Up-to-date: /home/rashmika/arm4_ws/src/install/arduinobot_msgs/include/arduinobot_msgs/arduinobot_msgs/srv/detail/euler_to_quaternion__functions.c
[10.359s] -- Up-to-date: /home/rashmika/arm4_ws/src/install/arduinobot_msgs/include/arduinobot_msgs/arduinobot_msgs/srv/detail/add_two_ints__struct.h
[10.359s] -- Up-to-date: /home/rashmika/arm4_ws/src/install/arduinobot_msgs/include/arduinobot_msgs/arduinobot_msgs/srv/detail/quaternion_to_euler__functions.h
[10.359s] -- Up-to-date: /home/rashmika/arm4_ws/src/install/arduinobot_msgs/include/arduinobot_msgs/arduinobot_msgs/srv/detail/add_two_ints__functions.h
[10.360s] -- Up-to-date: /home/rashmika/arm4_ws/src/install/arduinobot_msgs/include/arduinobot_msgs/arduinobot_msgs/srv/detail/quaternion_to_euler__functions.c
[10.360s] -- Up-to-date: /home/rashmika/arm4_ws/src/install/arduinobot_msgs/include/arduinobot_msgs/arduinobot_msgs/srv/detail/quaternion_to_euler__type_support.h
[10.360s] -- Up-to-date: /home/rashmika/arm4_ws/src/install/arduinobot_msgs/include/arduinobot_msgs/arduinobot_msgs/action
[10.360s] -- Up-to-date: /home/rashmika/arm4_ws/src/install/arduinobot_msgs/include/arduinobot_msgs/arduinobot_msgs/action/detail
[10.360s] -- Up-to-date: /home/rashmika/arm4_ws/src/install/arduinobot_msgs/include/arduinobot_msgs/arduinobot_msgs/action/detail/arduinobot_task__struct.h
[10.360s] -- Up-to-date: /home/rashmika/arm4_ws/src/install/arduinobot_msgs/include/arduinobot_msgs/arduinobot_msgs/action/detail/fibonacci__type_support.h
[10.360s] -- Up-to-date: /home/rashmika/arm4_ws/src/install/arduinobot_msgs/include/arduinobot_msgs/arduinobot_msgs/action/detail/arduinobot_task__functions.h
[10.360s] -- Up-to-date: /home/rashmika/arm4_ws/src/install/arduinobot_msgs/include/arduinobot_msgs/arduinobot_msgs/action/detail/fibonacci__struct.h
[10.360s] -- Up-to-date: /home/rashmika/arm4_ws/src/install/arduinobot_msgs/include/arduinobot_msgs/arduinobot_msgs/action/detail/arduinobot_task__type_support.h
[10.360s] -- Up-to-date: /home/rashmika/arm4_ws/src/install/arduinobot_msgs/include/arduinobot_msgs/arduinobot_msgs/action/detail/arduinobot_task__functions.c
[10.360s] -- Up-to-date: /home/rashmika/arm4_ws/src/install/arduinobot_msgs/include/arduinobot_msgs/arduinobot_msgs/action/detail/fibonacci__functions.h
[10.360s] -- Up-to-date: /home/rashmika/arm4_ws/src/install/arduinobot_msgs/include/arduinobot_msgs/arduinobot_msgs/action/detail/fibonacci__functions.c
[10.360s] -- Up-to-date: /home/rashmika/arm4_ws/src/install/arduinobot_msgs/include/arduinobot_msgs/arduinobot_msgs/action/arduinobot_task.h
[10.360s] -- Up-to-date: /home/rashmika/arm4_ws/src/install/arduinobot_msgs/include/arduinobot_msgs/arduinobot_msgs/action/fibonacci.h
[10.360s] -- Up-to-date: /home/rashmika/arm4_ws/src/install/arduinobot_msgs/share/arduinobot_msgs/environment/library_path.sh
[10.360s] -- Up-to-date: /home/rashmika/arm4_ws/src/install/arduinobot_msgs/share/arduinobot_msgs/environment/library_path.dsv
[10.385s] -- Up-to-date: /home/rashmika/arm4_ws/src/install/arduinobot_msgs/lib/libarduinobot_msgs__rosidl_generator_c.so
[10.385s] -- Up-to-date: /home/rashmika/arm4_ws/src/install/arduinobot_msgs/include/arduinobot_msgs/arduinobot_msgs
[10.385s] -- Up-to-date: /home/rashmika/arm4_ws/src/install/arduinobot_msgs/include/arduinobot_msgs/arduinobot_msgs/msg
[10.385s] -- Up-to-date: /home/rashmika/arm4_ws/src/install/arduinobot_msgs/include/arduinobot_msgs/arduinobot_msgs/msg/rosidl_typesupport_fastrtps_c__visibility_control.h
[10.385s] -- Up-to-date: /home/rashmika/arm4_ws/src/install/arduinobot_msgs/include/arduinobot_msgs/arduinobot_msgs/srv
[10.385s] -- Up-to-date: /home/rashmika/arm4_ws/src/install/arduinobot_msgs/include/arduinobot_msgs/arduinobot_msgs/srv/detail
[10.386s] -- Up-to-date: /home/rashmika/arm4_ws/src/install/arduinobot_msgs/include/arduinobot_msgs/arduinobot_msgs/srv/detail/euler_to_quaternion__rosidl_typesupport_fastrtps_c.h
[10.386s] -- Up-to-date: /home/rashmika/arm4_ws/src/install/arduinobot_msgs/include/arduinobot_msgs/arduinobot_msgs/srv/detail/quaternion_to_euler__rosidl_typesupport_fastrtps_c.h
[10.386s] -- Up-to-date: /home/rashmika/arm4_ws/src/install/arduinobot_msgs/include/arduinobot_msgs/arduinobot_msgs/srv/detail/add_two_ints__rosidl_typesupport_fastrtps_c.h
[10.386s] -- Up-to-date: /home/rashmika/arm4_ws/src/install/arduinobot_msgs/include/arduinobot_msgs/arduinobot_msgs/action
[10.386s] -- Up-to-date: /home/rashmika/arm4_ws/src/install/arduinobot_msgs/include/arduinobot_msgs/arduinobot_msgs/action/detail
[10.386s] -- Up-to-date: /home/rashmika/arm4_ws/src/install/arduinobot_msgs/include/arduinobot_msgs/arduinobot_msgs/action/detail/fibonacci__rosidl_typesupport_fastrtps_c.h
[10.386s] -- Up-to-date: /home/rashmika/arm4_ws/src/install/arduinobot_msgs/include/arduinobot_msgs/arduinobot_msgs/action/detail/arduinobot_task__rosidl_typesupport_fastrtps_c.h
[10.387s] -- Installing: /home/rashmika/arm4_ws/src/install/arduinobot_msgs/lib/libarduinobot_msgs__rosidl_typesupport_fastrtps_c.so
[10.387s] -- Set runtime path of "/home/rashmika/arm4_ws/src/install/arduinobot_msgs/lib/libarduinobot_msgs__rosidl_typesupport_fastrtps_c.so" to ""
[10.388s] -- Up-to-date: /home/rashmika/arm4_ws/src/install/arduinobot_msgs/include/arduinobot_msgs/arduinobot_msgs
[10.388s] -- Up-to-date: /home/rashmika/arm4_ws/src/install/arduinobot_msgs/include/arduinobot_msgs/arduinobot_msgs/msg
[10.388s] -- Up-to-date: /home/rashmika/arm4_ws/src/install/arduinobot_msgs/include/arduinobot_msgs/arduinobot_msgs/msg/rosidl_generator_cpp__visibility_control.hpp
[10.388s] -- Up-to-date: /home/rashmika/arm4_ws/src/install/arduinobot_msgs/include/arduinobot_msgs/arduinobot_msgs/srv
[10.388s] -- Up-to-date: /home/rashmika/arm4_ws/src/install/arduinobot_msgs/include/arduinobot_msgs/arduinobot_msgs/srv/detail
[10.388s] -- Up-to-date: /home/rashmika/arm4_ws/src/install/arduinobot_msgs/include/arduinobot_msgs/arduinobot_msgs/srv/detail/quaternion_to_euler__type_support.hpp
[10.388s] -- Up-to-date: /home/rashmika/arm4_ws/src/install/arduinobot_msgs/include/arduinobot_msgs/arduinobot_msgs/srv/detail/add_two_ints__traits.hpp
[10.388s] -- Up-to-date: /home/rashmika/arm4_ws/src/install/arduinobot_msgs/include/arduinobot_msgs/arduinobot_msgs/srv/detail/add_two_ints__builder.hpp
[10.388s] -- Up-to-date: /home/rashmika/arm4_ws/src/install/arduinobot_msgs/include/arduinobot_msgs/arduinobot_msgs/srv/detail/euler_to_quaternion__traits.hpp
[10.388s] -- Up-to-date: /home/rashmika/arm4_ws/src/install/arduinobot_msgs/include/arduinobot_msgs/arduinobot_msgs/srv/detail/quaternion_to_euler__builder.hpp
[10.388s] -- Up-to-date: /home/rashmika/arm4_ws/src/install/arduinobot_msgs/include/arduinobot_msgs/arduinobot_msgs/srv/detail/euler_to_quaternion__builder.hpp
[10.389s] -- Up-to-date: /home/rashmika/arm4_ws/src/install/arduinobot_msgs/include/arduinobot_msgs/arduinobot_msgs/srv/detail/add_two_ints__struct.hpp
[10.389s] -- Up-to-date: /home/rashmika/arm4_ws/src/install/arduinobot_msgs/include/arduinobot_msgs/arduinobot_msgs/srv/detail/quaternion_to_euler__struct.hpp
[10.389s] -- Up-to-date: /home/rashmika/arm4_ws/src/install/arduinobot_msgs/include/arduinobot_msgs/arduinobot_msgs/srv/detail/euler_to_quaternion__struct.hpp
[10.389s] -- Up-to-date: /home/rashmika/arm4_ws/src/install/arduinobot_msgs/include/arduinobot_msgs/arduinobot_msgs/srv/detail/euler_to_quaternion__type_support.hpp
[10.389s] -- Up-to-date: /home/rashmika/arm4_ws/src/install/arduinobot_msgs/include/arduinobot_msgs/arduinobot_msgs/srv/detail/quaternion_to_euler__traits.hpp
[10.389s] -- Up-to-date: /home/rashmika/arm4_ws/src/install/arduinobot_msgs/include/arduinobot_msgs/arduinobot_msgs/srv/detail/add_two_ints__type_support.hpp
[10.389s] -- Up-to-date: /home/rashmika/arm4_ws/src/install/arduinobot_msgs/include/arduinobot_msgs/arduinobot_msgs/srv/add_two_ints.hpp
[10.389s] -- Up-to-date: /home/rashmika/arm4_ws/src/install/arduinobot_msgs/include/arduinobot_msgs/arduinobot_msgs/srv/quaternion_to_euler.hpp
[10.389s] -- Up-to-date: /home/rashmika/arm4_ws/src/install/arduinobot_msgs/include/arduinobot_msgs/arduinobot_msgs/srv/euler_to_quaternion.hpp
[10.389s] -- Up-to-date: /home/rashmika/arm4_ws/src/install/arduinobot_msgs/include/arduinobot_msgs/arduinobot_msgs/action
[10.389s] -- Up-to-date: /home/rashmika/arm4_ws/src/install/arduinobot_msgs/include/arduinobot_msgs/arduinobot_msgs/action/arduinobot_task.hpp
[10.390s] -- Up-to-date: /home/rashmika/arm4_ws/src/install/arduinobot_msgs/include/arduinobot_msgs/arduinobot_msgs/action/detail
[10.390s] -- Up-to-date: /home/rashmika/arm4_ws/src/install/arduinobot_msgs/include/arduinobot_msgs/arduinobot_msgs/action/detail/fibonacci__traits.hpp
[10.390s] -- Up-to-date: /home/rashmika/arm4_ws/src/install/arduinobot_msgs/include/arduinobot_msgs/arduinobot_msgs/action/detail/arduinobot_task__builder.hpp
[10.390s] -- Up-to-date: /home/rashmika/arm4_ws/src/install/arduinobot_msgs/include/arduinobot_msgs/arduinobot_msgs/action/detail/fibonacci__struct.hpp
[10.390s] -- Up-to-date: /home/rashmika/arm4_ws/src/install/arduinobot_msgs/include/arduinobot_msgs/arduinobot_msgs/action/detail/arduinobot_task__type_support.hpp
[10.390s] -- Up-to-date: /home/rashmika/arm4_ws/src/install/arduinobot_msgs/include/arduinobot_msgs/arduinobot_msgs/action/detail/arduinobot_task__traits.hpp
[10.390s] -- Up-to-date: /home/rashmika/arm4_ws/src/install/arduinobot_msgs/include/arduinobot_msgs/arduinobot_msgs/action/detail/arduinobot_task__struct.hpp
[10.390s] -- Up-to-date: /home/rashmika/arm4_ws/src/install/arduinobot_msgs/include/arduinobot_msgs/arduinobot_msgs/action/detail/fibonacci__builder.hpp
[10.390s] -- Up-to-date: /home/rashmika/arm4_ws/src/install/arduinobot_msgs/include/arduinobot_msgs/arduinobot_msgs/action/detail/fibonacci__type_support.hpp
[10.390s] -- Up-to-date: /home/rashmika/arm4_ws/src/install/arduinobot_msgs/include/arduinobot_msgs/arduinobot_msgs/action/fibonacci.hpp
[10.390s] -- Up-to-date: /home/rashmika/arm4_ws/src/install/arduinobot_msgs/include/arduinobot_msgs/arduinobot_msgs
[10.390s] -- Up-to-date: /home/rashmika/arm4_ws/src/install/arduinobot_msgs/include/arduinobot_msgs/arduinobot_msgs/msg
[10.391s] -- Up-to-date: /home/rashmika/arm4_ws/src/install/arduinobot_msgs/include/arduinobot_msgs/arduinobot_msgs/msg/rosidl_typesupport_fastrtps_cpp__visibility_control.h
[10.391s] -- Up-to-date: /home/rashmika/arm4_ws/src/install/arduinobot_msgs/include/arduinobot_msgs/arduinobot_msgs/srv
[10.391s] -- Up-to-date: /home/rashmika/arm4_ws/src/install/arduinobot_msgs/include/arduinobot_msgs/arduinobot_msgs/srv/detail
[10.391s] -- Up-to-date: /home/rashmika/arm4_ws/src/install/arduinobot_msgs/include/arduinobot_msgs/arduinobot_msgs/srv/detail/add_two_ints__rosidl_typesupport_fastrtps_cpp.hpp
[10.391s] -- Up-to-date: /home/rashmika/arm4_ws/src/install/arduinobot_msgs/include/arduinobot_msgs/arduinobot_msgs/srv/detail/quaternion_to_euler__rosidl_typesupport_fastrtps_cpp.hpp
[10.391s] -- Up-to-date: /home/rashmika/arm4_ws/src/install/arduinobot_msgs/include/arduinobot_msgs/arduinobot_msgs/srv/detail/euler_to_quaternion__rosidl_typesupport_fastrtps_cpp.hpp
[10.391s] -- Up-to-date: /home/rashmika/arm4_ws/src/install/arduinobot_msgs/include/arduinobot_msgs/arduinobot_msgs/srv/detail/dds_fastrtps
[10.391s] -- Up-to-date: /home/rashmika/arm4_ws/src/install/arduinobot_msgs/include/arduinobot_msgs/arduinobot_msgs/action
[10.391s] -- Up-to-date: /home/rashmika/arm4_ws/src/install/arduinobot_msgs/include/arduinobot_msgs/arduinobot_msgs/action/detail
[10.391s] -- Up-to-date: /home/rashmika/arm4_ws/src/install/arduinobot_msgs/include/arduinobot_msgs/arduinobot_msgs/action/detail/arduinobot_task__rosidl_typesupport_fastrtps_cpp.hpp
[10.391s] -- Up-to-date: /home/rashmika/arm4_ws/src/install/arduinobot_msgs/include/arduinobot_msgs/arduinobot_msgs/action/detail/dds_fastrtps
[10.391s] -- Up-to-date: /home/rashmika/arm4_ws/src/install/arduinobot_msgs/include/arduinobot_msgs/arduinobot_msgs/action/detail/fibonacci__rosidl_typesupport_fastrtps_cpp.hpp
[10.414s] -- Installing: /home/rashmika/arm4_ws/src/install/arduinobot_msgs/lib/libarduinobot_msgs__rosidl_typesupport_fastrtps_cpp.so
[10.416s] -- Set runtime path of "/home/rashmika/arm4_ws/src/install/arduinobot_msgs/lib/libarduinobot_msgs__rosidl_typesupport_fastrtps_cpp.so" to ""
[10.416s] -- Up-to-date: /home/rashmika/arm4_ws/src/install/arduinobot_msgs/include/arduinobot_msgs/arduinobot_msgs
[10.416s] -- Up-to-date: /home/rashmika/arm4_ws/src/install/arduinobot_msgs/include/arduinobot_msgs/arduinobot_msgs/msg
[10.416s] -- Up-to-date: /home/rashmika/arm4_ws/src/install/arduinobot_msgs/include/arduinobot_msgs/arduinobot_msgs/msg/rosidl_typesupport_introspection_c__visibility_control.h
[10.416s] -- Up-to-date: /home/rashmika/arm4_ws/src/install/arduinobot_msgs/include/arduinobot_msgs/arduinobot_msgs/srv
[10.416s] -- Up-to-date: /home/rashmika/arm4_ws/src/install/arduinobot_msgs/include/arduinobot_msgs/arduinobot_msgs/srv/detail
[10.417s] -- Up-to-date: /home/rashmika/arm4_ws/src/install/arduinobot_msgs/include/arduinobot_msgs/arduinobot_msgs/srv/detail/quaternion_to_euler__type_support.c
[10.417s] -- Up-to-date: /home/rashmika/arm4_ws/src/install/arduinobot_msgs/include/arduinobot_msgs/arduinobot_msgs/srv/detail/add_two_ints__type_support.c
[10.417s] -- Up-to-date: /home/rashmika/arm4_ws/src/install/arduinobot_msgs/include/arduinobot_msgs/arduinobot_msgs/srv/detail/add_two_ints__rosidl_typesupport_introspection_c.h
[10.417s] -- Up-to-date: /home/rashmika/arm4_ws/src/install/arduinobot_msgs/include/arduinobot_msgs/arduinobot_msgs/srv/detail/euler_to_quaternion__rosidl_typesupport_introspection_c.h
[10.417s] -- Up-to-date: /home/rashmika/arm4_ws/src/install/arduinobot_msgs/include/arduinobot_msgs/arduinobot_msgs/srv/detail/euler_to_quaternion__type_support.c
[10.417s] -- Up-to-date: /home/rashmika/arm4_ws/src/install/arduinobot_msgs/include/arduinobot_msgs/arduinobot_msgs/srv/detail/quaternion_to_euler__rosidl_typesupport_introspection_c.h
[10.417s] -- Up-to-date: /home/rashmika/arm4_ws/src/install/arduinobot_msgs/include/arduinobot_msgs/arduinobot_msgs/action
[10.417s] -- Up-to-date: /home/rashmika/arm4_ws/src/install/arduinobot_msgs/include/arduinobot_msgs/arduinobot_msgs/action/detail
[10.417s] -- Up-to-date: /home/rashmika/arm4_ws/src/install/arduinobot_msgs/include/arduinobot_msgs/arduinobot_msgs/action/detail/fibonacci__rosidl_typesupport_introspection_c.h
[10.417s] -- Up-to-date: /home/rashmika/arm4_ws/src/install/arduinobot_msgs/include/arduinobot_msgs/arduinobot_msgs/action/detail/arduinobot_task__type_support.c
[10.418s] -- Up-to-date: /home/rashmika/arm4_ws/src/install/arduinobot_msgs/include/arduinobot_msgs/arduinobot_msgs/action/detail/fibonacci__type_support.c
[10.418s] -- Up-to-date: /home/rashmika/arm4_ws/src/install/arduinobot_msgs/include/arduinobot_msgs/arduinobot_msgs/action/detail/arduinobot_task__rosidl_typesupport_introspection_c.h
[10.976s] -- Up-to-date: /home/rashmika/arm4_ws/src/install/arduinobot_msgs/lib/libarduinobot_msgs__rosidl_typesupport_introspection_c.so
[11.094s] -- Up-to-date: /home/rashmika/arm4_ws/src/install/arduinobot_msgs/lib/libarduinobot_msgs__rosidl_typesupport_c.so
[11.094s] -- Up-to-date: /home/rashmika/arm4_ws/src/install/arduinobot_msgs/include/arduinobot_msgs/arduinobot_msgs
[11.095s] -- Up-to-date: /home/rashmika/arm4_ws/src/install/arduinobot_msgs/include/arduinobot_msgs/arduinobot_msgs/srv
[11.095s] -- Up-to-date: /home/rashmika/arm4_ws/src/install/arduinobot_msgs/include/arduinobot_msgs/arduinobot_msgs/srv/detail
[11.095s] -- Up-to-date: /home/rashmika/arm4_ws/src/install/arduinobot_msgs/include/arduinobot_msgs/arduinobot_msgs/srv/detail/quaternion_to_euler__type_support.cpp
[11.095s] -- Up-to-date: /home/rashmika/arm4_ws/src/install/arduinobot_msgs/include/arduinobot_msgs/arduinobot_msgs/srv/detail/add_two_ints__rosidl_typesupport_introspection_cpp.hpp
[11.095s] -- Up-to-date: /home/rashmika/arm4_ws/src/install/arduinobot_msgs/include/arduinobot_msgs/arduinobot_msgs/srv/detail/euler_to_quaternion__rosidl_typesupport_introspection_cpp.hpp
[11.095s] -- Up-to-date: /home/rashmika/arm4_ws/src/install/arduinobot_msgs/include/arduinobot_msgs/arduinobot_msgs/srv/detail/euler_to_quaternion__type_support.cpp
[11.095s] -- Up-to-date: /home/rashmika/arm4_ws/src/install/arduinobot_msgs/include/arduinobot_msgs/arduinobot_msgs/srv/detail/add_two_ints__type_support.cpp
[11.095s] -- Up-to-date: /home/rashmika/arm4_ws/src/install/arduinobot_msgs/include/arduinobot_msgs/arduinobot_msgs/srv/detail/quaternion_to_euler__rosidl_typesupport_introspection_cpp.hpp
[11.095s] -- Up-to-date: /home/rashmika/arm4_ws/src/install/arduinobot_msgs/include/arduinobot_msgs/arduinobot_msgs/action
[11.095s] -- Up-to-date: /home/rashmika/arm4_ws/src/install/arduinobot_msgs/include/arduinobot_msgs/arduinobot_msgs/action/detail
[11.095s] -- Up-to-date: /home/rashmika/arm4_ws/src/install/arduinobot_msgs/include/arduinobot_msgs/arduinobot_msgs/action/detail/fibonacci__rosidl_typesupport_introspection_cpp.hpp
[11.095s] -- Up-to-date: /home/rashmika/arm4_ws/src/install/arduinobot_msgs/include/arduinobot_msgs/arduinobot_msgs/action/detail/arduinobot_task__type_support.cpp
[11.095s] -- Up-to-date: /home/rashmika/arm4_ws/src/install/arduinobot_msgs/include/arduinobot_msgs/arduinobot_msgs/action/detail/arduinobot_task__rosidl_typesupport_introspection_cpp.hpp
[11.096s] -- Up-to-date: /home/rashmika/arm4_ws/src/install/arduinobot_msgs/include/arduinobot_msgs/arduinobot_msgs/action/detail/fibonacci__type_support.cpp
[11.206s] -- Installing: /home/rashmika/arm4_ws/src/install/arduinobot_msgs/lib/libarduinobot_msgs__rosidl_typesupport_introspection_cpp.so
[11.207s] -- Set runtime path of "/home/rashmika/arm4_ws/src/install/arduinobot_msgs/lib/libarduinobot_msgs__rosidl_typesupport_introspection_cpp.so" to ""
[11.259s] -- Installing: /home/rashmika/arm4_ws/src/install/arduinobot_msgs/lib/libarduinobot_msgs__rosidl_typesupport_cpp.so
[11.259s] -- Set runtime path of "/home/rashmika/arm4_ws/src/install/arduinobot_msgs/lib/libarduinobot_msgs__rosidl_typesupport_cpp.so" to ""
[11.260s] -- Up-to-date: /home/rashmika/arm4_ws/src/install/arduinobot_msgs/share/arduinobot_msgs/environment/pythonpath.sh
[11.260s] -- Up-to-date: /home/rashmika/arm4_ws/src/install/arduinobot_msgs/share/arduinobot_msgs/environment/pythonpath.dsv
[11.260s] -- Up-to-date: /home/rashmika/arm4_ws/src/install/arduinobot_msgs/local/lib/python3.10/dist-packages/arduinobot_msgs-0.0.0-py3.10.egg-info
[11.260s] -- Installing: /home/rashmika/arm4_ws/src/install/arduinobot_msgs/local/lib/python3.10/dist-packages/arduinobot_msgs-0.0.0-py3.10.egg-info/top_level.txt
[11.260s] -- Installing: /home/rashmika/arm4_ws/src/install/arduinobot_msgs/local/lib/python3.10/dist-packages/arduinobot_msgs-0.0.0-py3.10.egg-info/PKG-INFO
[11.260s] -- Installing: /home/rashmika/arm4_ws/src/install/arduinobot_msgs/local/lib/python3.10/dist-packages/arduinobot_msgs-0.0.0-py3.10.egg-info/SOURCES.txt
[11.260s] -- Installing: /home/rashmika/arm4_ws/src/install/arduinobot_msgs/local/lib/python3.10/dist-packages/arduinobot_msgs-0.0.0-py3.10.egg-info/dependency_links.txt
[11.260s] -- Up-to-date: /home/rashmika/arm4_ws/src/install/arduinobot_msgs/local/lib/python3.10/dist-packages/arduinobot_msgs
[11.260s] -- Installing: /home/rashmika/arm4_ws/src/install/arduinobot_msgs/local/lib/python3.10/dist-packages/arduinobot_msgs/arduinobot_msgs_s__rosidl_typesupport_fastrtps_c.cpython-310-x86_64-linux-gnu.so
[11.260s] -- Up-to-date: /home/rashmika/arm4_ws/src/install/arduinobot_msgs/local/lib/python3.10/dist-packages/arduinobot_msgs/srv
[11.261s] -- Up-to-date: /home/rashmika/arm4_ws/src/install/arduinobot_msgs/local/lib/python3.10/dist-packages/arduinobot_msgs/srv/_add_two_ints.py
[11.261s] -- Up-to-date: /home/rashmika/arm4_ws/src/install/arduinobot_msgs/local/lib/python3.10/dist-packages/arduinobot_msgs/srv/__init__.py
[11.261s] -- Up-to-date: /home/rashmika/arm4_ws/src/install/arduinobot_msgs/local/lib/python3.10/dist-packages/arduinobot_msgs/srv/_quaternion_to_euler.py
[11.261s] -- Up-to-date: /home/rashmika/arm4_ws/src/install/arduinobot_msgs/local/lib/python3.10/dist-packages/arduinobot_msgs/srv/_add_two_ints_s.c
[11.261s] -- Up-to-date: /home/rashmika/arm4_ws/src/install/arduinobot_msgs/local/lib/python3.10/dist-packages/arduinobot_msgs/srv/_euler_to_quaternion.py
[11.261s] -- Up-to-date: /home/rashmika/arm4_ws/src/install/arduinobot_msgs/local/lib/python3.10/dist-packages/arduinobot_msgs/srv/_quaternion_to_euler_s.c
[11.261s] -- Up-to-date: /home/rashmika/arm4_ws/src/install/arduinobot_msgs/local/lib/python3.10/dist-packages/arduinobot_msgs/srv/_euler_to_quaternion_s.c
[11.261s] -- Up-to-date: /home/rashmika/arm4_ws/src/install/arduinobot_msgs/local/lib/python3.10/dist-packages/arduinobot_msgs/_arduinobot_msgs_s.ep.rosidl_typesupport_fastrtps_c.c
[11.262s] -- Installing: /home/rashmika/arm4_ws/src/install/arduinobot_msgs/local/lib/python3.10/dist-packages/arduinobot_msgs/arduinobot_msgs_s__rosidl_typesupport_introspection_c.cpython-310-x86_64-linux-gnu.so
[11.262s] -- Up-to-date: /home/rashmika/arm4_ws/src/install/arduinobot_msgs/local/lib/python3.10/dist-packages/arduinobot_msgs/_arduinobot_msgs_s.ep.rosidl_typesupport_c.c
[11.262s] -- Up-to-date: /home/rashmika/arm4_ws/src/install/arduinobot_msgs/local/lib/python3.10/dist-packages/arduinobot_msgs/__init__.py
[11.262s] -- Installing: /home/rashmika/arm4_ws/src/install/arduinobot_msgs/local/lib/python3.10/dist-packages/arduinobot_msgs/arduinobot_msgs_s__rosidl_typesupport_c.cpython-310-x86_64-linux-gnu.so
[11.262s] -- Up-to-date: /home/rashmika/arm4_ws/src/install/arduinobot_msgs/local/lib/python3.10/dist-packages/arduinobot_msgs/action
[11.262s] -- Up-to-date: /home/rashmika/arm4_ws/src/install/arduinobot_msgs/local/lib/python3.10/dist-packages/arduinobot_msgs/action/_arduinobot_task_s.c
[11.262s] -- Up-to-date: /home/rashmika/arm4_ws/src/install/arduinobot_msgs/local/lib/python3.10/dist-packages/arduinobot_msgs/action/_fibonacci_s.c
[11.262s] -- Up-to-date: /home/rashmika/arm4_ws/src/install/arduinobot_msgs/local/lib/python3.10/dist-packages/arduinobot_msgs/action/_arduinobot_task.py
[11.262s] -- Up-to-date: /home/rashmika/arm4_ws/src/install/arduinobot_msgs/local/lib/python3.10/dist-packages/arduinobot_msgs/action/__init__.py
[11.262s] -- Up-to-date: /home/rashmika/arm4_ws/src/install/arduinobot_msgs/local/lib/python3.10/dist-packages/arduinobot_msgs/action/_fibonacci.py
[11.263s] -- Installing: /home/rashmika/arm4_ws/src/install/arduinobot_msgs/local/lib/python3.10/dist-packages/arduinobot_msgs/libarduinobot_msgs__rosidl_generator_py.so
[11.263s] -- Up-to-date: /home/rashmika/arm4_ws/src/install/arduinobot_msgs/local/lib/python3.10/dist-packages/arduinobot_msgs/_arduinobot_msgs_s.ep.rosidl_typesupport_introspection_c.c
[11.343s] Listing '/home/rashmika/arm4_ws/src/install/arduinobot_msgs/local/lib/python3.10/dist-packages/arduinobot_msgs'...
[11.343s] Listing '/home/rashmika/arm4_ws/src/install/arduinobot_msgs/local/lib/python3.10/dist-packages/arduinobot_msgs/action'...
[11.343s] Listing '/home/rashmika/arm4_ws/src/install/arduinobot_msgs/local/lib/python3.10/dist-packages/arduinobot_msgs/srv'...
[11.348s] -- Installing: /home/rashmika/arm4_ws/src/install/arduinobot_msgs/local/lib/python3.10/dist-packages/arduinobot_msgs/arduinobot_msgs_s__rosidl_typesupport_fastrtps_c.cpython-310-x86_64-linux-gnu.so
[11.348s] -- Set runtime path of "/home/rashmika/arm4_ws/src/install/arduinobot_msgs/local/lib/python3.10/dist-packages/arduinobot_msgs/arduinobot_msgs_s__rosidl_typesupport_fastrtps_c.cpython-310-x86_64-linux-gnu.so" to ""
[11.349s] -- Installing: /home/rashmika/arm4_ws/src/install/arduinobot_msgs/local/lib/python3.10/dist-packages/arduinobot_msgs/arduinobot_msgs_s__rosidl_typesupport_introspection_c.cpython-310-x86_64-linux-gnu.so
[11.349s] -- Set runtime path of "/home/rashmika/arm4_ws/src/install/arduinobot_msgs/local/lib/python3.10/dist-packages/arduinobot_msgs/arduinobot_msgs_s__rosidl_typesupport_introspection_c.cpython-310-x86_64-linux-gnu.so" to ""
[11.349s] -- Installing: /home/rashmika/arm4_ws/src/install/arduinobot_msgs/local/lib/python3.10/dist-packages/arduinobot_msgs/arduinobot_msgs_s__rosidl_typesupport_c.cpython-310-x86_64-linux-gnu.so
[11.350s] -- Set runtime path of "/home/rashmika/arm4_ws/src/install/arduinobot_msgs/local/lib/python3.10/dist-packages/arduinobot_msgs/arduinobot_msgs_s__rosidl_typesupport_c.cpython-310-x86_64-linux-gnu.so" to ""
[11.384s] -- Installing: /home/rashmika/arm4_ws/src/install/arduinobot_msgs/lib/libarduinobot_msgs__rosidl_generator_py.so
[11.385s] -- Set runtime path of "/home/rashmika/arm4_ws/src/install/arduinobot_msgs/lib/libarduinobot_msgs__rosidl_generator_py.so" to ""
[11.386s] -- Up-to-date: /home/rashmika/arm4_ws/src/install/arduinobot_msgs/share/arduinobot_msgs/srv/AddTwoInts.idl
[11.386s] -- Up-to-date: /home/rashmika/arm4_ws/src/install/arduinobot_msgs/share/arduinobot_msgs/srv/EulerToQuaternion.idl
[11.386s] -- Up-to-date: /home/rashmika/arm4_ws/src/install/arduinobot_msgs/share/arduinobot_msgs/srv/QuaternionToEuler.idl
[11.387s] -- Up-to-date: /home/rashmika/arm4_ws/src/install/arduinobot_msgs/share/arduinobot_msgs/action/Fibonacci.idl
[11.387s] -- Up-to-date: /home/rashmika/arm4_ws/src/install/arduinobot_msgs/share/arduinobot_msgs/action/ArduinobotTask.idl
[11.387s] -- Up-to-date: /home/rashmika/arm4_ws/src/install/arduinobot_msgs/share/arduinobot_msgs/srv/AddTwoInts.srv
[11.387s] -- Up-to-date: /home/rashmika/arm4_ws/src/install/arduinobot_msgs/share/arduinobot_msgs/srv/AddTwoInts_Request.msg
[11.387s] -- Up-to-date: /home/rashmika/arm4_ws/src/install/arduinobot_msgs/share/arduinobot_msgs/srv/AddTwoInts_Response.msg
[11.387s] -- Up-to-date: /home/rashmika/arm4_ws/src/install/arduinobot_msgs/share/arduinobot_msgs/srv/EulerToQuaternion.srv
[11.387s] -- Up-to-date: /home/rashmika/arm4_ws/src/install/arduinobot_msgs/share/arduinobot_msgs/srv/EulerToQuaternion_Request.msg
[11.388s] -- Up-to-date: /home/rashmika/arm4_ws/src/install/arduinobot_msgs/share/arduinobot_msgs/srv/EulerToQuaternion_Response.msg
[11.388s] -- Up-to-date: /home/rashmika/arm4_ws/src/install/arduinobot_msgs/share/arduinobot_msgs/srv/QuaternionToEuler.srv
[11.388s] -- Up-to-date: /home/rashmika/arm4_ws/src/install/arduinobot_msgs/share/arduinobot_msgs/srv/QuaternionToEuler_Request.msg
[11.388s] -- Up-to-date: /home/rashmika/arm4_ws/src/install/arduinobot_msgs/share/arduinobot_msgs/srv/QuaternionToEuler_Response.msg
[11.388s] -- Up-to-date: /home/rashmika/arm4_ws/src/install/arduinobot_msgs/share/arduinobot_msgs/action/Fibonacci.action
[11.388s] -- Up-to-date: /home/rashmika/arm4_ws/src/install/arduinobot_msgs/share/arduinobot_msgs/action/ArduinobotTask.action
[11.388s] -- Up-to-date: /home/rashmika/arm4_ws/src/install/arduinobot_msgs/share/ament_index/resource_index/package_run_dependencies/arduinobot_msgs
[11.388s] -- Up-to-date: /home/rashmika/arm4_ws/src/install/arduinobot_msgs/share/ament_index/resource_index/parent_prefix_path/arduinobot_msgs
[11.388s] -- Up-to-date: /home/rashmika/arm4_ws/src/install/arduinobot_msgs/share/arduinobot_msgs/environment/ament_prefix_path.sh
[11.388s] -- Up-to-date: /home/rashmika/arm4_ws/src/install/arduinobot_msgs/share/arduinobot_msgs/environment/ament_prefix_path.dsv
[11.389s] -- Up-to-date: /home/rashmika/arm4_ws/src/install/arduinobot_msgs/share/arduinobot_msgs/environment/path.sh
[11.389s] -- Up-to-date: /home/rashmika/arm4_ws/src/install/arduinobot_msgs/share/arduinobot_msgs/environment/path.dsv
[11.389s] -- Up-to-date: /home/rashmika/arm4_ws/src/install/arduinobot_msgs/share/arduinobot_msgs/local_setup.bash
[11.389s] -- Up-to-date: /home/rashmika/arm4_ws/src/install/arduinobot_msgs/share/arduinobot_msgs/local_setup.sh
[11.389s] -- Up-to-date: /home/rashmika/arm4_ws/src/install/arduinobot_msgs/share/arduinobot_msgs/local_setup.zsh
[11.389s] -- Up-to-date: /home/rashmika/arm4_ws/src/install/arduinobot_msgs/share/arduinobot_msgs/local_setup.dsv
[11.389s] -- Installing: /home/rashmika/arm4_ws/src/install/arduinobot_msgs/share/arduinobot_msgs/package.dsv
[11.460s] -- Up-to-date: /home/rashmika/arm4_ws/src/install/arduinobot_msgs/share/ament_index/resource_index/packages/arduinobot_msgs
[11.493s] -- Up-to-date: /home/rashmika/arm4_ws/src/install/arduinobot_msgs/share/arduinobot_msgs/cmake/export_arduinobot_msgs__rosidl_generator_cExport.cmake
[11.493s] -- Up-to-date: /home/rashmika/arm4_ws/src/install/arduinobot_msgs/share/arduinobot_msgs/cmake/export_arduinobot_msgs__rosidl_generator_cExport-noconfig.cmake
[11.494s] -- Up-to-date: /home/rashmika/arm4_ws/src/install/arduinobot_msgs/share/arduinobot_msgs/cmake/export_arduinobot_msgs__rosidl_typesupport_fastrtps_cExport.cmake
[11.494s] -- Up-to-date: /home/rashmika/arm4_ws/src/install/arduinobot_msgs/share/arduinobot_msgs/cmake/export_arduinobot_msgs__rosidl_typesupport_fastrtps_cExport-noconfig.cmake
[11.495s] -- Up-to-date: /home/rashmika/arm4_ws/src/install/arduinobot_msgs/share/arduinobot_msgs/cmake/export_arduinobot_msgs__rosidl_generator_cppExport.cmake
[11.496s] -- Up-to-date: /home/rashmika/arm4_ws/src/install/arduinobot_msgs/share/arduinobot_msgs/cmake/export_arduinobot_msgs__rosidl_typesupport_fastrtps_cppExport.cmake
[11.496s] -- Up-to-date: /home/rashmika/arm4_ws/src/install/arduinobot_msgs/share/arduinobot_msgs/cmake/export_arduinobot_msgs__rosidl_typesupport_fastrtps_cppExport-noconfig.cmake
[11.497s] -- Up-to-date: /home/rashmika/arm4_ws/src/install/arduinobot_msgs/share/arduinobot_msgs/cmake/arduinobot_msgs__rosidl_typesupport_introspection_cExport.cmake
[11.498s] -- Up-to-date: /home/rashmika/arm4_ws/src/install/arduinobot_msgs/share/arduinobot_msgs/cmake/arduinobot_msgs__rosidl_typesupport_introspection_cExport-noconfig.cmake
[11.498s] -- Up-to-date: /home/rashmika/arm4_ws/src/install/arduinobot_msgs/share/arduinobot_msgs/cmake/arduinobot_msgs__rosidl_typesupport_cExport.cmake
[11.498s] -- Up-to-date: /home/rashmika/arm4_ws/src/install/arduinobot_msgs/share/arduinobot_msgs/cmake/arduinobot_msgs__rosidl_typesupport_cExport-noconfig.cmake
[11.500s] -- Up-to-date: /home/rashmika/arm4_ws/src/install/arduinobot_msgs/share/arduinobot_msgs/cmake/arduinobot_msgs__rosidl_typesupport_introspection_cppExport.cmake
[11.500s] -- Up-to-date: /home/rashmika/arm4_ws/src/install/arduinobot_msgs/share/arduinobot_msgs/cmake/arduinobot_msgs__rosidl_typesupport_introspection_cppExport-noconfig.cmake
[11.501s] -- Up-to-date: /home/rashmika/arm4_ws/src/install/arduinobot_msgs/share/arduinobot_msgs/cmake/arduinobot_msgs__rosidl_typesupport_cppExport.cmake
[11.501s] -- Up-to-date: /home/rashmika/arm4_ws/src/install/arduinobot_msgs/share/arduinobot_msgs/cmake/arduinobot_msgs__rosidl_typesupport_cppExport-noconfig.cmake
[11.502s] -- Up-to-date: /home/rashmika/arm4_ws/src/install/arduinobot_msgs/share/arduinobot_msgs/cmake/export_arduinobot_msgs__rosidl_generator_pyExport.cmake
[11.502s] -- Up-to-date: /home/rashmika/arm4_ws/src/install/arduinobot_msgs/share/arduinobot_msgs/cmake/export_arduinobot_msgs__rosidl_generator_pyExport-noconfig.cmake
[11.502s] -- Up-to-date: /home/rashmika/arm4_ws/src/install/arduinobot_msgs/share/arduinobot_msgs/cmake/rosidl_cmake-extras.cmake
[11.502s] -- Up-to-date: /home/rashmika/arm4_ws/src/install/arduinobot_msgs/share/arduinobot_msgs/cmake/ament_cmake_export_dependencies-extras.cmake
[11.502s] -- Up-to-date: /home/rashmika/arm4_ws/src/install/arduinobot_msgs/share/arduinobot_msgs/cmake/ament_cmake_export_include_directories-extras.cmake
[11.503s] -- Up-to-date: /home/rashmika/arm4_ws/src/install/arduinobot_msgs/share/arduinobot_msgs/cmake/ament_cmake_export_libraries-extras.cmake
[11.503s] -- Up-to-date: /home/rashmika/arm4_ws/src/install/arduinobot_msgs/share/arduinobot_msgs/cmake/ament_cmake_export_targets-extras.cmake
[11.503s] -- Up-to-date: /home/rashmika/arm4_ws/src/install/arduinobot_msgs/share/arduinobot_msgs/cmake/rosidl_cmake_export_typesupport_targets-extras.cmake
[11.503s] -- Up-to-date: /home/rashmika/arm4_ws/src/install/arduinobot_msgs/share/arduinobot_msgs/cmake/rosidl_cmake_export_typesupport_libraries-extras.cmake
[11.503s] -- Up-to-date: /home/rashmika/arm4_ws/src/install/arduinobot_msgs/share/arduinobot_msgs/cmake/arduinobot_msgsConfig.cmake
[11.503s] -- Up-to-date: /home/rashmika/arm4_ws/src/install/arduinobot_msgs/share/arduinobot_msgs/cmake/arduinobot_msgsConfig-version.cmake
[11.503s] -- Up-to-date: /home/rashmika/arm4_ws/src/install/arduinobot_msgs/share/arduinobot_msgs/package.xml
[11.506s] Invoked command in '/home/rashmika/arm4_ws/src/build/arduinobot_msgs' returned '0': CMAKE_PREFIX_PATH=${CMAKE_PREFIX_PATH}:/home/rashmika/arm4_ws/src/install/arm_control_py:/home/rashmika/arm4_ws/src/install/arduinobot_python:/home/rashmika/arm4_ws/install/arm_control_py:/home/rashmika/arm4_ws/install/arduinobot_python:/home/rashmika/turtlebot3_ws/install/turtlebot3_teleop:/home/rashmika/turtlebot3_ws/install/turtlebot3_example:/opt/ros/humble /usr/bin/cmake --install /home/rashmika/arm4_ws/src/build/arduinobot_msgs
