[0.038s] Invoking command in '/home/rashmika/arm4_ws/src/build/arduinobot_msgs': CMAKE_PREFIX_PATH=${CMAKE_PREFIX_PATH}:/home/rashmika/arm4_ws/install/arm_control_py:/home/rashmika/arm4_ws/install/arduinobot_python:/home/rashmika/turtlebot3_ws/install/turtlebot3_teleop:/home/rashmika/turtlebot3_ws/install/turtlebot3_example:/opt/ros/humble /usr/bin/cmake --build /home/rashmika/arm4_ws/src/build/arduinobot_msgs -- -j8 -l8
[0.395s] [35m[1mConsolidate compiler generated dependencies of target arduinobot_msgs__rosidl_generator_c[0m
[0.395s] [  1%] Built target arduinobot_msgs__cpp
[0.395s] [ 12%] Built target arduinobot_msgs__rosidl_generator_c
[0.395s] [ 12%] Built target ament_cmake_python_copy_arduinobot_msgs
[0.395s] [35m[1mConsolidate compiler generated dependencies of target arduinobot_msgs__rosidl_typesupport_cpp[0m
[0.396s] [35m[1mConsolidate compiler generated dependencies of target arduinobot_msgs__rosidl_typesupport_fastrtps_c[0m
[0.396s] [35m[1mConsolidate compiler generated dependencies of target arduinobot_msgs__rosidl_typesupport_introspection_c[0m
[0.396s] [35m[1mConsolidate compiler generated dependencies of target arduinobot_msgs__rosidl_typesupport_fastrtps_cpp[0m
[0.397s] [35m[1mConsolidate compiler generated dependencies of target arduinobot_msgs__rosidl_typesupport_c[0m
[0.397s] [35m[1mConsolidate compiler generated dependencies of target arduinobot_msgs__rosidl_typesupport_introspection_cpp[0m
[0.397s] [ 23%] Built target arduinobot_msgs__rosidl_typesupport_introspection_c
[0.397s] [ 34%] Built target arduinobot_msgs__rosidl_typesupport_c
[0.397s] [ 49%] Built target arduinobot_msgs__rosidl_typesupport_fastrtps_cpp
[0.398s] [ 57%] Built target arduinobot_msgs__rosidl_typesupport_cpp
[0.398s] [ 68%] Built target arduinobot_msgs__rosidl_typesupport_fastrtps_c
[0.398s] [ 79%] Built target arduinobot_msgs__rosidl_typesupport_introspection_cpp
[0.398s] [ 79%] Built target arduinobot_msgs
[0.398s] [ 80%] Built target arduinobot_msgs__py
[0.398s] [35m[1mConsolidate compiler generated dependencies of target arduinobot_msgs__rosidl_generator_py[0m
[0.398s] [ 90%] Built target arduinobot_msgs__rosidl_generator_py
[0.399s] [35m[1mConsolidate compiler generated dependencies of target arduinobot_msgs__rosidl_typesupport_c__pyext[0m
[0.399s] [35m[1mConsolidate compiler generated dependencies of target arduinobot_msgs__rosidl_typesupport_introspection_c__pyext[0m
[0.399s] [35m[1mConsolidate compiler generated dependencies of target arduinobot_msgs__rosidl_typesupport_fastrtps_c__pyext[0m
[0.399s] [ 93%] Built target arduinobot_msgs__rosidl_typesupport_c__pyext
[0.400s] [ 96%] Built target arduinobot_msgs__rosidl_typesupport_fastrtps_c__pyext
[0.400s] [100%] Built target arduinobot_msgs__rosidl_typesupport_introspection_c__pyext
[0.420s] running egg_info
[0.420s] writing arduinobot_msgs.egg-info/PKG-INFO
[0.420s] writing dependency_links to arduinobot_msgs.egg-info/dependency_links.txt
[0.420s] writing top-level names to arduinobot_msgs.egg-info/top_level.txt
[0.573s] reading manifest file 'arduinobot_msgs.egg-info/SOURCES.txt'
[0.574s] writing manifest file 'arduinobot_msgs.egg-info/SOURCES.txt'
[0.674s] [100%] Built target ament_cmake_python_build_arduinobot_msgs_egg
[0.719s] Invoked command in '/home/rashmika/arm4_ws/src/build/arduinobot_msgs' returned '0': CMAKE_PREFIX_PATH=${CMAKE_PREFIX_PATH}:/home/rashmika/arm4_ws/install/arm_control_py:/home/rashmika/arm4_ws/install/arduinobot_python:/home/rashmika/turtlebot3_ws/install/turtlebot3_teleop:/home/rashmika/turtlebot3_ws/install/turtlebot3_example:/opt/ros/humble /usr/bin/cmake --build /home/rashmika/arm4_ws/src/build/arduinobot_msgs -- -j8 -l8
[0.723s] Invoking command in '/home/rashmika/arm4_ws/src/build/arduinobot_msgs': CMAKE_PREFIX_PATH=${CMAKE_PREFIX_PATH}:/home/rashmika/arm4_ws/install/arm_control_py:/home/rashmika/arm4_ws/install/arduinobot_python:/home/rashmika/turtlebot3_ws/install/turtlebot3_teleop:/home/rashmika/turtlebot3_ws/install/turtlebot3_example:/opt/ros/humble /usr/bin/cmake --install /home/rashmika/arm4_ws/src/build/arduinobot_msgs
[0.726s] -- Install configuration: ""
[0.726s] -- Up-to-date: /home/rashmika/arm4_ws/src/install/arduinobot_msgs/share/ament_index/resource_index/rosidl_interfaces/arduinobot_msgs
[0.726s] -- Up-to-date: /home/rashmika/arm4_ws/src/install/arduinobot_msgs/include/arduinobot_msgs/arduinobot_msgs
[0.727s] -- Up-to-date: /home/rashmika/arm4_ws/src/install/arduinobot_msgs/include/arduinobot_msgs/arduinobot_msgs/msg
[0.727s] -- Up-to-date: /home/rashmika/arm4_ws/src/install/arduinobot_msgs/include/arduinobot_msgs/arduinobot_msgs/msg/rosidl_generator_c__visibility_control.h
[0.728s] -- Up-to-date: /home/rashmika/arm4_ws/src/install/arduinobot_msgs/include/arduinobot_msgs/arduinobot_msgs/srv
[0.728s] -- Up-to-date: /home/rashmika/arm4_ws/src/install/arduinobot_msgs/include/arduinobot_msgs/arduinobot_msgs/srv/euler_to_quaternion.h
[0.728s] -- Up-to-date: /home/rashmika/arm4_ws/src/install/arduinobot_msgs/include/arduinobot_msgs/arduinobot_msgs/srv/add_two_ints.h
[0.728s] -- Up-to-date: /home/rashmika/arm4_ws/src/install/arduinobot_msgs/include/arduinobot_msgs/arduinobot_msgs/srv/quaternion_to_euler.h
[0.728s] -- Up-to-date: /home/rashmika/arm4_ws/src/install/arduinobot_msgs/include/arduinobot_msgs/arduinobot_msgs/srv/detail
[0.728s] -- Up-to-date: /home/rashmika/arm4_ws/src/install/arduinobot_msgs/include/arduinobot_msgs/arduinobot_msgs/srv/detail/quaternion_to_euler__struct.h
[0.728s] -- Up-to-date: /home/rashmika/arm4_ws/src/install/arduinobot_msgs/include/arduinobot_msgs/arduinobot_msgs/srv/detail/add_two_ints__type_support.h
[0.729s] -- Up-to-date: /home/rashmika/arm4_ws/src/install/arduinobot_msgs/include/arduinobot_msgs/arduinobot_msgs/srv/detail/euler_to_quaternion__type_support.h
[0.729s] -- Up-to-date: /home/rashmika/arm4_ws/src/install/arduinobot_msgs/include/arduinobot_msgs/arduinobot_msgs/srv/detail/euler_to_quaternion__struct.h
[0.729s] -- Up-to-date: /home/rashmika/arm4_ws/src/install/arduinobot_msgs/include/arduinobot_msgs/arduinobot_msgs/srv/detail/add_two_ints__functions.c
[0.729s] -- Up-to-date: /home/rashmika/arm4_ws/src/install/arduinobot_msgs/include/arduinobot_msgs/arduinobot_msgs/srv/detail/euler_to_quaternion__functions.h
[0.729s] -- Up-to-date: /home/rashmika/arm4_ws/src/install/arduinobot_msgs/include/arduinobot_msgs/arduinobot_msgs/srv/detail/euler_to_quaternion__functions.c
[0.729s] -- Up-to-date: /home/rashmika/arm4_ws/src/install/arduinobot_msgs/include/arduinobot_msgs/arduinobot_msgs/srv/detail/add_two_ints__struct.h
[0.729s] -- Up-to-date: /home/rashmika/arm4_ws/src/install/arduinobot_msgs/include/arduinobot_msgs/arduinobot_msgs/srv/detail/quaternion_to_euler__functions.h
[0.729s] -- Up-to-date: /home/rashmika/arm4_ws/src/install/arduinobot_msgs/include/arduinobot_msgs/arduinobot_msgs/srv/detail/add_two_ints__functions.h
[0.730s] -- Up-to-date: /home/rashmika/arm4_ws/src/install/arduinobot_msgs/include/arduinobot_msgs/arduinobot_msgs/srv/detail/quaternion_to_euler__functions.c
[0.730s] -- Up-to-date: /home/rashmika/arm4_ws/src/install/arduinobot_msgs/include/arduinobot_msgs/arduinobot_msgs/srv/detail/quaternion_to_euler__type_support.h
[0.730s] -- Up-to-date: /home/rashmika/arm4_ws/src/install/arduinobot_msgs/include/arduinobot_msgs/arduinobot_msgs/action
[0.730s] -- Up-to-date: /home/rashmika/arm4_ws/src/install/arduinobot_msgs/include/arduinobot_msgs/arduinobot_msgs/action/detail
[0.730s] -- Up-to-date: /home/rashmika/arm4_ws/src/install/arduinobot_msgs/include/arduinobot_msgs/arduinobot_msgs/action/detail/arduinobot_task__struct.h
[0.730s] -- Up-to-date: /home/rashmika/arm4_ws/src/install/arduinobot_msgs/include/arduinobot_msgs/arduinobot_msgs/action/detail/fibonacci__type_support.h
[0.730s] -- Up-to-date: /home/rashmika/arm4_ws/src/install/arduinobot_msgs/include/arduinobot_msgs/arduinobot_msgs/action/detail/arduinobot_task__functions.h
[0.731s] -- Up-to-date: /home/rashmika/arm4_ws/src/install/arduinobot_msgs/include/arduinobot_msgs/arduinobot_msgs/action/detail/fibonacci__struct.h
[0.731s] -- Up-to-date: /home/rashmika/arm4_ws/src/install/arduinobot_msgs/include/arduinobot_msgs/arduinobot_msgs/action/detail/arduinobot_task__type_support.h
[0.731s] -- Up-to-date: /home/rashmika/arm4_ws/src/install/arduinobot_msgs/include/arduinobot_msgs/arduinobot_msgs/action/detail/arduinobot_task__functions.c
[0.731s] -- Up-to-date: /home/rashmika/arm4_ws/src/install/arduinobot_msgs/include/arduinobot_msgs/arduinobot_msgs/action/detail/fibonacci__functions.h
[0.731s] -- Up-to-date: /home/rashmika/arm4_ws/src/install/arduinobot_msgs/include/arduinobot_msgs/arduinobot_msgs/action/detail/fibonacci__functions.c
[0.731s] -- Up-to-date: /home/rashmika/arm4_ws/src/install/arduinobot_msgs/include/arduinobot_msgs/arduinobot_msgs/action/arduinobot_task.h
[0.731s] -- Up-to-date: /home/rashmika/arm4_ws/src/install/arduinobot_msgs/include/arduinobot_msgs/arduinobot_msgs/action/fibonacci.h
[0.731s] -- Up-to-date: /home/rashmika/arm4_ws/src/install/arduinobot_msgs/share/arduinobot_msgs/environment/library_path.sh
[0.732s] -- Up-to-date: /home/rashmika/arm4_ws/src/install/arduinobot_msgs/share/arduinobot_msgs/environment/library_path.dsv
[0.732s] -- Up-to-date: /home/rashmika/arm4_ws/src/install/arduinobot_msgs/lib/libarduinobot_msgs__rosidl_generator_c.so
[0.732s] -- Up-to-date: /home/rashmika/arm4_ws/src/install/arduinobot_msgs/include/arduinobot_msgs/arduinobot_msgs
[0.732s] -- Up-to-date: /home/rashmika/arm4_ws/src/install/arduinobot_msgs/include/arduinobot_msgs/arduinobot_msgs/msg
[0.732s] -- Up-to-date: /home/rashmika/arm4_ws/src/install/arduinobot_msgs/include/arduinobot_msgs/arduinobot_msgs/msg/rosidl_typesupport_fastrtps_c__visibility_control.h
[0.732s] -- Up-to-date: /home/rashmika/arm4_ws/src/install/arduinobot_msgs/include/arduinobot_msgs/arduinobot_msgs/srv
[0.733s] -- Up-to-date: /home/rashmika/arm4_ws/src/install/arduinobot_msgs/include/arduinobot_msgs/arduinobot_msgs/srv/detail
[0.733s] -- Up-to-date: /home/rashmika/arm4_ws/src/install/arduinobot_msgs/include/arduinobot_msgs/arduinobot_msgs/srv/detail/euler_to_quaternion__rosidl_typesupport_fastrtps_c.h
[0.733s] -- Up-to-date: /home/rashmika/arm4_ws/src/install/arduinobot_msgs/include/arduinobot_msgs/arduinobot_msgs/srv/detail/quaternion_to_euler__rosidl_typesupport_fastrtps_c.h
[0.733s] -- Up-to-date: /home/rashmika/arm4_ws/src/install/arduinobot_msgs/include/arduinobot_msgs/arduinobot_msgs/srv/detail/add_two_ints__rosidl_typesupport_fastrtps_c.h
[0.733s] -- Up-to-date: /home/rashmika/arm4_ws/src/install/arduinobot_msgs/include/arduinobot_msgs/arduinobot_msgs/action
[0.733s] -- Up-to-date: /home/rashmika/arm4_ws/src/install/arduinobot_msgs/include/arduinobot_msgs/arduinobot_msgs/action/detail
[0.733s] -- Up-to-date: /home/rashmika/arm4_ws/src/install/arduinobot_msgs/include/arduinobot_msgs/arduinobot_msgs/action/detail/fibonacci__rosidl_typesupport_fastrtps_c.h
[0.734s] -- Up-to-date: /home/rashmika/arm4_ws/src/install/arduinobot_msgs/include/arduinobot_msgs/arduinobot_msgs/action/detail/arduinobot_task__rosidl_typesupport_fastrtps_c.h
[0.734s] -- Up-to-date: /home/rashmika/arm4_ws/src/install/arduinobot_msgs/lib/libarduinobot_msgs__rosidl_typesupport_fastrtps_c.so
[0.734s] -- Up-to-date: /home/rashmika/arm4_ws/src/install/arduinobot_msgs/include/arduinobot_msgs/arduinobot_msgs
[0.734s] -- Up-to-date: /home/rashmika/arm4_ws/src/install/arduinobot_msgs/include/arduinobot_msgs/arduinobot_msgs/msg
[0.734s] -- Up-to-date: /home/rashmika/arm4_ws/src/install/arduinobot_msgs/include/arduinobot_msgs/arduinobot_msgs/msg/rosidl_generator_cpp__visibility_control.hpp
[0.734s] -- Up-to-date: /home/rashmika/arm4_ws/src/install/arduinobot_msgs/include/arduinobot_msgs/arduinobot_msgs/srv
[0.735s] -- Up-to-date: /home/rashmika/arm4_ws/src/install/arduinobot_msgs/include/arduinobot_msgs/arduinobot_msgs/srv/detail
[0.735s] -- Up-to-date: /home/rashmika/arm4_ws/src/install/arduinobot_msgs/include/arduinobot_msgs/arduinobot_msgs/srv/detail/quaternion_to_euler__type_support.hpp
[0.735s] -- Up-to-date: /home/rashmika/arm4_ws/src/install/arduinobot_msgs/include/arduinobot_msgs/arduinobot_msgs/srv/detail/add_two_ints__traits.hpp
[0.735s] -- Up-to-date: /home/rashmika/arm4_ws/src/install/arduinobot_msgs/include/arduinobot_msgs/arduinobot_msgs/srv/detail/add_two_ints__builder.hpp
[0.735s] -- Up-to-date: /home/rashmika/arm4_ws/src/install/arduinobot_msgs/include/arduinobot_msgs/arduinobot_msgs/srv/detail/euler_to_quaternion__traits.hpp
[0.735s] -- Up-to-date: /home/rashmika/arm4_ws/src/install/arduinobot_msgs/include/arduinobot_msgs/arduinobot_msgs/srv/detail/quaternion_to_euler__builder.hpp
[0.735s] -- Up-to-date: /home/rashmika/arm4_ws/src/install/arduinobot_msgs/include/arduinobot_msgs/arduinobot_msgs/srv/detail/euler_to_quaternion__builder.hpp
[0.735s] -- Up-to-date: /home/rashmika/arm4_ws/src/install/arduinobot_msgs/include/arduinobot_msgs/arduinobot_msgs/srv/detail/add_two_ints__struct.hpp
[0.735s] -- Up-to-date: /home/rashmika/arm4_ws/src/install/arduinobot_msgs/include/arduinobot_msgs/arduinobot_msgs/srv/detail/quaternion_to_euler__struct.hpp
[0.735s] -- Up-to-date: /home/rashmika/arm4_ws/src/install/arduinobot_msgs/include/arduinobot_msgs/arduinobot_msgs/srv/detail/euler_to_quaternion__struct.hpp
[0.736s] -- Up-to-date: /home/rashmika/arm4_ws/src/install/arduinobot_msgs/include/arduinobot_msgs/arduinobot_msgs/srv/detail/euler_to_quaternion__type_support.hpp
[0.736s] -- Up-to-date: /home/rashmika/arm4_ws/src/install/arduinobot_msgs/include/arduinobot_msgs/arduinobot_msgs/srv/detail/quaternion_to_euler__traits.hpp
[0.736s] -- Up-to-date: /home/rashmika/arm4_ws/src/install/arduinobot_msgs/include/arduinobot_msgs/arduinobot_msgs/srv/detail/add_two_ints__type_support.hpp
[0.737s] -- Up-to-date: /home/rashmika/arm4_ws/src/install/arduinobot_msgs/include/arduinobot_msgs/arduinobot_msgs/srv/add_two_ints.hpp
[0.737s] -- Up-to-date: /home/rashmika/arm4_ws/src/install/arduinobot_msgs/include/arduinobot_msgs/arduinobot_msgs/srv/quaternion_to_euler.hpp
[0.737s] -- Up-to-date: /home/rashmika/arm4_ws/src/install/arduinobot_msgs/include/arduinobot_msgs/arduinobot_msgs/srv/euler_to_quaternion.hpp
[0.737s] -- Up-to-date: /home/rashmika/arm4_ws/src/install/arduinobot_msgs/include/arduinobot_msgs/arduinobot_msgs/action
[0.737s] -- Up-to-date: /home/rashmika/arm4_ws/src/install/arduinobot_msgs/include/arduinobot_msgs/arduinobot_msgs/action/arduinobot_task.hpp
[0.738s] -- Up-to-date: /home/rashmika/arm4_ws/src/install/arduinobot_msgs/include/arduinobot_msgs/arduinobot_msgs/action/detail
[0.738s] -- Up-to-date: /home/rashmika/arm4_ws/src/install/arduinobot_msgs/include/arduinobot_msgs/arduinobot_msgs/action/detail/fibonacci__traits.hpp
[0.738s] -- Up-to-date: /home/rashmika/arm4_ws/src/install/arduinobot_msgs/include/arduinobot_msgs/arduinobot_msgs/action/detail/arduinobot_task__builder.hpp
[0.738s] -- Up-to-date: /home/rashmika/arm4_ws/src/install/arduinobot_msgs/include/arduinobot_msgs/arduinobot_msgs/action/detail/fibonacci__struct.hpp
[0.738s] -- Up-to-date: /home/rashmika/arm4_ws/src/install/arduinobot_msgs/include/arduinobot_msgs/arduinobot_msgs/action/detail/arduinobot_task__type_support.hpp
[0.738s] -- Up-to-date: /home/rashmika/arm4_ws/src/install/arduinobot_msgs/include/arduinobot_msgs/arduinobot_msgs/action/detail/arduinobot_task__traits.hpp
[0.738s] -- Up-to-date: /home/rashmika/arm4_ws/src/install/arduinobot_msgs/include/arduinobot_msgs/arduinobot_msgs/action/detail/arduinobot_task__struct.hpp
[0.738s] -- Up-to-date: /home/rashmika/arm4_ws/src/install/arduinobot_msgs/include/arduinobot_msgs/arduinobot_msgs/action/detail/fibonacci__builder.hpp
[0.738s] -- Up-to-date: /home/rashmika/arm4_ws/src/install/arduinobot_msgs/include/arduinobot_msgs/arduinobot_msgs/action/detail/fibonacci__type_support.hpp
[0.739s] -- Up-to-date: /home/rashmika/arm4_ws/src/install/arduinobot_msgs/include/arduinobot_msgs/arduinobot_msgs/action/fibonacci.hpp
[0.739s] -- Up-to-date: /home/rashmika/arm4_ws/src/install/arduinobot_msgs/include/arduinobot_msgs/arduinobot_msgs
[0.739s] -- Up-to-date: /home/rashmika/arm4_ws/src/install/arduinobot_msgs/include/arduinobot_msgs/arduinobot_msgs/msg
[0.739s] -- Up-to-date: /home/rashmika/arm4_ws/src/install/arduinobot_msgs/include/arduinobot_msgs/arduinobot_msgs/msg/rosidl_typesupport_fastrtps_cpp__visibility_control.h
[0.739s] -- Up-to-date: /home/rashmika/arm4_ws/src/install/arduinobot_msgs/include/arduinobot_msgs/arduinobot_msgs/srv
[0.739s] -- Up-to-date: /home/rashmika/arm4_ws/src/install/arduinobot_msgs/include/arduinobot_msgs/arduinobot_msgs/srv/detail
[0.740s] -- Up-to-date: /home/rashmika/arm4_ws/src/install/arduinobot_msgs/include/arduinobot_msgs/arduinobot_msgs/srv/detail/add_two_ints__rosidl_typesupport_fastrtps_cpp.hpp
[0.740s] -- Up-to-date: /home/rashmika/arm4_ws/src/install/arduinobot_msgs/include/arduinobot_msgs/arduinobot_msgs/srv/detail/quaternion_to_euler__rosidl_typesupport_fastrtps_cpp.hpp
[0.740s] -- Up-to-date: /home/rashmika/arm4_ws/src/install/arduinobot_msgs/include/arduinobot_msgs/arduinobot_msgs/srv/detail/euler_to_quaternion__rosidl_typesupport_fastrtps_cpp.hpp
[0.740s] -- Up-to-date: /home/rashmika/arm4_ws/src/install/arduinobot_msgs/include/arduinobot_msgs/arduinobot_msgs/srv/detail/dds_fastrtps
[0.740s] -- Up-to-date: /home/rashmika/arm4_ws/src/install/arduinobot_msgs/include/arduinobot_msgs/arduinobot_msgs/action
[0.740s] -- Up-to-date: /home/rashmika/arm4_ws/src/install/arduinobot_msgs/include/arduinobot_msgs/arduinobot_msgs/action/detail
[0.740s] -- Up-to-date: /home/rashmika/arm4_ws/src/install/arduinobot_msgs/include/arduinobot_msgs/arduinobot_msgs/action/detail/arduinobot_task__rosidl_typesupport_fastrtps_cpp.hpp
[0.741s] -- Up-to-date: /home/rashmika/arm4_ws/src/install/arduinobot_msgs/include/arduinobot_msgs/arduinobot_msgs/action/detail/dds_fastrtps
[0.741s] -- Up-to-date: /home/rashmika/arm4_ws/src/install/arduinobot_msgs/include/arduinobot_msgs/arduinobot_msgs/action/detail/fibonacci__rosidl_typesupport_fastrtps_cpp.hpp
[0.741s] -- Up-to-date: /home/rashmika/arm4_ws/src/install/arduinobot_msgs/lib/libarduinobot_msgs__rosidl_typesupport_fastrtps_cpp.so
[0.741s] -- Up-to-date: /home/rashmika/arm4_ws/src/install/arduinobot_msgs/include/arduinobot_msgs/arduinobot_msgs
[0.741s] -- Up-to-date: /home/rashmika/arm4_ws/src/install/arduinobot_msgs/include/arduinobot_msgs/arduinobot_msgs/msg
[0.741s] -- Up-to-date: /home/rashmika/arm4_ws/src/install/arduinobot_msgs/include/arduinobot_msgs/arduinobot_msgs/msg/rosidl_typesupport_introspection_c__visibility_control.h
[0.741s] -- Up-to-date: /home/rashmika/arm4_ws/src/install/arduinobot_msgs/include/arduinobot_msgs/arduinobot_msgs/srv
[0.741s] -- Up-to-date: /home/rashmika/arm4_ws/src/install/arduinobot_msgs/include/arduinobot_msgs/arduinobot_msgs/srv/detail
[0.741s] -- Up-to-date: /home/rashmika/arm4_ws/src/install/arduinobot_msgs/include/arduinobot_msgs/arduinobot_msgs/srv/detail/quaternion_to_euler__type_support.c
[0.742s] -- Up-to-date: /home/rashmika/arm4_ws/src/install/arduinobot_msgs/include/arduinobot_msgs/arduinobot_msgs/srv/detail/add_two_ints__type_support.c
[0.742s] -- Up-to-date: /home/rashmika/arm4_ws/src/install/arduinobot_msgs/include/arduinobot_msgs/arduinobot_msgs/srv/detail/add_two_ints__rosidl_typesupport_introspection_c.h
[0.742s] -- Up-to-date: /home/rashmika/arm4_ws/src/install/arduinobot_msgs/include/arduinobot_msgs/arduinobot_msgs/srv/detail/euler_to_quaternion__rosidl_typesupport_introspection_c.h
[0.742s] -- Up-to-date: /home/rashmika/arm4_ws/src/install/arduinobot_msgs/include/arduinobot_msgs/arduinobot_msgs/srv/detail/euler_to_quaternion__type_support.c
[0.742s] -- Up-to-date: /home/rashmika/arm4_ws/src/install/arduinobot_msgs/include/arduinobot_msgs/arduinobot_msgs/srv/detail/quaternion_to_euler__rosidl_typesupport_introspection_c.h
[0.742s] -- Up-to-date: /home/rashmika/arm4_ws/src/install/arduinobot_msgs/include/arduinobot_msgs/arduinobot_msgs/action
[0.742s] -- Up-to-date: /home/rashmika/arm4_ws/src/install/arduinobot_msgs/include/arduinobot_msgs/arduinobot_msgs/action/detail
[0.742s] -- Up-to-date: /home/rashmika/arm4_ws/src/install/arduinobot_msgs/include/arduinobot_msgs/arduinobot_msgs/action/detail/fibonacci__rosidl_typesupport_introspection_c.h
[0.742s] -- Up-to-date: /home/rashmika/arm4_ws/src/install/arduinobot_msgs/include/arduinobot_msgs/arduinobot_msgs/action/detail/arduinobot_task__type_support.c
[0.743s] -- Up-to-date: /home/rashmika/arm4_ws/src/install/arduinobot_msgs/include/arduinobot_msgs/arduinobot_msgs/action/detail/fibonacci__type_support.c
[0.743s] -- Up-to-date: /home/rashmika/arm4_ws/src/install/arduinobot_msgs/include/arduinobot_msgs/arduinobot_msgs/action/detail/arduinobot_task__rosidl_typesupport_introspection_c.h
[0.743s] -- Up-to-date: /home/rashmika/arm4_ws/src/install/arduinobot_msgs/lib/libarduinobot_msgs__rosidl_typesupport_introspection_c.so
[0.743s] -- Up-to-date: /home/rashmika/arm4_ws/src/install/arduinobot_msgs/lib/libarduinobot_msgs__rosidl_typesupport_c.so
[0.743s] -- Up-to-date: /home/rashmika/arm4_ws/src/install/arduinobot_msgs/include/arduinobot_msgs/arduinobot_msgs
[0.743s] -- Up-to-date: /home/rashmika/arm4_ws/src/install/arduinobot_msgs/include/arduinobot_msgs/arduinobot_msgs/srv
[0.743s] -- Up-to-date: /home/rashmika/arm4_ws/src/install/arduinobot_msgs/include/arduinobot_msgs/arduinobot_msgs/srv/detail
[0.743s] -- Up-to-date: /home/rashmika/arm4_ws/src/install/arduinobot_msgs/include/arduinobot_msgs/arduinobot_msgs/srv/detail/quaternion_to_euler__type_support.cpp
[0.744s] -- Up-to-date: /home/rashmika/arm4_ws/src/install/arduinobot_msgs/include/arduinobot_msgs/arduinobot_msgs/srv/detail/add_two_ints__rosidl_typesupport_introspection_cpp.hpp
[0.744s] -- Up-to-date: /home/rashmika/arm4_ws/src/install/arduinobot_msgs/include/arduinobot_msgs/arduinobot_msgs/srv/detail/euler_to_quaternion__rosidl_typesupport_introspection_cpp.hpp
[0.744s] -- Up-to-date: /home/rashmika/arm4_ws/src/install/arduinobot_msgs/include/arduinobot_msgs/arduinobot_msgs/srv/detail/euler_to_quaternion__type_support.cpp
[0.744s] -- Up-to-date: /home/rashmika/arm4_ws/src/install/arduinobot_msgs/include/arduinobot_msgs/arduinobot_msgs/srv/detail/add_two_ints__type_support.cpp
[0.744s] -- Up-to-date: /home/rashmika/arm4_ws/src/install/arduinobot_msgs/include/arduinobot_msgs/arduinobot_msgs/srv/detail/quaternion_to_euler__rosidl_typesupport_introspection_cpp.hpp
[0.744s] -- Up-to-date: /home/rashmika/arm4_ws/src/install/arduinobot_msgs/include/arduinobot_msgs/arduinobot_msgs/action
[0.744s] -- Up-to-date: /home/rashmika/arm4_ws/src/install/arduinobot_msgs/include/arduinobot_msgs/arduinobot_msgs/action/detail
[0.744s] -- Up-to-date: /home/rashmika/arm4_ws/src/install/arduinobot_msgs/include/arduinobot_msgs/arduinobot_msgs/action/detail/fibonacci__rosidl_typesupport_introspection_cpp.hpp
[0.745s] -- Up-to-date: /home/rashmika/arm4_ws/src/install/arduinobot_msgs/include/arduinobot_msgs/arduinobot_msgs/action/detail/arduinobot_task__type_support.cpp
[0.745s] -- Up-to-date: /home/rashmika/arm4_ws/src/install/arduinobot_msgs/include/arduinobot_msgs/arduinobot_msgs/action/detail/arduinobot_task__rosidl_typesupport_introspection_cpp.hpp
[0.745s] -- Up-to-date: /home/rashmika/arm4_ws/src/install/arduinobot_msgs/include/arduinobot_msgs/arduinobot_msgs/action/detail/fibonacci__type_support.cpp
[0.745s] -- Up-to-date: /home/rashmika/arm4_ws/src/install/arduinobot_msgs/lib/libarduinobot_msgs__rosidl_typesupport_introspection_cpp.so
[0.745s] -- Up-to-date: /home/rashmika/arm4_ws/src/install/arduinobot_msgs/lib/libarduinobot_msgs__rosidl_typesupport_cpp.so
[0.745s] -- Up-to-date: /home/rashmika/arm4_ws/src/install/arduinobot_msgs/share/arduinobot_msgs/environment/pythonpath.sh
[0.745s] -- Up-to-date: /home/rashmika/arm4_ws/src/install/arduinobot_msgs/share/arduinobot_msgs/environment/pythonpath.dsv
[0.745s] -- Up-to-date: /home/rashmika/arm4_ws/src/install/arduinobot_msgs/local/lib/python3.10/dist-packages/arduinobot_msgs-0.0.0-py3.10.egg-info
[0.746s] -- Installing: /home/rashmika/arm4_ws/src/install/arduinobot_msgs/local/lib/python3.10/dist-packages/arduinobot_msgs-0.0.0-py3.10.egg-info/top_level.txt
[0.746s] -- Installing: /home/rashmika/arm4_ws/src/install/arduinobot_msgs/local/lib/python3.10/dist-packages/arduinobot_msgs-0.0.0-py3.10.egg-info/PKG-INFO
[0.746s] -- Installing: /home/rashmika/arm4_ws/src/install/arduinobot_msgs/local/lib/python3.10/dist-packages/arduinobot_msgs-0.0.0-py3.10.egg-info/SOURCES.txt
[0.746s] -- Installing: /home/rashmika/arm4_ws/src/install/arduinobot_msgs/local/lib/python3.10/dist-packages/arduinobot_msgs-0.0.0-py3.10.egg-info/dependency_links.txt
[0.746s] -- Up-to-date: /home/rashmika/arm4_ws/src/install/arduinobot_msgs/local/lib/python3.10/dist-packages/arduinobot_msgs
[0.746s] -- Up-to-date: /home/rashmika/arm4_ws/src/install/arduinobot_msgs/local/lib/python3.10/dist-packages/arduinobot_msgs/arduinobot_msgs_s__rosidl_typesupport_fastrtps_c.cpython-310-x86_64-linux-gnu.so
[0.746s] -- Up-to-date: /home/rashmika/arm4_ws/src/install/arduinobot_msgs/local/lib/python3.10/dist-packages/arduinobot_msgs/srv
[0.746s] -- Up-to-date: /home/rashmika/arm4_ws/src/install/arduinobot_msgs/local/lib/python3.10/dist-packages/arduinobot_msgs/srv/_add_two_ints.py
[0.746s] -- Up-to-date: /home/rashmika/arm4_ws/src/install/arduinobot_msgs/local/lib/python3.10/dist-packages/arduinobot_msgs/srv/__init__.py
[0.747s] -- Up-to-date: /home/rashmika/arm4_ws/src/install/arduinobot_msgs/local/lib/python3.10/dist-packages/arduinobot_msgs/srv/_quaternion_to_euler.py
[0.747s] -- Up-to-date: /home/rashmika/arm4_ws/src/install/arduinobot_msgs/local/lib/python3.10/dist-packages/arduinobot_msgs/srv/_add_two_ints_s.c
[0.747s] -- Up-to-date: /home/rashmika/arm4_ws/src/install/arduinobot_msgs/local/lib/python3.10/dist-packages/arduinobot_msgs/srv/_euler_to_quaternion.py
[0.747s] -- Up-to-date: /home/rashmika/arm4_ws/src/install/arduinobot_msgs/local/lib/python3.10/dist-packages/arduinobot_msgs/srv/_quaternion_to_euler_s.c
[0.747s] -- Up-to-date: /home/rashmika/arm4_ws/src/install/arduinobot_msgs/local/lib/python3.10/dist-packages/arduinobot_msgs/srv/_euler_to_quaternion_s.c
[0.747s] -- Up-to-date: /home/rashmika/arm4_ws/src/install/arduinobot_msgs/local/lib/python3.10/dist-packages/arduinobot_msgs/_arduinobot_msgs_s.ep.rosidl_typesupport_fastrtps_c.c
[0.747s] -- Up-to-date: /home/rashmika/arm4_ws/src/install/arduinobot_msgs/local/lib/python3.10/dist-packages/arduinobot_msgs/arduinobot_msgs_s__rosidl_typesupport_introspection_c.cpython-310-x86_64-linux-gnu.so
[0.747s] -- Up-to-date: /home/rashmika/arm4_ws/src/install/arduinobot_msgs/local/lib/python3.10/dist-packages/arduinobot_msgs/_arduinobot_msgs_s.ep.rosidl_typesupport_c.c
[0.748s] -- Up-to-date: /home/rashmika/arm4_ws/src/install/arduinobot_msgs/local/lib/python3.10/dist-packages/arduinobot_msgs/__init__.py
[0.748s] -- Up-to-date: /home/rashmika/arm4_ws/src/install/arduinobot_msgs/local/lib/python3.10/dist-packages/arduinobot_msgs/arduinobot_msgs_s__rosidl_typesupport_c.cpython-310-x86_64-linux-gnu.so
[0.748s] -- Up-to-date: /home/rashmika/arm4_ws/src/install/arduinobot_msgs/local/lib/python3.10/dist-packages/arduinobot_msgs/action
[0.748s] -- Up-to-date: /home/rashmika/arm4_ws/src/install/arduinobot_msgs/local/lib/python3.10/dist-packages/arduinobot_msgs/action/_arduinobot_task_s.c
[0.748s] -- Up-to-date: /home/rashmika/arm4_ws/src/install/arduinobot_msgs/local/lib/python3.10/dist-packages/arduinobot_msgs/action/_fibonacci_s.c
[0.748s] -- Up-to-date: /home/rashmika/arm4_ws/src/install/arduinobot_msgs/local/lib/python3.10/dist-packages/arduinobot_msgs/action/_arduinobot_task.py
[0.748s] -- Up-to-date: /home/rashmika/arm4_ws/src/install/arduinobot_msgs/local/lib/python3.10/dist-packages/arduinobot_msgs/action/__init__.py
[0.748s] -- Up-to-date: /home/rashmika/arm4_ws/src/install/arduinobot_msgs/local/lib/python3.10/dist-packages/arduinobot_msgs/action/_fibonacci.py
[0.749s] -- Up-to-date: /home/rashmika/arm4_ws/src/install/arduinobot_msgs/local/lib/python3.10/dist-packages/arduinobot_msgs/libarduinobot_msgs__rosidl_generator_py.so
[0.749s] -- Up-to-date: /home/rashmika/arm4_ws/src/install/arduinobot_msgs/local/lib/python3.10/dist-packages/arduinobot_msgs/_arduinobot_msgs_s.ep.rosidl_typesupport_introspection_c.c
[0.775s] Listing '/home/rashmika/arm4_ws/src/install/arduinobot_msgs/local/lib/python3.10/dist-packages/arduinobot_msgs'...
[0.776s] Listing '/home/rashmika/arm4_ws/src/install/arduinobot_msgs/local/lib/python3.10/dist-packages/arduinobot_msgs/action'...
[0.776s] Listing '/home/rashmika/arm4_ws/src/install/arduinobot_msgs/local/lib/python3.10/dist-packages/arduinobot_msgs/srv'...
[0.781s] -- Up-to-date: /home/rashmika/arm4_ws/src/install/arduinobot_msgs/local/lib/python3.10/dist-packages/arduinobot_msgs/arduinobot_msgs_s__rosidl_typesupport_fastrtps_c.cpython-310-x86_64-linux-gnu.so
[0.781s] -- Up-to-date: /home/rashmika/arm4_ws/src/install/arduinobot_msgs/local/lib/python3.10/dist-packages/arduinobot_msgs/arduinobot_msgs_s__rosidl_typesupport_introspection_c.cpython-310-x86_64-linux-gnu.so
[0.782s] -- Up-to-date: /home/rashmika/arm4_ws/src/install/arduinobot_msgs/local/lib/python3.10/dist-packages/arduinobot_msgs/arduinobot_msgs_s__rosidl_typesupport_c.cpython-310-x86_64-linux-gnu.so
[0.782s] -- Up-to-date: /home/rashmika/arm4_ws/src/install/arduinobot_msgs/lib/libarduinobot_msgs__rosidl_generator_py.so
[0.782s] -- Up-to-date: /home/rashmika/arm4_ws/src/install/arduinobot_msgs/share/arduinobot_msgs/srv/AddTwoInts.idl
[0.782s] -- Up-to-date: /home/rashmika/arm4_ws/src/install/arduinobot_msgs/share/arduinobot_msgs/srv/EulerToQuaternion.idl
[0.783s] -- Up-to-date: /home/rashmika/arm4_ws/src/install/arduinobot_msgs/share/arduinobot_msgs/srv/QuaternionToEuler.idl
[0.783s] -- Up-to-date: /home/rashmika/arm4_ws/src/install/arduinobot_msgs/share/arduinobot_msgs/action/Fibonacci.idl
[0.783s] -- Up-to-date: /home/rashmika/arm4_ws/src/install/arduinobot_msgs/share/arduinobot_msgs/action/ArduinobotTask.idl
[0.783s] -- Up-to-date: /home/rashmika/arm4_ws/src/install/arduinobot_msgs/share/arduinobot_msgs/srv/AddTwoInts.srv
[0.784s] -- Up-to-date: /home/rashmika/arm4_ws/src/install/arduinobot_msgs/share/arduinobot_msgs/srv/AddTwoInts_Request.msg
[0.784s] -- Up-to-date: /home/rashmika/arm4_ws/src/install/arduinobot_msgs/share/arduinobot_msgs/srv/AddTwoInts_Response.msg
[0.784s] -- Up-to-date: /home/rashmika/arm4_ws/src/install/arduinobot_msgs/share/arduinobot_msgs/srv/EulerToQuaternion.srv
[0.784s] -- Up-to-date: /home/rashmika/arm4_ws/src/install/arduinobot_msgs/share/arduinobot_msgs/srv/EulerToQuaternion_Request.msg
[0.785s] -- Up-to-date: /home/rashmika/arm4_ws/src/install/arduinobot_msgs/share/arduinobot_msgs/srv/EulerToQuaternion_Response.msg
[0.785s] -- Up-to-date: /home/rashmika/arm4_ws/src/install/arduinobot_msgs/share/arduinobot_msgs/srv/QuaternionToEuler.srv
[0.785s] -- Up-to-date: /home/rashmika/arm4_ws/src/install/arduinobot_msgs/share/arduinobot_msgs/srv/QuaternionToEuler_Request.msg
[0.785s] -- Up-to-date: /home/rashmika/arm4_ws/src/install/arduinobot_msgs/share/arduinobot_msgs/srv/QuaternionToEuler_Response.msg
[0.785s] -- Up-to-date: /home/rashmika/arm4_ws/src/install/arduinobot_msgs/share/arduinobot_msgs/action/Fibonacci.action
[0.786s] -- Up-to-date: /home/rashmika/arm4_ws/src/install/arduinobot_msgs/share/arduinobot_msgs/action/ArduinobotTask.action
[0.786s] -- Up-to-date: /home/rashmika/arm4_ws/src/install/arduinobot_msgs/share/ament_index/resource_index/package_run_dependencies/arduinobot_msgs
[0.786s] -- Up-to-date: /home/rashmika/arm4_ws/src/install/arduinobot_msgs/share/ament_index/resource_index/parent_prefix_path/arduinobot_msgs
[0.786s] -- Up-to-date: /home/rashmika/arm4_ws/src/install/arduinobot_msgs/share/arduinobot_msgs/environment/ament_prefix_path.sh
[0.786s] -- Up-to-date: /home/rashmika/arm4_ws/src/install/arduinobot_msgs/share/arduinobot_msgs/environment/ament_prefix_path.dsv
[0.787s] -- Up-to-date: /home/rashmika/arm4_ws/src/install/arduinobot_msgs/share/arduinobot_msgs/environment/path.sh
[0.787s] -- Up-to-date: /home/rashmika/arm4_ws/src/install/arduinobot_msgs/share/arduinobot_msgs/environment/path.dsv
[0.787s] -- Up-to-date: /home/rashmika/arm4_ws/src/install/arduinobot_msgs/share/arduinobot_msgs/local_setup.bash
[0.787s] -- Up-to-date: /home/rashmika/arm4_ws/src/install/arduinobot_msgs/share/arduinobot_msgs/local_setup.sh
[0.787s] -- Up-to-date: /home/rashmika/arm4_ws/src/install/arduinobot_msgs/share/arduinobot_msgs/local_setup.zsh
[0.787s] -- Up-to-date: /home/rashmika/arm4_ws/src/install/arduinobot_msgs/share/arduinobot_msgs/local_setup.dsv
[0.787s] -- Installing: /home/rashmika/arm4_ws/src/install/arduinobot_msgs/share/arduinobot_msgs/package.dsv
[0.787s] -- Up-to-date: /home/rashmika/arm4_ws/src/install/arduinobot_msgs/share/ament_index/resource_index/packages/arduinobot_msgs
[0.787s] -- Up-to-date: /home/rashmika/arm4_ws/src/install/arduinobot_msgs/share/arduinobot_msgs/cmake/export_arduinobot_msgs__rosidl_generator_cExport.cmake
[0.788s] -- Up-to-date: /home/rashmika/arm4_ws/src/install/arduinobot_msgs/share/arduinobot_msgs/cmake/export_arduinobot_msgs__rosidl_generator_cExport-noconfig.cmake
[0.788s] -- Up-to-date: /home/rashmika/arm4_ws/src/install/arduinobot_msgs/share/arduinobot_msgs/cmake/export_arduinobot_msgs__rosidl_typesupport_fastrtps_cExport.cmake
[0.788s] -- Up-to-date: /home/rashmika/arm4_ws/src/install/arduinobot_msgs/share/arduinobot_msgs/cmake/export_arduinobot_msgs__rosidl_typesupport_fastrtps_cExport-noconfig.cmake
[0.788s] -- Up-to-date: /home/rashmika/arm4_ws/src/install/arduinobot_msgs/share/arduinobot_msgs/cmake/export_arduinobot_msgs__rosidl_generator_cppExport.cmake
[0.788s] -- Up-to-date: /home/rashmika/arm4_ws/src/install/arduinobot_msgs/share/arduinobot_msgs/cmake/export_arduinobot_msgs__rosidl_typesupport_fastrtps_cppExport.cmake
[0.788s] -- Up-to-date: /home/rashmika/arm4_ws/src/install/arduinobot_msgs/share/arduinobot_msgs/cmake/export_arduinobot_msgs__rosidl_typesupport_fastrtps_cppExport-noconfig.cmake
[0.789s] -- Up-to-date: /home/rashmika/arm4_ws/src/install/arduinobot_msgs/share/arduinobot_msgs/cmake/arduinobot_msgs__rosidl_typesupport_introspection_cExport.cmake
[0.789s] -- Up-to-date: /home/rashmika/arm4_ws/src/install/arduinobot_msgs/share/arduinobot_msgs/cmake/arduinobot_msgs__rosidl_typesupport_introspection_cExport-noconfig.cmake
[0.789s] -- Up-to-date: /home/rashmika/arm4_ws/src/install/arduinobot_msgs/share/arduinobot_msgs/cmake/arduinobot_msgs__rosidl_typesupport_cExport.cmake
[0.789s] -- Up-to-date: /home/rashmika/arm4_ws/src/install/arduinobot_msgs/share/arduinobot_msgs/cmake/arduinobot_msgs__rosidl_typesupport_cExport-noconfig.cmake
[0.790s] -- Up-to-date: /home/rashmika/arm4_ws/src/install/arduinobot_msgs/share/arduinobot_msgs/cmake/arduinobot_msgs__rosidl_typesupport_introspection_cppExport.cmake
[0.790s] -- Up-to-date: /home/rashmika/arm4_ws/src/install/arduinobot_msgs/share/arduinobot_msgs/cmake/arduinobot_msgs__rosidl_typesupport_introspection_cppExport-noconfig.cmake
[0.790s] -- Up-to-date: /home/rashmika/arm4_ws/src/install/arduinobot_msgs/share/arduinobot_msgs/cmake/arduinobot_msgs__rosidl_typesupport_cppExport.cmake
[0.790s] -- Up-to-date: /home/rashmika/arm4_ws/src/install/arduinobot_msgs/share/arduinobot_msgs/cmake/arduinobot_msgs__rosidl_typesupport_cppExport-noconfig.cmake
[0.790s] -- Up-to-date: /home/rashmika/arm4_ws/src/install/arduinobot_msgs/share/arduinobot_msgs/cmake/export_arduinobot_msgs__rosidl_generator_pyExport.cmake
[0.790s] -- Up-to-date: /home/rashmika/arm4_ws/src/install/arduinobot_msgs/share/arduinobot_msgs/cmake/export_arduinobot_msgs__rosidl_generator_pyExport-noconfig.cmake
[0.790s] -- Up-to-date: /home/rashmika/arm4_ws/src/install/arduinobot_msgs/share/arduinobot_msgs/cmake/rosidl_cmake-extras.cmake
[0.791s] -- Up-to-date: /home/rashmika/arm4_ws/src/install/arduinobot_msgs/share/arduinobot_msgs/cmake/ament_cmake_export_dependencies-extras.cmake
[0.791s] -- Up-to-date: /home/rashmika/arm4_ws/src/install/arduinobot_msgs/share/arduinobot_msgs/cmake/ament_cmake_export_include_directories-extras.cmake
[0.792s] -- Up-to-date: /home/rashmika/arm4_ws/src/install/arduinobot_msgs/share/arduinobot_msgs/cmake/ament_cmake_export_libraries-extras.cmake
[0.792s] -- Up-to-date: /home/rashmika/arm4_ws/src/install/arduinobot_msgs/share/arduinobot_msgs/cmake/ament_cmake_export_targets-extras.cmake
[0.792s] -- Up-to-date: /home/rashmika/arm4_ws/src/install/arduinobot_msgs/share/arduinobot_msgs/cmake/rosidl_cmake_export_typesupport_targets-extras.cmake
[0.792s] -- Up-to-date: /home/rashmika/arm4_ws/src/install/arduinobot_msgs/share/arduinobot_msgs/cmake/rosidl_cmake_export_typesupport_libraries-extras.cmake
[0.792s] -- Up-to-date: /home/rashmika/arm4_ws/src/install/arduinobot_msgs/share/arduinobot_msgs/cmake/arduinobot_msgsConfig.cmake
[0.793s] -- Up-to-date: /home/rashmika/arm4_ws/src/install/arduinobot_msgs/share/arduinobot_msgs/cmake/arduinobot_msgsConfig-version.cmake
[0.793s] -- Up-to-date: /home/rashmika/arm4_ws/src/install/arduinobot_msgs/share/arduinobot_msgs/package.xml
[0.829s] Invoked command in '/home/rashmika/arm4_ws/src/build/arduinobot_msgs' returned '0': CMAKE_PREFIX_PATH=${CMAKE_PREFIX_PATH}:/home/rashmika/arm4_ws/install/arm_control_py:/home/rashmika/arm4_ws/install/arduinobot_python:/home/rashmika/turtlebot3_ws/install/turtlebot3_teleop:/home/rashmika/turtlebot3_ws/install/turtlebot3_example:/opt/ros/humble /usr/bin/cmake --install /home/rashmika/arm4_ws/src/build/arduinobot_msgs
