[1.136s] Invoking command in '/home/rashmika/arm4_ws/src/arm_control_py': PYTHONPATH=/home/rashmika/arm4_ws/src/build/arm_control_py/prefix_override:/usr/lib/python3/dist-packages/colcon_core/task/python/colcon_distutils_commands:/home/rashmika/arm4_ws/src/install/arm_control_py/lib/python3.10/site-packages:${PYTHONPATH} /usr/bin/python3 -W ignore:setup.py install is deprecated -W ignore:easy_install command is deprecated setup.py egg_info --egg-base ../build/arm_control_py build --build-base /home/rashmika/arm4_ws/src/build/arm_control_py/build install --record /home/rashmika/arm4_ws/src/build/arm_control_py/install.log --single-version-externally-managed install_data
[1.390s] running egg_info
[1.391s] writing ../build/arm_control_py/arm_control_py.egg-info/PKG-INFO
[1.391s] writing dependency_links to ../build/arm_control_py/arm_control_py.egg-info/dependency_links.txt
[1.391s] writing entry points to ../build/arm_control_py/arm_control_py.egg-info/entry_points.txt
[1.392s] writing requirements to ../build/arm_control_py/arm_control_py.egg-info/requires.txt
[1.392s] writing top-level names to ../build/arm_control_py/arm_control_py.egg-info/top_level.txt
[1.395s] reading manifest file '../build/arm_control_py/arm_control_py.egg-info/SOURCES.txt'
[1.397s] writing manifest file '../build/arm_control_py/arm_control_py.egg-info/SOURCES.txt'
[1.397s] running build
[1.398s] running build_py
[1.398s] running install
[1.398s] running install_lib
[1.401s] running install_data
[1.401s] running install_egg_info
[1.403s] removing '/home/rashmika/arm4_ws/src/install/arm_control_py/lib/python3.10/site-packages/arm_control_py-0.0.0-py3.10.egg-info' (and everything under it)
[1.404s] Copying ../build/arm_control_py/arm_control_py.egg-info to /home/rashmika/arm4_ws/src/install/arm_control_py/lib/python3.10/site-packages/arm_control_py-0.0.0-py3.10.egg-info
[1.405s] running install_scripts
[1.426s] Installing move_to_xyz script to /home/rashmika/arm4_ws/src/install/arm_control_py/lib/arm_control_py
[1.426s] Installing send_joint_trajectory script to /home/rashmika/arm4_ws/src/install/arm_control_py/lib/arm_control_py
[1.426s] writing list of installed files to '/home/rashmika/arm4_ws/src/build/arm_control_py/install.log'
[1.446s] Invoked command in '/home/rashmika/arm4_ws/src/arm_control_py' returned '0': PYTHONPATH=/home/rashmika/arm4_ws/src/build/arm_control_py/prefix_override:/usr/lib/python3/dist-packages/colcon_core/task/python/colcon_distutils_commands:/home/rashmika/arm4_ws/src/install/arm_control_py/lib/python3.10/site-packages:${PYTHONPATH} /usr/bin/python3 -W ignore:setup.py install is deprecated -W ignore:easy_install command is deprecated setup.py egg_info --egg-base ../build/arm_control_py build --build-base /home/rashmika/arm4_ws/src/build/arm_control_py/build install --record /home/rashmika/arm4_ws/src/build/arm_control_py/install.log --single-version-externally-managed install_data
