[0.048s] Invoking command in '/home/rashmika/arm4_ws/src/build/arduinobot_controller': CMAKE_PREFIX_PATH=${CMAKE_PREFIX_PATH}:/home/rashmika/arm4_ws/install/arm_control_py:/home/rashmika/arm4_ws/install/arduinobot_python:/home/rashmika/turtlebot3_ws/install/turtlebot3_teleop:/home/rashmika/turtlebot3_ws/install/turtlebot3_example:/opt/ros/humble /usr/bin/cmake --build /home/rashmika/arm4_ws/src/build/arduinobot_controller -- -j8 -l8
[0.392s] [ 50%] Built target arduinobot_controller
[0.393s] [100%] Built target slider_control
[0.393s] [100%] Built target ament_cmake_python_copy_arduinobot_controller
[0.432s] running egg_info
[0.433s] writing arduinobot_controller.egg-info/PKG-INFO
[0.433s] writing dependency_links to arduinobot_controller.egg-info/dependency_links.txt
[0.433s] writing top-level names to arduinobot_controller.egg-info/top_level.txt
[0.435s] reading manifest file 'arduinobot_controller.egg-info/SOURCES.txt'
[0.436s] writing manifest file 'arduinobot_controller.egg-info/SOURCES.txt'
[0.463s] [100%] Built target ament_cmake_python_build_arduinobot_controller_egg
[0.716s] Invoked command in '/home/rashmika/arm4_ws/src/build/arduinobot_controller' returned '0': CMAKE_PREFIX_PATH=${CMAKE_PREFIX_PATH}:/home/rashmika/arm4_ws/install/arm_control_py:/home/rashmika/arm4_ws/install/arduinobot_python:/home/rashmika/turtlebot3_ws/install/turtlebot3_teleop:/home/rashmika/turtlebot3_ws/install/turtlebot3_example:/opt/ros/humble /usr/bin/cmake --build /home/rashmika/arm4_ws/src/build/arduinobot_controller -- -j8 -l8
[0.717s] Invoking command in '/home/rashmika/arm4_ws/src/build/arduinobot_controller': CMAKE_PREFIX_PATH=${CMAKE_PREFIX_PATH}:/home/rashmika/arm4_ws/install/arm_control_py:/home/rashmika/arm4_ws/install/arduinobot_python:/home/rashmika/turtlebot3_ws/install/turtlebot3_teleop:/home/rashmika/turtlebot3_ws/install/turtlebot3_example:/opt/ros/humble /usr/bin/cmake --install /home/rashmika/arm4_ws/src/build/arduinobot_controller
[0.725s] -- Install configuration: ""
[0.725s] -- Up-to-date: /home/rashmika/arm4_ws/src/install/arduinobot_controller/share/arduinobot_controller/arduinobot_controller.xml
[0.725s] -- Up-to-date: /home/rashmika/arm4_ws/src/install/arduinobot_controller/share/arduinobot_controller/environment/pythonpath.sh
[0.725s] -- Up-to-date: /home/rashmika/arm4_ws/src/install/arduinobot_controller/share/arduinobot_controller/environment/pythonpath.dsv
[0.726s] -- Up-to-date: /home/rashmika/arm4_ws/src/install/arduinobot_controller/local/lib/python3.10/dist-packages/arduinobot_controller-0.0.0-py3.10.egg-info
[0.726s] -- Installing: /home/rashmika/arm4_ws/src/install/arduinobot_controller/local/lib/python3.10/dist-packages/arduinobot_controller-0.0.0-py3.10.egg-info/top_level.txt
[0.726s] -- Installing: /home/rashmika/arm4_ws/src/install/arduinobot_controller/local/lib/python3.10/dist-packages/arduinobot_controller-0.0.0-py3.10.egg-info/PKG-INFO
[0.726s] -- Installing: /home/rashmika/arm4_ws/src/install/arduinobot_controller/local/lib/python3.10/dist-packages/arduinobot_controller-0.0.0-py3.10.egg-info/SOURCES.txt
[0.726s] -- Installing: /home/rashmika/arm4_ws/src/install/arduinobot_controller/local/lib/python3.10/dist-packages/arduinobot_controller-0.0.0-py3.10.egg-info/dependency_links.txt
[0.726s] -- Up-to-date: /home/rashmika/arm4_ws/src/install/arduinobot_controller/local/lib/python3.10/dist-packages/arduinobot_controller
[0.727s] -- Up-to-date: /home/rashmika/arm4_ws/src/install/arduinobot_controller/local/lib/python3.10/dist-packages/arduinobot_controller/slider_control.py
[0.727s] -- Up-to-date: /home/rashmika/arm4_ws/src/install/arduinobot_controller/local/lib/python3.10/dist-packages/arduinobot_controller/__init__.py
[0.781s] Listing '/home/rashmika/arm4_ws/src/install/arduinobot_controller/local/lib/python3.10/dist-packages/arduinobot_controller'...
[0.793s] -- Up-to-date: /home/rashmika/arm4_ws/src/install/arduinobot_controller/lib/arduinobot_controller/slider_control
[0.793s] -- Up-to-date: /home/rashmika/arm4_ws/src/install/arduinobot_controller/lib/libarduinobot_controller.so
[0.794s] -- Up-to-date: /home/rashmika/arm4_ws/src/install/arduinobot_controller/include/include
[0.794s] -- Up-to-date: /home/rashmika/arm4_ws/src/install/arduinobot_controller/include/include/arduinobot_controller
[0.794s] -- Up-to-date: /home/rashmika/arm4_ws/src/install/arduinobot_controller/include/include/arduinobot_controller/arduinobot_interface.hpp
[0.794s] -- Up-to-date: /home/rashmika/arm4_ws/src/install/arduinobot_controller/share/arduinobot_controller/launch
[0.794s] -- Up-to-date: /home/rashmika/arm4_ws/src/install/arduinobot_controller/share/arduinobot_controller/launch/slider_controller.launch.py
[0.794s] -- Up-to-date: /home/rashmika/arm4_ws/src/install/arduinobot_controller/share/arduinobot_controller/launch/controller.launch.py
[0.794s] -- Up-to-date: /home/rashmika/arm4_ws/src/install/arduinobot_controller/share/arduinobot_controller/config
[0.794s] -- Up-to-date: /home/rashmika/arm4_ws/src/install/arduinobot_controller/share/arduinobot_controller/config/arduinobot_controllers.yaml
[0.794s] -- Up-to-date: /home/rashmika/arm4_ws/src/install/arduinobot_controller/lib/arduinobot_controller/slider_control.py
[0.794s] -- Up-to-date: /home/rashmika/arm4_ws/src/install/arduinobot_controller/share/arduinobot_controller/environment/library_path.sh
[0.794s] -- Up-to-date: /home/rashmika/arm4_ws/src/install/arduinobot_controller/share/arduinobot_controller/environment/library_path.dsv
[0.794s] -- Up-to-date: /home/rashmika/arm4_ws/src/install/arduinobot_controller/share/ament_index/resource_index/package_run_dependencies/arduinobot_controller
[0.794s] -- Up-to-date: /home/rashmika/arm4_ws/src/install/arduinobot_controller/share/ament_index/resource_index/parent_prefix_path/arduinobot_controller
[0.794s] -- Up-to-date: /home/rashmika/arm4_ws/src/install/arduinobot_controller/share/arduinobot_controller/environment/ament_prefix_path.sh
[0.794s] -- Up-to-date: /home/rashmika/arm4_ws/src/install/arduinobot_controller/share/arduinobot_controller/environment/ament_prefix_path.dsv
[0.794s] -- Up-to-date: /home/rashmika/arm4_ws/src/install/arduinobot_controller/share/arduinobot_controller/environment/path.sh
[0.795s] -- Up-to-date: /home/rashmika/arm4_ws/src/install/arduinobot_controller/share/arduinobot_controller/environment/path.dsv
[0.795s] -- Up-to-date: /home/rashmika/arm4_ws/src/install/arduinobot_controller/share/arduinobot_controller/local_setup.bash
[0.795s] -- Up-to-date: /home/rashmika/arm4_ws/src/install/arduinobot_controller/share/arduinobot_controller/local_setup.sh
[0.795s] -- Up-to-date: /home/rashmika/arm4_ws/src/install/arduinobot_controller/share/arduinobot_controller/local_setup.zsh
[0.795s] -- Up-to-date: /home/rashmika/arm4_ws/src/install/arduinobot_controller/share/arduinobot_controller/local_setup.dsv
[0.795s] -- Installing: /home/rashmika/arm4_ws/src/install/arduinobot_controller/share/arduinobot_controller/package.dsv
[0.795s] -- Up-to-date: /home/rashmika/arm4_ws/src/install/arduinobot_controller/share/ament_index/resource_index/packages/arduinobot_controller
[0.795s] -- Up-to-date: /home/rashmika/arm4_ws/src/install/arduinobot_controller/share/ament_index/resource_index/hardware_interface__pluginlib__plugin/arduinobot_controller
[0.795s] -- Up-to-date: /home/rashmika/arm4_ws/src/install/arduinobot_controller/share/arduinobot_controller/cmake/ament_cmake_export_include_directories-extras.cmake
[0.795s] -- Up-to-date: /home/rashmika/arm4_ws/src/install/arduinobot_controller/share/arduinobot_controller/cmake/ament_cmake_export_libraries-extras.cmake
[0.795s] -- Up-to-date: /home/rashmika/arm4_ws/src/install/arduinobot_controller/share/arduinobot_controller/cmake/ament_cmake_export_dependencies-extras.cmake
[0.795s] -- Up-to-date: /home/rashmika/arm4_ws/src/install/arduinobot_controller/share/arduinobot_controller/cmake/arduinobot_controllerConfig.cmake
[0.795s] -- Up-to-date: /home/rashmika/arm4_ws/src/install/arduinobot_controller/share/arduinobot_controller/cmake/arduinobot_controllerConfig-version.cmake
[0.795s] -- Up-to-date: /home/rashmika/arm4_ws/src/install/arduinobot_controller/share/arduinobot_controller/package.xml
[0.799s] Invoked command in '/home/rashmika/arm4_ws/src/build/arduinobot_controller' returned '0': CMAKE_PREFIX_PATH=${CMAKE_PREFIX_PATH}:/home/rashmika/arm4_ws/install/arm_control_py:/home/rashmika/arm4_ws/install/arduinobot_python:/home/rashmika/turtlebot3_ws/install/turtlebot3_teleop:/home/rashmika/turtlebot3_ws/install/turtlebot3_example:/opt/ros/humble /usr/bin/cmake --install /home/rashmika/arm4_ws/src/build/arduinobot_controller
