[0.037s] Invoking command in '/home/rashmika/arm4_ws/src/build/arduinobot_moveit': CMAKE_PREFIX_PATH=${CMAKE_PREFIX_PATH}:/home/rashmika/arm4_ws/install/arm_control_py:/home/rashmika/arm4_ws/install/arduinobot_python:/home/rashmika/turtlebot3_ws/install/turtlebot3_teleop:/home/rashmika/turtlebot3_ws/install/turtlebot3_example:/opt/ros/humble /usr/bin/cmake /home/rashmika/arm4_ws/src/arduinobot_moveit -DCMAKE_INSTALL_PREFIX=/home/rashmika/arm4_ws/src/install/arduinobot_moveit
[0.555s] -- The C compiler identification is GNU 11.4.0
[1.430s] -- The CXX compiler identification is GNU 11.4.0
[1.570s] -- Detecting C compiler ABI info
[1.646s] -- Detecting C compiler ABI info - done
[1.655s] -- Check for working C compiler: /usr/bin/cc - skipped
[1.655s] -- Detecting C compile features
[1.684s] -- Detecting C compile features - done
[1.689s] -- Detecting CXX compiler ABI info
[1.790s] -- Detecting CXX compiler ABI info - done
[1.804s] -- Check for working CXX compiler: /usr/bin/c++ - skipped
[1.805s] -- Detecting CXX compile features
[1.805s] -- Detecting CXX compile features - done
[1.892s] -- Found ament_cmake: 1.3.12 (/opt/ros/humble/share/ament_cmake/cmake)
[2.358s] -- Found Python3: /usr/bin/python3 (found version "3.10.12") found components: Interpreter 
[2.749s] -- Found ament_lint_auto: 0.12.14 (/opt/ros/humble/share/ament_lint_auto/cmake)
[3.760s] -- Added test 'copyright' to check source files copyright and LICENSE
[3.763s] -- Added test 'flake8' to check Python code syntax and style conventions
[3.764s] -- Added test 'lint_cmake' to check CMake code style
[3.766s] -- Added test 'pep257' to check Python code against some of the docstring style conventions in PEP 257
[3.769s] -- Added test 'xmllint' to check XML markup files
[3.771s] -- Configuring done
[3.773s] -- Generating done
[3.775s] -- Build files have been written to: /home/rashmika/arm4_ws/src/build/arduinobot_moveit
[3.779s] Invoked command in '/home/rashmika/arm4_ws/src/build/arduinobot_moveit' returned '0': CMAKE_PREFIX_PATH=${CMAKE_PREFIX_PATH}:/home/rashmika/arm4_ws/install/arm_control_py:/home/rashmika/arm4_ws/install/arduinobot_python:/home/rashmika/turtlebot3_ws/install/turtlebot3_teleop:/home/rashmika/turtlebot3_ws/install/turtlebot3_example:/opt/ros/humble /usr/bin/cmake /home/rashmika/arm4_ws/src/arduinobot_moveit -DCMAKE_INSTALL_PREFIX=/home/rashmika/arm4_ws/src/install/arduinobot_moveit
[3.781s] Invoking command in '/home/rashmika/arm4_ws/src/build/arduinobot_moveit': CMAKE_PREFIX_PATH=${CMAKE_PREFIX_PATH}:/home/rashmika/arm4_ws/install/arm_control_py:/home/rashmika/arm4_ws/install/arduinobot_python:/home/rashmika/turtlebot3_ws/install/turtlebot3_teleop:/home/rashmika/turtlebot3_ws/install/turtlebot3_example:/opt/ros/humble /usr/bin/cmake --build /home/rashmika/arm4_ws/src/build/arduinobot_moveit -- -j8 -l8
[3.821s] Invoked command in '/home/rashmika/arm4_ws/src/build/arduinobot_moveit' returned '0': CMAKE_PREFIX_PATH=${CMAKE_PREFIX_PATH}:/home/rashmika/arm4_ws/install/arm_control_py:/home/rashmika/arm4_ws/install/arduinobot_python:/home/rashmika/turtlebot3_ws/install/turtlebot3_teleop:/home/rashmika/turtlebot3_ws/install/turtlebot3_example:/opt/ros/humble /usr/bin/cmake --build /home/rashmika/arm4_ws/src/build/arduinobot_moveit -- -j8 -l8
[3.823s] Invoking command in '/home/rashmika/arm4_ws/src/build/arduinobot_moveit': CMAKE_PREFIX_PATH=${CMAKE_PREFIX_PATH}:/home/rashmika/arm4_ws/install/arm_control_py:/home/rashmika/arm4_ws/install/arduinobot_python:/home/rashmika/turtlebot3_ws/install/turtlebot3_teleop:/home/rashmika/turtlebot3_ws/install/turtlebot3_example:/opt/ros/humble /usr/bin/cmake --install /home/rashmika/arm4_ws/src/build/arduinobot_moveit
[3.831s] -- Install configuration: ""
[3.832s] -- Installing: /home/rashmika/arm4_ws/src/install/arduinobot_moveit/share/arduinobot_moveit/launch
[3.832s] -- Installing: /home/rashmika/arm4_ws/src/install/arduinobot_moveit/share/arduinobot_moveit/launch/moveit.launch.py
[3.832s] -- Installing: /home/rashmika/arm4_ws/src/install/arduinobot_moveit/share/arduinobot_moveit/config
[3.832s] -- Installing: /home/rashmika/arm4_ws/src/install/arduinobot_moveit/share/arduinobot_moveit/config/moveit_controllers.yaml
[3.832s] -- Installing: /home/rashmika/arm4_ws/src/install/arduinobot_moveit/share/arduinobot_moveit/config/pilz_cartesian_limits.yaml
[3.832s] -- Installing: /home/rashmika/arm4_ws/src/install/arduinobot_moveit/share/arduinobot_moveit/config/joint_limits.yaml
[3.832s] -- Installing: /home/rashmika/arm4_ws/src/install/arduinobot_moveit/share/arduinobot_moveit/config/arduinobot.srdf
[3.832s] -- Installing: /home/rashmika/arm4_ws/src/install/arduinobot_moveit/share/arduinobot_moveit/config/moveit.rviz
[3.832s] -- Installing: /home/rashmika/arm4_ws/src/install/arduinobot_moveit/share/arduinobot_moveit/config/kinematics.yaml
[3.833s] -- Installing: /home/rashmika/arm4_ws/src/install/arduinobot_moveit/share/arduinobot_moveit/config/initial_positions.yaml
[3.833s] -- Installing: /home/rashmika/arm4_ws/src/install/arduinobot_moveit/share/ament_index/resource_index/package_run_dependencies/arduinobot_moveit
[3.833s] -- Installing: /home/rashmika/arm4_ws/src/install/arduinobot_moveit/share/ament_index/resource_index/parent_prefix_path/arduinobot_moveit
[3.833s] -- Installing: /home/rashmika/arm4_ws/src/install/arduinobot_moveit/share/arduinobot_moveit/environment/ament_prefix_path.sh
[3.834s] -- Installing: /home/rashmika/arm4_ws/src/install/arduinobot_moveit/share/arduinobot_moveit/environment/ament_prefix_path.dsv
[3.834s] -- Installing: /home/rashmika/arm4_ws/src/install/arduinobot_moveit/share/arduinobot_moveit/environment/path.sh
[3.834s] -- Installing: /home/rashmika/arm4_ws/src/install/arduinobot_moveit/share/arduinobot_moveit/environment/path.dsv
[3.834s] -- Installing: /home/rashmika/arm4_ws/src/install/arduinobot_moveit/share/arduinobot_moveit/local_setup.bash
[3.834s] -- Installing: /home/rashmika/arm4_ws/src/install/arduinobot_moveit/share/arduinobot_moveit/local_setup.sh
[3.834s] -- Installing: /home/rashmika/arm4_ws/src/install/arduinobot_moveit/share/arduinobot_moveit/local_setup.zsh
[3.834s] -- Installing: /home/rashmika/arm4_ws/src/install/arduinobot_moveit/share/arduinobot_moveit/local_setup.dsv
[3.835s] -- Installing: /home/rashmika/arm4_ws/src/install/arduinobot_moveit/share/arduinobot_moveit/package.dsv
[3.835s] -- Installing: /home/rashmika/arm4_ws/src/install/arduinobot_moveit/share/ament_index/resource_index/packages/arduinobot_moveit
[3.835s] -- Installing: /home/rashmika/arm4_ws/src/install/arduinobot_moveit/share/arduinobot_moveit/cmake/arduinobot_moveitConfig.cmake
[3.835s] -- Installing: /home/rashmika/arm4_ws/src/install/arduinobot_moveit/share/arduinobot_moveit/cmake/arduinobot_moveitConfig-version.cmake
[3.835s] -- Installing: /home/rashmika/arm4_ws/src/install/arduinobot_moveit/share/arduinobot_moveit/package.xml
[3.837s] Invoked command in '/home/rashmika/arm4_ws/src/build/arduinobot_moveit' returned '0': CMAKE_PREFIX_PATH=${CMAKE_PREFIX_PATH}:/home/rashmika/arm4_ws/install/arm_control_py:/home/rashmika/arm4_ws/install/arduinobot_python:/home/rashmika/turtlebot3_ws/install/turtlebot3_teleop:/home/rashmika/turtlebot3_ws/install/turtlebot3_example:/opt/ros/humble /usr/bin/cmake --install /home/rashmika/arm4_ws/src/build/arduinobot_moveit
