[0.109s] DEBUG:colcon:Command line arguments: ['/usr/bin/colcon', 'build']
[0.109s] DEBUG:colcon:Parsed command line arguments: Namespace(log_base=None, log_level=None, verb_name='build', build_base='build', install_base='install', merge_install=False, symlink_install=False, test_result_base=None, continue_on_error=False, executor='parallel', parallel_workers=8, event_handlers=None, ignore_user_meta=False, metas=['./colcon.meta'], base_paths=['.'], packages_ignore=None, packages_ignore_regex=None, paths=None, packages_up_to=None, packages_up_to_regex=None, packages_above=None, packages_above_and_dependencies=None, packages_above_depth=None, packages_select_by_dep=None, packages_skip_by_dep=None, packages_skip_up_to=None, packages_select_build_failed=False, packages_skip_build_finished=False, packages_select_test_failures=False, packages_skip_test_passed=False, packages_select=None, packages_skip=None, packages_select_regex=None, packages_skip_regex=None, packages_start=None, packages_end=None, allow_overriding=[], cmake_args=None, cmake_target=None, cmake_target_skip_unavailable=False, cmake_clean_cache=False, cmake_clean_first=False, cmake_force_configure=False, ament_cmake_args=None, catkin_cmake_args=None, catkin_skip_building_tests=False, mixin_files=None, mixin=None, verb_parser=<colcon_mixin.mixin.mixin_argument.MixinArgumentDecorator object at 0x757ff8d10070>, verb_extension=<colcon_core.verb.build.BuildVerb object at 0x757ff8cd7a60>, main=<bound method BuildVerb.main of <colcon_core.verb.build.BuildVerb object at 0x757ff8cd7a60>>, mixin_verb=('build',))
[0.281s] Level 1:colcon.colcon_core.package_discovery:discover_packages(colcon_meta) check parameters
[0.281s] Level 1:colcon.colcon_core.package_discovery:discover_packages(recursive) check parameters
[0.281s] Level 1:colcon.colcon_core.package_discovery:discover_packages(ignore) check parameters
[0.281s] Level 1:colcon.colcon_core.package_discovery:discover_packages(path) check parameters
[0.281s] Level 1:colcon.colcon_core.package_discovery:discover_packages(colcon_meta) discover
[0.282s] Level 1:colcon.colcon_core.package_discovery:discover_packages(recursive) discover
[0.282s] INFO:colcon.colcon_core.package_discovery:Crawling recursively for packages in '/home/rashmika/arm4_ws/src'
[0.282s] Level 1:colcon.colcon_core.package_identification:_identify(.) by extensions ['ignore', 'ignore_ament_install']
[0.282s] Level 1:colcon.colcon_core.package_identification:_identify(.) by extension 'ignore'
[0.282s] Level 1:colcon.colcon_core.package_identification:_identify(.) by extension 'ignore_ament_install'
[0.282s] Level 1:colcon.colcon_core.package_identification:_identify(.) by extensions ['colcon_pkg']
[0.282s] Level 1:colcon.colcon_core.package_identification:_identify(.) by extension 'colcon_pkg'
[0.282s] Level 1:colcon.colcon_core.package_identification:_identify(.) by extensions ['colcon_meta']
[0.282s] Level 1:colcon.colcon_core.package_identification:_identify(.) by extension 'colcon_meta'
[0.282s] Level 1:colcon.colcon_core.package_identification:_identify(.) by extensions ['ros']
[0.282s] Level 1:colcon.colcon_core.package_identification:_identify(.) by extension 'ros'
[0.293s] Level 1:colcon.colcon_core.package_identification:_identify(.) by extensions ['cmake', 'python']
[0.293s] Level 1:colcon.colcon_core.package_identification:_identify(.) by extension 'cmake'
[0.293s] Level 1:colcon.colcon_core.package_identification:_identify(.) by extension 'python'
[0.293s] Level 1:colcon.colcon_core.package_identification:_identify(.) by extensions ['python_setup_py']
[0.293s] Level 1:colcon.colcon_core.package_identification:_identify(.) by extension 'python_setup_py'
[0.293s] Level 1:colcon.colcon_core.package_identification:_identify(arduinobot_bringup) by extensions ['ignore', 'ignore_ament_install']
[0.293s] Level 1:colcon.colcon_core.package_identification:_identify(arduinobot_bringup) by extension 'ignore'
[0.293s] Level 1:colcon.colcon_core.package_identification:_identify(arduinobot_bringup) by extension 'ignore_ament_install'
[0.293s] Level 1:colcon.colcon_core.package_identification:_identify(arduinobot_bringup) by extensions ['colcon_pkg']
[0.293s] Level 1:colcon.colcon_core.package_identification:_identify(arduinobot_bringup) by extension 'colcon_pkg'
[0.293s] Level 1:colcon.colcon_core.package_identification:_identify(arduinobot_bringup) by extensions ['colcon_meta']
[0.293s] Level 1:colcon.colcon_core.package_identification:_identify(arduinobot_bringup) by extension 'colcon_meta'
[0.293s] Level 1:colcon.colcon_core.package_identification:_identify(arduinobot_bringup) by extensions ['ros']
[0.293s] Level 1:colcon.colcon_core.package_identification:_identify(arduinobot_bringup) by extension 'ros'
[0.296s] DEBUG:colcon.colcon_core.package_identification:Package 'arduinobot_bringup' with type 'ros.ament_cmake' and name 'arduinobot_bringup'
[0.296s] Level 1:colcon.colcon_core.package_identification:_identify(arduinobot_controller) by extensions ['ignore', 'ignore_ament_install']
[0.296s] Level 1:colcon.colcon_core.package_identification:_identify(arduinobot_controller) by extension 'ignore'
[0.296s] Level 1:colcon.colcon_core.package_identification:_identify(arduinobot_controller) by extension 'ignore_ament_install'
[0.296s] Level 1:colcon.colcon_core.package_identification:_identify(arduinobot_controller) by extensions ['colcon_pkg']
[0.296s] Level 1:colcon.colcon_core.package_identification:_identify(arduinobot_controller) by extension 'colcon_pkg'
[0.296s] Level 1:colcon.colcon_core.package_identification:_identify(arduinobot_controller) by extensions ['colcon_meta']
[0.296s] Level 1:colcon.colcon_core.package_identification:_identify(arduinobot_controller) by extension 'colcon_meta'
[0.296s] Level 1:colcon.colcon_core.package_identification:_identify(arduinobot_controller) by extensions ['ros']
[0.296s] Level 1:colcon.colcon_core.package_identification:_identify(arduinobot_controller) by extension 'ros'
[0.297s] DEBUG:colcon.colcon_core.package_identification:Package 'arduinobot_controller' with type 'ros.ament_cmake' and name 'arduinobot_controller'
[0.297s] Level 1:colcon.colcon_core.package_identification:_identify(arduinobot_description) by extensions ['ignore', 'ignore_ament_install']
[0.297s] Level 1:colcon.colcon_core.package_identification:_identify(arduinobot_description) by extension 'ignore'
[0.298s] Level 1:colcon.colcon_core.package_identification:_identify(arduinobot_description) by extension 'ignore_ament_install'
[0.298s] Level 1:colcon.colcon_core.package_identification:_identify(arduinobot_description) by extensions ['colcon_pkg']
[0.298s] Level 1:colcon.colcon_core.package_identification:_identify(arduinobot_description) by extension 'colcon_pkg'
[0.298s] Level 1:colcon.colcon_core.package_identification:_identify(arduinobot_description) by extensions ['colcon_meta']
[0.298s] Level 1:colcon.colcon_core.package_identification:_identify(arduinobot_description) by extension 'colcon_meta'
[0.298s] Level 1:colcon.colcon_core.package_identification:_identify(arduinobot_description) by extensions ['ros']
[0.298s] Level 1:colcon.colcon_core.package_identification:_identify(arduinobot_description) by extension 'ros'
[0.298s] DEBUG:colcon.colcon_core.package_identification:Package 'arduinobot_description' with type 'ros.ament_cmake' and name 'arduinobot_description'
[0.298s] Level 1:colcon.colcon_core.package_identification:_identify(arduinobot_moveit) by extensions ['ignore', 'ignore_ament_install']
[0.298s] Level 1:colcon.colcon_core.package_identification:_identify(arduinobot_moveit) by extension 'ignore'
[0.299s] Level 1:colcon.colcon_core.package_identification:_identify(arduinobot_moveit) by extension 'ignore_ament_install'
[0.299s] Level 1:colcon.colcon_core.package_identification:_identify(arduinobot_moveit) by extensions ['colcon_pkg']
[0.299s] Level 1:colcon.colcon_core.package_identification:_identify(arduinobot_moveit) by extension 'colcon_pkg'
[0.299s] Level 1:colcon.colcon_core.package_identification:_identify(arduinobot_moveit) by extensions ['colcon_meta']
[0.299s] Level 1:colcon.colcon_core.package_identification:_identify(arduinobot_moveit) by extension 'colcon_meta'
[0.299s] Level 1:colcon.colcon_core.package_identification:_identify(arduinobot_moveit) by extensions ['ros']
[0.299s] Level 1:colcon.colcon_core.package_identification:_identify(arduinobot_moveit) by extension 'ros'
[0.299s] DEBUG:colcon.colcon_core.package_identification:Package 'arduinobot_moveit' with type 'ros.ament_cmake' and name 'arduinobot_moveit'
[0.299s] Level 1:colcon.colcon_core.package_identification:_identify(arduinobot_msgs) by extensions ['ignore', 'ignore_ament_install']
[0.299s] Level 1:colcon.colcon_core.package_identification:_identify(arduinobot_msgs) by extension 'ignore'
[0.300s] Level 1:colcon.colcon_core.package_identification:_identify(arduinobot_msgs) by extension 'ignore_ament_install'
[0.300s] Level 1:colcon.colcon_core.package_identification:_identify(arduinobot_msgs) by extensions ['colcon_pkg']
[0.300s] Level 1:colcon.colcon_core.package_identification:_identify(arduinobot_msgs) by extension 'colcon_pkg'
[0.300s] Level 1:colcon.colcon_core.package_identification:_identify(arduinobot_msgs) by extensions ['colcon_meta']
[0.300s] Level 1:colcon.colcon_core.package_identification:_identify(arduinobot_msgs) by extension 'colcon_meta'
[0.300s] Level 1:colcon.colcon_core.package_identification:_identify(arduinobot_msgs) by extensions ['ros']
[0.300s] Level 1:colcon.colcon_core.package_identification:_identify(arduinobot_msgs) by extension 'ros'
[0.300s] DEBUG:colcon.colcon_core.package_identification:Package 'arduinobot_msgs' with type 'ros.ament_cmake' and name 'arduinobot_msgs'
[0.301s] Level 1:colcon.colcon_core.package_identification:_identify(arduinobot_python) by extensions ['ignore', 'ignore_ament_install']
[0.301s] Level 1:colcon.colcon_core.package_identification:_identify(arduinobot_python) by extension 'ignore'
[0.301s] Level 1:colcon.colcon_core.package_identification:_identify(arduinobot_python) by extension 'ignore_ament_install'
[0.301s] Level 1:colcon.colcon_core.package_identification:_identify(arduinobot_python) by extensions ['colcon_pkg']
[0.301s] Level 1:colcon.colcon_core.package_identification:_identify(arduinobot_python) by extension 'colcon_pkg'
[0.301s] Level 1:colcon.colcon_core.package_identification:_identify(arduinobot_python) by extensions ['colcon_meta']
[0.301s] Level 1:colcon.colcon_core.package_identification:_identify(arduinobot_python) by extension 'colcon_meta'
[0.301s] Level 1:colcon.colcon_core.package_identification:_identify(arduinobot_python) by extensions ['ros']
[0.301s] Level 1:colcon.colcon_core.package_identification:_identify(arduinobot_python) by extension 'ros'
[0.301s] DEBUG:colcon.colcon_core.package_identification:Package 'arduinobot_python' with type 'ros.ament_python' and name 'arduinobot_python'
[0.301s] Level 1:colcon.colcon_core.package_identification:_identify(arm_control_py) by extensions ['ignore', 'ignore_ament_install']
[0.301s] Level 1:colcon.colcon_core.package_identification:_identify(arm_control_py) by extension 'ignore'
[0.302s] Level 1:colcon.colcon_core.package_identification:_identify(arm_control_py) by extension 'ignore_ament_install'
[0.302s] Level 1:colcon.colcon_core.package_identification:_identify(arm_control_py) by extensions ['colcon_pkg']
[0.302s] Level 1:colcon.colcon_core.package_identification:_identify(arm_control_py) by extension 'colcon_pkg'
[0.302s] Level 1:colcon.colcon_core.package_identification:_identify(arm_control_py) by extensions ['colcon_meta']
[0.302s] Level 1:colcon.colcon_core.package_identification:_identify(arm_control_py) by extension 'colcon_meta'
[0.302s] Level 1:colcon.colcon_core.package_identification:_identify(arm_control_py) by extensions ['ros']
[0.302s] Level 1:colcon.colcon_core.package_identification:_identify(arm_control_py) by extension 'ros'
[0.303s] DEBUG:colcon.colcon_core.package_identification:Package 'arm_control_py' with type 'ros.ament_python' and name 'arm_control_py'
[0.303s] Level 1:colcon.colcon_core.package_identification:_identify(build) by extensions ['ignore', 'ignore_ament_install']
[0.303s] Level 1:colcon.colcon_core.package_identification:_identify(build) by extension 'ignore'
[0.303s] Level 1:colcon.colcon_core.package_identification:_identify(build) ignored
[0.303s] Level 1:colcon.colcon_core.package_identification:_identify(install) by extensions ['ignore', 'ignore_ament_install']
[0.303s] Level 1:colcon.colcon_core.package_identification:_identify(install) by extension 'ignore'
[0.303s] Level 1:colcon.colcon_core.package_identification:_identify(install) ignored
[0.303s] Level 1:colcon.colcon_core.package_identification:_identify(log) by extensions ['ignore', 'ignore_ament_install']
[0.303s] Level 1:colcon.colcon_core.package_identification:_identify(log) by extension 'ignore'
[0.303s] Level 1:colcon.colcon_core.package_identification:_identify(log) ignored
[0.303s] Level 1:colcon.colcon_core.package_discovery:discover_packages(recursive) using defaults
[0.303s] Level 1:colcon.colcon_core.package_discovery:discover_packages(ignore) discover
[0.303s] Level 1:colcon.colcon_core.package_discovery:discover_packages(ignore) using defaults
[0.303s] Level 1:colcon.colcon_core.package_discovery:discover_packages(path) discover
[0.303s] Level 1:colcon.colcon_core.package_discovery:discover_packages(path) using defaults
[0.333s] Level 1:colcon.colcon_core.package_discovery:discover_packages(prefix_path) check parameters
[0.334s] Level 1:colcon.colcon_core.package_discovery:discover_packages(prefix_path) discover
[0.336s] DEBUG:colcon.colcon_installed_package_information.package_discovery:Found 16 installed packages in /home/rashmika/turtlebot3_ws/install
[0.337s] DEBUG:colcon.colcon_installed_package_information.package_discovery:Found 7 installed packages in /home/rashmika/arm4_ws/install
[0.339s] DEBUG:colcon.colcon_installed_package_information.package_discovery:Found 405 installed packages in /opt/ros/humble
[0.341s] Level 1:colcon.colcon_core.package_discovery:discover_packages(prefix_path) using defaults
[0.394s] Level 5:colcon.colcon_core.verb:set package 'arduinobot_bringup' build argument 'cmake_args' from command line to 'None'
[0.394s] Level 5:colcon.colcon_core.verb:set package 'arduinobot_bringup' build argument 'cmake_target' from command line to 'None'
[0.394s] Level 5:colcon.colcon_core.verb:set package 'arduinobot_bringup' build argument 'cmake_target_skip_unavailable' from command line to 'False'
[0.394s] Level 5:colcon.colcon_core.verb:set package 'arduinobot_bringup' build argument 'cmake_clean_cache' from command line to 'False'
[0.394s] Level 5:colcon.colcon_core.verb:set package 'arduinobot_bringup' build argument 'cmake_clean_first' from command line to 'False'
[0.394s] Level 5:colcon.colcon_core.verb:set package 'arduinobot_bringup' build argument 'cmake_force_configure' from command line to 'False'
[0.394s] Level 5:colcon.colcon_core.verb:set package 'arduinobot_bringup' build argument 'ament_cmake_args' from command line to 'None'
[0.394s] Level 5:colcon.colcon_core.verb:set package 'arduinobot_bringup' build argument 'catkin_cmake_args' from command line to 'None'
[0.394s] Level 5:colcon.colcon_core.verb:set package 'arduinobot_bringup' build argument 'catkin_skip_building_tests' from command line to 'False'
[0.394s] DEBUG:colcon.colcon_core.verb:Building package 'arduinobot_bringup' with the following arguments: {'ament_cmake_args': None, 'build_base': '/home/rashmika/arm4_ws/src/build/arduinobot_bringup', 'catkin_cmake_args': None, 'catkin_skip_building_tests': False, 'cmake_args': None, 'cmake_clean_cache': False, 'cmake_clean_first': False, 'cmake_force_configure': False, 'cmake_target': None, 'cmake_target_skip_unavailable': False, 'install_base': '/home/rashmika/arm4_ws/src/install/arduinobot_bringup', 'merge_install': False, 'path': '/home/rashmika/arm4_ws/src/arduinobot_bringup', 'symlink_install': False, 'test_result_base': None}
[0.394s] Level 5:colcon.colcon_core.verb:set package 'arduinobot_controller' build argument 'cmake_args' from command line to 'None'
[0.394s] Level 5:colcon.colcon_core.verb:set package 'arduinobot_controller' build argument 'cmake_target' from command line to 'None'
[0.394s] Level 5:colcon.colcon_core.verb:set package 'arduinobot_controller' build argument 'cmake_target_skip_unavailable' from command line to 'False'
[0.394s] Level 5:colcon.colcon_core.verb:set package 'arduinobot_controller' build argument 'cmake_clean_cache' from command line to 'False'
[0.395s] Level 5:colcon.colcon_core.verb:set package 'arduinobot_controller' build argument 'cmake_clean_first' from command line to 'False'
[0.395s] Level 5:colcon.colcon_core.verb:set package 'arduinobot_controller' build argument 'cmake_force_configure' from command line to 'False'
[0.395s] Level 5:colcon.colcon_core.verb:set package 'arduinobot_controller' build argument 'ament_cmake_args' from command line to 'None'
[0.395s] Level 5:colcon.colcon_core.verb:set package 'arduinobot_controller' build argument 'catkin_cmake_args' from command line to 'None'
[0.395s] Level 5:colcon.colcon_core.verb:set package 'arduinobot_controller' build argument 'catkin_skip_building_tests' from command line to 'False'
[0.395s] DEBUG:colcon.colcon_core.verb:Building package 'arduinobot_controller' with the following arguments: {'ament_cmake_args': None, 'build_base': '/home/rashmika/arm4_ws/src/build/arduinobot_controller', 'catkin_cmake_args': None, 'catkin_skip_building_tests': False, 'cmake_args': None, 'cmake_clean_cache': False, 'cmake_clean_first': False, 'cmake_force_configure': False, 'cmake_target': None, 'cmake_target_skip_unavailable': False, 'install_base': '/home/rashmika/arm4_ws/src/install/arduinobot_controller', 'merge_install': False, 'path': '/home/rashmika/arm4_ws/src/arduinobot_controller', 'symlink_install': False, 'test_result_base': None}
[0.395s] Level 5:colcon.colcon_core.verb:set package 'arduinobot_description' build argument 'cmake_args' from command line to 'None'
[0.395s] Level 5:colcon.colcon_core.verb:set package 'arduinobot_description' build argument 'cmake_target' from command line to 'None'
[0.395s] Level 5:colcon.colcon_core.verb:set package 'arduinobot_description' build argument 'cmake_target_skip_unavailable' from command line to 'False'
[0.395s] Level 5:colcon.colcon_core.verb:set package 'arduinobot_description' build argument 'cmake_clean_cache' from command line to 'False'
[0.395s] Level 5:colcon.colcon_core.verb:set package 'arduinobot_description' build argument 'cmake_clean_first' from command line to 'False'
[0.395s] Level 5:colcon.colcon_core.verb:set package 'arduinobot_description' build argument 'cmake_force_configure' from command line to 'False'
[0.395s] Level 5:colcon.colcon_core.verb:set package 'arduinobot_description' build argument 'ament_cmake_args' from command line to 'None'
[0.395s] Level 5:colcon.colcon_core.verb:set package 'arduinobot_description' build argument 'catkin_cmake_args' from command line to 'None'
[0.395s] Level 5:colcon.colcon_core.verb:set package 'arduinobot_description' build argument 'catkin_skip_building_tests' from command line to 'False'
[0.395s] DEBUG:colcon.colcon_core.verb:Building package 'arduinobot_description' with the following arguments: {'ament_cmake_args': None, 'build_base': '/home/rashmika/arm4_ws/src/build/arduinobot_description', 'catkin_cmake_args': None, 'catkin_skip_building_tests': False, 'cmake_args': None, 'cmake_clean_cache': False, 'cmake_clean_first': False, 'cmake_force_configure': False, 'cmake_target': None, 'cmake_target_skip_unavailable': False, 'install_base': '/home/rashmika/arm4_ws/src/install/arduinobot_description', 'merge_install': False, 'path': '/home/rashmika/arm4_ws/src/arduinobot_description', 'symlink_install': False, 'test_result_base': None}
[0.395s] Level 5:colcon.colcon_core.verb:set package 'arduinobot_moveit' build argument 'cmake_args' from command line to 'None'
[0.396s] Level 5:colcon.colcon_core.verb:set package 'arduinobot_moveit' build argument 'cmake_target' from command line to 'None'
[0.396s] Level 5:colcon.colcon_core.verb:set package 'arduinobot_moveit' build argument 'cmake_target_skip_unavailable' from command line to 'False'
[0.396s] Level 5:colcon.colcon_core.verb:set package 'arduinobot_moveit' build argument 'cmake_clean_cache' from command line to 'False'
[0.396s] Level 5:colcon.colcon_core.verb:set package 'arduinobot_moveit' build argument 'cmake_clean_first' from command line to 'False'
[0.396s] Level 5:colcon.colcon_core.verb:set package 'arduinobot_moveit' build argument 'cmake_force_configure' from command line to 'False'
[0.396s] Level 5:colcon.colcon_core.verb:set package 'arduinobot_moveit' build argument 'ament_cmake_args' from command line to 'None'
[0.396s] Level 5:colcon.colcon_core.verb:set package 'arduinobot_moveit' build argument 'catkin_cmake_args' from command line to 'None'
[0.396s] Level 5:colcon.colcon_core.verb:set package 'arduinobot_moveit' build argument 'catkin_skip_building_tests' from command line to 'False'
[0.396s] DEBUG:colcon.colcon_core.verb:Building package 'arduinobot_moveit' with the following arguments: {'ament_cmake_args': None, 'build_base': '/home/rashmika/arm4_ws/src/build/arduinobot_moveit', 'catkin_cmake_args': None, 'catkin_skip_building_tests': False, 'cmake_args': None, 'cmake_clean_cache': False, 'cmake_clean_first': False, 'cmake_force_configure': False, 'cmake_target': None, 'cmake_target_skip_unavailable': False, 'install_base': '/home/rashmika/arm4_ws/src/install/arduinobot_moveit', 'merge_install': False, 'path': '/home/rashmika/arm4_ws/src/arduinobot_moveit', 'symlink_install': False, 'test_result_base': None}
[0.396s] Level 5:colcon.colcon_core.verb:set package 'arduinobot_msgs' build argument 'cmake_args' from command line to 'None'
[0.396s] Level 5:colcon.colcon_core.verb:set package 'arduinobot_msgs' build argument 'cmake_target' from command line to 'None'
[0.396s] Level 5:colcon.colcon_core.verb:set package 'arduinobot_msgs' build argument 'cmake_target_skip_unavailable' from command line to 'False'
[0.396s] Level 5:colcon.colcon_core.verb:set package 'arduinobot_msgs' build argument 'cmake_clean_cache' from command line to 'False'
[0.396s] Level 5:colcon.colcon_core.verb:set package 'arduinobot_msgs' build argument 'cmake_clean_first' from command line to 'False'
[0.396s] Level 5:colcon.colcon_core.verb:set package 'arduinobot_msgs' build argument 'cmake_force_configure' from command line to 'False'
[0.396s] Level 5:colcon.colcon_core.verb:set package 'arduinobot_msgs' build argument 'ament_cmake_args' from command line to 'None'
[0.396s] Level 5:colcon.colcon_core.verb:set package 'arduinobot_msgs' build argument 'catkin_cmake_args' from command line to 'None'
[0.396s] Level 5:colcon.colcon_core.verb:set package 'arduinobot_msgs' build argument 'catkin_skip_building_tests' from command line to 'False'
[0.396s] DEBUG:colcon.colcon_core.verb:Building package 'arduinobot_msgs' with the following arguments: {'ament_cmake_args': None, 'build_base': '/home/rashmika/arm4_ws/src/build/arduinobot_msgs', 'catkin_cmake_args': None, 'catkin_skip_building_tests': False, 'cmake_args': None, 'cmake_clean_cache': False, 'cmake_clean_first': False, 'cmake_force_configure': False, 'cmake_target': None, 'cmake_target_skip_unavailable': False, 'install_base': '/home/rashmika/arm4_ws/src/install/arduinobot_msgs', 'merge_install': False, 'path': '/home/rashmika/arm4_ws/src/arduinobot_msgs', 'symlink_install': False, 'test_result_base': None}
[0.397s] Level 5:colcon.colcon_core.verb:set package 'arduinobot_python' build argument 'cmake_args' from command line to 'None'
[0.397s] Level 5:colcon.colcon_core.verb:set package 'arduinobot_python' build argument 'cmake_target' from command line to 'None'
[0.397s] Level 5:colcon.colcon_core.verb:set package 'arduinobot_python' build argument 'cmake_target_skip_unavailable' from command line to 'False'
[0.397s] Level 5:colcon.colcon_core.verb:set package 'arduinobot_python' build argument 'cmake_clean_cache' from command line to 'False'
[0.397s] Level 5:colcon.colcon_core.verb:set package 'arduinobot_python' build argument 'cmake_clean_first' from command line to 'False'
[0.397s] Level 5:colcon.colcon_core.verb:set package 'arduinobot_python' build argument 'cmake_force_configure' from command line to 'False'
[0.397s] Level 5:colcon.colcon_core.verb:set package 'arduinobot_python' build argument 'ament_cmake_args' from command line to 'None'
[0.397s] Level 5:colcon.colcon_core.verb:set package 'arduinobot_python' build argument 'catkin_cmake_args' from command line to 'None'
[0.397s] Level 5:colcon.colcon_core.verb:set package 'arduinobot_python' build argument 'catkin_skip_building_tests' from command line to 'False'
[0.397s] DEBUG:colcon.colcon_core.verb:Building package 'arduinobot_python' with the following arguments: {'ament_cmake_args': None, 'build_base': '/home/rashmika/arm4_ws/src/build/arduinobot_python', 'catkin_cmake_args': None, 'catkin_skip_building_tests': False, 'cmake_args': None, 'cmake_clean_cache': False, 'cmake_clean_first': False, 'cmake_force_configure': False, 'cmake_target': None, 'cmake_target_skip_unavailable': False, 'install_base': '/home/rashmika/arm4_ws/src/install/arduinobot_python', 'merge_install': False, 'path': '/home/rashmika/arm4_ws/src/arduinobot_python', 'symlink_install': False, 'test_result_base': None}
[0.397s] Level 5:colcon.colcon_core.verb:set package 'arm_control_py' build argument 'cmake_args' from command line to 'None'
[0.397s] Level 5:colcon.colcon_core.verb:set package 'arm_control_py' build argument 'cmake_target' from command line to 'None'
[0.397s] Level 5:colcon.colcon_core.verb:set package 'arm_control_py' build argument 'cmake_target_skip_unavailable' from command line to 'False'
[0.397s] Level 5:colcon.colcon_core.verb:set package 'arm_control_py' build argument 'cmake_clean_cache' from command line to 'False'
[0.397s] Level 5:colcon.colcon_core.verb:set package 'arm_control_py' build argument 'cmake_clean_first' from command line to 'False'
[0.397s] Level 5:colcon.colcon_core.verb:set package 'arm_control_py' build argument 'cmake_force_configure' from command line to 'False'
[0.397s] Level 5:colcon.colcon_core.verb:set package 'arm_control_py' build argument 'ament_cmake_args' from command line to 'None'
[0.398s] Level 5:colcon.colcon_core.verb:set package 'arm_control_py' build argument 'catkin_cmake_args' from command line to 'None'
[0.398s] Level 5:colcon.colcon_core.verb:set package 'arm_control_py' build argument 'catkin_skip_building_tests' from command line to 'False'
[0.398s] DEBUG:colcon.colcon_core.verb:Building package 'arm_control_py' with the following arguments: {'ament_cmake_args': None, 'build_base': '/home/rashmika/arm4_ws/src/build/arm_control_py', 'catkin_cmake_args': None, 'catkin_skip_building_tests': False, 'cmake_args': None, 'cmake_clean_cache': False, 'cmake_clean_first': False, 'cmake_force_configure': False, 'cmake_target': None, 'cmake_target_skip_unavailable': False, 'install_base': '/home/rashmika/arm4_ws/src/install/arm_control_py', 'merge_install': False, 'path': '/home/rashmika/arm4_ws/src/arm_control_py', 'symlink_install': False, 'test_result_base': None}
[0.398s] INFO:colcon.colcon_core.executor:Executing jobs using 'parallel' executor
[0.399s] DEBUG:colcon.colcon_parallel_executor.executor.parallel:run_until_complete
[0.399s] INFO:colcon.colcon_ros.task.ament_cmake.build:Building ROS package in '/home/rashmika/arm4_ws/src/arduinobot_bringup' with build type 'ament_cmake'
[0.399s] INFO:colcon.colcon_cmake.task.cmake.build:Building CMake package in '/home/rashmika/arm4_ws/src/arduinobot_bringup'
[0.401s] INFO:colcon.colcon_core.plugin_system:Skipping extension 'colcon_core.shell.bat': Not used on non-Windows systems
[0.401s] INFO:colcon.colcon_core.shell:Skip shell extension 'powershell' for command environment: Not usable outside of PowerShell
[0.401s] DEBUG:colcon.colcon_core.shell:Skip shell extension 'dsv' for command environment
[0.407s] INFO:colcon.colcon_ros.task.ament_cmake.build:Building ROS package in '/home/rashmika/arm4_ws/src/arduinobot_controller' with build type 'ament_cmake'
[0.407s] INFO:colcon.colcon_cmake.task.cmake.build:Building CMake package in '/home/rashmika/arm4_ws/src/arduinobot_controller'
[0.407s] INFO:colcon.colcon_core.shell:Skip shell extension 'powershell' for command environment: Not usable outside of PowerShell
[0.407s] DEBUG:colcon.colcon_core.shell:Skip shell extension 'dsv' for command environment
[0.413s] INFO:colcon.colcon_ros.task.ament_cmake.build:Building ROS package in '/home/rashmika/arm4_ws/src/arduinobot_description' with build type 'ament_cmake'
[0.413s] INFO:colcon.colcon_cmake.task.cmake.build:Building CMake package in '/home/rashmika/arm4_ws/src/arduinobot_description'
[0.413s] INFO:colcon.colcon_core.shell:Skip shell extension 'powershell' for command environment: Not usable outside of PowerShell
[0.413s] DEBUG:colcon.colcon_core.shell:Skip shell extension 'dsv' for command environment
[0.420s] INFO:colcon.colcon_ros.task.ament_cmake.build:Building ROS package in '/home/rashmika/arm4_ws/src/arduinobot_moveit' with build type 'ament_cmake'
[0.420s] INFO:colcon.colcon_cmake.task.cmake.build:Building CMake package in '/home/rashmika/arm4_ws/src/arduinobot_moveit'
[0.420s] INFO:colcon.colcon_core.shell:Skip shell extension 'powershell' for command environment: Not usable outside of PowerShell
[0.421s] DEBUG:colcon.colcon_core.shell:Skip shell extension 'dsv' for command environment
[0.427s] INFO:colcon.colcon_ros.task.ament_cmake.build:Building ROS package in '/home/rashmika/arm4_ws/src/arduinobot_msgs' with build type 'ament_cmake'
[0.427s] INFO:colcon.colcon_cmake.task.cmake.build:Building CMake package in '/home/rashmika/arm4_ws/src/arduinobot_msgs'
[0.428s] INFO:colcon.colcon_core.shell:Skip shell extension 'powershell' for command environment: Not usable outside of PowerShell
[0.428s] DEBUG:colcon.colcon_core.shell:Skip shell extension 'dsv' for command environment
[0.433s] INFO:colcon.colcon_ros.task.ament_python.build:Building ROS package in '/home/rashmika/arm4_ws/src/arduinobot_python' with build type 'ament_python'
[0.434s] Level 1:colcon.colcon_core.shell:create_environment_hook('arduinobot_python', 'ament_prefix_path')
[0.434s] INFO:colcon.colcon_core.shell:Creating environment hook '/home/rashmika/arm4_ws/src/install/arduinobot_python/share/arduinobot_python/hook/ament_prefix_path.ps1'
[0.435s] INFO:colcon.colcon_core.shell:Creating environment descriptor '/home/rashmika/arm4_ws/src/install/arduinobot_python/share/arduinobot_python/hook/ament_prefix_path.dsv'
[0.435s] INFO:colcon.colcon_core.shell:Creating environment hook '/home/rashmika/arm4_ws/src/install/arduinobot_python/share/arduinobot_python/hook/ament_prefix_path.sh'
[0.436s] INFO:colcon.colcon_core.shell:Skip shell extension 'powershell' for command environment: Not usable outside of PowerShell
[0.436s] DEBUG:colcon.colcon_core.shell:Skip shell extension 'dsv' for command environment
[0.442s] INFO:colcon.colcon_ros.task.ament_python.build:Building ROS package in '/home/rashmika/arm4_ws/src/arm_control_py' with build type 'ament_python'
[0.442s] Level 1:colcon.colcon_core.shell:create_environment_hook('arm_control_py', 'ament_prefix_path')
[0.442s] INFO:colcon.colcon_core.shell:Creating environment hook '/home/rashmika/arm4_ws/src/install/arm_control_py/share/arm_control_py/hook/ament_prefix_path.ps1'
[0.443s] INFO:colcon.colcon_core.shell:Creating environment descriptor '/home/rashmika/arm4_ws/src/install/arm_control_py/share/arm_control_py/hook/ament_prefix_path.dsv'
[0.443s] INFO:colcon.colcon_core.shell:Creating environment hook '/home/rashmika/arm4_ws/src/install/arm_control_py/share/arm_control_py/hook/ament_prefix_path.sh'
[0.444s] INFO:colcon.colcon_core.shell:Skip shell extension 'powershell' for command environment: Not usable outside of PowerShell
[0.444s] DEBUG:colcon.colcon_core.shell:Skip shell extension 'dsv' for command environment
[0.454s] DEBUG:colcon.colcon_core.event_handler.log_command:Invoking command in '/home/rashmika/arm4_ws/src/build/arduinobot_bringup': CMAKE_PREFIX_PATH=${CMAKE_PREFIX_PATH}:/home/rashmika/arm4_ws/install/arm_control_py:/home/rashmika/arm4_ws/install/arduinobot_python:/home/rashmika/turtlebot3_ws/install/turtlebot3_teleop:/home/rashmika/turtlebot3_ws/install/turtlebot3_example:/opt/ros/humble /usr/bin/cmake --build /home/rashmika/arm4_ws/src/build/arduinobot_bringup -- -j8 -l8
[0.457s] DEBUG:colcon.colcon_core.event_handler.log_command:Invoking command in '/home/rashmika/arm4_ws/src/build/arduinobot_controller': CMAKE_PREFIX_PATH=${CMAKE_PREFIX_PATH}:/home/rashmika/arm4_ws/install/arm_control_py:/home/rashmika/arm4_ws/install/arduinobot_python:/home/rashmika/turtlebot3_ws/install/turtlebot3_teleop:/home/rashmika/turtlebot3_ws/install/turtlebot3_example:/opt/ros/humble /usr/bin/cmake --build /home/rashmika/arm4_ws/src/build/arduinobot_controller -- -j8 -l8
[0.460s] DEBUG:colcon.colcon_core.event_handler.log_command:Invoking command in '/home/rashmika/arm4_ws/src/build/arduinobot_description': CMAKE_PREFIX_PATH=${CMAKE_PREFIX_PATH}:/home/rashmika/arm4_ws/install/arm_control_py:/home/rashmika/arm4_ws/install/arduinobot_python:/home/rashmika/turtlebot3_ws/install/turtlebot3_teleop:/home/rashmika/turtlebot3_ws/install/turtlebot3_example:/opt/ros/humble /usr/bin/cmake --build /home/rashmika/arm4_ws/src/build/arduinobot_description -- -j8 -l8
[0.464s] DEBUG:colcon.colcon_core.event_handler.log_command:Invoking command in '/home/rashmika/arm4_ws/src/build/arduinobot_moveit': CMAKE_PREFIX_PATH=${CMAKE_PREFIX_PATH}:/home/rashmika/arm4_ws/install/arm_control_py:/home/rashmika/arm4_ws/install/arduinobot_python:/home/rashmika/turtlebot3_ws/install/turtlebot3_teleop:/home/rashmika/turtlebot3_ws/install/turtlebot3_example:/opt/ros/humble /usr/bin/cmake --build /home/rashmika/arm4_ws/src/build/arduinobot_moveit -- -j8 -l8
[0.468s] DEBUG:colcon.colcon_core.event_handler.log_command:Invoking command in '/home/rashmika/arm4_ws/src/build/arduinobot_msgs': CMAKE_PREFIX_PATH=${CMAKE_PREFIX_PATH}:/home/rashmika/arm4_ws/install/arm_control_py:/home/rashmika/arm4_ws/install/arduinobot_python:/home/rashmika/turtlebot3_ws/install/turtlebot3_teleop:/home/rashmika/turtlebot3_ws/install/turtlebot3_example:/opt/ros/humble /usr/bin/cmake --build /home/rashmika/arm4_ws/src/build/arduinobot_msgs -- -j8 -l8
[0.864s] INFO:colcon.colcon_core.task.python.build:Building Python package in '/home/rashmika/arm4_ws/src/arduinobot_python'
[0.864s] INFO:colcon.colcon_core.shell:Skip shell extension 'powershell' for command environment: Not usable outside of PowerShell
[0.864s] DEBUG:colcon.colcon_core.shell:Skip shell extension 'dsv' for command environment
[0.876s] DEBUG:colcon.colcon_core.event_handler.log_command:Invoked command in '/home/rashmika/arm4_ws/src/build/arduinobot_bringup' returned '0': CMAKE_PREFIX_PATH=${CMAKE_PREFIX_PATH}:/home/rashmika/arm4_ws/install/arm_control_py:/home/rashmika/arm4_ws/install/arduinobot_python:/home/rashmika/turtlebot3_ws/install/turtlebot3_teleop:/home/rashmika/turtlebot3_ws/install/turtlebot3_example:/opt/ros/humble /usr/bin/cmake --build /home/rashmika/arm4_ws/src/build/arduinobot_bringup -- -j8 -l8
[0.886s] DEBUG:colcon.colcon_core.event_handler.log_command:Invoking command in '/home/rashmika/arm4_ws/src/build/arduinobot_bringup': CMAKE_PREFIX_PATH=${CMAKE_PREFIX_PATH}:/home/rashmika/arm4_ws/install/arm_control_py:/home/rashmika/arm4_ws/install/arduinobot_python:/home/rashmika/turtlebot3_ws/install/turtlebot3_teleop:/home/rashmika/turtlebot3_ws/install/turtlebot3_example:/opt/ros/humble /usr/bin/cmake --install /home/rashmika/arm4_ws/src/build/arduinobot_bringup
[0.886s] DEBUG:colcon.colcon_core.event_handler.log_command:Invoked command in '/home/rashmika/arm4_ws/src/build/arduinobot_description' returned '0': CMAKE_PREFIX_PATH=${CMAKE_PREFIX_PATH}:/home/rashmika/arm4_ws/install/arm_control_py:/home/rashmika/arm4_ws/install/arduinobot_python:/home/rashmika/turtlebot3_ws/install/turtlebot3_teleop:/home/rashmika/turtlebot3_ws/install/turtlebot3_example:/opt/ros/humble /usr/bin/cmake --build /home/rashmika/arm4_ws/src/build/arduinobot_description -- -j8 -l8
[0.888s] DEBUG:colcon.colcon_core.event_handler.log_command:Invoking command in '/home/rashmika/arm4_ws/src/build/arduinobot_description': CMAKE_PREFIX_PATH=${CMAKE_PREFIX_PATH}:/home/rashmika/arm4_ws/install/arm_control_py:/home/rashmika/arm4_ws/install/arduinobot_python:/home/rashmika/turtlebot3_ws/install/turtlebot3_teleop:/home/rashmika/turtlebot3_ws/install/turtlebot3_example:/opt/ros/humble /usr/bin/cmake --install /home/rashmika/arm4_ws/src/build/arduinobot_description
[0.889s] DEBUG:colcon.colcon_core.event_handler.log_command:Invoked command in '/home/rashmika/arm4_ws/src/build/arduinobot_moveit' returned '0': CMAKE_PREFIX_PATH=${CMAKE_PREFIX_PATH}:/home/rashmika/arm4_ws/install/arm_control_py:/home/rashmika/arm4_ws/install/arduinobot_python:/home/rashmika/turtlebot3_ws/install/turtlebot3_teleop:/home/rashmika/turtlebot3_ws/install/turtlebot3_example:/opt/ros/humble /usr/bin/cmake --build /home/rashmika/arm4_ws/src/build/arduinobot_moveit -- -j8 -l8
[0.891s] DEBUG:colcon.colcon_core.event_handler.log_command:Invoking command in '/home/rashmika/arm4_ws/src/build/arduinobot_moveit': CMAKE_PREFIX_PATH=${CMAKE_PREFIX_PATH}:/home/rashmika/arm4_ws/install/arm_control_py:/home/rashmika/arm4_ws/install/arduinobot_python:/home/rashmika/turtlebot3_ws/install/turtlebot3_teleop:/home/rashmika/turtlebot3_ws/install/turtlebot3_example:/opt/ros/humble /usr/bin/cmake --install /home/rashmika/arm4_ws/src/build/arduinobot_moveit
[1.152s] INFO:colcon.colcon_core.task.python.build:Building Python package in '/home/rashmika/arm4_ws/src/arm_control_py'
[1.152s] INFO:colcon.colcon_core.shell:Skip shell extension 'powershell' for command environment: Not usable outside of PowerShell
[1.152s] DEBUG:colcon.colcon_core.shell:Skip shell extension 'dsv' for command environment
[1.172s] Level 1:colcon.colcon_core.environment:create_environment_scripts_only(arduinobot_moveit)
[1.176s] DEBUG:colcon.colcon_core.event_handler.log_command:Invoked command in '/home/rashmika/arm4_ws/src/build/arduinobot_controller' returned '0': CMAKE_PREFIX_PATH=${CMAKE_PREFIX_PATH}:/home/rashmika/arm4_ws/install/arm_control_py:/home/rashmika/arm4_ws/install/arduinobot_python:/home/rashmika/turtlebot3_ws/install/turtlebot3_teleop:/home/rashmika/turtlebot3_ws/install/turtlebot3_example:/opt/ros/humble /usr/bin/cmake --build /home/rashmika/arm4_ws/src/build/arduinobot_controller -- -j8 -l8
[1.176s] DEBUG:colcon.colcon_core.event_handler.log_command:Invoking command in '/home/rashmika/arm4_ws/src/build/arduinobot_controller': CMAKE_PREFIX_PATH=${CMAKE_PREFIX_PATH}:/home/rashmika/arm4_ws/install/arm_control_py:/home/rashmika/arm4_ws/install/arduinobot_python:/home/rashmika/turtlebot3_ws/install/turtlebot3_teleop:/home/rashmika/turtlebot3_ws/install/turtlebot3_example:/opt/ros/humble /usr/bin/cmake --install /home/rashmika/arm4_ws/src/build/arduinobot_controller
[1.177s] DEBUG:colcon.colcon_core.event_handler.log_command:Invoked command in '/home/rashmika/arm4_ws/src/build/arduinobot_moveit' returned '0': CMAKE_PREFIX_PATH=${CMAKE_PREFIX_PATH}:/home/rashmika/arm4_ws/install/arm_control_py:/home/rashmika/arm4_ws/install/arduinobot_python:/home/rashmika/turtlebot3_ws/install/turtlebot3_teleop:/home/rashmika/turtlebot3_ws/install/turtlebot3_example:/opt/ros/humble /usr/bin/cmake --install /home/rashmika/arm4_ws/src/build/arduinobot_moveit
[1.179s] Level 1:colcon.colcon_core.environment:checking '/home/rashmika/arm4_ws/src/install/arduinobot_moveit' for CMake module files
[1.180s] Level 1:colcon.colcon_core.environment:checking '/home/rashmika/arm4_ws/src/install/arduinobot_moveit' for CMake config files
[1.180s] Level 1:colcon.colcon_core.shell:create_environment_hook('arduinobot_moveit', 'cmake_prefix_path')
[1.180s] INFO:colcon.colcon_core.shell:Creating environment hook '/home/rashmika/arm4_ws/src/install/arduinobot_moveit/share/arduinobot_moveit/hook/cmake_prefix_path.ps1'
[1.181s] INFO:colcon.colcon_core.shell:Creating environment descriptor '/home/rashmika/arm4_ws/src/install/arduinobot_moveit/share/arduinobot_moveit/hook/cmake_prefix_path.dsv'
[1.181s] INFO:colcon.colcon_core.shell:Creating environment hook '/home/rashmika/arm4_ws/src/install/arduinobot_moveit/share/arduinobot_moveit/hook/cmake_prefix_path.sh'
[1.182s] Level 1:colcon.colcon_core.environment:checking '/home/rashmika/arm4_ws/src/install/arduinobot_moveit/bin'
[1.182s] Level 1:colcon.colcon_core.environment:checking '/home/rashmika/arm4_ws/src/install/arduinobot_moveit/lib/pkgconfig/arduinobot_moveit.pc'
[1.182s] Level 1:colcon.colcon_core.environment:checking '/home/rashmika/arm4_ws/src/install/arduinobot_moveit/lib/python3.10/site-packages'
[1.182s] Level 1:colcon.colcon_core.environment:checking '/home/rashmika/arm4_ws/src/install/arduinobot_moveit/bin'
[1.183s] INFO:colcon.colcon_core.shell:Creating package script '/home/rashmika/arm4_ws/src/install/arduinobot_moveit/share/arduinobot_moveit/package.ps1'
[1.183s] INFO:colcon.colcon_core.shell:Creating package descriptor '/home/rashmika/arm4_ws/src/install/arduinobot_moveit/share/arduinobot_moveit/package.dsv'
[1.184s] INFO:colcon.colcon_core.shell:Creating package script '/home/rashmika/arm4_ws/src/install/arduinobot_moveit/share/arduinobot_moveit/package.sh'
[1.185s] INFO:colcon.colcon_core.shell:Creating package script '/home/rashmika/arm4_ws/src/install/arduinobot_moveit/share/arduinobot_moveit/package.bash'
[1.185s] INFO:colcon.colcon_core.shell:Creating package script '/home/rashmika/arm4_ws/src/install/arduinobot_moveit/share/arduinobot_moveit/package.zsh'
[1.186s] Level 1:colcon.colcon_core.environment:create_file_with_runtime_dependencies(/home/rashmika/arm4_ws/src/install/arduinobot_moveit/share/colcon-core/packages/arduinobot_moveit)
[1.187s] Level 1:colcon.colcon_core.environment:create_environment_scripts_only(arduinobot_moveit)
[1.187s] Level 1:colcon.colcon_core.environment:checking '/home/rashmika/arm4_ws/src/install/arduinobot_moveit' for CMake module files
[1.187s] Level 1:colcon.colcon_core.environment:checking '/home/rashmika/arm4_ws/src/install/arduinobot_moveit' for CMake config files
[1.187s] Level 1:colcon.colcon_core.shell:create_environment_hook('arduinobot_moveit', 'cmake_prefix_path')
[1.188s] INFO:colcon.colcon_core.shell:Creating environment hook '/home/rashmika/arm4_ws/src/install/arduinobot_moveit/share/arduinobot_moveit/hook/cmake_prefix_path.ps1'
[1.188s] INFO:colcon.colcon_core.shell:Creating environment descriptor '/home/rashmika/arm4_ws/src/install/arduinobot_moveit/share/arduinobot_moveit/hook/cmake_prefix_path.dsv'
[1.188s] INFO:colcon.colcon_core.shell:Creating environment hook '/home/rashmika/arm4_ws/src/install/arduinobot_moveit/share/arduinobot_moveit/hook/cmake_prefix_path.sh'
[1.189s] Level 1:colcon.colcon_core.environment:checking '/home/rashmika/arm4_ws/src/install/arduinobot_moveit/bin'
[1.189s] Level 1:colcon.colcon_core.environment:checking '/home/rashmika/arm4_ws/src/install/arduinobot_moveit/lib/pkgconfig/arduinobot_moveit.pc'
[1.189s] Level 1:colcon.colcon_core.environment:checking '/home/rashmika/arm4_ws/src/install/arduinobot_moveit/lib/python3.10/site-packages'
[1.189s] Level 1:colcon.colcon_core.environment:checking '/home/rashmika/arm4_ws/src/install/arduinobot_moveit/bin'
[1.190s] INFO:colcon.colcon_core.shell:Creating package script '/home/rashmika/arm4_ws/src/install/arduinobot_moveit/share/arduinobot_moveit/package.ps1'
[1.190s] INFO:colcon.colcon_core.shell:Creating package descriptor '/home/rashmika/arm4_ws/src/install/arduinobot_moveit/share/arduinobot_moveit/package.dsv'
[1.190s] INFO:colcon.colcon_core.shell:Creating package script '/home/rashmika/arm4_ws/src/install/arduinobot_moveit/share/arduinobot_moveit/package.sh'
[1.191s] INFO:colcon.colcon_core.shell:Creating package script '/home/rashmika/arm4_ws/src/install/arduinobot_moveit/share/arduinobot_moveit/package.bash'
[1.191s] INFO:colcon.colcon_core.shell:Creating package script '/home/rashmika/arm4_ws/src/install/arduinobot_moveit/share/arduinobot_moveit/package.zsh'
[1.192s] Level 1:colcon.colcon_core.environment:create_file_with_runtime_dependencies(/home/rashmika/arm4_ws/src/install/arduinobot_moveit/share/colcon-core/packages/arduinobot_moveit)
[1.192s] Level 1:colcon.colcon_core.environment:create_environment_scripts_only(arduinobot_description)
[1.192s] Level 1:colcon.colcon_core.environment:checking '/home/rashmika/arm4_ws/src/install/arduinobot_description' for CMake module files
[1.194s] DEBUG:colcon.colcon_core.event_handler.log_command:Invoked command in '/home/rashmika/arm4_ws/src/build/arduinobot_description' returned '0': CMAKE_PREFIX_PATH=${CMAKE_PREFIX_PATH}:/home/rashmika/arm4_ws/install/arm_control_py:/home/rashmika/arm4_ws/install/arduinobot_python:/home/rashmika/turtlebot3_ws/install/turtlebot3_teleop:/home/rashmika/turtlebot3_ws/install/turtlebot3_example:/opt/ros/humble /usr/bin/cmake --install /home/rashmika/arm4_ws/src/build/arduinobot_description
[1.194s] Level 1:colcon.colcon_core.environment:checking '/home/rashmika/arm4_ws/src/install/arduinobot_description' for CMake config files
[1.194s] Level 1:colcon.colcon_core.shell:create_environment_hook('arduinobot_description', 'cmake_prefix_path')
[1.195s] INFO:colcon.colcon_core.shell:Creating environment hook '/home/rashmika/arm4_ws/src/install/arduinobot_description/share/arduinobot_description/hook/cmake_prefix_path.ps1'
[1.195s] INFO:colcon.colcon_core.shell:Creating environment descriptor '/home/rashmika/arm4_ws/src/install/arduinobot_description/share/arduinobot_description/hook/cmake_prefix_path.dsv'
[1.196s] INFO:colcon.colcon_core.shell:Creating environment hook '/home/rashmika/arm4_ws/src/install/arduinobot_description/share/arduinobot_description/hook/cmake_prefix_path.sh'
[1.196s] Level 1:colcon.colcon_core.environment:checking '/home/rashmika/arm4_ws/src/install/arduinobot_description/bin'
[1.196s] Level 1:colcon.colcon_core.environment:checking '/home/rashmika/arm4_ws/src/install/arduinobot_description/lib/pkgconfig/arduinobot_description.pc'
[1.197s] Level 1:colcon.colcon_core.environment:checking '/home/rashmika/arm4_ws/src/install/arduinobot_description/lib/python3.10/site-packages'
[1.197s] Level 1:colcon.colcon_core.environment:checking '/home/rashmika/arm4_ws/src/install/arduinobot_description/bin'
[1.198s] INFO:colcon.colcon_core.shell:Creating package script '/home/rashmika/arm4_ws/src/install/arduinobot_description/share/arduinobot_description/package.ps1'
[1.198s] INFO:colcon.colcon_core.shell:Creating package descriptor '/home/rashmika/arm4_ws/src/install/arduinobot_description/share/arduinobot_description/package.dsv'
[1.199s] INFO:colcon.colcon_core.shell:Creating package script '/home/rashmika/arm4_ws/src/install/arduinobot_description/share/arduinobot_description/package.sh'
[1.199s] INFO:colcon.colcon_core.shell:Creating package script '/home/rashmika/arm4_ws/src/install/arduinobot_description/share/arduinobot_description/package.bash'
[1.199s] INFO:colcon.colcon_core.shell:Creating package script '/home/rashmika/arm4_ws/src/install/arduinobot_description/share/arduinobot_description/package.zsh'
[1.200s] Level 1:colcon.colcon_core.environment:create_file_with_runtime_dependencies(/home/rashmika/arm4_ws/src/install/arduinobot_description/share/colcon-core/packages/arduinobot_description)
[1.201s] Level 1:colcon.colcon_core.environment:create_environment_scripts_only(arduinobot_description)
[1.201s] Level 1:colcon.colcon_core.environment:checking '/home/rashmika/arm4_ws/src/install/arduinobot_description' for CMake module files
[1.202s] Level 1:colcon.colcon_core.environment:checking '/home/rashmika/arm4_ws/src/install/arduinobot_description' for CMake config files
[1.202s] Level 1:colcon.colcon_core.shell:create_environment_hook('arduinobot_description', 'cmake_prefix_path')
[1.202s] INFO:colcon.colcon_core.shell:Creating environment hook '/home/rashmika/arm4_ws/src/install/arduinobot_description/share/arduinobot_description/hook/cmake_prefix_path.ps1'
[1.203s] INFO:colcon.colcon_core.shell:Creating environment descriptor '/home/rashmika/arm4_ws/src/install/arduinobot_description/share/arduinobot_description/hook/cmake_prefix_path.dsv'
[1.203s] INFO:colcon.colcon_core.shell:Creating environment hook '/home/rashmika/arm4_ws/src/install/arduinobot_description/share/arduinobot_description/hook/cmake_prefix_path.sh'
[1.204s] Level 1:colcon.colcon_core.environment:checking '/home/rashmika/arm4_ws/src/install/arduinobot_description/bin'
[1.204s] Level 1:colcon.colcon_core.environment:checking '/home/rashmika/arm4_ws/src/install/arduinobot_description/lib/pkgconfig/arduinobot_description.pc'
[1.204s] Level 1:colcon.colcon_core.environment:checking '/home/rashmika/arm4_ws/src/install/arduinobot_description/lib/python3.10/site-packages'
[1.205s] Level 1:colcon.colcon_core.environment:checking '/home/rashmika/arm4_ws/src/install/arduinobot_description/bin'
[1.205s] INFO:colcon.colcon_core.shell:Creating package script '/home/rashmika/arm4_ws/src/install/arduinobot_description/share/arduinobot_description/package.ps1'
[1.206s] INFO:colcon.colcon_core.shell:Creating package descriptor '/home/rashmika/arm4_ws/src/install/arduinobot_description/share/arduinobot_description/package.dsv'
[1.207s] INFO:colcon.colcon_core.shell:Creating package script '/home/rashmika/arm4_ws/src/install/arduinobot_description/share/arduinobot_description/package.sh'
[1.207s] INFO:colcon.colcon_core.shell:Creating package script '/home/rashmika/arm4_ws/src/install/arduinobot_description/share/arduinobot_description/package.bash'
[1.208s] INFO:colcon.colcon_core.shell:Creating package script '/home/rashmika/arm4_ws/src/install/arduinobot_description/share/arduinobot_description/package.zsh'
[1.208s] Level 1:colcon.colcon_core.environment:create_file_with_runtime_dependencies(/home/rashmika/arm4_ws/src/install/arduinobot_description/share/colcon-core/packages/arduinobot_description)
[1.209s] Level 1:colcon.colcon_core.environment:create_environment_scripts_only(arduinobot_bringup)
[1.209s] Level 1:colcon.colcon_core.environment:checking '/home/rashmika/arm4_ws/src/install/arduinobot_bringup' for CMake module files
[1.210s] Level 1:colcon.colcon_core.environment:checking '/home/rashmika/arm4_ws/src/install/arduinobot_bringup' for CMake config files
[1.210s] DEBUG:colcon.colcon_core.event_handler.log_command:Invoked command in '/home/rashmika/arm4_ws/src/build/arduinobot_bringup' returned '0': CMAKE_PREFIX_PATH=${CMAKE_PREFIX_PATH}:/home/rashmika/arm4_ws/install/arm_control_py:/home/rashmika/arm4_ws/install/arduinobot_python:/home/rashmika/turtlebot3_ws/install/turtlebot3_teleop:/home/rashmika/turtlebot3_ws/install/turtlebot3_example:/opt/ros/humble /usr/bin/cmake --install /home/rashmika/arm4_ws/src/build/arduinobot_bringup
[1.211s] Level 1:colcon.colcon_core.shell:create_environment_hook('arduinobot_bringup', 'cmake_prefix_path')
[1.211s] INFO:colcon.colcon_core.shell:Creating environment hook '/home/rashmika/arm4_ws/src/install/arduinobot_bringup/share/arduinobot_bringup/hook/cmake_prefix_path.ps1'
[1.212s] INFO:colcon.colcon_core.shell:Creating environment descriptor '/home/rashmika/arm4_ws/src/install/arduinobot_bringup/share/arduinobot_bringup/hook/cmake_prefix_path.dsv'
[1.212s] INFO:colcon.colcon_core.shell:Creating environment hook '/home/rashmika/arm4_ws/src/install/arduinobot_bringup/share/arduinobot_bringup/hook/cmake_prefix_path.sh'
[1.213s] Level 1:colcon.colcon_core.environment:checking '/home/rashmika/arm4_ws/src/install/arduinobot_bringup/bin'
[1.213s] Level 1:colcon.colcon_core.environment:checking '/home/rashmika/arm4_ws/src/install/arduinobot_bringup/lib/pkgconfig/arduinobot_bringup.pc'
[1.213s] Level 1:colcon.colcon_core.environment:checking '/home/rashmika/arm4_ws/src/install/arduinobot_bringup/lib/python3.10/site-packages'
[1.214s] Level 1:colcon.colcon_core.environment:checking '/home/rashmika/arm4_ws/src/install/arduinobot_bringup/bin'
[1.214s] INFO:colcon.colcon_core.shell:Creating package script '/home/rashmika/arm4_ws/src/install/arduinobot_bringup/share/arduinobot_bringup/package.ps1'
[1.215s] INFO:colcon.colcon_core.shell:Creating package descriptor '/home/rashmika/arm4_ws/src/install/arduinobot_bringup/share/arduinobot_bringup/package.dsv'
[1.215s] INFO:colcon.colcon_core.shell:Creating package script '/home/rashmika/arm4_ws/src/install/arduinobot_bringup/share/arduinobot_bringup/package.sh'
[1.216s] INFO:colcon.colcon_core.shell:Creating package script '/home/rashmika/arm4_ws/src/install/arduinobot_bringup/share/arduinobot_bringup/package.bash'
[1.216s] INFO:colcon.colcon_core.shell:Creating package script '/home/rashmika/arm4_ws/src/install/arduinobot_bringup/share/arduinobot_bringup/package.zsh'
[1.217s] Level 1:colcon.colcon_core.environment:create_file_with_runtime_dependencies(/home/rashmika/arm4_ws/src/install/arduinobot_bringup/share/colcon-core/packages/arduinobot_bringup)
[1.218s] Level 1:colcon.colcon_core.environment:create_environment_scripts_only(arduinobot_bringup)
[1.218s] Level 1:colcon.colcon_core.environment:checking '/home/rashmika/arm4_ws/src/install/arduinobot_bringup' for CMake module files
[1.219s] Level 1:colcon.colcon_core.environment:checking '/home/rashmika/arm4_ws/src/install/arduinobot_bringup' for CMake config files
[1.219s] Level 1:colcon.colcon_core.shell:create_environment_hook('arduinobot_bringup', 'cmake_prefix_path')
[1.219s] INFO:colcon.colcon_core.shell:Creating environment hook '/home/rashmika/arm4_ws/src/install/arduinobot_bringup/share/arduinobot_bringup/hook/cmake_prefix_path.ps1'
[1.220s] INFO:colcon.colcon_core.shell:Creating environment descriptor '/home/rashmika/arm4_ws/src/install/arduinobot_bringup/share/arduinobot_bringup/hook/cmake_prefix_path.dsv'
[1.220s] INFO:colcon.colcon_core.shell:Creating environment hook '/home/rashmika/arm4_ws/src/install/arduinobot_bringup/share/arduinobot_bringup/hook/cmake_prefix_path.sh'
[1.220s] Level 1:colcon.colcon_core.environment:checking '/home/rashmika/arm4_ws/src/install/arduinobot_bringup/bin'
[1.221s] Level 1:colcon.colcon_core.environment:checking '/home/rashmika/arm4_ws/src/install/arduinobot_bringup/lib/pkgconfig/arduinobot_bringup.pc'
[1.221s] Level 1:colcon.colcon_core.environment:checking '/home/rashmika/arm4_ws/src/install/arduinobot_bringup/lib/python3.10/site-packages'
[1.221s] Level 1:colcon.colcon_core.environment:checking '/home/rashmika/arm4_ws/src/install/arduinobot_bringup/bin'
[1.221s] INFO:colcon.colcon_core.shell:Creating package script '/home/rashmika/arm4_ws/src/install/arduinobot_bringup/share/arduinobot_bringup/package.ps1'
[1.222s] INFO:colcon.colcon_core.shell:Creating package descriptor '/home/rashmika/arm4_ws/src/install/arduinobot_bringup/share/arduinobot_bringup/package.dsv'
[1.222s] INFO:colcon.colcon_core.shell:Creating package script '/home/rashmika/arm4_ws/src/install/arduinobot_bringup/share/arduinobot_bringup/package.sh'
[1.223s] INFO:colcon.colcon_core.shell:Creating package script '/home/rashmika/arm4_ws/src/install/arduinobot_bringup/share/arduinobot_bringup/package.bash'
[1.223s] INFO:colcon.colcon_core.shell:Creating package script '/home/rashmika/arm4_ws/src/install/arduinobot_bringup/share/arduinobot_bringup/package.zsh'
[1.224s] Level 1:colcon.colcon_core.environment:create_file_with_runtime_dependencies(/home/rashmika/arm4_ws/src/install/arduinobot_bringup/share/colcon-core/packages/arduinobot_bringup)
[1.225s] DEBUG:colcon.colcon_core.event_handler.log_command:Invoked command in '/home/rashmika/arm4_ws/src/build/arduinobot_msgs' returned '0': CMAKE_PREFIX_PATH=${CMAKE_PREFIX_PATH}:/home/rashmika/arm4_ws/install/arm_control_py:/home/rashmika/arm4_ws/install/arduinobot_python:/home/rashmika/turtlebot3_ws/install/turtlebot3_teleop:/home/rashmika/turtlebot3_ws/install/turtlebot3_example:/opt/ros/humble /usr/bin/cmake --build /home/rashmika/arm4_ws/src/build/arduinobot_msgs -- -j8 -l8
[1.234s] DEBUG:colcon.colcon_core.event_handler.log_command:Invoking command in '/home/rashmika/arm4_ws/src/build/arduinobot_msgs': CMAKE_PREFIX_PATH=${CMAKE_PREFIX_PATH}:/home/rashmika/arm4_ws/install/arm_control_py:/home/rashmika/arm4_ws/install/arduinobot_python:/home/rashmika/turtlebot3_ws/install/turtlebot3_teleop:/home/rashmika/turtlebot3_ws/install/turtlebot3_example:/opt/ros/humble /usr/bin/cmake --install /home/rashmika/arm4_ws/src/build/arduinobot_msgs
[1.236s] Level 1:colcon.colcon_core.environment:create_environment_scripts_only(arduinobot_controller)
[1.237s] DEBUG:colcon.colcon_core.event_handler.log_command:Invoked command in '/home/rashmika/arm4_ws/src/build/arduinobot_controller' returned '0': CMAKE_PREFIX_PATH=${CMAKE_PREFIX_PATH}:/home/rashmika/arm4_ws/install/arm_control_py:/home/rashmika/arm4_ws/install/arduinobot_python:/home/rashmika/turtlebot3_ws/install/turtlebot3_teleop:/home/rashmika/turtlebot3_ws/install/turtlebot3_example:/opt/ros/humble /usr/bin/cmake --install /home/rashmika/arm4_ws/src/build/arduinobot_controller
[1.237s] Level 1:colcon.colcon_core.environment:checking '/home/rashmika/arm4_ws/src/install/arduinobot_controller' for CMake module files
[1.238s] Level 1:colcon.colcon_core.environment:checking '/home/rashmika/arm4_ws/src/install/arduinobot_controller' for CMake config files
[1.238s] Level 1:colcon.colcon_core.shell:create_environment_hook('arduinobot_controller', 'cmake_prefix_path')
[1.239s] INFO:colcon.colcon_core.shell:Creating environment hook '/home/rashmika/arm4_ws/src/install/arduinobot_controller/share/arduinobot_controller/hook/cmake_prefix_path.ps1'
[1.239s] INFO:colcon.colcon_core.shell:Creating environment descriptor '/home/rashmika/arm4_ws/src/install/arduinobot_controller/share/arduinobot_controller/hook/cmake_prefix_path.dsv'
[1.241s] INFO:colcon.colcon_core.shell:Creating environment hook '/home/rashmika/arm4_ws/src/install/arduinobot_controller/share/arduinobot_controller/hook/cmake_prefix_path.sh'
[1.244s] Level 1:colcon.colcon_core.environment:checking '/home/rashmika/arm4_ws/src/install/arduinobot_controller/lib'
[1.244s] Level 1:colcon.colcon_core.shell:create_environment_hook('arduinobot_controller', 'ld_library_path_lib')
[1.245s] INFO:colcon.colcon_core.shell:Creating environment hook '/home/rashmika/arm4_ws/src/install/arduinobot_controller/share/arduinobot_controller/hook/ld_library_path_lib.ps1'
[1.246s] INFO:colcon.colcon_core.shell:Creating environment descriptor '/home/rashmika/arm4_ws/src/install/arduinobot_controller/share/arduinobot_controller/hook/ld_library_path_lib.dsv'
[1.249s] INFO:colcon.colcon_core.shell:Creating environment hook '/home/rashmika/arm4_ws/src/install/arduinobot_controller/share/arduinobot_controller/hook/ld_library_path_lib.sh'
[1.252s] Level 1:colcon.colcon_core.environment:checking '/home/rashmika/arm4_ws/src/install/arduinobot_controller/bin'
[1.253s] Level 1:colcon.colcon_core.environment:checking '/home/rashmika/arm4_ws/src/install/arduinobot_controller/lib/pkgconfig/arduinobot_controller.pc'
[1.254s] Level 1:colcon.colcon_core.environment:checking '/home/rashmika/arm4_ws/src/install/arduinobot_controller/lib/python3.10/site-packages'
[1.255s] Level 1:colcon.colcon_core.environment:checking '/home/rashmika/arm4_ws/src/install/arduinobot_controller/bin'
[1.255s] INFO:colcon.colcon_core.shell:Creating package script '/home/rashmika/arm4_ws/src/install/arduinobot_controller/share/arduinobot_controller/package.ps1'
[1.257s] INFO:colcon.colcon_core.shell:Creating package descriptor '/home/rashmika/arm4_ws/src/install/arduinobot_controller/share/arduinobot_controller/package.dsv'
[1.259s] INFO:colcon.colcon_core.shell:Creating package script '/home/rashmika/arm4_ws/src/install/arduinobot_controller/share/arduinobot_controller/package.sh'
[1.262s] INFO:colcon.colcon_core.shell:Creating package script '/home/rashmika/arm4_ws/src/install/arduinobot_controller/share/arduinobot_controller/package.bash'
[1.264s] INFO:colcon.colcon_core.shell:Creating package script '/home/rashmika/arm4_ws/src/install/arduinobot_controller/share/arduinobot_controller/package.zsh'
[1.266s] Level 1:colcon.colcon_core.environment:create_file_with_runtime_dependencies(/home/rashmika/arm4_ws/src/install/arduinobot_controller/share/colcon-core/packages/arduinobot_controller)
[1.270s] Level 1:colcon.colcon_core.environment:create_environment_scripts_only(arduinobot_controller)
[1.271s] Level 1:colcon.colcon_core.environment:checking '/home/rashmika/arm4_ws/src/install/arduinobot_controller' for CMake module files
[1.271s] Level 1:colcon.colcon_core.environment:checking '/home/rashmika/arm4_ws/src/install/arduinobot_controller' for CMake config files
[1.272s] Level 1:colcon.colcon_core.shell:create_environment_hook('arduinobot_controller', 'cmake_prefix_path')
[1.272s] INFO:colcon.colcon_core.shell:Creating environment hook '/home/rashmika/arm4_ws/src/install/arduinobot_controller/share/arduinobot_controller/hook/cmake_prefix_path.ps1'
[1.273s] INFO:colcon.colcon_core.shell:Creating environment descriptor '/home/rashmika/arm4_ws/src/install/arduinobot_controller/share/arduinobot_controller/hook/cmake_prefix_path.dsv'
[1.273s] INFO:colcon.colcon_core.shell:Creating environment hook '/home/rashmika/arm4_ws/src/install/arduinobot_controller/share/arduinobot_controller/hook/cmake_prefix_path.sh'
[1.274s] Level 1:colcon.colcon_core.environment:checking '/home/rashmika/arm4_ws/src/install/arduinobot_controller/lib'
[1.274s] Level 1:colcon.colcon_core.shell:create_environment_hook('arduinobot_controller', 'ld_library_path_lib')
[1.274s] INFO:colcon.colcon_core.shell:Creating environment hook '/home/rashmika/arm4_ws/src/install/arduinobot_controller/share/arduinobot_controller/hook/ld_library_path_lib.ps1'
[1.275s] INFO:colcon.colcon_core.shell:Creating environment descriptor '/home/rashmika/arm4_ws/src/install/arduinobot_controller/share/arduinobot_controller/hook/ld_library_path_lib.dsv'
[1.275s] INFO:colcon.colcon_core.shell:Creating environment hook '/home/rashmika/arm4_ws/src/install/arduinobot_controller/share/arduinobot_controller/hook/ld_library_path_lib.sh'
[1.276s] Level 1:colcon.colcon_core.environment:checking '/home/rashmika/arm4_ws/src/install/arduinobot_controller/bin'
[1.276s] Level 1:colcon.colcon_core.environment:checking '/home/rashmika/arm4_ws/src/install/arduinobot_controller/lib/pkgconfig/arduinobot_controller.pc'
[1.276s] Level 1:colcon.colcon_core.environment:checking '/home/rashmika/arm4_ws/src/install/arduinobot_controller/lib/python3.10/site-packages'
[1.277s] Level 1:colcon.colcon_core.environment:checking '/home/rashmika/arm4_ws/src/install/arduinobot_controller/bin'
[1.277s] INFO:colcon.colcon_core.shell:Creating package script '/home/rashmika/arm4_ws/src/install/arduinobot_controller/share/arduinobot_controller/package.ps1'
[1.278s] INFO:colcon.colcon_core.shell:Creating package descriptor '/home/rashmika/arm4_ws/src/install/arduinobot_controller/share/arduinobot_controller/package.dsv'
[1.279s] INFO:colcon.colcon_core.shell:Creating package script '/home/rashmika/arm4_ws/src/install/arduinobot_controller/share/arduinobot_controller/package.sh'
[1.279s] INFO:colcon.colcon_core.shell:Creating package script '/home/rashmika/arm4_ws/src/install/arduinobot_controller/share/arduinobot_controller/package.bash'
[1.280s] INFO:colcon.colcon_core.shell:Creating package script '/home/rashmika/arm4_ws/src/install/arduinobot_controller/share/arduinobot_controller/package.zsh'
[1.280s] Level 1:colcon.colcon_core.environment:create_file_with_runtime_dependencies(/home/rashmika/arm4_ws/src/install/arduinobot_controller/share/colcon-core/packages/arduinobot_controller)
[1.305s] Level 1:colcon.colcon_core.environment:create_environment_scripts_only(arduinobot_msgs)
[1.305s] DEBUG:colcon.colcon_core.event_handler.log_command:Invoked command in '/home/rashmika/arm4_ws/src/build/arduinobot_msgs' returned '0': CMAKE_PREFIX_PATH=${CMAKE_PREFIX_PATH}:/home/rashmika/arm4_ws/install/arm_control_py:/home/rashmika/arm4_ws/install/arduinobot_python:/home/rashmika/turtlebot3_ws/install/turtlebot3_teleop:/home/rashmika/turtlebot3_ws/install/turtlebot3_example:/opt/ros/humble /usr/bin/cmake --install /home/rashmika/arm4_ws/src/build/arduinobot_msgs
[1.306s] Level 1:colcon.colcon_core.environment:checking '/home/rashmika/arm4_ws/src/install/arduinobot_msgs' for CMake module files
[1.306s] Level 1:colcon.colcon_core.environment:checking '/home/rashmika/arm4_ws/src/install/arduinobot_msgs' for CMake config files
[1.306s] Level 1:colcon.colcon_core.shell:create_environment_hook('arduinobot_msgs', 'cmake_prefix_path')
[1.307s] INFO:colcon.colcon_core.shell:Creating environment hook '/home/rashmika/arm4_ws/src/install/arduinobot_msgs/share/arduinobot_msgs/hook/cmake_prefix_path.ps1'
[1.307s] INFO:colcon.colcon_core.shell:Creating environment descriptor '/home/rashmika/arm4_ws/src/install/arduinobot_msgs/share/arduinobot_msgs/hook/cmake_prefix_path.dsv'
[1.307s] INFO:colcon.colcon_core.shell:Creating environment hook '/home/rashmika/arm4_ws/src/install/arduinobot_msgs/share/arduinobot_msgs/hook/cmake_prefix_path.sh'
[1.308s] Level 1:colcon.colcon_core.environment:checking '/home/rashmika/arm4_ws/src/install/arduinobot_msgs/lib'
[1.308s] Level 1:colcon.colcon_core.shell:create_environment_hook('arduinobot_msgs', 'ld_library_path_lib')
[1.308s] INFO:colcon.colcon_core.shell:Creating environment hook '/home/rashmika/arm4_ws/src/install/arduinobot_msgs/share/arduinobot_msgs/hook/ld_library_path_lib.ps1'
[1.309s] INFO:colcon.colcon_core.shell:Creating environment descriptor '/home/rashmika/arm4_ws/src/install/arduinobot_msgs/share/arduinobot_msgs/hook/ld_library_path_lib.dsv'
[1.309s] INFO:colcon.colcon_core.shell:Creating environment hook '/home/rashmika/arm4_ws/src/install/arduinobot_msgs/share/arduinobot_msgs/hook/ld_library_path_lib.sh'
[1.310s] Level 1:colcon.colcon_core.environment:checking '/home/rashmika/arm4_ws/src/install/arduinobot_msgs/bin'
[1.310s] Level 1:colcon.colcon_core.environment:checking '/home/rashmika/arm4_ws/src/install/arduinobot_msgs/lib/pkgconfig/arduinobot_msgs.pc'
[1.310s] Level 1:colcon.colcon_core.environment:checking '/home/rashmika/arm4_ws/src/install/arduinobot_msgs/lib/python3.10/site-packages'
[1.311s] Level 1:colcon.colcon_core.environment:checking '/home/rashmika/arm4_ws/src/install/arduinobot_msgs/bin'
[1.311s] INFO:colcon.colcon_core.shell:Creating package script '/home/rashmika/arm4_ws/src/install/arduinobot_msgs/share/arduinobot_msgs/package.ps1'
[1.312s] INFO:colcon.colcon_core.shell:Creating package descriptor '/home/rashmika/arm4_ws/src/install/arduinobot_msgs/share/arduinobot_msgs/package.dsv'
[1.312s] INFO:colcon.colcon_core.shell:Creating package script '/home/rashmika/arm4_ws/src/install/arduinobot_msgs/share/arduinobot_msgs/package.sh'
[1.313s] INFO:colcon.colcon_core.shell:Creating package script '/home/rashmika/arm4_ws/src/install/arduinobot_msgs/share/arduinobot_msgs/package.bash'
[1.314s] INFO:colcon.colcon_core.shell:Creating package script '/home/rashmika/arm4_ws/src/install/arduinobot_msgs/share/arduinobot_msgs/package.zsh'
[1.314s] Level 1:colcon.colcon_core.environment:create_file_with_runtime_dependencies(/home/rashmika/arm4_ws/src/install/arduinobot_msgs/share/colcon-core/packages/arduinobot_msgs)
[1.315s] Level 1:colcon.colcon_core.environment:create_environment_scripts_only(arduinobot_msgs)
[1.316s] Level 1:colcon.colcon_core.environment:checking '/home/rashmika/arm4_ws/src/install/arduinobot_msgs' for CMake module files
[1.317s] Level 1:colcon.colcon_core.environment:checking '/home/rashmika/arm4_ws/src/install/arduinobot_msgs' for CMake config files
[1.317s] Level 1:colcon.colcon_core.shell:create_environment_hook('arduinobot_msgs', 'cmake_prefix_path')
[1.317s] INFO:colcon.colcon_core.shell:Creating environment hook '/home/rashmika/arm4_ws/src/install/arduinobot_msgs/share/arduinobot_msgs/hook/cmake_prefix_path.ps1'
[1.318s] INFO:colcon.colcon_core.shell:Creating environment descriptor '/home/rashmika/arm4_ws/src/install/arduinobot_msgs/share/arduinobot_msgs/hook/cmake_prefix_path.dsv'
[1.318s] INFO:colcon.colcon_core.shell:Creating environment hook '/home/rashmika/arm4_ws/src/install/arduinobot_msgs/share/arduinobot_msgs/hook/cmake_prefix_path.sh'
[1.319s] Level 1:colcon.colcon_core.environment:checking '/home/rashmika/arm4_ws/src/install/arduinobot_msgs/lib'
[1.319s] Level 1:colcon.colcon_core.shell:create_environment_hook('arduinobot_msgs', 'ld_library_path_lib')
[1.319s] INFO:colcon.colcon_core.shell:Creating environment hook '/home/rashmika/arm4_ws/src/install/arduinobot_msgs/share/arduinobot_msgs/hook/ld_library_path_lib.ps1'
[1.320s] INFO:colcon.colcon_core.shell:Creating environment descriptor '/home/rashmika/arm4_ws/src/install/arduinobot_msgs/share/arduinobot_msgs/hook/ld_library_path_lib.dsv'
[1.320s] INFO:colcon.colcon_core.shell:Creating environment hook '/home/rashmika/arm4_ws/src/install/arduinobot_msgs/share/arduinobot_msgs/hook/ld_library_path_lib.sh'
[1.321s] Level 1:colcon.colcon_core.environment:checking '/home/rashmika/arm4_ws/src/install/arduinobot_msgs/bin'
[1.321s] Level 1:colcon.colcon_core.environment:checking '/home/rashmika/arm4_ws/src/install/arduinobot_msgs/lib/pkgconfig/arduinobot_msgs.pc'
[1.321s] Level 1:colcon.colcon_core.environment:checking '/home/rashmika/arm4_ws/src/install/arduinobot_msgs/lib/python3.10/site-packages'
[1.322s] Level 1:colcon.colcon_core.environment:checking '/home/rashmika/arm4_ws/src/install/arduinobot_msgs/bin'
[1.322s] INFO:colcon.colcon_core.shell:Creating package script '/home/rashmika/arm4_ws/src/install/arduinobot_msgs/share/arduinobot_msgs/package.ps1'
[1.323s] INFO:colcon.colcon_core.shell:Creating package descriptor '/home/rashmika/arm4_ws/src/install/arduinobot_msgs/share/arduinobot_msgs/package.dsv'
[1.323s] INFO:colcon.colcon_core.shell:Creating package script '/home/rashmika/arm4_ws/src/install/arduinobot_msgs/share/arduinobot_msgs/package.sh'
[1.324s] INFO:colcon.colcon_core.shell:Creating package script '/home/rashmika/arm4_ws/src/install/arduinobot_msgs/share/arduinobot_msgs/package.bash'
[1.324s] INFO:colcon.colcon_core.shell:Creating package script '/home/rashmika/arm4_ws/src/install/arduinobot_msgs/share/arduinobot_msgs/package.zsh'
[1.325s] Level 1:colcon.colcon_core.environment:create_file_with_runtime_dependencies(/home/rashmika/arm4_ws/src/install/arduinobot_msgs/share/colcon-core/packages/arduinobot_msgs)
[1.553s] DEBUG:colcon.colcon_core.event_handler.log_command:Invoking command in '/home/rashmika/arm4_ws/src/arduinobot_python': PYTHONPATH=/home/rashmika/arm4_ws/src/build/arduinobot_python/prefix_override:/usr/lib/python3/dist-packages/colcon_core/task/python/colcon_distutils_commands:/home/rashmika/arm4_ws/src/install/arduinobot_python/lib/python3.10/site-packages:${PYTHONPATH} /usr/bin/python3 -W ignore:setup.py install is deprecated -W ignore:easy_install command is deprecated setup.py egg_info --egg-base ../build/arduinobot_python build --build-base /home/rashmika/arm4_ws/src/build/arduinobot_python/build install --record /home/rashmika/arm4_ws/src/build/arduinobot_python/install.log --single-version-externally-managed install_data
[1.625s] DEBUG:colcon.colcon_core.event_handler.log_command:Invoking command in '/home/rashmika/arm4_ws/src/arm_control_py': PYTHONPATH=/home/rashmika/arm4_ws/src/build/arm_control_py/prefix_override:/usr/lib/python3/dist-packages/colcon_core/task/python/colcon_distutils_commands:/home/rashmika/arm4_ws/src/install/arm_control_py/lib/python3.10/site-packages:${PYTHONPATH} /usr/bin/python3 -W ignore:setup.py install is deprecated -W ignore:easy_install command is deprecated setup.py egg_info --egg-base ../build/arm_control_py build --build-base /home/rashmika/arm4_ws/src/build/arm_control_py/build install --record /home/rashmika/arm4_ws/src/build/arm_control_py/install.log --single-version-externally-managed install_data
[1.852s] Level 1:colcon.colcon_core.environment:checking '/home/rashmika/arm4_ws/src/install/arduinobot_python' for CMake module files
[1.852s] DEBUG:colcon.colcon_core.event_handler.log_command:Invoked command in '/home/rashmika/arm4_ws/src/arduinobot_python' returned '0': PYTHONPATH=/home/rashmika/arm4_ws/src/build/arduinobot_python/prefix_override:/usr/lib/python3/dist-packages/colcon_core/task/python/colcon_distutils_commands:/home/rashmika/arm4_ws/src/install/arduinobot_python/lib/python3.10/site-packages:${PYTHONPATH} /usr/bin/python3 -W ignore:setup.py install is deprecated -W ignore:easy_install command is deprecated setup.py egg_info --egg-base ../build/arduinobot_python build --build-base /home/rashmika/arm4_ws/src/build/arduinobot_python/build install --record /home/rashmika/arm4_ws/src/build/arduinobot_python/install.log --single-version-externally-managed install_data
[1.853s] Level 1:colcon.colcon_core.environment:checking '/home/rashmika/arm4_ws/src/install/arduinobot_python' for CMake config files
[1.853s] Level 1:colcon.colcon_core.environment:checking '/home/rashmika/arm4_ws/src/install/arduinobot_python/lib'
[1.853s] Level 1:colcon.colcon_core.environment:checking '/home/rashmika/arm4_ws/src/install/arduinobot_python/bin'
[1.853s] Level 1:colcon.colcon_core.environment:checking '/home/rashmika/arm4_ws/src/install/arduinobot_python/lib/pkgconfig/arduinobot_python.pc'
[1.853s] Level 1:colcon.colcon_core.environment:checking '/home/rashmika/arm4_ws/src/install/arduinobot_python/lib/python3.10/site-packages'
[1.854s] Level 1:colcon.colcon_core.shell:create_environment_hook('arduinobot_python', 'pythonpath')
[1.854s] INFO:colcon.colcon_core.shell:Creating environment hook '/home/rashmika/arm4_ws/src/install/arduinobot_python/share/arduinobot_python/hook/pythonpath.ps1'
[1.854s] INFO:colcon.colcon_core.shell:Creating environment descriptor '/home/rashmika/arm4_ws/src/install/arduinobot_python/share/arduinobot_python/hook/pythonpath.dsv'
[1.854s] INFO:colcon.colcon_core.shell:Creating environment hook '/home/rashmika/arm4_ws/src/install/arduinobot_python/share/arduinobot_python/hook/pythonpath.sh'
[1.855s] Level 1:colcon.colcon_core.environment:checking '/home/rashmika/arm4_ws/src/install/arduinobot_python/bin'
[1.855s] Level 1:colcon.colcon_core.environment:create_environment_scripts_only(arduinobot_python)
[1.856s] INFO:colcon.colcon_core.shell:Creating package script '/home/rashmika/arm4_ws/src/install/arduinobot_python/share/arduinobot_python/package.ps1'
[1.856s] INFO:colcon.colcon_core.shell:Creating package descriptor '/home/rashmika/arm4_ws/src/install/arduinobot_python/share/arduinobot_python/package.dsv'
[1.856s] INFO:colcon.colcon_core.shell:Creating package script '/home/rashmika/arm4_ws/src/install/arduinobot_python/share/arduinobot_python/package.sh'
[1.857s] INFO:colcon.colcon_core.shell:Creating package script '/home/rashmika/arm4_ws/src/install/arduinobot_python/share/arduinobot_python/package.bash'
[1.857s] INFO:colcon.colcon_core.shell:Creating package script '/home/rashmika/arm4_ws/src/install/arduinobot_python/share/arduinobot_python/package.zsh'
[1.858s] Level 1:colcon.colcon_core.environment:create_file_with_runtime_dependencies(/home/rashmika/arm4_ws/src/install/arduinobot_python/share/colcon-core/packages/arduinobot_python)
[1.942s] Level 1:colcon.colcon_core.environment:checking '/home/rashmika/arm4_ws/src/install/arm_control_py' for CMake module files
[1.943s] DEBUG:colcon.colcon_core.event_handler.log_command:Invoked command in '/home/rashmika/arm4_ws/src/arm_control_py' returned '0': PYTHONPATH=/home/rashmika/arm4_ws/src/build/arm_control_py/prefix_override:/usr/lib/python3/dist-packages/colcon_core/task/python/colcon_distutils_commands:/home/rashmika/arm4_ws/src/install/arm_control_py/lib/python3.10/site-packages:${PYTHONPATH} /usr/bin/python3 -W ignore:setup.py install is deprecated -W ignore:easy_install command is deprecated setup.py egg_info --egg-base ../build/arm_control_py build --build-base /home/rashmika/arm4_ws/src/build/arm_control_py/build install --record /home/rashmika/arm4_ws/src/build/arm_control_py/install.log --single-version-externally-managed install_data
[1.943s] Level 1:colcon.colcon_core.environment:checking '/home/rashmika/arm4_ws/src/install/arm_control_py' for CMake config files
[1.944s] Level 1:colcon.colcon_core.environment:checking '/home/rashmika/arm4_ws/src/install/arm_control_py/lib'
[1.944s] Level 1:colcon.colcon_core.environment:checking '/home/rashmika/arm4_ws/src/install/arm_control_py/bin'
[1.944s] Level 1:colcon.colcon_core.environment:checking '/home/rashmika/arm4_ws/src/install/arm_control_py/lib/pkgconfig/arm_control_py.pc'
[1.944s] Level 1:colcon.colcon_core.environment:checking '/home/rashmika/arm4_ws/src/install/arm_control_py/lib/python3.10/site-packages'
[1.944s] Level 1:colcon.colcon_core.shell:create_environment_hook('arm_control_py', 'pythonpath')
[1.944s] INFO:colcon.colcon_core.shell:Creating environment hook '/home/rashmika/arm4_ws/src/install/arm_control_py/share/arm_control_py/hook/pythonpath.ps1'
[1.945s] INFO:colcon.colcon_core.shell:Creating environment descriptor '/home/rashmika/arm4_ws/src/install/arm_control_py/share/arm_control_py/hook/pythonpath.dsv'
[1.945s] INFO:colcon.colcon_core.shell:Creating environment hook '/home/rashmika/arm4_ws/src/install/arm_control_py/share/arm_control_py/hook/pythonpath.sh'
[1.946s] Level 1:colcon.colcon_core.environment:checking '/home/rashmika/arm4_ws/src/install/arm_control_py/bin'
[1.946s] Level 1:colcon.colcon_core.environment:create_environment_scripts_only(arm_control_py)
[1.946s] INFO:colcon.colcon_core.shell:Creating package script '/home/rashmika/arm4_ws/src/install/arm_control_py/share/arm_control_py/package.ps1'
[1.947s] INFO:colcon.colcon_core.shell:Creating package descriptor '/home/rashmika/arm4_ws/src/install/arm_control_py/share/arm_control_py/package.dsv'
[1.947s] INFO:colcon.colcon_core.shell:Creating package script '/home/rashmika/arm4_ws/src/install/arm_control_py/share/arm_control_py/package.sh'
[1.948s] INFO:colcon.colcon_core.shell:Creating package script '/home/rashmika/arm4_ws/src/install/arm_control_py/share/arm_control_py/package.bash'
[1.948s] INFO:colcon.colcon_core.shell:Creating package script '/home/rashmika/arm4_ws/src/install/arm_control_py/share/arm_control_py/package.zsh'
[1.949s] Level 1:colcon.colcon_core.environment:create_file_with_runtime_dependencies(/home/rashmika/arm4_ws/src/install/arm_control_py/share/colcon-core/packages/arm_control_py)
[1.949s] DEBUG:colcon.colcon_parallel_executor.executor.parallel:closing loop
[1.949s] DEBUG:colcon.colcon_parallel_executor.executor.parallel:loop closed
[1.949s] DEBUG:colcon.colcon_parallel_executor.executor.parallel:run_until_complete finished with '0'
[1.949s] DEBUG:colcon.colcon_core.event_reactor:joining thread
[1.956s] INFO:colcon.colcon_core.plugin_system:Skipping extension 'colcon_notification.desktop_notification.terminal_notifier': Not used on non-Darwin systems
[1.956s] INFO:colcon.colcon_core.plugin_system:Skipping extension 'colcon_notification.desktop_notification.win32': Not used on non-Windows systems
[1.956s] INFO:colcon.colcon_notification.desktop_notification:Sending desktop notification using 'notify2'
[1.967s] DEBUG:colcon.colcon_core.event_reactor:joined thread
[1.967s] INFO:colcon.colcon_core.shell:Creating prefix script '/home/rashmika/arm4_ws/src/install/local_setup.ps1'
[1.968s] INFO:colcon.colcon_core.shell:Creating prefix util module '/home/rashmika/arm4_ws/src/install/_local_setup_util_ps1.py'
[1.970s] INFO:colcon.colcon_core.shell:Creating prefix chain script '/home/rashmika/arm4_ws/src/install/setup.ps1'
[1.972s] INFO:colcon.colcon_core.shell:Creating prefix script '/home/rashmika/arm4_ws/src/install/local_setup.sh'
[1.972s] INFO:colcon.colcon_core.shell:Creating prefix util module '/home/rashmika/arm4_ws/src/install/_local_setup_util_sh.py'
[1.973s] INFO:colcon.colcon_core.shell:Creating prefix chain script '/home/rashmika/arm4_ws/src/install/setup.sh'
[1.975s] INFO:colcon.colcon_core.shell:Creating prefix script '/home/rashmika/arm4_ws/src/install/local_setup.bash'
[1.976s] INFO:colcon.colcon_core.shell:Creating prefix chain script '/home/rashmika/arm4_ws/src/install/setup.bash'
[1.978s] INFO:colcon.colcon_core.shell:Creating prefix script '/home/rashmika/arm4_ws/src/install/local_setup.zsh'
[1.979s] INFO:colcon.colcon_core.shell:Creating prefix chain script '/home/rashmika/arm4_ws/src/install/setup.zsh'
