[0.050s] Invoking command in '/home/rashmika/arm4_ws/src/build/arduinobot_bringup': CMAKE_PREFIX_PATH=${CMAKE_PREFIX_PATH}:/home/rashmika/arm4_ws/install/arm_control_py:/home/rashmika/arm4_ws/install/arduinobot_python:/home/rashmika/turtlebot3_ws/install/turtlebot3_teleop:/home/rashmika/turtlebot3_ws/install/turtlebot3_example:/opt/ros/humble /usr/bin/cmake --build /home/rashmika/arm4_ws/src/build/arduinobot_bringup -- -j8 -l8
[0.689s] Invoked command in '/home/rashmika/arm4_ws/src/build/arduinobot_bringup' returned '0': CMAKE_PREFIX_PATH=${CMAKE_PREFIX_PATH}:/home/rashmika/arm4_ws/install/arm_control_py:/home/rashmika/arm4_ws/install/arduinobot_python:/home/rashmika/turtlebot3_ws/install/turtlebot3_teleop:/home/rashmika/turtlebot3_ws/install/turtlebot3_example:/opt/ros/humble /usr/bin/cmake --build /home/rashmika/arm4_ws/src/build/arduinobot_bringup -- -j8 -l8
[0.700s] Invoking command in '/home/rashmika/arm4_ws/src/build/arduinobot_bringup': CMAKE_PREFIX_PATH=${CMAKE_PREFIX_PATH}:/home/rashmika/arm4_ws/install/arm_control_py:/home/rashmika/arm4_ws/install/arduinobot_python:/home/rashmika/turtlebot3_ws/install/turtlebot3_teleop:/home/rashmika/turtlebot3_ws/install/turtlebot3_example:/opt/ros/humble /usr/bin/cmake --install /home/rashmika/arm4_ws/src/build/arduinobot_bringup
[0.710s] -- Install configuration: ""
[0.710s] -- Up-to-date: /home/rashmika/arm4_ws/src/install/arduinobot_bringup/share/arduinobot_bringup/launch
[0.711s] -- Up-to-date: /home/rashmika/arm4_ws/src/install/arduinobot_bringup/share/arduinobot_bringup/launch/real_robot.launch.py
[0.712s] -- Up-to-date: /home/rashmika/arm4_ws/src/install/arduinobot_bringup/share/arduinobot_bringup/launch/simulated_robot.launch.py
[0.712s] -- Up-to-date: /home/rashmika/arm4_ws/src/install/arduinobot_bringup/share/ament_index/resource_index/package_run_dependencies/arduinobot_bringup
[0.713s] -- Up-to-date: /home/rashmika/arm4_ws/src/install/arduinobot_bringup/share/ament_index/resource_index/parent_prefix_path/arduinobot_bringup
[0.713s] -- Up-to-date: /home/rashmika/arm4_ws/src/install/arduinobot_bringup/share/arduinobot_bringup/environment/ament_prefix_path.sh
[0.713s] -- Up-to-date: /home/rashmika/arm4_ws/src/install/arduinobot_bringup/share/arduinobot_bringup/environment/ament_prefix_path.dsv
[0.714s] -- Up-to-date: /home/rashmika/arm4_ws/src/install/arduinobot_bringup/share/arduinobot_bringup/environment/path.sh
[0.714s] -- Up-to-date: /home/rashmika/arm4_ws/src/install/arduinobot_bringup/share/arduinobot_bringup/environment/path.dsv
[0.715s] -- Up-to-date: /home/rashmika/arm4_ws/src/install/arduinobot_bringup/share/arduinobot_bringup/local_setup.bash
[0.715s] -- Up-to-date: /home/rashmika/arm4_ws/src/install/arduinobot_bringup/share/arduinobot_bringup/local_setup.sh
[0.715s] -- Up-to-date: /home/rashmika/arm4_ws/src/install/arduinobot_bringup/share/arduinobot_bringup/local_setup.zsh
[0.715s] -- Up-to-date: /home/rashmika/arm4_ws/src/install/arduinobot_bringup/share/arduinobot_bringup/local_setup.dsv
[0.715s] -- Installing: /home/rashmika/arm4_ws/src/install/arduinobot_bringup/share/arduinobot_bringup/package.dsv
[0.715s] -- Up-to-date: /home/rashmika/arm4_ws/src/install/arduinobot_bringup/share/ament_index/resource_index/packages/arduinobot_bringup
[0.715s] -- Up-to-date: /home/rashmika/arm4_ws/src/install/arduinobot_bringup/share/arduinobot_bringup/cmake/arduinobot_bringupConfig.cmake
[0.716s] -- Up-to-date: /home/rashmika/arm4_ws/src/install/arduinobot_bringup/share/arduinobot_bringup/cmake/arduinobot_bringupConfig-version.cmake
[0.716s] -- Up-to-date: /home/rashmika/arm4_ws/src/install/arduinobot_bringup/share/arduinobot_bringup/package.xml
[0.740s] Invoked command in '/home/rashmika/arm4_ws/src/build/arduinobot_bringup' returned '0': CMAKE_PREFIX_PATH=${CMAKE_PREFIX_PATH}:/home/rashmika/arm4_ws/install/arm_control_py:/home/rashmika/arm4_ws/install/arduinobot_python:/home/rashmika/turtlebot3_ws/install/turtlebot3_teleop:/home/rashmika/turtlebot3_ws/install/turtlebot3_example:/opt/ros/humble /usr/bin/cmake --install /home/rashmika/arm4_ws/src/build/arduinobot_bringup
