[0.047s] Invoking command in '/home/rashmika/arm4_ws/src/build/arduinobot_bringup': CMAKE_PREFIX_PATH=${CMAKE_PREFIX_PATH}:/home/rashmika/arm4_ws/install/arm_control_py:/home/rashmika/arm4_ws/install/arduinobot_python:/home/rashmika/turtlebot3_ws/install/turtlebot3_teleop:/home/rashmika/turtlebot3_ws/install/turtlebot3_example:/opt/ros/humble /usr/bin/cmake /home/rashmika/arm4_ws/src/arduinobot_bringup -DCMAKE_INSTALL_PREFIX=/home/rashmika/arm4_ws/src/install/arduinobot_bringup
[0.576s] -- The C compiler identification is GNU 11.4.0
[1.437s] -- The CXX compiler identification is GNU 11.4.0
[1.587s] -- Detecting C compiler ABI info
[1.682s] -- Detecting C compiler ABI info - done
[1.690s] -- Check for working C compiler: /usr/bin/cc - skipped
[1.690s] -- Detecting C compile features
[1.703s] -- Detecting C compile features - done
[1.707s] -- Detecting CXX compiler ABI info
[1.800s] -- Detecting CXX compiler ABI info - done
[1.811s] -- Check for working CXX compiler: /usr/bin/c++ - skipped
[1.811s] -- Detecting CXX compile features
[1.812s] -- Detecting CXX compile features - done
[1.910s] -- Found ament_cmake: 1.3.12 (/opt/ros/humble/share/ament_cmake/cmake)
[2.328s] -- Found Python3: /usr/bin/python3 (found version "3.10.12") found components: Interpreter 
[2.823s] -- Configuring done
[2.826s] -- Generating done
[2.828s] -- Build files have been written to: /home/rashmika/arm4_ws/src/build/arduinobot_bringup
[2.833s] Invoked command in '/home/rashmika/arm4_ws/src/build/arduinobot_bringup' returned '0': CMAKE_PREFIX_PATH=${CMAKE_PREFIX_PATH}:/home/rashmika/arm4_ws/install/arm_control_py:/home/rashmika/arm4_ws/install/arduinobot_python:/home/rashmika/turtlebot3_ws/install/turtlebot3_teleop:/home/rashmika/turtlebot3_ws/install/turtlebot3_example:/opt/ros/humble /usr/bin/cmake /home/rashmika/arm4_ws/src/arduinobot_bringup -DCMAKE_INSTALL_PREFIX=/home/rashmika/arm4_ws/src/install/arduinobot_bringup
[2.835s] Invoking command in '/home/rashmika/arm4_ws/src/build/arduinobot_bringup': CMAKE_PREFIX_PATH=${CMAKE_PREFIX_PATH}:/home/rashmika/arm4_ws/install/arm_control_py:/home/rashmika/arm4_ws/install/arduinobot_python:/home/rashmika/turtlebot3_ws/install/turtlebot3_teleop:/home/rashmika/turtlebot3_ws/install/turtlebot3_example:/opt/ros/humble /usr/bin/cmake --build /home/rashmika/arm4_ws/src/build/arduinobot_bringup -- -j8 -l8
[2.876s] Invoked command in '/home/rashmika/arm4_ws/src/build/arduinobot_bringup' returned '0': CMAKE_PREFIX_PATH=${CMAKE_PREFIX_PATH}:/home/rashmika/arm4_ws/install/arm_control_py:/home/rashmika/arm4_ws/install/arduinobot_python:/home/rashmika/turtlebot3_ws/install/turtlebot3_teleop:/home/rashmika/turtlebot3_ws/install/turtlebot3_example:/opt/ros/humble /usr/bin/cmake --build /home/rashmika/arm4_ws/src/build/arduinobot_bringup -- -j8 -l8
[2.887s] Invoking command in '/home/rashmika/arm4_ws/src/build/arduinobot_bringup': CMAKE_PREFIX_PATH=${CMAKE_PREFIX_PATH}:/home/rashmika/arm4_ws/install/arm_control_py:/home/rashmika/arm4_ws/install/arduinobot_python:/home/rashmika/turtlebot3_ws/install/turtlebot3_teleop:/home/rashmika/turtlebot3_ws/install/turtlebot3_example:/opt/ros/humble /usr/bin/cmake --install /home/rashmika/arm4_ws/src/build/arduinobot_bringup
[2.895s] -- Install configuration: ""
[2.895s] -- Installing: /home/rashmika/arm4_ws/src/install/arduinobot_bringup/share/arduinobot_bringup/launch
[2.896s] -- Installing: /home/rashmika/arm4_ws/src/install/arduinobot_bringup/share/arduinobot_bringup/launch/real_robot.launch.py
[2.896s] -- Installing: /home/rashmika/arm4_ws/src/install/arduinobot_bringup/share/arduinobot_bringup/launch/simulated_robot.launch.py
[2.896s] -- Installing: /home/rashmika/arm4_ws/src/install/arduinobot_bringup/share/ament_index/resource_index/package_run_dependencies/arduinobot_bringup
[2.896s] -- Installing: /home/rashmika/arm4_ws/src/install/arduinobot_bringup/share/ament_index/resource_index/parent_prefix_path/arduinobot_bringup
[2.896s] -- Installing: /home/rashmika/arm4_ws/src/install/arduinobot_bringup/share/arduinobot_bringup/environment/ament_prefix_path.sh
[2.896s] -- Installing: /home/rashmika/arm4_ws/src/install/arduinobot_bringup/share/arduinobot_bringup/environment/ament_prefix_path.dsv
[2.897s] -- Installing: /home/rashmika/arm4_ws/src/install/arduinobot_bringup/share/arduinobot_bringup/environment/path.sh
[2.897s] -- Installing: /home/rashmika/arm4_ws/src/install/arduinobot_bringup/share/arduinobot_bringup/environment/path.dsv
[2.897s] -- Installing: /home/rashmika/arm4_ws/src/install/arduinobot_bringup/share/arduinobot_bringup/local_setup.bash
[2.897s] -- Installing: /home/rashmika/arm4_ws/src/install/arduinobot_bringup/share/arduinobot_bringup/local_setup.sh
[2.897s] -- Installing: /home/rashmika/arm4_ws/src/install/arduinobot_bringup/share/arduinobot_bringup/local_setup.zsh
[2.897s] -- Installing: /home/rashmika/arm4_ws/src/install/arduinobot_bringup/share/arduinobot_bringup/local_setup.dsv
[2.897s] -- Installing: /home/rashmika/arm4_ws/src/install/arduinobot_bringup/share/arduinobot_bringup/package.dsv
[2.898s] -- Installing: /home/rashmika/arm4_ws/src/install/arduinobot_bringup/share/ament_index/resource_index/packages/arduinobot_bringup
[2.898s] -- Installing: /home/rashmika/arm4_ws/src/install/arduinobot_bringup/share/arduinobot_bringup/cmake/arduinobot_bringupConfig.cmake
[2.898s] -- Installing: /home/rashmika/arm4_ws/src/install/arduinobot_bringup/share/arduinobot_bringup/cmake/arduinobot_bringupConfig-version.cmake
[2.898s] -- Installing: /home/rashmika/arm4_ws/src/install/arduinobot_bringup/share/arduinobot_bringup/package.xml
[2.900s] Invoked command in '/home/rashmika/arm4_ws/src/build/arduinobot_bringup' returned '0': CMAKE_PREFIX_PATH=${CMAKE_PREFIX_PATH}:/home/rashmika/arm4_ws/install/arm_control_py:/home/rashmika/arm4_ws/install/arduinobot_python:/home/rashmika/turtlebot3_ws/install/turtlebot3_teleop:/home/rashmika/turtlebot3_ws/install/turtlebot3_example:/opt/ros/humble /usr/bin/cmake --install /home/rashmika/arm4_ws/src/build/arduinobot_bringup
