[0.043s] Invoking command in '/home/rashmika/arm4_ws/src/build/arduinobot_controller': CMAKE_PREFIX_PATH=${CMAKE_PREFIX_PATH}:/home/rashmika/arm4_ws/install/arm_control_py:/home/rashmika/arm4_ws/install/arduinobot_python:/home/rashmika/turtlebot3_ws/install/turtlebot3_teleop:/home/rashmika/turtlebot3_ws/install/turtlebot3_example:/opt/ros/humble /usr/bin/cmake /home/rashmika/arm4_ws/src/arduinobot_controller -DCMAKE_INSTALL_PREFIX=/home/rashmika/arm4_ws/src/install/arduinobot_controller
[0.569s] -- The C compiler identification is GNU 11.4.0
[1.439s] -- The CXX compiler identification is GNU 11.4.0
[1.580s] -- Detecting C compiler ABI info
[1.658s] -- Detecting C compiler ABI info - done
[1.666s] -- Check for working C compiler: /usr/bin/cc - skipped
[1.666s] -- Detecting C compile features
[1.695s] -- Detecting C compile features - done
[1.700s] -- Detecting CXX compiler ABI info
[1.800s] -- Detecting CXX compiler ABI info - done
[1.815s] -- Check for working CXX compiler: /usr/bin/c++ - skipped
[1.815s] -- Detecting CXX compile features
[1.816s] -- Detecting CXX compile features - done
[1.903s] -- Found ament_cmake: 1.3.12 (/opt/ros/humble/share/ament_cmake/cmake)
[2.332s] -- Found Python3: /usr/bin/python3 (found version "3.10.12") found components: Interpreter 
[2.724s] -- Found trajectory_msgs: 4.9.0 (/opt/ros/humble/share/trajectory_msgs/cmake)
[4.096s] -- Found rosidl_generator_c: 3.1.7 (/opt/ros/humble/share/rosidl_generator_c/cmake)
[4.310s] -- Found rosidl_adapter: 3.1.7 (/opt/ros/humble/share/rosidl_adapter/cmake)
[4.478s] -- Found rosidl_generator_cpp: 3.1.7 (/opt/ros/humble/share/rosidl_generator_cpp/cmake)
[4.713s] -- Using all available rosidl_typesupport_c: rosidl_typesupport_fastrtps_c;rosidl_typesupport_introspection_c
[4.878s] -- Using all available rosidl_typesupport_cpp: rosidl_typesupport_fastrtps_cpp;rosidl_typesupport_introspection_cpp
[5.382s] -- Found sensor_msgs: 4.9.0 (/opt/ros/humble/share/sensor_msgs/cmake)
[5.481s] -- Found rclcpp: 16.0.15 (/opt/ros/humble/share/rclcpp/cmake)
[5.810s] -- Found rmw_implementation_cmake: 6.1.2 (/opt/ros/humble/share/rmw_implementation_cmake/cmake)
[5.963s] -- Found rmw_fastrtps_cpp: 6.2.9 (/opt/ros/humble/share/rmw_fastrtps_cpp/cmake)
[6.844s] -- Found OpenSSL: /usr/lib/x86_64-linux-gnu/libcrypto.so (found version "3.0.2")  
[7.145s] -- Found FastRTPS: /opt/ros/humble/include  
[7.235s] -- Using RMW implementation 'rmw_fastrtps_cpp' as default
[7.496s] -- Looking for pthread.h
[7.767s] -- Looking for pthread.h - found
[7.767s] -- Performing Test CMAKE_HAVE_LIBC_PTHREAD
[7.841s] -- Performing Test CMAKE_HAVE_LIBC_PTHREAD - Success
[7.843s] -- Found Threads: TRUE  
[8.140s] -- Found rclpy: 3.3.17 (/opt/ros/humble/share/rclpy/cmake)
[8.167s] -- Found hardware_interface: 2.52.0 (/opt/ros/humble/share/hardware_interface/cmake)
[8.474s] -- Found PkgConfig: /usr/bin/pkg-config (found version "0.29.2") 
[8.474s] -- Checking for module 'libserial'
[8.511s] --   Found libserial, version 1.0.0
[8.742s] -- Configuring done
[8.763s] -- Generating done
[8.773s] -- Build files have been written to: /home/rashmika/arm4_ws/src/build/arduinobot_controller
[8.789s] Invoked command in '/home/rashmika/arm4_ws/src/build/arduinobot_controller' returned '0': CMAKE_PREFIX_PATH=${CMAKE_PREFIX_PATH}:/home/rashmika/arm4_ws/install/arm_control_py:/home/rashmika/arm4_ws/install/arduinobot_python:/home/rashmika/turtlebot3_ws/install/turtlebot3_teleop:/home/rashmika/turtlebot3_ws/install/turtlebot3_example:/opt/ros/humble /usr/bin/cmake /home/rashmika/arm4_ws/src/arduinobot_controller -DCMAKE_INSTALL_PREFIX=/home/rashmika/arm4_ws/src/install/arduinobot_controller
[8.791s] Invoking command in '/home/rashmika/arm4_ws/src/build/arduinobot_controller': CMAKE_PREFIX_PATH=${CMAKE_PREFIX_PATH}:/home/rashmika/arm4_ws/install/arm_control_py:/home/rashmika/arm4_ws/install/arduinobot_python:/home/rashmika/turtlebot3_ws/install/turtlebot3_teleop:/home/rashmika/turtlebot3_ws/install/turtlebot3_example:/opt/ros/humble /usr/bin/cmake --build /home/rashmika/arm4_ws/src/build/arduinobot_controller -- -j8 -l8
[8.851s] [ 25%] [32mBuilding CXX object CMakeFiles/arduinobot_controller.dir/src/arduinobot_interface.cpp.o[0m
[8.852s] [ 50%] [32mBuilding CXX object CMakeFiles/slider_control.dir/src/slider_control.cpp.o[0m
[8.862s] [ 50%] Built target ament_cmake_python_copy_arduinobot_controller
[9.141s] running egg_info
[9.141s] creating arduinobot_controller.egg-info
[9.142s] writing arduinobot_controller.egg-info/PKG-INFO
[9.142s] writing dependency_links to arduinobot_controller.egg-info/dependency_links.txt
[9.142s] writing top-level names to arduinobot_controller.egg-info/top_level.txt
[9.142s] writing manifest file 'arduinobot_controller.egg-info/SOURCES.txt'
[9.144s] reading manifest file 'arduinobot_controller.egg-info/SOURCES.txt'
[9.145s] writing manifest file 'arduinobot_controller.egg-info/SOURCES.txt'
[9.173s] [ 50%] Built target ament_cmake_python_build_arduinobot_controller_egg
[17.674s] [ 75%] [32m[1mLinking CXX shared library libarduinobot_controller.so[0m
[18.285s] [ 75%] Built target arduinobot_controller
[22.264s] [100%] [32m[1mLinking CXX executable slider_control[0m
[22.664s] [100%] Built target slider_control
[22.675s] Invoked command in '/home/rashmika/arm4_ws/src/build/arduinobot_controller' returned '0': CMAKE_PREFIX_PATH=${CMAKE_PREFIX_PATH}:/home/rashmika/arm4_ws/install/arm_control_py:/home/rashmika/arm4_ws/install/arduinobot_python:/home/rashmika/turtlebot3_ws/install/turtlebot3_teleop:/home/rashmika/turtlebot3_ws/install/turtlebot3_example:/opt/ros/humble /usr/bin/cmake --build /home/rashmika/arm4_ws/src/build/arduinobot_controller -- -j8 -l8
[22.677s] Invoking command in '/home/rashmika/arm4_ws/src/build/arduinobot_controller': CMAKE_PREFIX_PATH=${CMAKE_PREFIX_PATH}:/home/rashmika/arm4_ws/install/arm_control_py:/home/rashmika/arm4_ws/install/arduinobot_python:/home/rashmika/turtlebot3_ws/install/turtlebot3_teleop:/home/rashmika/turtlebot3_ws/install/turtlebot3_example:/opt/ros/humble /usr/bin/cmake --install /home/rashmika/arm4_ws/src/build/arduinobot_controller
[22.685s] -- Install configuration: ""
[22.685s] -- Installing: /home/rashmika/arm4_ws/src/install/arduinobot_controller/share/arduinobot_controller/arduinobot_controller.xml
[22.685s] -- Installing: /home/rashmika/arm4_ws/src/install/arduinobot_controller/share/arduinobot_controller/environment/pythonpath.sh
[22.685s] -- Installing: /home/rashmika/arm4_ws/src/install/arduinobot_controller/share/arduinobot_controller/environment/pythonpath.dsv
[22.685s] -- Installing: /home/rashmika/arm4_ws/src/install/arduinobot_controller/local/lib/python3.10/dist-packages/arduinobot_controller-0.0.0-py3.10.egg-info
[22.685s] -- Installing: /home/rashmika/arm4_ws/src/install/arduinobot_controller/local/lib/python3.10/dist-packages/arduinobot_controller-0.0.0-py3.10.egg-info/top_level.txt
[22.685s] -- Installing: /home/rashmika/arm4_ws/src/install/arduinobot_controller/local/lib/python3.10/dist-packages/arduinobot_controller-0.0.0-py3.10.egg-info/PKG-INFO
[22.685s] -- Installing: /home/rashmika/arm4_ws/src/install/arduinobot_controller/local/lib/python3.10/dist-packages/arduinobot_controller-0.0.0-py3.10.egg-info/SOURCES.txt
[22.686s] -- Installing: /home/rashmika/arm4_ws/src/install/arduinobot_controller/local/lib/python3.10/dist-packages/arduinobot_controller-0.0.0-py3.10.egg-info/dependency_links.txt
[22.686s] -- Installing: /home/rashmika/arm4_ws/src/install/arduinobot_controller/local/lib/python3.10/dist-packages/arduinobot_controller
[22.686s] -- Installing: /home/rashmika/arm4_ws/src/install/arduinobot_controller/local/lib/python3.10/dist-packages/arduinobot_controller/slider_control.py
[22.686s] -- Installing: /home/rashmika/arm4_ws/src/install/arduinobot_controller/local/lib/python3.10/dist-packages/arduinobot_controller/__init__.py
[22.722s] Listing '/home/rashmika/arm4_ws/src/install/arduinobot_controller/local/lib/python3.10/dist-packages/arduinobot_controller'...
[22.722s] Compiling '/home/rashmika/arm4_ws/src/install/arduinobot_controller/local/lib/python3.10/dist-packages/arduinobot_controller/__init__.py'...
[22.722s] Compiling '/home/rashmika/arm4_ws/src/install/arduinobot_controller/local/lib/python3.10/dist-packages/arduinobot_controller/slider_control.py'...
[22.726s] -- Installing: /home/rashmika/arm4_ws/src/install/arduinobot_controller/lib/arduinobot_controller/slider_control
[22.729s] -- Set runtime path of "/home/rashmika/arm4_ws/src/install/arduinobot_controller/lib/arduinobot_controller/slider_control" to ""
[22.729s] -- Installing: /home/rashmika/arm4_ws/src/install/arduinobot_controller/lib/libarduinobot_controller.so
[22.730s] -- Set runtime path of "/home/rashmika/arm4_ws/src/install/arduinobot_controller/lib/libarduinobot_controller.so" to ""
[22.730s] -- Installing: /home/rashmika/arm4_ws/src/install/arduinobot_controller/include/include
[22.731s] -- Installing: /home/rashmika/arm4_ws/src/install/arduinobot_controller/include/include/arduinobot_controller
[22.731s] -- Installing: /home/rashmika/arm4_ws/src/install/arduinobot_controller/include/include/arduinobot_controller/arduinobot_interface.hpp
[22.731s] -- Installing: /home/rashmika/arm4_ws/src/install/arduinobot_controller/share/arduinobot_controller/launch
[22.731s] -- Installing: /home/rashmika/arm4_ws/src/install/arduinobot_controller/share/arduinobot_controller/launch/slider_controller.launch.py
[22.731s] -- Installing: /home/rashmika/arm4_ws/src/install/arduinobot_controller/share/arduinobot_controller/launch/controller.launch.py
[22.731s] -- Installing: /home/rashmika/arm4_ws/src/install/arduinobot_controller/share/arduinobot_controller/config
[22.731s] -- Installing: /home/rashmika/arm4_ws/src/install/arduinobot_controller/share/arduinobot_controller/config/arduinobot_controllers.yaml
[22.731s] -- Installing: /home/rashmika/arm4_ws/src/install/arduinobot_controller/lib/arduinobot_controller/slider_control.py
[22.731s] -- Installing: /home/rashmika/arm4_ws/src/install/arduinobot_controller/share/arduinobot_controller/environment/library_path.sh
[22.732s] -- Installing: /home/rashmika/arm4_ws/src/install/arduinobot_controller/share/arduinobot_controller/environment/library_path.dsv
[22.732s] -- Installing: /home/rashmika/arm4_ws/src/install/arduinobot_controller/share/ament_index/resource_index/package_run_dependencies/arduinobot_controller
[22.732s] -- Installing: /home/rashmika/arm4_ws/src/install/arduinobot_controller/share/ament_index/resource_index/parent_prefix_path/arduinobot_controller
[22.732s] -- Installing: /home/rashmika/arm4_ws/src/install/arduinobot_controller/share/arduinobot_controller/environment/ament_prefix_path.sh
[22.732s] -- Installing: /home/rashmika/arm4_ws/src/install/arduinobot_controller/share/arduinobot_controller/environment/ament_prefix_path.dsv
[22.732s] -- Installing: /home/rashmika/arm4_ws/src/install/arduinobot_controller/share/arduinobot_controller/environment/path.sh
[22.732s] -- Installing: /home/rashmika/arm4_ws/src/install/arduinobot_controller/share/arduinobot_controller/environment/path.dsv
[22.732s] -- Installing: /home/rashmika/arm4_ws/src/install/arduinobot_controller/share/arduinobot_controller/local_setup.bash
[22.732s] -- Installing: /home/rashmika/arm4_ws/src/install/arduinobot_controller/share/arduinobot_controller/local_setup.sh
[22.733s] -- Installing: /home/rashmika/arm4_ws/src/install/arduinobot_controller/share/arduinobot_controller/local_setup.zsh
[22.733s] -- Installing: /home/rashmika/arm4_ws/src/install/arduinobot_controller/share/arduinobot_controller/local_setup.dsv
[22.733s] -- Installing: /home/rashmika/arm4_ws/src/install/arduinobot_controller/share/arduinobot_controller/package.dsv
[22.733s] -- Installing: /home/rashmika/arm4_ws/src/install/arduinobot_controller/share/ament_index/resource_index/packages/arduinobot_controller
[22.733s] -- Installing: /home/rashmika/arm4_ws/src/install/arduinobot_controller/share/ament_index/resource_index/hardware_interface__pluginlib__plugin/arduinobot_controller
[22.733s] -- Installing: /home/rashmika/arm4_ws/src/install/arduinobot_controller/share/arduinobot_controller/cmake/ament_cmake_export_include_directories-extras.cmake
[22.734s] -- Installing: /home/rashmika/arm4_ws/src/install/arduinobot_controller/share/arduinobot_controller/cmake/ament_cmake_export_libraries-extras.cmake
[22.734s] -- Installing: /home/rashmika/arm4_ws/src/install/arduinobot_controller/share/arduinobot_controller/cmake/ament_cmake_export_dependencies-extras.cmake
[22.734s] -- Installing: /home/rashmika/arm4_ws/src/install/arduinobot_controller/share/arduinobot_controller/cmake/arduinobot_controllerConfig.cmake
[22.734s] -- Installing: /home/rashmika/arm4_ws/src/install/arduinobot_controller/share/arduinobot_controller/cmake/arduinobot_controllerConfig-version.cmake
[22.734s] -- Installing: /home/rashmika/arm4_ws/src/install/arduinobot_controller/share/arduinobot_controller/package.xml
[22.737s] Invoked command in '/home/rashmika/arm4_ws/src/build/arduinobot_controller' returned '0': CMAKE_PREFIX_PATH=${CMAKE_PREFIX_PATH}:/home/rashmika/arm4_ws/install/arm_control_py:/home/rashmika/arm4_ws/install/arduinobot_python:/home/rashmika/turtlebot3_ws/install/turtlebot3_teleop:/home/rashmika/turtlebot3_ws/install/turtlebot3_example:/opt/ros/humble /usr/bin/cmake --install /home/rashmika/arm4_ws/src/build/arduinobot_controller
