[0.159s] Invoking command in '/home/rashmika/arm4_ws/src/build/arduinobot_description': CMAKE_PREFIX_PATH=${CMAKE_PREFIX_PATH}:/home/rashmika/arm4_ws/src/install/arm_control_py:/home/rashmika/arm4_ws/src/install/arduinobot_python:/home/rashmika/arm4_ws/install/arm_control_py:/home/rashmika/arm4_ws/install/arduinobot_python:/home/rashmika/turtlebot3_ws/install/turtlebot3_teleop:/home/rashmika/turtlebot3_ws/install/turtlebot3_example:/opt/ros/humble /usr/bin/cmake --build /home/rashmika/arm4_ws/src/build/arduinobot_description -- -j8 -l8
[1.101s] Invoked command in '/home/rashmika/arm4_ws/src/build/arduinobot_description' returned '0': CMAKE_PREFIX_PATH=${CMAKE_PREFIX_PATH}:/home/rashmika/arm4_ws/src/install/arm_control_py:/home/rashmika/arm4_ws/src/install/arduinobot_python:/home/rashmika/arm4_ws/install/arm_control_py:/home/rashmika/arm4_ws/install/arduinobot_python:/home/rashmika/turtlebot3_ws/install/turtlebot3_teleop:/home/rashmika/turtlebot3_ws/install/turtlebot3_example:/opt/ros/humble /usr/bin/cmake --build /home/rashmika/arm4_ws/src/build/arduinobot_description -- -j8 -l8
[1.235s] Invoking command in '/home/rashmika/arm4_ws/src/build/arduinobot_description': CMAKE_PREFIX_PATH=${CMAKE_PREFIX_PATH}:/home/rashmika/arm4_ws/src/install/arm_control_py:/home/rashmika/arm4_ws/src/install/arduinobot_python:/home/rashmika/arm4_ws/install/arm_control_py:/home/rashmika/arm4_ws/install/arduinobot_python:/home/rashmika/turtlebot3_ws/install/turtlebot3_teleop:/home/rashmika/turtlebot3_ws/install/turtlebot3_example:/opt/ros/humble /usr/bin/cmake --install /home/rashmika/arm4_ws/src/build/arduinobot_description
[1.833s] -- Install configuration: ""
[1.833s] -- Up-to-date: /home/rashmika/arm4_ws/src/install/arduinobot_description/share/arduinobot_description/launch
[1.833s] -- Up-to-date: /home/rashmika/arm4_ws/src/install/arduinobot_description/share/arduinobot_description/launch/gazebo.launch.py
[1.833s] -- Up-to-date: /home/rashmika/arm4_ws/src/install/arduinobot_description/share/arduinobot_description/launch/display.launch.py
[1.833s] -- Up-to-date: /home/rashmika/arm4_ws/src/install/arduinobot_description/share/arduinobot_description/meshes
[1.833s] -- Up-to-date: /home/rashmika/arm4_ws/src/install/arduinobot_description/share/arduinobot_description/meshes/pi_camera.STLZone.Identifier
[1.834s] -- Up-to-date: /home/rashmika/arm4_ws/src/install/arduinobot_description/share/arduinobot_description/meshes/triangular_link.STL
[1.834s] -- Up-to-date: /home/rashmika/arm4_ws/src/install/arduinobot_description/share/arduinobot_description/meshes/claw_support.STL
[1.834s] -- Up-to-date: /home/rashmika/arm4_ws/src/install/arduinobot_description/share/arduinobot_description/meshes/horizontal_arm.STL
[1.834s] -- Up-to-date: /home/rashmika/arm4_ws/src/install/arduinobot_description/share/arduinobot_description/meshes/base_plate.STL
[1.834s] -- Up-to-date: /home/rashmika/arm4_ws/src/install/arduinobot_description/share/arduinobot_description/meshes/vertical_drive_arm.STL
[1.834s] -- Up-to-date: /home/rashmika/arm4_ws/src/install/arduinobot_description/share/arduinobot_description/meshes/basement.STL
[1.834s] -- Up-to-date: /home/rashmika/arm4_ws/src/install/arduinobot_description/share/arduinobot_description/meshes/round_plate.STL
[1.834s] -- Up-to-date: /home/rashmika/arm4_ws/src/install/arduinobot_description/share/arduinobot_description/meshes/pi_camera.STL
[1.834s] -- Up-to-date: /home/rashmika/arm4_ws/src/install/arduinobot_description/share/arduinobot_description/meshes/right_finger.STL
[1.834s] -- Up-to-date: /home/rashmika/arm4_ws/src/install/arduinobot_description/share/arduinobot_description/meshes/plate.STL
[1.834s] -- Up-to-date: /home/rashmika/arm4_ws/src/install/arduinobot_description/share/arduinobot_description/meshes/link.STL
[1.834s] -- Up-to-date: /home/rashmika/arm4_ws/src/install/arduinobot_description/share/arduinobot_description/meshes/forward_drive_arm.STL
[1.834s] -- Up-to-date: /home/rashmika/arm4_ws/src/install/arduinobot_description/share/arduinobot_description/meshes/left_finger.STL
[1.834s] -- Up-to-date: /home/rashmika/arm4_ws/src/install/arduinobot_description/share/arduinobot_description/meshes/servo_plate.STL
[1.834s] -- Up-to-date: /home/rashmika/arm4_ws/src/install/arduinobot_description/share/arduinobot_description/models
[1.834s] -- Up-to-date: /home/rashmika/arm4_ws/src/install/arduinobot_description/share/arduinobot_description/models/ground_plane
[1.834s] -- Up-to-date: /home/rashmika/arm4_ws/src/install/arduinobot_description/share/arduinobot_description/models/ground_plane/model.sdf
[1.834s] -- Up-to-date: /home/rashmika/arm4_ws/src/install/arduinobot_description/share/arduinobot_description/models/ground_plane/model-1_2.sdf
[1.834s] -- Up-to-date: /home/rashmika/arm4_ws/src/install/arduinobot_description/share/arduinobot_description/models/ground_plane/model-1_3.sdf
[1.835s] -- Up-to-date: /home/rashmika/arm4_ws/src/install/arduinobot_description/share/arduinobot_description/models/ground_plane/model-1_4.sdf
[1.835s] -- Up-to-date: /home/rashmika/arm4_ws/src/install/arduinobot_description/share/arduinobot_description/models/ground_plane/model.config
[1.835s] -- Up-to-date: /home/rashmika/arm4_ws/src/install/arduinobot_description/share/arduinobot_description/models/sun
[1.835s] -- Up-to-date: /home/rashmika/arm4_ws/src/install/arduinobot_description/share/arduinobot_description/models/sun/model.sdf
[1.835s] -- Up-to-date: /home/rashmika/arm4_ws/src/install/arduinobot_description/share/arduinobot_description/models/sun/model-1_2.sdf
[1.835s] -- Up-to-date: /home/rashmika/arm4_ws/src/install/arduinobot_description/share/arduinobot_description/models/sun/model-1_3.sdf
[1.835s] -- Up-to-date: /home/rashmika/arm4_ws/src/install/arduinobot_description/share/arduinobot_description/models/sun/model-1_4.sdf
[1.835s] -- Up-to-date: /home/rashmika/arm4_ws/src/install/arduinobot_description/share/arduinobot_description/models/sun/model.config
[1.836s] -- Up-to-date: /home/rashmika/arm4_ws/src/install/arduinobot_description/share/arduinobot_description/urdf
[1.836s] -- Installing: /home/rashmika/arm4_ws/src/install/arduinobot_description/share/arduinobot_description/urdf/arduinobot.urdf.xacro
[1.836s] -- Installing: /home/rashmika/arm4_ws/src/install/arduinobot_description/share/arduinobot_description/urdf/camera.xacro
[1.836s] -- Up-to-date: /home/rashmika/arm4_ws/src/install/arduinobot_description/share/arduinobot_description/urdf/arduinobot_gazebo.xacro
[1.836s] -- Up-to-date: /home/rashmika/arm4_ws/src/install/arduinobot_description/share/arduinobot_description/urdf/arduinobot.urdf.xacro.save
[1.837s] -- Up-to-date: /home/rashmika/arm4_ws/src/install/arduinobot_description/share/arduinobot_description/urdf/arduinobot_ros2_control.xacro
[1.837s] -- Up-to-date: /home/rashmika/arm4_ws/src/install/arduinobot_description/share/arduinobot_description/rviz
[1.837s] -- Up-to-date: /home/rashmika/arm4_ws/src/install/arduinobot_description/share/arduinobot_description/rviz/display.rviz
[1.837s] -- Up-to-date: /home/rashmika/arm4_ws/src/install/arduinobot_description/share/ament_index/resource_index/package_run_dependencies/arduinobot_description
[1.837s] -- Up-to-date: /home/rashmika/arm4_ws/src/install/arduinobot_description/share/ament_index/resource_index/parent_prefix_path/arduinobot_description
[1.837s] -- Up-to-date: /home/rashmika/arm4_ws/src/install/arduinobot_description/share/arduinobot_description/environment/ament_prefix_path.sh
[1.837s] -- Up-to-date: /home/rashmika/arm4_ws/src/install/arduinobot_description/share/arduinobot_description/environment/ament_prefix_path.dsv
[1.837s] -- Up-to-date: /home/rashmika/arm4_ws/src/install/arduinobot_description/share/arduinobot_description/environment/path.sh
[1.837s] -- Up-to-date: /home/rashmika/arm4_ws/src/install/arduinobot_description/share/arduinobot_description/environment/path.dsv
[1.837s] -- Up-to-date: /home/rashmika/arm4_ws/src/install/arduinobot_description/share/arduinobot_description/local_setup.bash
[1.837s] -- Up-to-date: /home/rashmika/arm4_ws/src/install/arduinobot_description/share/arduinobot_description/local_setup.sh
[1.837s] -- Up-to-date: /home/rashmika/arm4_ws/src/install/arduinobot_description/share/arduinobot_description/local_setup.zsh
[1.837s] -- Up-to-date: /home/rashmika/arm4_ws/src/install/arduinobot_description/share/arduinobot_description/local_setup.dsv
[1.837s] -- Installing: /home/rashmika/arm4_ws/src/install/arduinobot_description/share/arduinobot_description/package.dsv
[1.837s] -- Up-to-date: /home/rashmika/arm4_ws/src/install/arduinobot_description/share/ament_index/resource_index/packages/arduinobot_description
[1.837s] -- Up-to-date: /home/rashmika/arm4_ws/src/install/arduinobot_description/share/arduinobot_description/cmake/arduinobot_descriptionConfig.cmake
[1.837s] -- Up-to-date: /home/rashmika/arm4_ws/src/install/arduinobot_description/share/arduinobot_description/cmake/arduinobot_descriptionConfig-version.cmake
[1.837s] -- Up-to-date: /home/rashmika/arm4_ws/src/install/arduinobot_description/share/arduinobot_description/package.xml
[2.528s] Invoked command in '/home/rashmika/arm4_ws/src/build/arduinobot_description' returned '0': CMAKE_PREFIX_PATH=${CMAKE_PREFIX_PATH}:/home/rashmika/arm4_ws/src/install/arm_control_py:/home/rashmika/arm4_ws/src/install/arduinobot_python:/home/rashmika/arm4_ws/install/arm_control_py:/home/rashmika/arm4_ws/install/arduinobot_python:/home/rashmika/turtlebot3_ws/install/turtlebot3_teleop:/home/rashmika/turtlebot3_ws/install/turtlebot3_example:/opt/ros/humble /usr/bin/cmake --install /home/rashmika/arm4_ws/src/build/arduinobot_description
