[0.036s] Invoking command in '/home/rashmika/arm4_ws/src/build/arduinobot_msgs': CMAKE_PREFIX_PATH=${CMAKE_PREFIX_PATH}:/home/rashmika/arm4_ws/install/arm_control_py:/home/rashmika/arm4_ws/install/arduinobot_python:/home/rashmika/turtlebot3_ws/install/turtlebot3_teleop:/home/rashmika/turtlebot3_ws/install/turtlebot3_example:/opt/ros/humble /usr/bin/cmake /home/rashmika/arm4_ws/src/arduinobot_msgs -DCMAKE_INSTALL_PREFIX=/home/rashmika/arm4_ws/src/install/arduinobot_msgs
[0.553s] -- The C compiler identification is GNU 11.4.0
[1.423s] -- The CXX compiler identification is GNU 11.4.0
[1.564s] -- Detecting C compiler ABI info
[1.640s] -- Detecting C compiler ABI info - done
[1.655s] -- Check for working C compiler: /usr/bin/cc - skipped
[1.655s] -- Detecting C compile features
[1.679s] -- Detecting C compile features - done
[1.684s] -- Detecting CXX compiler ABI info
[1.770s] -- Detecting CXX compiler ABI info - done
[1.779s] -- Check for working CXX compiler: /usr/bin/c++ - skipped
[1.779s] -- Detecting CXX compile features
[1.779s] -- Detecting CXX compile features - done
[1.886s] -- Found ament_cmake: 1.3.12 (/opt/ros/humble/share/ament_cmake/cmake)
[2.343s] -- Found Python3: /usr/bin/python3 (found version "3.10.12") found components: Interpreter 
[2.744s] -- Found std_msgs: 4.9.0 (/opt/ros/humble/share/std_msgs/cmake)
[4.080s] -- Found rosidl_generator_c: 3.1.7 (/opt/ros/humble/share/rosidl_generator_c/cmake)
[4.294s] -- Found rosidl_adapter: 3.1.7 (/opt/ros/humble/share/rosidl_adapter/cmake)
[4.462s] -- Found rosidl_generator_cpp: 3.1.7 (/opt/ros/humble/share/rosidl_generator_cpp/cmake)
[4.697s] -- Using all available rosidl_typesupport_c: rosidl_typesupport_fastrtps_c;rosidl_typesupport_introspection_c
[4.863s] -- Using all available rosidl_typesupport_cpp: rosidl_typesupport_fastrtps_cpp;rosidl_typesupport_introspection_cpp
[5.237s] -- Found rosidl_default_generators: 1.2.0 (/opt/ros/humble/share/rosidl_default_generators/cmake)
[5.998s] -- Found ament_cmake_ros: 0.10.0 (/opt/ros/humble/share/ament_cmake_ros/cmake)
[6.622s] -- Using all available rosidl_typesupport_c: rosidl_typesupport_fastrtps_c;rosidl_typesupport_introspection_c
[6.780s] -- Using all available rosidl_typesupport_cpp: rosidl_typesupport_fastrtps_cpp;rosidl_typesupport_introspection_cpp
[6.867s] -- Found PythonInterp: /usr/bin/python3 (found suitable version "3.10.12", minimum required is "3.6") 
[6.938s] -- Found python_cmake_module: 0.10.0 (/opt/ros/humble/share/python_cmake_module/cmake)
[7.199s] -- Found PythonLibs: /usr/lib/x86_64-linux-gnu/libpython3.10.so (found suitable version "3.10.12", minimum required is "3.5") 
[7.199s] -- Using PYTHON_EXECUTABLE: /usr/bin/python3
[7.199s] -- Using PYTHON_INCLUDE_DIRS: /usr/include/python3.10
[7.199s] -- Using PYTHON_LIBRARIES: /usr/lib/x86_64-linux-gnu/libpython3.10.so
[7.223s] -- Found PythonExtra: .so  
[7.465s] -- Configuring done
[7.532s] -- Generating done
[7.545s] -- Build files have been written to: /home/rashmika/arm4_ws/src/build/arduinobot_msgs
[7.553s] Invoked command in '/home/rashmika/arm4_ws/src/build/arduinobot_msgs' returned '0': CMAKE_PREFIX_PATH=${CMAKE_PREFIX_PATH}:/home/rashmika/arm4_ws/install/arm_control_py:/home/rashmika/arm4_ws/install/arduinobot_python:/home/rashmika/turtlebot3_ws/install/turtlebot3_teleop:/home/rashmika/turtlebot3_ws/install/turtlebot3_example:/opt/ros/humble /usr/bin/cmake /home/rashmika/arm4_ws/src/arduinobot_msgs -DCMAKE_INSTALL_PREFIX=/home/rashmika/arm4_ws/src/install/arduinobot_msgs
[7.554s] Invoking command in '/home/rashmika/arm4_ws/src/build/arduinobot_msgs': CMAKE_PREFIX_PATH=${CMAKE_PREFIX_PATH}:/home/rashmika/arm4_ws/install/arm_control_py:/home/rashmika/arm4_ws/install/arduinobot_python:/home/rashmika/turtlebot3_ws/install/turtlebot3_teleop:/home/rashmika/turtlebot3_ws/install/turtlebot3_example:/opt/ros/humble /usr/bin/cmake --build /home/rashmika/arm4_ws/src/build/arduinobot_msgs -- -j8 -l8
[7.597s] [  1%] [34m[1mGenerating C code for ROS interfaces[0m
[7.608s] [  3%] [34m[1mGenerating C++ code for ROS interfaces[0m
[7.618s] [  3%] Built target ament_cmake_python_copy_arduinobot_msgs
[7.881s] running egg_info
[7.881s] creating arduinobot_msgs.egg-info
[7.882s] writing arduinobot_msgs.egg-info/PKG-INFO
[7.882s] writing dependency_links to arduinobot_msgs.egg-info/dependency_links.txt
[7.882s] writing top-level names to arduinobot_msgs.egg-info/top_level.txt
[7.882s] writing manifest file 'arduinobot_msgs.egg-info/SOURCES.txt'
[7.884s] reading manifest file 'arduinobot_msgs.egg-info/SOURCES.txt'
[7.884s] writing manifest file 'arduinobot_msgs.egg-info/SOURCES.txt'
[7.909s] [  3%] Built target ament_cmake_python_build_arduinobot_msgs_egg
[8.759s] [  4%] [32mBuilding C object CMakeFiles/arduinobot_msgs__rosidl_generator_c.dir/rosidl_generator_c/arduinobot_msgs/srv/detail/quaternion_to_euler__functions.c.o[0m
[8.761s] [  6%] [32mBuilding C object CMakeFiles/arduinobot_msgs__rosidl_generator_c.dir/rosidl_generator_c/arduinobot_msgs/srv/detail/add_two_ints__functions.c.o[0m
[8.762s] [  7%] [32mBuilding C object CMakeFiles/arduinobot_msgs__rosidl_generator_c.dir/rosidl_generator_c/arduinobot_msgs/action/detail/fibonacci__functions.c.o[0m
[8.762s] [  9%] [32mBuilding C object CMakeFiles/arduinobot_msgs__rosidl_generator_c.dir/rosidl_generator_c/arduinobot_msgs/action/detail/arduinobot_task__functions.c.o[0m
[8.762s] [ 11%] [32mBuilding C object CMakeFiles/arduinobot_msgs__rosidl_generator_c.dir/rosidl_generator_c/arduinobot_msgs/srv/detail/euler_to_quaternion__functions.c.o[0m
[8.884s] [ 11%] Built target arduinobot_msgs__cpp
[8.895s] [ 14%] [34m[1mGenerating C++ type support for eProsima Fast-RTPS[0m
[8.895s] [ 14%] [34m[1mGenerating C++ type support dispatch for ROS interfaces[0m
[8.895s] [ 15%] [34m[1mGenerating C++ introspection for ROS interfaces[0m
[9.580s] [ 17%] [32m[1mLinking C shared library libarduinobot_msgs__rosidl_generator_c.so[0m
[9.724s] [ 17%] Built target arduinobot_msgs__rosidl_generator_c
[9.739s] [ 20%] [34m[1mGenerating C type support for eProsima Fast-RTPS[0m
[9.739s] [ 20%] [34m[1mGenerating C type support dispatch for ROS interfaces[0m
[9.741s] [ 22%] [34m[1mGenerating C introspection for ROS interfaces[0m
[9.762s] [ 23%] [32mBuilding CXX object CMakeFiles/arduinobot_msgs__rosidl_typesupport_cpp.dir/rosidl_typesupport_cpp/arduinobot_msgs/srv/add_two_ints__type_support.cpp.o[0m
[9.762s] [ 25%] [32mBuilding CXX object CMakeFiles/arduinobot_msgs__rosidl_typesupport_cpp.dir/rosidl_typesupport_cpp/arduinobot_msgs/srv/euler_to_quaternion__type_support.cpp.o[0m
[9.762s] [ 26%] [32mBuilding CXX object CMakeFiles/arduinobot_msgs__rosidl_typesupport_cpp.dir/rosidl_typesupport_cpp/arduinobot_msgs/srv/quaternion_to_euler__type_support.cpp.o[0m
[10.031s] [ 28%] [32mBuilding CXX object CMakeFiles/arduinobot_msgs__rosidl_typesupport_introspection_cpp.dir/rosidl_typesupport_introspection_cpp/arduinobot_msgs/srv/detail/add_two_ints__type_support.cpp.o[0m
[10.273s] [ 30%] [32mBuilding CXX object CMakeFiles/arduinobot_msgs__rosidl_typesupport_fastrtps_cpp.dir/rosidl_typesupport_fastrtps_cpp/arduinobot_msgs/srv/detail/dds_fastrtps/add_two_ints__type_support.cpp.o[0m
[10.602s] [ 31%] [32mBuilding CXX object CMakeFiles/arduinobot_msgs__rosidl_typesupport_c.dir/rosidl_typesupport_c/arduinobot_msgs/srv/add_two_ints__type_support.cpp.o[0m
[10.834s] [ 33%] [32mBuilding CXX object CMakeFiles/arduinobot_msgs__rosidl_typesupport_c.dir/rosidl_typesupport_c/arduinobot_msgs/srv/euler_to_quaternion__type_support.cpp.o[0m
[10.879s] [ 34%] [32mBuilding CXX object CMakeFiles/arduinobot_msgs__rosidl_typesupport_c.dir/rosidl_typesupport_c/arduinobot_msgs/srv/quaternion_to_euler__type_support.cpp.o[0m
[10.919s] [ 36%] [32mBuilding CXX object CMakeFiles/arduinobot_msgs__rosidl_typesupport_c.dir/rosidl_typesupport_c/arduinobot_msgs/action/fibonacci__type_support.cpp.o[0m
[11.224s] [ 38%] [32mBuilding C object CMakeFiles/arduinobot_msgs__rosidl_typesupport_introspection_c.dir/rosidl_typesupport_introspection_c/arduinobot_msgs/srv/detail/add_two_ints__type_support.c.o[0m
[11.244s] [ 39%] [32mBuilding CXX object CMakeFiles/arduinobot_msgs__rosidl_typesupport_fastrtps_c.dir/rosidl_typesupport_fastrtps_c/arduinobot_msgs/srv/detail/add_two_ints__type_support_c.cpp.o[0m
[11.303s] [ 41%] [32mBuilding CXX object CMakeFiles/arduinobot_msgs__rosidl_typesupport_c.dir/rosidl_typesupport_c/arduinobot_msgs/action/arduinobot_task__type_support.cpp.o[0m
[11.422s] [ 42%] [32m[1mLinking CXX shared library libarduinobot_msgs__rosidl_typesupport_c.so[0m
[11.482s] [ 44%] [32mBuilding C object CMakeFiles/arduinobot_msgs__rosidl_typesupport_introspection_c.dir/rosidl_typesupport_introspection_c/arduinobot_msgs/srv/detail/euler_to_quaternion__type_support.c.o[0m
[11.584s] [ 46%] [32mBuilding C object CMakeFiles/arduinobot_msgs__rosidl_typesupport_introspection_c.dir/rosidl_typesupport_introspection_c/arduinobot_msgs/srv/detail/quaternion_to_euler__type_support.c.o[0m
[11.686s] [ 47%] [32mBuilding C object CMakeFiles/arduinobot_msgs__rosidl_typesupport_introspection_c.dir/rosidl_typesupport_introspection_c/arduinobot_msgs/action/detail/fibonacci__type_support.c.o[0m
[11.754s] [ 49%] [32mBuilding CXX object CMakeFiles/arduinobot_msgs__rosidl_typesupport_fastrtps_c.dir/rosidl_typesupport_fastrtps_c/arduinobot_msgs/srv/detail/euler_to_quaternion__type_support_c.cpp.o[0m
[11.760s] [ 50%] [32mBuilding CXX object CMakeFiles/arduinobot_msgs__rosidl_typesupport_cpp.dir/rosidl_typesupport_cpp/arduinobot_msgs/action/fibonacci__type_support.cpp.o[0m
[11.784s] [ 50%] Built target arduinobot_msgs__rosidl_typesupport_c
[11.794s] [ 52%] [32mBuilding CXX object CMakeFiles/arduinobot_msgs__rosidl_typesupport_cpp.dir/rosidl_typesupport_cpp/arduinobot_msgs/action/arduinobot_task__type_support.cpp.o[0m
[11.795s] [ 53%] [32mBuilding CXX object CMakeFiles/arduinobot_msgs__rosidl_typesupport_introspection_cpp.dir/rosidl_typesupport_introspection_cpp/arduinobot_msgs/srv/detail/euler_to_quaternion__type_support.cpp.o[0m
[11.915s] [ 55%] [32mBuilding C object CMakeFiles/arduinobot_msgs__rosidl_typesupport_introspection_c.dir/rosidl_typesupport_introspection_c/arduinobot_msgs/action/detail/arduinobot_task__type_support.c.o[0m
[11.970s] [ 57%] [32m[1mLinking C shared library libarduinobot_msgs__rosidl_typesupport_introspection_c.so[0m
[12.101s] [ 57%] Built target arduinobot_msgs__rosidl_typesupport_introspection_c
[12.111s] [ 58%] [32mBuilding CXX object CMakeFiles/arduinobot_msgs__rosidl_typesupport_fastrtps_c.dir/rosidl_typesupport_fastrtps_c/arduinobot_msgs/srv/detail/quaternion_to_euler__type_support_c.cpp.o[0m
[12.194s] [ 60%] [32mBuilding CXX object CMakeFiles/arduinobot_msgs__rosidl_typesupport_introspection_cpp.dir/rosidl_typesupport_introspection_cpp/arduinobot_msgs/srv/detail/quaternion_to_euler__type_support.cpp.o[0m
[12.205s] [ 61%] [32mBuilding CXX object CMakeFiles/arduinobot_msgs__rosidl_typesupport_introspection_cpp.dir/rosidl_typesupport_introspection_cpp/arduinobot_msgs/action/detail/fibonacci__type_support.cpp.o[0m
[12.662s] [ 63%] [32mBuilding CXX object CMakeFiles/arduinobot_msgs__rosidl_typesupport_introspection_cpp.dir/rosidl_typesupport_introspection_cpp/arduinobot_msgs/action/detail/arduinobot_task__type_support.cpp.o[0m
[12.786s] [ 65%] [32mBuilding CXX object CMakeFiles/arduinobot_msgs__rosidl_typesupport_fastrtps_cpp.dir/rosidl_typesupport_fastrtps_cpp/arduinobot_msgs/srv/detail/dds_fastrtps/euler_to_quaternion__type_support.cpp.o[0m
[12.798s] [ 66%] [32mBuilding CXX object CMakeFiles/arduinobot_msgs__rosidl_typesupport_fastrtps_cpp.dir/rosidl_typesupport_fastrtps_cpp/arduinobot_msgs/srv/detail/dds_fastrtps/quaternion_to_euler__type_support.cpp.o[0m
[12.827s] [ 68%] [32mBuilding CXX object CMakeFiles/arduinobot_msgs__rosidl_typesupport_fastrtps_c.dir/rosidl_typesupport_fastrtps_c/arduinobot_msgs/action/detail/fibonacci__type_support_c.cpp.o[0m
[12.944s] [ 69%] [32mBuilding CXX object CMakeFiles/arduinobot_msgs__rosidl_typesupport_fastrtps_c.dir/rosidl_typesupport_fastrtps_c/arduinobot_msgs/action/detail/arduinobot_task__type_support_c.cpp.o[0m
[13.046s] [ 71%] [32mBuilding CXX object CMakeFiles/arduinobot_msgs__rosidl_typesupport_fastrtps_cpp.dir/rosidl_typesupport_fastrtps_cpp/arduinobot_msgs/action/detail/dds_fastrtps/fibonacci__type_support.cpp.o[0m
[13.054s] [ 73%] [32m[1mLinking CXX shared library libarduinobot_msgs__rosidl_typesupport_cpp.so[0m
[13.171s] [ 73%] Built target arduinobot_msgs__rosidl_typesupport_cpp
[13.189s] [ 74%] [32mBuilding CXX object CMakeFiles/arduinobot_msgs__rosidl_typesupport_fastrtps_cpp.dir/rosidl_typesupport_fastrtps_cpp/arduinobot_msgs/action/detail/dds_fastrtps/arduinobot_task__type_support.cpp.o[0m
[13.529s] [ 76%] [32m[1mLinking CXX shared library libarduinobot_msgs__rosidl_typesupport_fastrtps_c.so[0m
[13.588s] [ 77%] [32m[1mLinking CXX shared library libarduinobot_msgs__rosidl_typesupport_introspection_cpp.so[0m
[13.676s] [ 77%] Built target arduinobot_msgs__rosidl_typesupport_fastrtps_c
[13.709s] [ 77%] Built target arduinobot_msgs__rosidl_typesupport_introspection_cpp
[13.894s] [ 79%] [32m[1mLinking CXX shared library libarduinobot_msgs__rosidl_typesupport_fastrtps_cpp.so[0m
[14.005s] [ 79%] Built target arduinobot_msgs__rosidl_typesupport_fastrtps_cpp
[14.028s] [ 79%] Built target arduinobot_msgs
[14.050s] [ 80%] [34m[1mGenerating Python code for ROS interfaces[0m
[16.016s] [ 80%] Built target arduinobot_msgs__py
[16.041s] [ 82%] [32mBuilding C object CMakeFiles/arduinobot_msgs__rosidl_generator_py.dir/rosidl_generator_py/arduinobot_msgs/srv/_euler_to_quaternion_s.c.o[0m
[16.042s] [ 84%] [32mBuilding C object CMakeFiles/arduinobot_msgs__rosidl_generator_py.dir/rosidl_generator_py/arduinobot_msgs/srv/_add_two_ints_s.c.o[0m
[16.042s] [ 85%] [32mBuilding C object CMakeFiles/arduinobot_msgs__rosidl_generator_py.dir/rosidl_generator_py/arduinobot_msgs/srv/_quaternion_to_euler_s.c.o[0m
[16.043s] [ 87%] [32mBuilding C object CMakeFiles/arduinobot_msgs__rosidl_generator_py.dir/rosidl_generator_py/arduinobot_msgs/action/_fibonacci_s.c.o[0m
[16.043s] [ 88%] [32mBuilding C object CMakeFiles/arduinobot_msgs__rosidl_generator_py.dir/rosidl_generator_py/arduinobot_msgs/action/_arduinobot_task_s.c.o[0m
[16.619s] [ 90%] [32m[1mLinking C shared library rosidl_generator_py/arduinobot_msgs/libarduinobot_msgs__rosidl_generator_py.so[0m
[16.697s] [ 90%] Built target arduinobot_msgs__rosidl_generator_py
[16.721s] [ 93%] [32mBuilding C object CMakeFiles/arduinobot_msgs__rosidl_typesupport_fastrtps_c__pyext.dir/rosidl_generator_py/arduinobot_msgs/_arduinobot_msgs_s.ep.rosidl_typesupport_fastrtps_c.c.o[0m
[16.721s] [ 93%] [32mBuilding C object CMakeFiles/arduinobot_msgs__rosidl_typesupport_c__pyext.dir/rosidl_generator_py/arduinobot_msgs/_arduinobot_msgs_s.ep.rosidl_typesupport_c.c.o[0m
[16.727s] [ 95%] [32mBuilding C object CMakeFiles/arduinobot_msgs__rosidl_typesupport_introspection_c__pyext.dir/rosidl_generator_py/arduinobot_msgs/_arduinobot_msgs_s.ep.rosidl_typesupport_introspection_c.c.o[0m
[16.891s] [ 96%] [32m[1mLinking C shared library rosidl_generator_py/arduinobot_msgs/arduinobot_msgs_s__rosidl_typesupport_fastrtps_c.cpython-310-x86_64-linux-gnu.so[0m
[16.899s] [ 98%] [32m[1mLinking C shared library rosidl_generator_py/arduinobot_msgs/arduinobot_msgs_s__rosidl_typesupport_c.cpython-310-x86_64-linux-gnu.so[0m
[16.937s] [ 98%] Built target arduinobot_msgs__rosidl_typesupport_fastrtps_c__pyext
[16.948s] [ 98%] Built target arduinobot_msgs__rosidl_typesupport_c__pyext
[16.988s] [100%] [32m[1mLinking C shared library rosidl_generator_py/arduinobot_msgs/arduinobot_msgs_s__rosidl_typesupport_introspection_c.cpython-310-x86_64-linux-gnu.so[0m
[17.034s] [100%] Built target arduinobot_msgs__rosidl_typesupport_introspection_c__pyext
[17.047s] Invoked command in '/home/rashmika/arm4_ws/src/build/arduinobot_msgs' returned '0': CMAKE_PREFIX_PATH=${CMAKE_PREFIX_PATH}:/home/rashmika/arm4_ws/install/arm_control_py:/home/rashmika/arm4_ws/install/arduinobot_python:/home/rashmika/turtlebot3_ws/install/turtlebot3_teleop:/home/rashmika/turtlebot3_ws/install/turtlebot3_example:/opt/ros/humble /usr/bin/cmake --build /home/rashmika/arm4_ws/src/build/arduinobot_msgs -- -j8 -l8
[17.048s] Invoking command in '/home/rashmika/arm4_ws/src/build/arduinobot_msgs': CMAKE_PREFIX_PATH=${CMAKE_PREFIX_PATH}:/home/rashmika/arm4_ws/install/arm_control_py:/home/rashmika/arm4_ws/install/arduinobot_python:/home/rashmika/turtlebot3_ws/install/turtlebot3_teleop:/home/rashmika/turtlebot3_ws/install/turtlebot3_example:/opt/ros/humble /usr/bin/cmake --install /home/rashmika/arm4_ws/src/build/arduinobot_msgs
[17.057s] -- Install configuration: ""
[17.057s] -- Installing: /home/rashmika/arm4_ws/src/install/arduinobot_msgs/share/ament_index/resource_index/rosidl_interfaces/arduinobot_msgs
[17.058s] -- Installing: /home/rashmika/arm4_ws/src/install/arduinobot_msgs/include/arduinobot_msgs/arduinobot_msgs
[17.058s] -- Installing: /home/rashmika/arm4_ws/src/install/arduinobot_msgs/include/arduinobot_msgs/arduinobot_msgs/msg
[17.058s] -- Installing: /home/rashmika/arm4_ws/src/install/arduinobot_msgs/include/arduinobot_msgs/arduinobot_msgs/msg/rosidl_generator_c__visibility_control.h
[17.058s] -- Installing: /home/rashmika/arm4_ws/src/install/arduinobot_msgs/include/arduinobot_msgs/arduinobot_msgs/srv
[17.058s] -- Installing: /home/rashmika/arm4_ws/src/install/arduinobot_msgs/include/arduinobot_msgs/arduinobot_msgs/srv/euler_to_quaternion.h
[17.058s] -- Installing: /home/rashmika/arm4_ws/src/install/arduinobot_msgs/include/arduinobot_msgs/arduinobot_msgs/srv/add_two_ints.h
[17.058s] -- Installing: /home/rashmika/arm4_ws/src/install/arduinobot_msgs/include/arduinobot_msgs/arduinobot_msgs/srv/quaternion_to_euler.h
[17.059s] -- Installing: /home/rashmika/arm4_ws/src/install/arduinobot_msgs/include/arduinobot_msgs/arduinobot_msgs/srv/detail
[17.059s] -- Installing: /home/rashmika/arm4_ws/src/install/arduinobot_msgs/include/arduinobot_msgs/arduinobot_msgs/srv/detail/quaternion_to_euler__struct.h
[17.059s] -- Installing: /home/rashmika/arm4_ws/src/install/arduinobot_msgs/include/arduinobot_msgs/arduinobot_msgs/srv/detail/add_two_ints__type_support.h
[17.059s] -- Installing: /home/rashmika/arm4_ws/src/install/arduinobot_msgs/include/arduinobot_msgs/arduinobot_msgs/srv/detail/euler_to_quaternion__type_support.h
[17.059s] -- Installing: /home/rashmika/arm4_ws/src/install/arduinobot_msgs/include/arduinobot_msgs/arduinobot_msgs/srv/detail/euler_to_quaternion__struct.h
[17.059s] -- Installing: /home/rashmika/arm4_ws/src/install/arduinobot_msgs/include/arduinobot_msgs/arduinobot_msgs/srv/detail/add_two_ints__functions.c
[17.059s] -- Installing: /home/rashmika/arm4_ws/src/install/arduinobot_msgs/include/arduinobot_msgs/arduinobot_msgs/srv/detail/euler_to_quaternion__functions.h
[17.059s] -- Installing: /home/rashmika/arm4_ws/src/install/arduinobot_msgs/include/arduinobot_msgs/arduinobot_msgs/srv/detail/euler_to_quaternion__functions.c
[17.060s] -- Installing: /home/rashmika/arm4_ws/src/install/arduinobot_msgs/include/arduinobot_msgs/arduinobot_msgs/srv/detail/add_two_ints__struct.h
[17.060s] -- Installing: /home/rashmika/arm4_ws/src/install/arduinobot_msgs/include/arduinobot_msgs/arduinobot_msgs/srv/detail/quaternion_to_euler__functions.h
[17.060s] -- Installing: /home/rashmika/arm4_ws/src/install/arduinobot_msgs/include/arduinobot_msgs/arduinobot_msgs/srv/detail/add_two_ints__functions.h
[17.060s] -- Installing: /home/rashmika/arm4_ws/src/install/arduinobot_msgs/include/arduinobot_msgs/arduinobot_msgs/srv/detail/quaternion_to_euler__functions.c
[17.060s] -- Installing: /home/rashmika/arm4_ws/src/install/arduinobot_msgs/include/arduinobot_msgs/arduinobot_msgs/srv/detail/quaternion_to_euler__type_support.h
[17.060s] -- Installing: /home/rashmika/arm4_ws/src/install/arduinobot_msgs/include/arduinobot_msgs/arduinobot_msgs/action
[17.060s] -- Installing: /home/rashmika/arm4_ws/src/install/arduinobot_msgs/include/arduinobot_msgs/arduinobot_msgs/action/detail
[17.061s] -- Installing: /home/rashmika/arm4_ws/src/install/arduinobot_msgs/include/arduinobot_msgs/arduinobot_msgs/action/detail/arduinobot_task__struct.h
[17.061s] -- Installing: /home/rashmika/arm4_ws/src/install/arduinobot_msgs/include/arduinobot_msgs/arduinobot_msgs/action/detail/fibonacci__type_support.h
[17.061s] -- Installing: /home/rashmika/arm4_ws/src/install/arduinobot_msgs/include/arduinobot_msgs/arduinobot_msgs/action/detail/arduinobot_task__functions.h
[17.061s] -- Installing: /home/rashmika/arm4_ws/src/install/arduinobot_msgs/include/arduinobot_msgs/arduinobot_msgs/action/detail/fibonacci__struct.h
[17.061s] -- Installing: /home/rashmika/arm4_ws/src/install/arduinobot_msgs/include/arduinobot_msgs/arduinobot_msgs/action/detail/arduinobot_task__type_support.h
[17.061s] -- Installing: /home/rashmika/arm4_ws/src/install/arduinobot_msgs/include/arduinobot_msgs/arduinobot_msgs/action/detail/arduinobot_task__functions.c
[17.061s] -- Installing: /home/rashmika/arm4_ws/src/install/arduinobot_msgs/include/arduinobot_msgs/arduinobot_msgs/action/detail/fibonacci__functions.h
[17.061s] -- Installing: /home/rashmika/arm4_ws/src/install/arduinobot_msgs/include/arduinobot_msgs/arduinobot_msgs/action/detail/fibonacci__functions.c
[17.062s] -- Installing: /home/rashmika/arm4_ws/src/install/arduinobot_msgs/include/arduinobot_msgs/arduinobot_msgs/action/arduinobot_task.h
[17.062s] -- Installing: /home/rashmika/arm4_ws/src/install/arduinobot_msgs/include/arduinobot_msgs/arduinobot_msgs/action/fibonacci.h
[17.062s] -- Installing: /home/rashmika/arm4_ws/src/install/arduinobot_msgs/share/arduinobot_msgs/environment/library_path.sh
[17.062s] -- Installing: /home/rashmika/arm4_ws/src/install/arduinobot_msgs/share/arduinobot_msgs/environment/library_path.dsv
[17.062s] -- Installing: /home/rashmika/arm4_ws/src/install/arduinobot_msgs/lib/libarduinobot_msgs__rosidl_generator_c.so
[17.062s] -- Set runtime path of "/home/rashmika/arm4_ws/src/install/arduinobot_msgs/lib/libarduinobot_msgs__rosidl_generator_c.so" to ""
[17.062s] -- Up-to-date: /home/rashmika/arm4_ws/src/install/arduinobot_msgs/include/arduinobot_msgs/arduinobot_msgs
[17.062s] -- Up-to-date: /home/rashmika/arm4_ws/src/install/arduinobot_msgs/include/arduinobot_msgs/arduinobot_msgs/msg
[17.063s] -- Installing: /home/rashmika/arm4_ws/src/install/arduinobot_msgs/include/arduinobot_msgs/arduinobot_msgs/msg/rosidl_typesupport_fastrtps_c__visibility_control.h
[17.063s] -- Up-to-date: /home/rashmika/arm4_ws/src/install/arduinobot_msgs/include/arduinobot_msgs/arduinobot_msgs/srv
[17.063s] -- Up-to-date: /home/rashmika/arm4_ws/src/install/arduinobot_msgs/include/arduinobot_msgs/arduinobot_msgs/srv/detail
[17.063s] -- Installing: /home/rashmika/arm4_ws/src/install/arduinobot_msgs/include/arduinobot_msgs/arduinobot_msgs/srv/detail/euler_to_quaternion__rosidl_typesupport_fastrtps_c.h
[17.063s] -- Installing: /home/rashmika/arm4_ws/src/install/arduinobot_msgs/include/arduinobot_msgs/arduinobot_msgs/srv/detail/quaternion_to_euler__rosidl_typesupport_fastrtps_c.h
[17.063s] -- Installing: /home/rashmika/arm4_ws/src/install/arduinobot_msgs/include/arduinobot_msgs/arduinobot_msgs/srv/detail/add_two_ints__rosidl_typesupport_fastrtps_c.h
[17.063s] -- Up-to-date: /home/rashmika/arm4_ws/src/install/arduinobot_msgs/include/arduinobot_msgs/arduinobot_msgs/action
[17.063s] -- Up-to-date: /home/rashmika/arm4_ws/src/install/arduinobot_msgs/include/arduinobot_msgs/arduinobot_msgs/action/detail
[17.064s] -- Installing: /home/rashmika/arm4_ws/src/install/arduinobot_msgs/include/arduinobot_msgs/arduinobot_msgs/action/detail/fibonacci__rosidl_typesupport_fastrtps_c.h
[17.064s] -- Installing: /home/rashmika/arm4_ws/src/install/arduinobot_msgs/include/arduinobot_msgs/arduinobot_msgs/action/detail/arduinobot_task__rosidl_typesupport_fastrtps_c.h
[17.064s] -- Installing: /home/rashmika/arm4_ws/src/install/arduinobot_msgs/lib/libarduinobot_msgs__rosidl_typesupport_fastrtps_c.so
[17.064s] -- Set runtime path of "/home/rashmika/arm4_ws/src/install/arduinobot_msgs/lib/libarduinobot_msgs__rosidl_typesupport_fastrtps_c.so" to ""
[17.064s] -- Up-to-date: /home/rashmika/arm4_ws/src/install/arduinobot_msgs/include/arduinobot_msgs/arduinobot_msgs
[17.064s] -- Up-to-date: /home/rashmika/arm4_ws/src/install/arduinobot_msgs/include/arduinobot_msgs/arduinobot_msgs/msg
[17.064s] -- Installing: /home/rashmika/arm4_ws/src/install/arduinobot_msgs/include/arduinobot_msgs/arduinobot_msgs/msg/rosidl_generator_cpp__visibility_control.hpp
[17.065s] -- Up-to-date: /home/rashmika/arm4_ws/src/install/arduinobot_msgs/include/arduinobot_msgs/arduinobot_msgs/srv
[17.065s] -- Up-to-date: /home/rashmika/arm4_ws/src/install/arduinobot_msgs/include/arduinobot_msgs/arduinobot_msgs/srv/detail
[17.065s] -- Installing: /home/rashmika/arm4_ws/src/install/arduinobot_msgs/include/arduinobot_msgs/arduinobot_msgs/srv/detail/quaternion_to_euler__type_support.hpp
[17.065s] -- Installing: /home/rashmika/arm4_ws/src/install/arduinobot_msgs/include/arduinobot_msgs/arduinobot_msgs/srv/detail/add_two_ints__traits.hpp
[17.065s] -- Installing: /home/rashmika/arm4_ws/src/install/arduinobot_msgs/include/arduinobot_msgs/arduinobot_msgs/srv/detail/add_two_ints__builder.hpp
[17.065s] -- Installing: /home/rashmika/arm4_ws/src/install/arduinobot_msgs/include/arduinobot_msgs/arduinobot_msgs/srv/detail/euler_to_quaternion__traits.hpp
[17.065s] -- Installing: /home/rashmika/arm4_ws/src/install/arduinobot_msgs/include/arduinobot_msgs/arduinobot_msgs/srv/detail/quaternion_to_euler__builder.hpp
[17.065s] -- Installing: /home/rashmika/arm4_ws/src/install/arduinobot_msgs/include/arduinobot_msgs/arduinobot_msgs/srv/detail/euler_to_quaternion__builder.hpp
[17.065s] -- Installing: /home/rashmika/arm4_ws/src/install/arduinobot_msgs/include/arduinobot_msgs/arduinobot_msgs/srv/detail/add_two_ints__struct.hpp
[17.066s] -- Installing: /home/rashmika/arm4_ws/src/install/arduinobot_msgs/include/arduinobot_msgs/arduinobot_msgs/srv/detail/quaternion_to_euler__struct.hpp
[17.066s] -- Installing: /home/rashmika/arm4_ws/src/install/arduinobot_msgs/include/arduinobot_msgs/arduinobot_msgs/srv/detail/euler_to_quaternion__struct.hpp
[17.066s] -- Installing: /home/rashmika/arm4_ws/src/install/arduinobot_msgs/include/arduinobot_msgs/arduinobot_msgs/srv/detail/euler_to_quaternion__type_support.hpp
[17.066s] -- Installing: /home/rashmika/arm4_ws/src/install/arduinobot_msgs/include/arduinobot_msgs/arduinobot_msgs/srv/detail/quaternion_to_euler__traits.hpp
[17.066s] -- Installing: /home/rashmika/arm4_ws/src/install/arduinobot_msgs/include/arduinobot_msgs/arduinobot_msgs/srv/detail/add_two_ints__type_support.hpp
[17.066s] -- Installing: /home/rashmika/arm4_ws/src/install/arduinobot_msgs/include/arduinobot_msgs/arduinobot_msgs/srv/add_two_ints.hpp
[17.066s] -- Installing: /home/rashmika/arm4_ws/src/install/arduinobot_msgs/include/arduinobot_msgs/arduinobot_msgs/srv/quaternion_to_euler.hpp
[17.066s] -- Installing: /home/rashmika/arm4_ws/src/install/arduinobot_msgs/include/arduinobot_msgs/arduinobot_msgs/srv/euler_to_quaternion.hpp
[17.067s] -- Up-to-date: /home/rashmika/arm4_ws/src/install/arduinobot_msgs/include/arduinobot_msgs/arduinobot_msgs/action
[17.067s] -- Installing: /home/rashmika/arm4_ws/src/install/arduinobot_msgs/include/arduinobot_msgs/arduinobot_msgs/action/arduinobot_task.hpp
[17.067s] -- Up-to-date: /home/rashmika/arm4_ws/src/install/arduinobot_msgs/include/arduinobot_msgs/arduinobot_msgs/action/detail
[17.067s] -- Installing: /home/rashmika/arm4_ws/src/install/arduinobot_msgs/include/arduinobot_msgs/arduinobot_msgs/action/detail/fibonacci__traits.hpp
[17.067s] -- Installing: /home/rashmika/arm4_ws/src/install/arduinobot_msgs/include/arduinobot_msgs/arduinobot_msgs/action/detail/arduinobot_task__builder.hpp
[17.067s] -- Installing: /home/rashmika/arm4_ws/src/install/arduinobot_msgs/include/arduinobot_msgs/arduinobot_msgs/action/detail/fibonacci__struct.hpp
[17.067s] -- Installing: /home/rashmika/arm4_ws/src/install/arduinobot_msgs/include/arduinobot_msgs/arduinobot_msgs/action/detail/arduinobot_task__type_support.hpp
[17.068s] -- Installing: /home/rashmika/arm4_ws/src/install/arduinobot_msgs/include/arduinobot_msgs/arduinobot_msgs/action/detail/arduinobot_task__traits.hpp
[17.068s] -- Installing: /home/rashmika/arm4_ws/src/install/arduinobot_msgs/include/arduinobot_msgs/arduinobot_msgs/action/detail/arduinobot_task__struct.hpp
[17.068s] -- Installing: /home/rashmika/arm4_ws/src/install/arduinobot_msgs/include/arduinobot_msgs/arduinobot_msgs/action/detail/fibonacci__builder.hpp
[17.068s] -- Installing: /home/rashmika/arm4_ws/src/install/arduinobot_msgs/include/arduinobot_msgs/arduinobot_msgs/action/detail/fibonacci__type_support.hpp
[17.068s] -- Installing: /home/rashmika/arm4_ws/src/install/arduinobot_msgs/include/arduinobot_msgs/arduinobot_msgs/action/fibonacci.hpp
[17.068s] -- Up-to-date: /home/rashmika/arm4_ws/src/install/arduinobot_msgs/include/arduinobot_msgs/arduinobot_msgs
[17.068s] -- Up-to-date: /home/rashmika/arm4_ws/src/install/arduinobot_msgs/include/arduinobot_msgs/arduinobot_msgs/msg
[17.068s] -- Installing: /home/rashmika/arm4_ws/src/install/arduinobot_msgs/include/arduinobot_msgs/arduinobot_msgs/msg/rosidl_typesupport_fastrtps_cpp__visibility_control.h
[17.069s] -- Up-to-date: /home/rashmika/arm4_ws/src/install/arduinobot_msgs/include/arduinobot_msgs/arduinobot_msgs/srv
[17.069s] -- Up-to-date: /home/rashmika/arm4_ws/src/install/arduinobot_msgs/include/arduinobot_msgs/arduinobot_msgs/srv/detail
[17.069s] -- Installing: /home/rashmika/arm4_ws/src/install/arduinobot_msgs/include/arduinobot_msgs/arduinobot_msgs/srv/detail/add_two_ints__rosidl_typesupport_fastrtps_cpp.hpp
[17.069s] -- Installing: /home/rashmika/arm4_ws/src/install/arduinobot_msgs/include/arduinobot_msgs/arduinobot_msgs/srv/detail/quaternion_to_euler__rosidl_typesupport_fastrtps_cpp.hpp
[17.069s] -- Installing: /home/rashmika/arm4_ws/src/install/arduinobot_msgs/include/arduinobot_msgs/arduinobot_msgs/srv/detail/euler_to_quaternion__rosidl_typesupport_fastrtps_cpp.hpp
[17.069s] -- Installing: /home/rashmika/arm4_ws/src/install/arduinobot_msgs/include/arduinobot_msgs/arduinobot_msgs/srv/detail/dds_fastrtps
[17.069s] -- Up-to-date: /home/rashmika/arm4_ws/src/install/arduinobot_msgs/include/arduinobot_msgs/arduinobot_msgs/action
[17.069s] -- Up-to-date: /home/rashmika/arm4_ws/src/install/arduinobot_msgs/include/arduinobot_msgs/arduinobot_msgs/action/detail
[17.070s] -- Installing: /home/rashmika/arm4_ws/src/install/arduinobot_msgs/include/arduinobot_msgs/arduinobot_msgs/action/detail/arduinobot_task__rosidl_typesupport_fastrtps_cpp.hpp
[17.070s] -- Installing: /home/rashmika/arm4_ws/src/install/arduinobot_msgs/include/arduinobot_msgs/arduinobot_msgs/action/detail/dds_fastrtps
[17.070s] -- Installing: /home/rashmika/arm4_ws/src/install/arduinobot_msgs/include/arduinobot_msgs/arduinobot_msgs/action/detail/fibonacci__rosidl_typesupport_fastrtps_cpp.hpp
[17.070s] -- Installing: /home/rashmika/arm4_ws/src/install/arduinobot_msgs/lib/libarduinobot_msgs__rosidl_typesupport_fastrtps_cpp.so
[17.070s] -- Set runtime path of "/home/rashmika/arm4_ws/src/install/arduinobot_msgs/lib/libarduinobot_msgs__rosidl_typesupport_fastrtps_cpp.so" to ""
[17.070s] -- Up-to-date: /home/rashmika/arm4_ws/src/install/arduinobot_msgs/include/arduinobot_msgs/arduinobot_msgs
[17.070s] -- Up-to-date: /home/rashmika/arm4_ws/src/install/arduinobot_msgs/include/arduinobot_msgs/arduinobot_msgs/msg
[17.070s] -- Installing: /home/rashmika/arm4_ws/src/install/arduinobot_msgs/include/arduinobot_msgs/arduinobot_msgs/msg/rosidl_typesupport_introspection_c__visibility_control.h
[17.071s] -- Up-to-date: /home/rashmika/arm4_ws/src/install/arduinobot_msgs/include/arduinobot_msgs/arduinobot_msgs/srv
[17.071s] -- Up-to-date: /home/rashmika/arm4_ws/src/install/arduinobot_msgs/include/arduinobot_msgs/arduinobot_msgs/srv/detail
[17.071s] -- Installing: /home/rashmika/arm4_ws/src/install/arduinobot_msgs/include/arduinobot_msgs/arduinobot_msgs/srv/detail/quaternion_to_euler__type_support.c
[17.071s] -- Installing: /home/rashmika/arm4_ws/src/install/arduinobot_msgs/include/arduinobot_msgs/arduinobot_msgs/srv/detail/add_two_ints__type_support.c
[17.071s] -- Installing: /home/rashmika/arm4_ws/src/install/arduinobot_msgs/include/arduinobot_msgs/arduinobot_msgs/srv/detail/add_two_ints__rosidl_typesupport_introspection_c.h
[17.071s] -- Installing: /home/rashmika/arm4_ws/src/install/arduinobot_msgs/include/arduinobot_msgs/arduinobot_msgs/srv/detail/euler_to_quaternion__rosidl_typesupport_introspection_c.h
[17.071s] -- Installing: /home/rashmika/arm4_ws/src/install/arduinobot_msgs/include/arduinobot_msgs/arduinobot_msgs/srv/detail/euler_to_quaternion__type_support.c
[17.071s] -- Installing: /home/rashmika/arm4_ws/src/install/arduinobot_msgs/include/arduinobot_msgs/arduinobot_msgs/srv/detail/quaternion_to_euler__rosidl_typesupport_introspection_c.h
[17.071s] -- Up-to-date: /home/rashmika/arm4_ws/src/install/arduinobot_msgs/include/arduinobot_msgs/arduinobot_msgs/action
[17.072s] -- Up-to-date: /home/rashmika/arm4_ws/src/install/arduinobot_msgs/include/arduinobot_msgs/arduinobot_msgs/action/detail
[17.072s] -- Installing: /home/rashmika/arm4_ws/src/install/arduinobot_msgs/include/arduinobot_msgs/arduinobot_msgs/action/detail/fibonacci__rosidl_typesupport_introspection_c.h
[17.072s] -- Installing: /home/rashmika/arm4_ws/src/install/arduinobot_msgs/include/arduinobot_msgs/arduinobot_msgs/action/detail/arduinobot_task__type_support.c
[17.072s] -- Installing: /home/rashmika/arm4_ws/src/install/arduinobot_msgs/include/arduinobot_msgs/arduinobot_msgs/action/detail/fibonacci__type_support.c
[17.072s] -- Installing: /home/rashmika/arm4_ws/src/install/arduinobot_msgs/include/arduinobot_msgs/arduinobot_msgs/action/detail/arduinobot_task__rosidl_typesupport_introspection_c.h
[17.072s] -- Installing: /home/rashmika/arm4_ws/src/install/arduinobot_msgs/lib/libarduinobot_msgs__rosidl_typesupport_introspection_c.so
[17.072s] -- Set runtime path of "/home/rashmika/arm4_ws/src/install/arduinobot_msgs/lib/libarduinobot_msgs__rosidl_typesupport_introspection_c.so" to ""
[17.073s] -- Installing: /home/rashmika/arm4_ws/src/install/arduinobot_msgs/lib/libarduinobot_msgs__rosidl_typesupport_c.so
[17.073s] -- Set runtime path of "/home/rashmika/arm4_ws/src/install/arduinobot_msgs/lib/libarduinobot_msgs__rosidl_typesupport_c.so" to ""
[17.073s] -- Up-to-date: /home/rashmika/arm4_ws/src/install/arduinobot_msgs/include/arduinobot_msgs/arduinobot_msgs
[17.073s] -- Up-to-date: /home/rashmika/arm4_ws/src/install/arduinobot_msgs/include/arduinobot_msgs/arduinobot_msgs/srv
[17.073s] -- Up-to-date: /home/rashmika/arm4_ws/src/install/arduinobot_msgs/include/arduinobot_msgs/arduinobot_msgs/srv/detail
[17.073s] -- Installing: /home/rashmika/arm4_ws/src/install/arduinobot_msgs/include/arduinobot_msgs/arduinobot_msgs/srv/detail/quaternion_to_euler__type_support.cpp
[17.073s] -- Installing: /home/rashmika/arm4_ws/src/install/arduinobot_msgs/include/arduinobot_msgs/arduinobot_msgs/srv/detail/add_two_ints__rosidl_typesupport_introspection_cpp.hpp
[17.073s] -- Installing: /home/rashmika/arm4_ws/src/install/arduinobot_msgs/include/arduinobot_msgs/arduinobot_msgs/srv/detail/euler_to_quaternion__rosidl_typesupport_introspection_cpp.hpp
[17.073s] -- Installing: /home/rashmika/arm4_ws/src/install/arduinobot_msgs/include/arduinobot_msgs/arduinobot_msgs/srv/detail/euler_to_quaternion__type_support.cpp
[17.074s] -- Installing: /home/rashmika/arm4_ws/src/install/arduinobot_msgs/include/arduinobot_msgs/arduinobot_msgs/srv/detail/add_two_ints__type_support.cpp
[17.074s] -- Installing: /home/rashmika/arm4_ws/src/install/arduinobot_msgs/include/arduinobot_msgs/arduinobot_msgs/srv/detail/quaternion_to_euler__rosidl_typesupport_introspection_cpp.hpp
[17.074s] -- Up-to-date: /home/rashmika/arm4_ws/src/install/arduinobot_msgs/include/arduinobot_msgs/arduinobot_msgs/action
[17.074s] -- Up-to-date: /home/rashmika/arm4_ws/src/install/arduinobot_msgs/include/arduinobot_msgs/arduinobot_msgs/action/detail
[17.074s] -- Installing: /home/rashmika/arm4_ws/src/install/arduinobot_msgs/include/arduinobot_msgs/arduinobot_msgs/action/detail/fibonacci__rosidl_typesupport_introspection_cpp.hpp
[17.074s] -- Installing: /home/rashmika/arm4_ws/src/install/arduinobot_msgs/include/arduinobot_msgs/arduinobot_msgs/action/detail/arduinobot_task__type_support.cpp
[17.074s] -- Installing: /home/rashmika/arm4_ws/src/install/arduinobot_msgs/include/arduinobot_msgs/arduinobot_msgs/action/detail/arduinobot_task__rosidl_typesupport_introspection_cpp.hpp
[17.074s] -- Installing: /home/rashmika/arm4_ws/src/install/arduinobot_msgs/include/arduinobot_msgs/arduinobot_msgs/action/detail/fibonacci__type_support.cpp
[17.075s] -- Installing: /home/rashmika/arm4_ws/src/install/arduinobot_msgs/lib/libarduinobot_msgs__rosidl_typesupport_introspection_cpp.so
[17.075s] -- Set runtime path of "/home/rashmika/arm4_ws/src/install/arduinobot_msgs/lib/libarduinobot_msgs__rosidl_typesupport_introspection_cpp.so" to ""
[17.075s] -- Installing: /home/rashmika/arm4_ws/src/install/arduinobot_msgs/lib/libarduinobot_msgs__rosidl_typesupport_cpp.so
[17.075s] -- Set runtime path of "/home/rashmika/arm4_ws/src/install/arduinobot_msgs/lib/libarduinobot_msgs__rosidl_typesupport_cpp.so" to ""
[17.075s] -- Installing: /home/rashmika/arm4_ws/src/install/arduinobot_msgs/share/arduinobot_msgs/environment/pythonpath.sh
[17.075s] -- Installing: /home/rashmika/arm4_ws/src/install/arduinobot_msgs/share/arduinobot_msgs/environment/pythonpath.dsv
[17.075s] -- Installing: /home/rashmika/arm4_ws/src/install/arduinobot_msgs/local/lib/python3.10/dist-packages/arduinobot_msgs-0.0.0-py3.10.egg-info
[17.075s] -- Installing: /home/rashmika/arm4_ws/src/install/arduinobot_msgs/local/lib/python3.10/dist-packages/arduinobot_msgs-0.0.0-py3.10.egg-info/top_level.txt
[17.076s] -- Installing: /home/rashmika/arm4_ws/src/install/arduinobot_msgs/local/lib/python3.10/dist-packages/arduinobot_msgs-0.0.0-py3.10.egg-info/PKG-INFO
[17.076s] -- Installing: /home/rashmika/arm4_ws/src/install/arduinobot_msgs/local/lib/python3.10/dist-packages/arduinobot_msgs-0.0.0-py3.10.egg-info/SOURCES.txt
[17.076s] -- Installing: /home/rashmika/arm4_ws/src/install/arduinobot_msgs/local/lib/python3.10/dist-packages/arduinobot_msgs-0.0.0-py3.10.egg-info/dependency_links.txt
[17.076s] -- Installing: /home/rashmika/arm4_ws/src/install/arduinobot_msgs/local/lib/python3.10/dist-packages/arduinobot_msgs
[17.076s] -- Installing: /home/rashmika/arm4_ws/src/install/arduinobot_msgs/local/lib/python3.10/dist-packages/arduinobot_msgs/arduinobot_msgs_s__rosidl_typesupport_fastrtps_c.cpython-310-x86_64-linux-gnu.so
[17.076s] -- Installing: /home/rashmika/arm4_ws/src/install/arduinobot_msgs/local/lib/python3.10/dist-packages/arduinobot_msgs/srv
[17.076s] -- Installing: /home/rashmika/arm4_ws/src/install/arduinobot_msgs/local/lib/python3.10/dist-packages/arduinobot_msgs/srv/_add_two_ints.py
[17.076s] -- Installing: /home/rashmika/arm4_ws/src/install/arduinobot_msgs/local/lib/python3.10/dist-packages/arduinobot_msgs/srv/__init__.py
[17.077s] -- Installing: /home/rashmika/arm4_ws/src/install/arduinobot_msgs/local/lib/python3.10/dist-packages/arduinobot_msgs/srv/_quaternion_to_euler.py
[17.077s] -- Installing: /home/rashmika/arm4_ws/src/install/arduinobot_msgs/local/lib/python3.10/dist-packages/arduinobot_msgs/srv/_add_two_ints_s.c
[17.077s] -- Installing: /home/rashmika/arm4_ws/src/install/arduinobot_msgs/local/lib/python3.10/dist-packages/arduinobot_msgs/srv/_euler_to_quaternion.py
[17.077s] -- Installing: /home/rashmika/arm4_ws/src/install/arduinobot_msgs/local/lib/python3.10/dist-packages/arduinobot_msgs/srv/_quaternion_to_euler_s.c
[17.077s] -- Installing: /home/rashmika/arm4_ws/src/install/arduinobot_msgs/local/lib/python3.10/dist-packages/arduinobot_msgs/srv/_euler_to_quaternion_s.c
[17.077s] -- Installing: /home/rashmika/arm4_ws/src/install/arduinobot_msgs/local/lib/python3.10/dist-packages/arduinobot_msgs/_arduinobot_msgs_s.ep.rosidl_typesupport_fastrtps_c.c
[17.077s] -- Installing: /home/rashmika/arm4_ws/src/install/arduinobot_msgs/local/lib/python3.10/dist-packages/arduinobot_msgs/arduinobot_msgs_s__rosidl_typesupport_introspection_c.cpython-310-x86_64-linux-gnu.so
[17.077s] -- Installing: /home/rashmika/arm4_ws/src/install/arduinobot_msgs/local/lib/python3.10/dist-packages/arduinobot_msgs/_arduinobot_msgs_s.ep.rosidl_typesupport_c.c
[17.078s] -- Installing: /home/rashmika/arm4_ws/src/install/arduinobot_msgs/local/lib/python3.10/dist-packages/arduinobot_msgs/__init__.py
[17.078s] -- Installing: /home/rashmika/arm4_ws/src/install/arduinobot_msgs/local/lib/python3.10/dist-packages/arduinobot_msgs/arduinobot_msgs_s__rosidl_typesupport_c.cpython-310-x86_64-linux-gnu.so
[17.078s] -- Installing: /home/rashmika/arm4_ws/src/install/arduinobot_msgs/local/lib/python3.10/dist-packages/arduinobot_msgs/action
[17.078s] -- Installing: /home/rashmika/arm4_ws/src/install/arduinobot_msgs/local/lib/python3.10/dist-packages/arduinobot_msgs/action/_arduinobot_task_s.c
[17.078s] -- Installing: /home/rashmika/arm4_ws/src/install/arduinobot_msgs/local/lib/python3.10/dist-packages/arduinobot_msgs/action/_fibonacci_s.c
[17.078s] -- Installing: /home/rashmika/arm4_ws/src/install/arduinobot_msgs/local/lib/python3.10/dist-packages/arduinobot_msgs/action/_arduinobot_task.py
[17.078s] -- Installing: /home/rashmika/arm4_ws/src/install/arduinobot_msgs/local/lib/python3.10/dist-packages/arduinobot_msgs/action/__init__.py
[17.078s] -- Installing: /home/rashmika/arm4_ws/src/install/arduinobot_msgs/local/lib/python3.10/dist-packages/arduinobot_msgs/action/_fibonacci.py
[17.079s] -- Installing: /home/rashmika/arm4_ws/src/install/arduinobot_msgs/local/lib/python3.10/dist-packages/arduinobot_msgs/libarduinobot_msgs__rosidl_generator_py.so
[17.079s] -- Installing: /home/rashmika/arm4_ws/src/install/arduinobot_msgs/local/lib/python3.10/dist-packages/arduinobot_msgs/_arduinobot_msgs_s.ep.rosidl_typesupport_introspection_c.c
[17.133s] Listing '/home/rashmika/arm4_ws/src/install/arduinobot_msgs/local/lib/python3.10/dist-packages/arduinobot_msgs'...
[17.134s] Compiling '/home/rashmika/arm4_ws/src/install/arduinobot_msgs/local/lib/python3.10/dist-packages/arduinobot_msgs/__init__.py'...
[17.134s] Listing '/home/rashmika/arm4_ws/src/install/arduinobot_msgs/local/lib/python3.10/dist-packages/arduinobot_msgs/action'...
[17.134s] Compiling '/home/rashmika/arm4_ws/src/install/arduinobot_msgs/local/lib/python3.10/dist-packages/arduinobot_msgs/action/__init__.py'...
[17.134s] Compiling '/home/rashmika/arm4_ws/src/install/arduinobot_msgs/local/lib/python3.10/dist-packages/arduinobot_msgs/action/_arduinobot_task.py'...
[17.134s] Compiling '/home/rashmika/arm4_ws/src/install/arduinobot_msgs/local/lib/python3.10/dist-packages/arduinobot_msgs/action/_fibonacci.py'...
[17.134s] Listing '/home/rashmika/arm4_ws/src/install/arduinobot_msgs/local/lib/python3.10/dist-packages/arduinobot_msgs/srv'...
[17.134s] Compiling '/home/rashmika/arm4_ws/src/install/arduinobot_msgs/local/lib/python3.10/dist-packages/arduinobot_msgs/srv/__init__.py'...
[17.134s] Compiling '/home/rashmika/arm4_ws/src/install/arduinobot_msgs/local/lib/python3.10/dist-packages/arduinobot_msgs/srv/_add_two_ints.py'...
[17.134s] Compiling '/home/rashmika/arm4_ws/src/install/arduinobot_msgs/local/lib/python3.10/dist-packages/arduinobot_msgs/srv/_euler_to_quaternion.py'...
[17.135s] Compiling '/home/rashmika/arm4_ws/src/install/arduinobot_msgs/local/lib/python3.10/dist-packages/arduinobot_msgs/srv/_quaternion_to_euler.py'...
[17.139s] -- Installing: /home/rashmika/arm4_ws/src/install/arduinobot_msgs/local/lib/python3.10/dist-packages/arduinobot_msgs/arduinobot_msgs_s__rosidl_typesupport_fastrtps_c.cpython-310-x86_64-linux-gnu.so
[17.139s] -- Set runtime path of "/home/rashmika/arm4_ws/src/install/arduinobot_msgs/local/lib/python3.10/dist-packages/arduinobot_msgs/arduinobot_msgs_s__rosidl_typesupport_fastrtps_c.cpython-310-x86_64-linux-gnu.so" to ""
[17.139s] -- Installing: /home/rashmika/arm4_ws/src/install/arduinobot_msgs/local/lib/python3.10/dist-packages/arduinobot_msgs/arduinobot_msgs_s__rosidl_typesupport_introspection_c.cpython-310-x86_64-linux-gnu.so
[17.140s] -- Set runtime path of "/home/rashmika/arm4_ws/src/install/arduinobot_msgs/local/lib/python3.10/dist-packages/arduinobot_msgs/arduinobot_msgs_s__rosidl_typesupport_introspection_c.cpython-310-x86_64-linux-gnu.so" to ""
[17.140s] -- Installing: /home/rashmika/arm4_ws/src/install/arduinobot_msgs/local/lib/python3.10/dist-packages/arduinobot_msgs/arduinobot_msgs_s__rosidl_typesupport_c.cpython-310-x86_64-linux-gnu.so
[17.140s] -- Set runtime path of "/home/rashmika/arm4_ws/src/install/arduinobot_msgs/local/lib/python3.10/dist-packages/arduinobot_msgs/arduinobot_msgs_s__rosidl_typesupport_c.cpython-310-x86_64-linux-gnu.so" to ""
[17.140s] -- Installing: /home/rashmika/arm4_ws/src/install/arduinobot_msgs/lib/libarduinobot_msgs__rosidl_generator_py.so
[17.141s] -- Set runtime path of "/home/rashmika/arm4_ws/src/install/arduinobot_msgs/lib/libarduinobot_msgs__rosidl_generator_py.so" to ""
[17.141s] -- Installing: /home/rashmika/arm4_ws/src/install/arduinobot_msgs/share/arduinobot_msgs/srv/AddTwoInts.idl
[17.141s] -- Installing: /home/rashmika/arm4_ws/src/install/arduinobot_msgs/share/arduinobot_msgs/srv/EulerToQuaternion.idl
[17.141s] -- Installing: /home/rashmika/arm4_ws/src/install/arduinobot_msgs/share/arduinobot_msgs/srv/QuaternionToEuler.idl
[17.141s] -- Installing: /home/rashmika/arm4_ws/src/install/arduinobot_msgs/share/arduinobot_msgs/action/Fibonacci.idl
[17.142s] -- Installing: /home/rashmika/arm4_ws/src/install/arduinobot_msgs/share/arduinobot_msgs/action/ArduinobotTask.idl
[17.142s] -- Installing: /home/rashmika/arm4_ws/src/install/arduinobot_msgs/share/arduinobot_msgs/srv/AddTwoInts.srv
[17.142s] -- Installing: /home/rashmika/arm4_ws/src/install/arduinobot_msgs/share/arduinobot_msgs/srv/AddTwoInts_Request.msg
[17.142s] -- Installing: /home/rashmika/arm4_ws/src/install/arduinobot_msgs/share/arduinobot_msgs/srv/AddTwoInts_Response.msg
[17.142s] -- Installing: /home/rashmika/arm4_ws/src/install/arduinobot_msgs/share/arduinobot_msgs/srv/EulerToQuaternion.srv
[17.142s] -- Installing: /home/rashmika/arm4_ws/src/install/arduinobot_msgs/share/arduinobot_msgs/srv/EulerToQuaternion_Request.msg
[17.142s] -- Installing: /home/rashmika/arm4_ws/src/install/arduinobot_msgs/share/arduinobot_msgs/srv/EulerToQuaternion_Response.msg
[17.142s] -- Installing: /home/rashmika/arm4_ws/src/install/arduinobot_msgs/share/arduinobot_msgs/srv/QuaternionToEuler.srv
[17.143s] -- Installing: /home/rashmika/arm4_ws/src/install/arduinobot_msgs/share/arduinobot_msgs/srv/QuaternionToEuler_Request.msg
[17.143s] -- Installing: /home/rashmika/arm4_ws/src/install/arduinobot_msgs/share/arduinobot_msgs/srv/QuaternionToEuler_Response.msg
[17.143s] -- Installing: /home/rashmika/arm4_ws/src/install/arduinobot_msgs/share/arduinobot_msgs/action/Fibonacci.action
[17.143s] -- Installing: /home/rashmika/arm4_ws/src/install/arduinobot_msgs/share/arduinobot_msgs/action/ArduinobotTask.action
[17.143s] -- Installing: /home/rashmika/arm4_ws/src/install/arduinobot_msgs/share/ament_index/resource_index/package_run_dependencies/arduinobot_msgs
[17.143s] -- Installing: /home/rashmika/arm4_ws/src/install/arduinobot_msgs/share/ament_index/resource_index/parent_prefix_path/arduinobot_msgs
[17.143s] -- Installing: /home/rashmika/arm4_ws/src/install/arduinobot_msgs/share/arduinobot_msgs/environment/ament_prefix_path.sh
[17.144s] -- Installing: /home/rashmika/arm4_ws/src/install/arduinobot_msgs/share/arduinobot_msgs/environment/ament_prefix_path.dsv
[17.144s] -- Installing: /home/rashmika/arm4_ws/src/install/arduinobot_msgs/share/arduinobot_msgs/environment/path.sh
[17.144s] -- Installing: /home/rashmika/arm4_ws/src/install/arduinobot_msgs/share/arduinobot_msgs/environment/path.dsv
[17.144s] -- Installing: /home/rashmika/arm4_ws/src/install/arduinobot_msgs/share/arduinobot_msgs/local_setup.bash
[17.144s] -- Installing: /home/rashmika/arm4_ws/src/install/arduinobot_msgs/share/arduinobot_msgs/local_setup.sh
[17.144s] -- Installing: /home/rashmika/arm4_ws/src/install/arduinobot_msgs/share/arduinobot_msgs/local_setup.zsh
[17.144s] -- Installing: /home/rashmika/arm4_ws/src/install/arduinobot_msgs/share/arduinobot_msgs/local_setup.dsv
[17.145s] -- Installing: /home/rashmika/arm4_ws/src/install/arduinobot_msgs/share/arduinobot_msgs/package.dsv
[17.145s] -- Installing: /home/rashmika/arm4_ws/src/install/arduinobot_msgs/share/ament_index/resource_index/packages/arduinobot_msgs
[17.145s] -- Installing: /home/rashmika/arm4_ws/src/install/arduinobot_msgs/share/arduinobot_msgs/cmake/export_arduinobot_msgs__rosidl_generator_cExport.cmake
[17.145s] -- Installing: /home/rashmika/arm4_ws/src/install/arduinobot_msgs/share/arduinobot_msgs/cmake/export_arduinobot_msgs__rosidl_generator_cExport-noconfig.cmake
[17.145s] -- Installing: /home/rashmika/arm4_ws/src/install/arduinobot_msgs/share/arduinobot_msgs/cmake/export_arduinobot_msgs__rosidl_typesupport_fastrtps_cExport.cmake
[17.145s] -- Installing: /home/rashmika/arm4_ws/src/install/arduinobot_msgs/share/arduinobot_msgs/cmake/export_arduinobot_msgs__rosidl_typesupport_fastrtps_cExport-noconfig.cmake
[17.145s] -- Installing: /home/rashmika/arm4_ws/src/install/arduinobot_msgs/share/arduinobot_msgs/cmake/export_arduinobot_msgs__rosidl_generator_cppExport.cmake
[17.146s] -- Installing: /home/rashmika/arm4_ws/src/install/arduinobot_msgs/share/arduinobot_msgs/cmake/export_arduinobot_msgs__rosidl_typesupport_fastrtps_cppExport.cmake
[17.146s] -- Installing: /home/rashmika/arm4_ws/src/install/arduinobot_msgs/share/arduinobot_msgs/cmake/export_arduinobot_msgs__rosidl_typesupport_fastrtps_cppExport-noconfig.cmake
[17.146s] -- Installing: /home/rashmika/arm4_ws/src/install/arduinobot_msgs/share/arduinobot_msgs/cmake/arduinobot_msgs__rosidl_typesupport_introspection_cExport.cmake
[17.146s] -- Installing: /home/rashmika/arm4_ws/src/install/arduinobot_msgs/share/arduinobot_msgs/cmake/arduinobot_msgs__rosidl_typesupport_introspection_cExport-noconfig.cmake
[17.146s] -- Installing: /home/rashmika/arm4_ws/src/install/arduinobot_msgs/share/arduinobot_msgs/cmake/arduinobot_msgs__rosidl_typesupport_cExport.cmake
[17.146s] -- Installing: /home/rashmika/arm4_ws/src/install/arduinobot_msgs/share/arduinobot_msgs/cmake/arduinobot_msgs__rosidl_typesupport_cExport-noconfig.cmake
[17.146s] -- Installing: /home/rashmika/arm4_ws/src/install/arduinobot_msgs/share/arduinobot_msgs/cmake/arduinobot_msgs__rosidl_typesupport_introspection_cppExport.cmake
[17.147s] -- Installing: /home/rashmika/arm4_ws/src/install/arduinobot_msgs/share/arduinobot_msgs/cmake/arduinobot_msgs__rosidl_typesupport_introspection_cppExport-noconfig.cmake
[17.147s] -- Installing: /home/rashmika/arm4_ws/src/install/arduinobot_msgs/share/arduinobot_msgs/cmake/arduinobot_msgs__rosidl_typesupport_cppExport.cmake
[17.147s] -- Installing: /home/rashmika/arm4_ws/src/install/arduinobot_msgs/share/arduinobot_msgs/cmake/arduinobot_msgs__rosidl_typesupport_cppExport-noconfig.cmake
[17.147s] -- Installing: /home/rashmika/arm4_ws/src/install/arduinobot_msgs/share/arduinobot_msgs/cmake/export_arduinobot_msgs__rosidl_generator_pyExport.cmake
[17.147s] -- Installing: /home/rashmika/arm4_ws/src/install/arduinobot_msgs/share/arduinobot_msgs/cmake/export_arduinobot_msgs__rosidl_generator_pyExport-noconfig.cmake
[17.147s] -- Installing: /home/rashmika/arm4_ws/src/install/arduinobot_msgs/share/arduinobot_msgs/cmake/rosidl_cmake-extras.cmake
[17.148s] -- Installing: /home/rashmika/arm4_ws/src/install/arduinobot_msgs/share/arduinobot_msgs/cmake/ament_cmake_export_dependencies-extras.cmake
[17.148s] -- Installing: /home/rashmika/arm4_ws/src/install/arduinobot_msgs/share/arduinobot_msgs/cmake/ament_cmake_export_include_directories-extras.cmake
[17.148s] -- Installing: /home/rashmika/arm4_ws/src/install/arduinobot_msgs/share/arduinobot_msgs/cmake/ament_cmake_export_libraries-extras.cmake
[17.148s] -- Installing: /home/rashmika/arm4_ws/src/install/arduinobot_msgs/share/arduinobot_msgs/cmake/ament_cmake_export_targets-extras.cmake
[17.148s] -- Installing: /home/rashmika/arm4_ws/src/install/arduinobot_msgs/share/arduinobot_msgs/cmake/rosidl_cmake_export_typesupport_targets-extras.cmake
[17.148s] -- Installing: /home/rashmika/arm4_ws/src/install/arduinobot_msgs/share/arduinobot_msgs/cmake/rosidl_cmake_export_typesupport_libraries-extras.cmake
[17.149s] -- Installing: /home/rashmika/arm4_ws/src/install/arduinobot_msgs/share/arduinobot_msgs/cmake/arduinobot_msgsConfig.cmake
[17.149s] -- Installing: /home/rashmika/arm4_ws/src/install/arduinobot_msgs/share/arduinobot_msgs/cmake/arduinobot_msgsConfig-version.cmake
[17.149s] -- Installing: /home/rashmika/arm4_ws/src/install/arduinobot_msgs/share/arduinobot_msgs/package.xml
[17.152s] Invoked command in '/home/rashmika/arm4_ws/src/build/arduinobot_msgs' returned '0': CMAKE_PREFIX_PATH=${CMAKE_PREFIX_PATH}:/home/rashmika/arm4_ws/install/arm_control_py:/home/rashmika/arm4_ws/install/arduinobot_python:/home/rashmika/turtlebot3_ws/install/turtlebot3_teleop:/home/rashmika/turtlebot3_ws/install/turtlebot3_example:/opt/ros/humble /usr/bin/cmake --install /home/rashmika/arm4_ws/src/build/arduinobot_msgs
