running egg_info
creating ../build/arduinobot_python/arduinobot_python.egg-info
writing ../build/arduinobot_python/arduinobot_python.egg-info/PKG-INFO
writing dependency_links to ../build/arduinobot_python/arduinobot_python.egg-info/dependency_links.txt
writing entry points to ../build/arduinobot_python/arduinobot_python.egg-info/entry_points.txt
writing requirements to ../build/arduinobot_python/arduinobot_python.egg-info/requires.txt
writing top-level names to ../build/arduinobot_python/arduinobot_python.egg-info/top_level.txt
writing manifest file '../build/arduinobot_python/arduinobot_python.egg-info/SOURCES.txt'
reading manifest file '../build/arduinobot_python/arduinobot_python.egg-info/SOURCES.txt'
writing manifest file '../build/arduinobot_python/arduinobot_python.egg-info/SOURCES.txt'
running build
running build_py
creating /home/rashmika/arm4_ws/src/build/arduinobot_python/build
creating /home/rashmika/arm4_ws/src/build/arduinobot_python/build/lib
creating /home/rashmika/arm4_ws/src/build/arduinobot_python/build/lib/arduinobot_python
copying arduinobot_python/__init__.py -> /home/rashmika/arm4_ws/src/build/arduinobot_python/build/lib/arduinobot_python
copying arduinobot_python/go_to_xyz.py -> /home/rashmika/arm4_ws/src/build/arduinobot_python/build/lib/arduinobot_python
running install
running install_lib
creating /home/rashmika/arm4_ws/src/install/arduinobot_python/lib/python3.10/site-packages/arduinobot_python
copying /home/rashmika/arm4_ws/src/build/arduinobot_python/build/lib/arduinobot_python/__init__.py -> /home/rashmika/arm4_ws/src/install/arduinobot_python/lib/python3.10/site-packages/arduinobot_python
copying /home/rashmika/arm4_ws/src/build/arduinobot_python/build/lib/arduinobot_python/go_to_xyz.py -> /home/rashmika/arm4_ws/src/install/arduinobot_python/lib/python3.10/site-packages/arduinobot_python
byte-compiling /home/rashmika/arm4_ws/src/install/arduinobot_python/lib/python3.10/site-packages/arduinobot_python/__init__.py to __init__.cpython-310.pyc
byte-compiling /home/rashmika/arm4_ws/src/install/arduinobot_python/lib/python3.10/site-packages/arduinobot_python/go_to_xyz.py to go_to_xyz.cpython-310.pyc
running install_data
creating /home/rashmika/arm4_ws/src/install/arduinobot_python/share/ament_index
creating /home/rashmika/arm4_ws/src/install/arduinobot_python/share/ament_index/resource_index
creating /home/rashmika/arm4_ws/src/install/arduinobot_python/share/ament_index/resource_index/packages
copying resource/arduinobot_python -> /home/rashmika/arm4_ws/src/install/arduinobot_python/share/ament_index/resource_index/packages
copying package.xml -> /home/rashmika/arm4_ws/src/install/arduinobot_python/share/arduinobot_python
running install_egg_info
Copying ../build/arduinobot_python/arduinobot_python.egg-info to /home/rashmika/arm4_ws/src/install/arduinobot_python/lib/python3.10/site-packages/arduinobot_python-0.0.0-py3.10.egg-info
running install_scripts
Installing go_to_xyz script to /home/rashmika/arm4_ws/src/install/arduinobot_python/lib/arduinobot_python
writing list of installed files to '/home/rashmika/arm4_ws/src/build/arduinobot_python/install.log'
