[0.145s] Invoking command in '/home/rashmika/arm4_ws/src/build/arduinobot_bringup': CMAKE_PREFIX_PATH=${CMAKE_PREFIX_PATH}:/home/rashmika/arm4_ws/src/install/arm_control_py:/home/rashmika/arm4_ws/src/install/arduinobot_python:/home/rashmika/arm4_ws/install/arm_control_py:/home/rashmika/arm4_ws/install/arduinobot_python:/home/rashmika/turtlebot3_ws/install/turtlebot3_teleop:/home/rashmika/turtlebot3_ws/install/turtlebot3_example:/opt/ros/humble /usr/bin/cmake --build /home/rashmika/arm4_ws/src/build/arduinobot_bringup -- -j8 -l8
[0.955s] Invoked command in '/home/rashmika/arm4_ws/src/build/arduinobot_bringup' returned '0': CMAKE_PREFIX_PATH=${CMAKE_PREFIX_PATH}:/home/rashmika/arm4_ws/src/install/arm_control_py:/home/rashmika/arm4_ws/src/install/arduinobot_python:/home/rashmika/arm4_ws/install/arm_control_py:/home/rashmika/arm4_ws/install/arduinobot_python:/home/rashmika/turtlebot3_ws/install/turtlebot3_teleop:/home/rashmika/turtlebot3_ws/install/turtlebot3_example:/opt/ros/humble /usr/bin/cmake --build /home/rashmika/arm4_ws/src/build/arduinobot_bringup -- -j8 -l8
[1.140s] Invoking command in '/home/rashmika/arm4_ws/src/build/arduinobot_bringup': CMAKE_PREFIX_PATH=${CMAKE_PREFIX_PATH}:/home/rashmika/arm4_ws/src/install/arm_control_py:/home/rashmika/arm4_ws/src/install/arduinobot_python:/home/rashmika/arm4_ws/install/arm_control_py:/home/rashmika/arm4_ws/install/arduinobot_python:/home/rashmika/turtlebot3_ws/install/turtlebot3_teleop:/home/rashmika/turtlebot3_ws/install/turtlebot3_example:/opt/ros/humble /usr/bin/cmake --install /home/rashmika/arm4_ws/src/build/arduinobot_bringup
[1.870s] -- Install configuration: ""
[1.870s] -- Up-to-date: /home/rashmika/arm4_ws/src/install/arduinobot_bringup/share/arduinobot_bringup/launch
[1.870s] -- Up-to-date: /home/rashmika/arm4_ws/src/install/arduinobot_bringup/share/arduinobot_bringup/launch/real_robot.launch.py
[1.871s] -- Up-to-date: /home/rashmika/arm4_ws/src/install/arduinobot_bringup/share/arduinobot_bringup/launch/simulated_robot.launch.py
[1.871s] -- Up-to-date: /home/rashmika/arm4_ws/src/install/arduinobot_bringup/share/ament_index/resource_index/package_run_dependencies/arduinobot_bringup
[1.871s] -- Up-to-date: /home/rashmika/arm4_ws/src/install/arduinobot_bringup/share/ament_index/resource_index/parent_prefix_path/arduinobot_bringup
[1.871s] -- Up-to-date: /home/rashmika/arm4_ws/src/install/arduinobot_bringup/share/arduinobot_bringup/environment/ament_prefix_path.sh
[1.871s] -- Up-to-date: /home/rashmika/arm4_ws/src/install/arduinobot_bringup/share/arduinobot_bringup/environment/ament_prefix_path.dsv
[1.871s] -- Up-to-date: /home/rashmika/arm4_ws/src/install/arduinobot_bringup/share/arduinobot_bringup/environment/path.sh
[1.871s] -- Up-to-date: /home/rashmika/arm4_ws/src/install/arduinobot_bringup/share/arduinobot_bringup/environment/path.dsv
[1.871s] -- Up-to-date: /home/rashmika/arm4_ws/src/install/arduinobot_bringup/share/arduinobot_bringup/local_setup.bash
[1.871s] -- Up-to-date: /home/rashmika/arm4_ws/src/install/arduinobot_bringup/share/arduinobot_bringup/local_setup.sh
[1.872s] -- Up-to-date: /home/rashmika/arm4_ws/src/install/arduinobot_bringup/share/arduinobot_bringup/local_setup.zsh
[1.872s] -- Up-to-date: /home/rashmika/arm4_ws/src/install/arduinobot_bringup/share/arduinobot_bringup/local_setup.dsv
[1.872s] -- Installing: /home/rashmika/arm4_ws/src/install/arduinobot_bringup/share/arduinobot_bringup/package.dsv
[1.872s] -- Up-to-date: /home/rashmika/arm4_ws/src/install/arduinobot_bringup/share/ament_index/resource_index/packages/arduinobot_bringup
[1.872s] -- Up-to-date: /home/rashmika/arm4_ws/src/install/arduinobot_bringup/share/arduinobot_bringup/cmake/arduinobot_bringupConfig.cmake
[1.872s] -- Up-to-date: /home/rashmika/arm4_ws/src/install/arduinobot_bringup/share/arduinobot_bringup/cmake/arduinobot_bringupConfig-version.cmake
[1.872s] -- Up-to-date: /home/rashmika/arm4_ws/src/install/arduinobot_bringup/share/arduinobot_bringup/package.xml
[2.032s] Invoked command in '/home/rashmika/arm4_ws/src/build/arduinobot_bringup' returned '0': CMAKE_PREFIX_PATH=${CMAKE_PREFIX_PATH}:/home/rashmika/arm4_ws/src/install/arm_control_py:/home/rashmika/arm4_ws/src/install/arduinobot_python:/home/rashmika/arm4_ws/install/arm_control_py:/home/rashmika/arm4_ws/install/arduinobot_python:/home/rashmika/turtlebot3_ws/install/turtlebot3_teleop:/home/rashmika/turtlebot3_ws/install/turtlebot3_example:/opt/ros/humble /usr/bin/cmake --install /home/rashmika/arm4_ws/src/build/arduinobot_bringup
