running egg_info
writing ../build/arm_control_py/arm_control_py.egg-info/PKG-INFO
writing dependency_links to ../build/arm_control_py/arm_control_py.egg-info/dependency_links.txt
writing entry points to ../build/arm_control_py/arm_control_py.egg-info/entry_points.txt
writing requirements to ../build/arm_control_py/arm_control_py.egg-info/requires.txt
writing top-level names to ../build/arm_control_py/arm_control_py.egg-info/top_level.txt
reading manifest file '../build/arm_control_py/arm_control_py.egg-info/SOURCES.txt'
writing manifest file '../build/arm_control_py/arm_control_py.egg-info/SOURCES.txt'
running build
running build_py
running install
running install_lib
running install_data
running install_egg_info
removing '/home/rashmika/arm4_ws/src/install/arm_control_py/lib/python3.10/site-packages/arm_control_py-0.0.0-py3.10.egg-info' (and everything under it)
Copying ../build/arm_control_py/arm_control_py.egg-info to /home/rashmika/arm4_ws/src/install/arm_control_py/lib/python3.10/site-packages/arm_control_py-0.0.0-py3.10.egg-info
running install_scripts
Installing move_to_xyz script to /home/rashmika/arm4_ws/src/install/arm_control_py/lib/arm_control_py
Installing send_joint_trajectory script to /home/rashmika/arm4_ws/src/install/arm_control_py/lib/arm_control_py
writing list of installed files to '/home/rashmika/arm4_ws/src/build/arm_control_py/install.log'
