[1.082s] Invoking command in '/home/rashmika/arm4_ws/src/arduinobot_python': PYTHONPATH=/home/rashmika/arm4_ws/src/build/arduinobot_python/prefix_override:/usr/lib/python3/dist-packages/colcon_core/task/python/colcon_distutils_commands:/home/rashmika/arm4_ws/src/install/arduinobot_python/lib/python3.10/site-packages:${PYTHONPATH} /usr/bin/python3 -W ignore:setup.py install is deprecated -W ignore:easy_install command is deprecated setup.py egg_info --egg-base ../build/arduinobot_python build --build-base /home/rashmika/arm4_ws/src/build/arduinobot_python/build install --record /home/rashmika/arm4_ws/src/build/arduinobot_python/install.log --single-version-externally-managed install_data
[1.338s] running egg_info
[1.339s] writing ../build/arduinobot_python/arduinobot_python.egg-info/PKG-INFO
[1.339s] writing dependency_links to ../build/arduinobot_python/arduinobot_python.egg-info/dependency_links.txt
[1.340s] writing entry points to ../build/arduinobot_python/arduinobot_python.egg-info/entry_points.txt
[1.340s] writing requirements to ../build/arduinobot_python/arduinobot_python.egg-info/requires.txt
[1.340s] writing top-level names to ../build/arduinobot_python/arduinobot_python.egg-info/top_level.txt
[1.342s] reading manifest file '../build/arduinobot_python/arduinobot_python.egg-info/SOURCES.txt'
[1.343s] writing manifest file '../build/arduinobot_python/arduinobot_python.egg-info/SOURCES.txt'
[1.343s] running build
[1.343s] running build_py
[1.343s] running install
[1.343s] running install_lib
[1.345s] running install_data
[1.345s] running install_egg_info
[1.346s] removing '/home/rashmika/arm4_ws/src/install/arduinobot_python/lib/python3.10/site-packages/arduinobot_python-0.0.0-py3.10.egg-info' (and everything under it)
[1.347s] Copying ../build/arduinobot_python/arduinobot_python.egg-info to /home/rashmika/arm4_ws/src/install/arduinobot_python/lib/python3.10/site-packages/arduinobot_python-0.0.0-py3.10.egg-info
[1.348s] running install_scripts
[1.368s] Installing go_to_xyz script to /home/rashmika/arm4_ws/src/install/arduinobot_python/lib/arduinobot_python
[1.369s] writing list of installed files to '/home/rashmika/arm4_ws/src/build/arduinobot_python/install.log'
[1.393s] Invoked command in '/home/rashmika/arm4_ws/src/arduinobot_python' returned '0': PYTHONPATH=/home/rashmika/arm4_ws/src/build/arduinobot_python/prefix_override:/usr/lib/python3/dist-packages/colcon_core/task/python/colcon_distutils_commands:/home/rashmika/arm4_ws/src/install/arduinobot_python/lib/python3.10/site-packages:${PYTHONPATH} /usr/bin/python3 -W ignore:setup.py install is deprecated -W ignore:easy_install command is deprecated setup.py egg_info --egg-base ../build/arduinobot_python build --build-base /home/rashmika/arm4_ws/src/build/arduinobot_python/build install --record /home/rashmika/arm4_ws/src/build/arduinobot_python/install.log --single-version-externally-managed install_data
