[0.039s] Invoking command in '/home/rashmika/arm4_ws/src/build/arduinobot_description': CMAKE_PREFIX_PATH=${CMAKE_PREFIX_PATH}:/home/rashmika/arm4_ws/install/arm_control_py:/home/rashmika/arm4_ws/install/arduinobot_python:/home/rashmika/turtlebot3_ws/install/turtlebot3_teleop:/home/rashmika/turtlebot3_ws/install/turtlebot3_example:/opt/ros/humble /usr/bin/cmake /home/rashmika/arm4_ws/src/arduinobot_description -DCMAKE_INSTALL_PREFIX=/home/rashmika/arm4_ws/src/install/arduinobot_description
[0.560s] -- The C compiler identification is GNU 11.4.0
[1.434s] -- The CXX compiler identification is GNU 11.4.0
[1.575s] -- Detecting C compiler ABI info
[1.666s] -- Detecting C compiler ABI info - done
[1.673s] -- Check for working C compiler: /usr/bin/cc - skipped
[1.673s] -- Detecting C compile features
[1.690s] -- Detecting C compile features - done
[1.694s] -- Detecting CXX compiler ABI info
[1.804s] -- Detecting CXX compiler ABI info - done
[1.811s] -- Check for working CXX compiler: /usr/bin/c++ - skipped
[1.811s] -- Detecting CXX compile features
[1.812s] -- Detecting CXX compile features - done
[1.897s] -- Found ament_cmake: 1.3.12 (/opt/ros/humble/share/ament_cmake/cmake)
[2.329s] -- Found Python3: /usr/bin/python3 (found version "3.10.12") found components: Interpreter 
[2.775s] -- Found urdf: 2.6.1 (/opt/ros/humble/share/urdf/cmake)
[4.309s] -- Found ament_lint_auto: 0.12.14 (/opt/ros/humble/share/ament_lint_auto/cmake)
[4.410s] -- Added test 'copyright' to check source files copyright and LICENSE
[4.415s] -- Added test 'flake8' to check Python code syntax and style conventions
[4.416s] -- Added test 'lint_cmake' to check CMake code style
[4.417s] -- Added test 'pep257' to check Python code against some of the docstring style conventions in PEP 257
[4.420s] -- Added test 'xmllint' to check XML markup files
[4.422s] -- Configuring done
[4.425s] -- Generating done
[4.427s] -- Build files have been written to: /home/rashmika/arm4_ws/src/build/arduinobot_description
[4.433s] Invoked command in '/home/rashmika/arm4_ws/src/build/arduinobot_description' returned '0': CMAKE_PREFIX_PATH=${CMAKE_PREFIX_PATH}:/home/rashmika/arm4_ws/install/arm_control_py:/home/rashmika/arm4_ws/install/arduinobot_python:/home/rashmika/turtlebot3_ws/install/turtlebot3_teleop:/home/rashmika/turtlebot3_ws/install/turtlebot3_example:/opt/ros/humble /usr/bin/cmake /home/rashmika/arm4_ws/src/arduinobot_description -DCMAKE_INSTALL_PREFIX=/home/rashmika/arm4_ws/src/install/arduinobot_description
[4.434s] Invoking command in '/home/rashmika/arm4_ws/src/build/arduinobot_description': CMAKE_PREFIX_PATH=${CMAKE_PREFIX_PATH}:/home/rashmika/arm4_ws/install/arm_control_py:/home/rashmika/arm4_ws/install/arduinobot_python:/home/rashmika/turtlebot3_ws/install/turtlebot3_teleop:/home/rashmika/turtlebot3_ws/install/turtlebot3_example:/opt/ros/humble /usr/bin/cmake --build /home/rashmika/arm4_ws/src/build/arduinobot_description -- -j8 -l8
[4.475s] Invoked command in '/home/rashmika/arm4_ws/src/build/arduinobot_description' returned '0': CMAKE_PREFIX_PATH=${CMAKE_PREFIX_PATH}:/home/rashmika/arm4_ws/install/arm_control_py:/home/rashmika/arm4_ws/install/arduinobot_python:/home/rashmika/turtlebot3_ws/install/turtlebot3_teleop:/home/rashmika/turtlebot3_ws/install/turtlebot3_example:/opt/ros/humble /usr/bin/cmake --build /home/rashmika/arm4_ws/src/build/arduinobot_description -- -j8 -l8
[4.477s] Invoking command in '/home/rashmika/arm4_ws/src/build/arduinobot_description': CMAKE_PREFIX_PATH=${CMAKE_PREFIX_PATH}:/home/rashmika/arm4_ws/install/arm_control_py:/home/rashmika/arm4_ws/install/arduinobot_python:/home/rashmika/turtlebot3_ws/install/turtlebot3_teleop:/home/rashmika/turtlebot3_ws/install/turtlebot3_example:/opt/ros/humble /usr/bin/cmake --install /home/rashmika/arm4_ws/src/build/arduinobot_description
[4.485s] -- Install configuration: ""
[4.485s] -- Installing: /home/rashmika/arm4_ws/src/install/arduinobot_description/share/arduinobot_description/launch
[4.485s] -- Installing: /home/rashmika/arm4_ws/src/install/arduinobot_description/share/arduinobot_description/launch/gazebo.launch.py
[4.485s] -- Installing: /home/rashmika/arm4_ws/src/install/arduinobot_description/share/arduinobot_description/launch/display.launch.py
[4.485s] -- Installing: /home/rashmika/arm4_ws/src/install/arduinobot_description/share/arduinobot_description/meshes
[4.486s] -- Installing: /home/rashmika/arm4_ws/src/install/arduinobot_description/share/arduinobot_description/meshes/pi_camera.STLZone.Identifier
[4.486s] -- Installing: /home/rashmika/arm4_ws/src/install/arduinobot_description/share/arduinobot_description/meshes/triangular_link.STL
[4.487s] -- Installing: /home/rashmika/arm4_ws/src/install/arduinobot_description/share/arduinobot_description/meshes/claw_support.STL
[4.487s] -- Installing: /home/rashmika/arm4_ws/src/install/arduinobot_description/share/arduinobot_description/meshes/horizontal_arm.STL
[4.489s] -- Installing: /home/rashmika/arm4_ws/src/install/arduinobot_description/share/arduinobot_description/meshes/base_plate.STL
[4.492s] -- Installing: /home/rashmika/arm4_ws/src/install/arduinobot_description/share/arduinobot_description/meshes/vertical_drive_arm.STL
[4.493s] -- Installing: /home/rashmika/arm4_ws/src/install/arduinobot_description/share/arduinobot_description/meshes/basement.STL
[4.494s] -- Installing: /home/rashmika/arm4_ws/src/install/arduinobot_description/share/arduinobot_description/meshes/round_plate.STL
[4.494s] -- Installing: /home/rashmika/arm4_ws/src/install/arduinobot_description/share/arduinobot_description/meshes/pi_camera.STL
[4.494s] -- Installing: /home/rashmika/arm4_ws/src/install/arduinobot_description/share/arduinobot_description/meshes/right_finger.STL
[4.494s] -- Installing: /home/rashmika/arm4_ws/src/install/arduinobot_description/share/arduinobot_description/meshes/plate.STL
[4.497s] -- Installing: /home/rashmika/arm4_ws/src/install/arduinobot_description/share/arduinobot_description/meshes/link.STL
[4.497s] -- Installing: /home/rashmika/arm4_ws/src/install/arduinobot_description/share/arduinobot_description/meshes/forward_drive_arm.STL
[4.499s] -- Installing: /home/rashmika/arm4_ws/src/install/arduinobot_description/share/arduinobot_description/meshes/left_finger.STL
[4.499s] -- Installing: /home/rashmika/arm4_ws/src/install/arduinobot_description/share/arduinobot_description/meshes/servo_plate.STL
[4.500s] -- Installing: /home/rashmika/arm4_ws/src/install/arduinobot_description/share/arduinobot_description/models
[4.500s] -- Installing: /home/rashmika/arm4_ws/src/install/arduinobot_description/share/arduinobot_description/models/ground_plane
[4.500s] -- Installing: /home/rashmika/arm4_ws/src/install/arduinobot_description/share/arduinobot_description/models/ground_plane/model.sdf
[4.500s] -- Installing: /home/rashmika/arm4_ws/src/install/arduinobot_description/share/arduinobot_description/models/ground_plane/model-1_2.sdf
[4.501s] -- Installing: /home/rashmika/arm4_ws/src/install/arduinobot_description/share/arduinobot_description/models/ground_plane/model-1_3.sdf
[4.501s] -- Installing: /home/rashmika/arm4_ws/src/install/arduinobot_description/share/arduinobot_description/models/ground_plane/model-1_4.sdf
[4.501s] -- Installing: /home/rashmika/arm4_ws/src/install/arduinobot_description/share/arduinobot_description/models/ground_plane/model.config
[4.501s] -- Installing: /home/rashmika/arm4_ws/src/install/arduinobot_description/share/arduinobot_description/models/sun
[4.501s] -- Installing: /home/rashmika/arm4_ws/src/install/arduinobot_description/share/arduinobot_description/models/sun/model.sdf
[4.501s] -- Installing: /home/rashmika/arm4_ws/src/install/arduinobot_description/share/arduinobot_description/models/sun/model-1_2.sdf
[4.501s] -- Installing: /home/rashmika/arm4_ws/src/install/arduinobot_description/share/arduinobot_description/models/sun/model-1_3.sdf
[4.501s] -- Installing: /home/rashmika/arm4_ws/src/install/arduinobot_description/share/arduinobot_description/models/sun/model-1_4.sdf
[4.501s] -- Installing: /home/rashmika/arm4_ws/src/install/arduinobot_description/share/arduinobot_description/models/sun/model.config
[4.501s] -- Installing: /home/rashmika/arm4_ws/src/install/arduinobot_description/share/arduinobot_description/urdf
[4.501s] -- Installing: /home/rashmika/arm4_ws/src/install/arduinobot_description/share/arduinobot_description/urdf/arduinobot.urdf.xacro
[4.501s] -- Installing: /home/rashmika/arm4_ws/src/install/arduinobot_description/share/arduinobot_description/urdf/camera.xacro
[4.501s] -- Installing: /home/rashmika/arm4_ws/src/install/arduinobot_description/share/arduinobot_description/urdf/arduinobot_gazebo.xacro
[4.502s] -- Installing: /home/rashmika/arm4_ws/src/install/arduinobot_description/share/arduinobot_description/urdf/arduinobot.urdf.xacro.save
[4.502s] -- Installing: /home/rashmika/arm4_ws/src/install/arduinobot_description/share/arduinobot_description/urdf/arduinobot_ros2_control.xacro
[4.502s] -- Installing: /home/rashmika/arm4_ws/src/install/arduinobot_description/share/arduinobot_description/rviz
[4.502s] -- Installing: /home/rashmika/arm4_ws/src/install/arduinobot_description/share/arduinobot_description/rviz/display.rviz
[4.502s] -- Installing: /home/rashmika/arm4_ws/src/install/arduinobot_description/share/ament_index/resource_index/package_run_dependencies/arduinobot_description
[4.502s] -- Installing: /home/rashmika/arm4_ws/src/install/arduinobot_description/share/ament_index/resource_index/parent_prefix_path/arduinobot_description
[4.502s] -- Installing: /home/rashmika/arm4_ws/src/install/arduinobot_description/share/arduinobot_description/environment/ament_prefix_path.sh
[4.503s] -- Installing: /home/rashmika/arm4_ws/src/install/arduinobot_description/share/arduinobot_description/environment/ament_prefix_path.dsv
[4.503s] -- Installing: /home/rashmika/arm4_ws/src/install/arduinobot_description/share/arduinobot_description/environment/path.sh
[4.503s] -- Installing: /home/rashmika/arm4_ws/src/install/arduinobot_description/share/arduinobot_description/environment/path.dsv
[4.503s] -- Installing: /home/rashmika/arm4_ws/src/install/arduinobot_description/share/arduinobot_description/local_setup.bash
[4.503s] -- Installing: /home/rashmika/arm4_ws/src/install/arduinobot_description/share/arduinobot_description/local_setup.sh
[4.503s] -- Installing: /home/rashmika/arm4_ws/src/install/arduinobot_description/share/arduinobot_description/local_setup.zsh
[4.504s] -- Installing: /home/rashmika/arm4_ws/src/install/arduinobot_description/share/arduinobot_description/local_setup.dsv
[4.504s] -- Installing: /home/rashmika/arm4_ws/src/install/arduinobot_description/share/arduinobot_description/package.dsv
[4.504s] -- Installing: /home/rashmika/arm4_ws/src/install/arduinobot_description/share/ament_index/resource_index/packages/arduinobot_description
[4.504s] -- Installing: /home/rashmika/arm4_ws/src/install/arduinobot_description/share/arduinobot_description/cmake/arduinobot_descriptionConfig.cmake
[4.504s] -- Installing: /home/rashmika/arm4_ws/src/install/arduinobot_description/share/arduinobot_description/cmake/arduinobot_descriptionConfig-version.cmake
[4.505s] -- Installing: /home/rashmika/arm4_ws/src/install/arduinobot_description/share/arduinobot_description/package.xml
[4.507s] Invoked command in '/home/rashmika/arm4_ws/src/build/arduinobot_description' returned '0': CMAKE_PREFIX_PATH=${CMAKE_PREFIX_PATH}:/home/rashmika/arm4_ws/install/arm_control_py:/home/rashmika/arm4_ws/install/arduinobot_python:/home/rashmika/turtlebot3_ws/install/turtlebot3_teleop:/home/rashmika/turtlebot3_ws/install/turtlebot3_example:/opt/ros/humble /usr/bin/cmake --install /home/rashmika/arm4_ws/src/build/arduinobot_description
