[0.974s] Invoking command in '/home/rashmika/arm4_ws/src/arm_control_py': PYTHONPATH=/home/rashmika/arm4_ws/src/build/arm_control_py/prefix_override:/usr/lib/python3/dist-packages/colcon_core/task/python/colcon_distutils_commands:/home/rashmika/arm4_ws/src/install/arm_control_py/lib/python3.10/site-packages:${PYTHONPATH} /usr/bin/python3 -W ignore:setup.py install is deprecated -W ignore:easy_install command is deprecated setup.py egg_info --egg-base ../build/arm_control_py build --build-base /home/rashmika/arm4_ws/src/build/arm_control_py/build install --record /home/rashmika/arm4_ws/src/build/arm_control_py/install.log --single-version-externally-managed install_data
[1.279s] running egg_info
[1.279s] creating ../build/arm_control_py/arm_control_py.egg-info
[1.279s] writing ../build/arm_control_py/arm_control_py.egg-info/PKG-INFO
[1.280s] writing dependency_links to ../build/arm_control_py/arm_control_py.egg-info/dependency_links.txt
[1.280s] writing entry points to ../build/arm_control_py/arm_control_py.egg-info/entry_points.txt
[1.280s] writing requirements to ../build/arm_control_py/arm_control_py.egg-info/requires.txt
[1.280s] writing top-level names to ../build/arm_control_py/arm_control_py.egg-info/top_level.txt
[1.280s] writing manifest file '../build/arm_control_py/arm_control_py.egg-info/SOURCES.txt'
[1.280s] reading manifest file '../build/arm_control_py/arm_control_py.egg-info/SOURCES.txt'
[1.280s] writing manifest file '../build/arm_control_py/arm_control_py.egg-info/SOURCES.txt'
[1.281s] running build
[1.281s] running build_py
[1.281s] creating /home/rashmika/arm4_ws/src/build/arm_control_py/build
[1.281s] creating /home/rashmika/arm4_ws/src/build/arm_control_py/build/lib
[1.282s] creating /home/rashmika/arm4_ws/src/build/arm_control_py/build/lib/arm_control_py
[1.282s] copying arm_control_py/__init__.py -> /home/rashmika/arm4_ws/src/build/arm_control_py/build/lib/arm_control_py
[1.282s] copying arm_control_py/send_joint_trajectory.py -> /home/rashmika/arm4_ws/src/build/arm_control_py/build/lib/arm_control_py
[1.282s] copying arm_control_py/move_to_xyz.py -> /home/rashmika/arm4_ws/src/build/arm_control_py/build/lib/arm_control_py
[1.282s] running install
[1.282s] running install_lib
[1.283s] creating /home/rashmika/arm4_ws/src/install/arm_control_py/lib/python3.10/site-packages/arm_control_py
[1.283s] copying /home/rashmika/arm4_ws/src/build/arm_control_py/build/lib/arm_control_py/__init__.py -> /home/rashmika/arm4_ws/src/install/arm_control_py/lib/python3.10/site-packages/arm_control_py
[1.283s] copying /home/rashmika/arm4_ws/src/build/arm_control_py/build/lib/arm_control_py/send_joint_trajectory.py -> /home/rashmika/arm4_ws/src/install/arm_control_py/lib/python3.10/site-packages/arm_control_py
[1.283s] copying /home/rashmika/arm4_ws/src/build/arm_control_py/build/lib/arm_control_py/move_to_xyz.py -> /home/rashmika/arm4_ws/src/install/arm_control_py/lib/python3.10/site-packages/arm_control_py
[1.283s] byte-compiling /home/rashmika/arm4_ws/src/install/arm_control_py/lib/python3.10/site-packages/arm_control_py/__init__.py to __init__.cpython-310.pyc
[1.283s] byte-compiling /home/rashmika/arm4_ws/src/install/arm_control_py/lib/python3.10/site-packages/arm_control_py/send_joint_trajectory.py to send_joint_trajectory.cpython-310.pyc
[1.283s] byte-compiling /home/rashmika/arm4_ws/src/install/arm_control_py/lib/python3.10/site-packages/arm_control_py/move_to_xyz.py to move_to_xyz.cpython-310.pyc
[1.283s] running install_data
[1.284s] creating /home/rashmika/arm4_ws/src/install/arm_control_py/share/ament_index
[1.284s] creating /home/rashmika/arm4_ws/src/install/arm_control_py/share/ament_index/resource_index
[1.284s] creating /home/rashmika/arm4_ws/src/install/arm_control_py/share/ament_index/resource_index/packages
[1.284s] copying resource/arm_control_py -> /home/rashmika/arm4_ws/src/install/arm_control_py/share/ament_index/resource_index/packages
[1.284s] copying package.xml -> /home/rashmika/arm4_ws/src/install/arm_control_py/share/arm_control_py
[1.284s] running install_egg_info
[1.285s] Copying ../build/arm_control_py/arm_control_py.egg-info to /home/rashmika/arm4_ws/src/install/arm_control_py/lib/python3.10/site-packages/arm_control_py-0.0.0-py3.10.egg-info
[1.285s] running install_scripts
[1.285s] Installing move_to_xyz script to /home/rashmika/arm4_ws/src/install/arm_control_py/lib/arm_control_py
[1.285s] Installing send_joint_trajectory script to /home/rashmika/arm4_ws/src/install/arm_control_py/lib/arm_control_py
[1.285s] writing list of installed files to '/home/rashmika/arm4_ws/src/build/arm_control_py/install.log'
[1.301s] Invoked command in '/home/rashmika/arm4_ws/src/arm_control_py' returned '0': PYTHONPATH=/home/rashmika/arm4_ws/src/build/arm_control_py/prefix_override:/usr/lib/python3/dist-packages/colcon_core/task/python/colcon_distutils_commands:/home/rashmika/arm4_ws/src/install/arm_control_py/lib/python3.10/site-packages:${PYTHONPATH} /usr/bin/python3 -W ignore:setup.py install is deprecated -W ignore:easy_install command is deprecated setup.py egg_info --egg-base ../build/arm_control_py build --build-base /home/rashmika/arm4_ws/src/build/arm_control_py/build install --record /home/rashmika/arm4_ws/src/build/arm_control_py/install.log --single-version-externally-managed install_data
